[ 2015-07-15T09:45:55+08:00 ] 127.0.0.1 /Jd/index.php/Seller/Login/%7B:U('Login/login')%7D
ERR: 非法操作:{:U('Login

[ 2015-07-15T09:47:30+08:00 ] 127.0.0.1 /Jd/index.php/Seller/Login/%7B:U('Login/login')%7D
ERR: 非法操作:{:U('Login

[ 2015-07-15T09:47:31+08:00 ] 127.0.0.1 /Jd/index.php/Seller/Login/%7B:U('Login/login')%7D
ERR: 非法操作:{:U('Login

[ 2015-07-15T09:47:31+08:00 ] 127.0.0.1 /Jd/index.php/Seller/Login/%7B:U('Login/login')%7D
ERR: 非法操作:{:U('Login

[ 2015-07-15T09:47:31+08:00 ] 127.0.0.1 /Jd/index.php/Seller/Login/%7B:U('Login/login')%7D
ERR: 非法操作:{:U('Login

[ 2015-07-15T09:47:31+08:00 ] 127.0.0.1 /Jd/index.php/Seller/Login/%7B:U('Login/login')%7D
ERR: 非法操作:{:U('Login

[ 2015-07-15T09:47:32+08:00 ] 127.0.0.1 /Jd/index.php/Seller/Login/%7B:U('Login/login')%7D
ERR: 非法操作:{:U('Login

[ 2015-07-15T09:47:46+08:00 ] 127.0.0.1 /Jd/index.php/Seller/Login/%7B:U('Login/login')%7D
ERR: 非法操作:{:U('Login

[ 2015-07-15T09:47:46+08:00 ] 127.0.0.1 /Jd/index.php/Seller/Login/%7B:U('Login/login')%7D
ERR: 非法操作:{:U('Login

[ 2015-07-15T09:47:47+08:00 ] 127.0.0.1 /Jd/index.php/Seller/Login/%7B:U('Login/login')%7D
ERR: 非法操作:{:U('Login

[ 2015-07-15T09:47:47+08:00 ] 127.0.0.1 /Jd/index.php/Seller/Login/%7B:U('Login/login')%7D
ERR: 非法操作:{:U('Login

[ 2015-07-15T09:47:47+08:00 ] 127.0.0.1 /Jd/index.php/Seller/Login/%7B:U('Login/login')%7D
ERR: 非法操作:{:U('Login

[ 2015-07-15T09:47:47+08:00 ] 127.0.0.1 /Jd/index.php/Seller/Login/%7B:U('Login/login')%7D
ERR: 非法操作:{:U('Login

[ 2015-07-15T10:02:49+08:00 ] 127.0.0.1 /Jd/index.php/Seller/Login/login.html
INFO: [ app_begin ] --START--
INFO: Run Behavior\ReadHtmlCacheBehavior [ RunTime:0.001000s ]
INFO: [ app_begin ] --END-- [ RunTime:0.001000s ]
INFO: [ app_end ] --START--
INFO: Run Behavior\ShowPageTraceBehavior [ RunTime:0.001000s ]
INFO: [ app_end ] --END-- [ RunTime:0.001000s ]

[ 2015-07-15T10:06:12+08:00 ] 127.0.0.1 /Jd/index.php/Seller/Login/login.html
INFO: [ app_begin ] --START--
INFO: Run Behavior\ReadHtmlCacheBehavior [ RunTime:0.001000s ]
INFO: [ app_begin ] --END-- [ RunTime:0.002000s ]
INFO: [ app_end ] --START--
INFO: Run Behavior\ShowPageTraceBehavior [ RunTime:0.001000s ]
INFO: [ app_end ] --END-- [ RunTime:0.001000s ]

[ 2015-07-15T10:16:21+08:00 ] 127.0.0.1 /Jd/index.php/Seller/Login/login.html
INFO: [ app_begin ] --START--
INFO: Run Behavior\ReadHtmlCacheBehavior [ RunTime:0.001001s ]
INFO: [ app_begin ] --END-- [ RunTime:0.002001s ]
INFO: [ app_end ] --START--
INFO: Run Behavior\ShowPageTraceBehavior [ RunTime:0.001000s ]
INFO: [ app_end ] --END-- [ RunTime:0.001000s ]

[ 2015-07-15T10:16:28+08:00 ] 127.0.0.1 /Jd/index.php/Seller/Login/login.html
INFO: [ app_begin ] --START--
INFO: Run Behavior\ReadHtmlCacheBehavior [ RunTime:0.005000s ]
INFO: [ app_begin ] --END-- [ RunTime:0.006000s ]
INFO: [ app_end ] --START--
INFO: Run Behavior\ShowPageTraceBehavior [ RunTime:0.001000s ]
INFO: [ app_end ] --END-- [ RunTime:0.001000s ]

[ 2015-07-15T10:17:27+08:00 ] 127.0.0.1 /Jd/index.php/Seller/Login/login.html
INFO: [ app_begin ] --START--
INFO: Run Behavior\ReadHtmlCacheBehavior [ RunTime:0.001000s ]
INFO: [ app_begin ] --END-- [ RunTime:0.001000s ]
INFO: [ app_end ] --START--
INFO: Run Behavior\ShowPageTraceBehavior [ RunTime:0.001000s ]
INFO: [ app_end ] --END-- [ RunTime:0.001000s ]

[ 2015-07-15T10:17:29+08:00 ] 127.0.0.1 /Jd/index.php/Seller/Login/login.html
INFO: [ app_begin ] --START--
INFO: Run Behavior\ReadHtmlCacheBehavior [ RunTime:0.000000s ]
INFO: [ app_begin ] --END-- [ RunTime:0.000000s ]
INFO: [ app_end ] --START--
INFO: Run Behavior\ShowPageTraceBehavior [ RunTime:0.000000s ]
INFO: [ app_end ] --END-- [ RunTime:0.000000s ]

[ 2015-07-15T10:17:31+08:00 ] 127.0.0.1 /Jd/index.php/Seller/Login/login.html
INFO: [ app_begin ] --START--
INFO: Run Behavior\ReadHtmlCacheBehavior [ RunTime:0.000000s ]
INFO: [ app_begin ] --END-- [ RunTime:0.000000s ]
INFO: [ app_end ] --START--
INFO: Run Behavior\ShowPageTraceBehavior [ RunTime:0.000000s ]
INFO: [ app_end ] --END-- [ RunTime:0.000000s ]

[ 2015-07-15T10:17:38+08:00 ] 127.0.0.1 /Jd/index.php/Seller/Login/login.html
INFO: [ app_begin ] --START--
INFO: Run Behavior\ReadHtmlCacheBehavior [ RunTime:0.001000s ]
INFO: [ app_begin ] --END-- [ RunTime:0.001000s ]
INFO: [ app_end ] --START--
INFO: Run Behavior\ShowPageTraceBehavior [ RunTime:0.001000s ]
INFO: [ app_end ] --END-- [ RunTime:0.001000s ]

[ 2015-07-15T10:17:41+08:00 ] 127.0.0.1 /Jd/index.php/Seller/Login/login.html
INFO: [ app_begin ] --START--
INFO: Run Behavior\ReadHtmlCacheBehavior [ RunTime:0.001000s ]
INFO: [ app_begin ] --END-- [ RunTime:0.001000s ]
INFO: [ app_end ] --START--
INFO: Run Behavior\ShowPageTraceBehavior [ RunTime:0.001000s ]
INFO: [ app_end ] --END-- [ RunTime:0.001000s ]

[ 2015-07-15T11:03:26+08:00 ] 127.0.0.1 /Jd/index.php/Seller/Login/login.html
INFO: [ app_begin ] --START--
INFO: Run Behavior\ReadHtmlCacheBehavior [ RunTime:0.000000s ]
INFO: [ app_begin ] --END-- [ RunTime:0.000000s ]

[ 2015-07-15T11:03:29+08:00 ] 127.0.0.1 /Jd/index.php/Seller/Login/login.html
INFO: [ app_begin ] --START--
INFO: Run Behavior\ReadHtmlCacheBehavior [ RunTime:0.000000s ]
INFO: [ app_begin ] --END-- [ RunTime:0.000000s ]

[ 2015-07-15T11:03:32+08:00 ] 127.0.0.1 /Jd/index.php/Seller/Login/login.html
INFO: [ app_begin ] --START--
INFO: Run Behavior\ReadHtmlCacheBehavior [ RunTime:0.000000s ]
INFO: [ app_begin ] --END-- [ RunTime:0.000000s ]

[ 2015-07-15T11:03:34+08:00 ] 127.0.0.1 /Jd/index.php/Seller/Login/login.html
INFO: [ app_begin ] --START--
INFO: Run Behavior\ReadHtmlCacheBehavior [ RunTime:0.000000s ]
INFO: [ app_begin ] --END-- [ RunTime:0.000000s ]

[ 2015-07-15T11:44:03+08:00 ] 127.0.0.1 /Jd/index.php/Seller/Login/login.html
INFO: [ app_begin ] --START--
INFO: Run Behavior\ReadHtmlCacheBehavior [ RunTime:0.001000s ]
INFO: [ app_begin ] --END-- [ RunTime:0.002000s ]

[ 2015-07-15T11:49:44+08:00 ] 127.0.0.1 /Jd/index.php/Seller/Login/login.html
INFO: [ app_begin ] --START--
INFO: Run Behavior\ReadHtmlCacheBehavior [ RunTime:0.001000s ]
INFO: [ app_begin ] --END-- [ RunTime:0.002000s ]

[ 2015-07-15T11:51:17+08:00 ] 127.0.0.1 /Jd/index.php/Seller/Login/login.html
INFO: [ app_begin ] --START--
INFO: Run Behavior\ReadHtmlCacheBehavior [ RunTime:0.001000s ]
INFO: [ app_begin ] --END-- [ RunTime:0.003000s ]

[ 2015-07-15T11:51:20+08:00 ] 127.0.0.1 /Jd/index.php/Seller/Login/login.html
INFO: [ app_begin ] --START--
INFO: Run Behavior\ReadHtmlCacheBehavior [ RunTime:0.001000s ]
INFO: [ app_begin ] --END-- [ RunTime:0.002000s ]

[ 2015-07-15T11:53:00+08:00 ] 127.0.0.1 /Jd/index.php/Seller/Login/login.html
INFO: [ app_begin ] --START--
INFO: Run Behavior\ReadHtmlCacheBehavior [ RunTime:0.001000s ]
INFO: [ app_begin ] --END-- [ RunTime:0.001000s ]

[ 2015-07-15T11:56:32+08:00 ] 127.0.0.1 /Jd/index.php/Seller/Login/login.html
INFO: [ app_begin ] --START--
INFO: Run Behavior\ReadHtmlCacheBehavior [ RunTime:0.001000s ]
INFO: [ app_begin ] --END-- [ RunTime:0.002001s ]

[ 2015-07-15T11:57:10+08:00 ] 127.0.0.1 /Jd/index.php/Seller/Login/login.html
INFO: [ app_begin ] --START--
INFO: Run Behavior\ReadHtmlCacheBehavior [ RunTime:0.001000s ]
INFO: [ app_begin ] --END-- [ RunTime:0.002000s ]

[ 2015-07-15T11:58:24+08:00 ] 127.0.0.1 /Jd/index.php/Seller/Login/login.html
INFO: [ app_begin ] --START--
INFO: Run Behavior\ReadHtmlCacheBehavior [ RunTime:0.000000s ]
INFO: [ app_begin ] --END-- [ RunTime:0.002001s ]

[ 2015-07-15T12:00:41+08:00 ] 127.0.0.1 /Jd/index.php/Seller/Login/login.html
INFO: [ app_begin ] --START--
INFO: Run Behavior\ReadHtmlCacheBehavior [ RunTime:0.001000s ]
INFO: [ app_begin ] --END-- [ RunTime:0.003000s ]

[ 2015-07-15T12:01:25+08:00 ] 127.0.0.1 /Jd/index.php/Seller/Login/login.html
INFO: [ app_begin ] --START--
INFO: Run Behavior\ReadHtmlCacheBehavior [ RunTime:0.001000s ]
INFO: [ app_begin ] --END-- [ RunTime:0.002000s ]

[ 2015-07-15T12:01:25+08:00 ] 127.0.0.1 /Jd/index.php/Seller/Login/login.html
INFO: [ app_begin ] --START--
INFO: Run Behavior\ReadHtmlCacheBehavior [ RunTime:0.001000s ]
INFO: [ app_begin ] --END-- [ RunTime:0.002000s ]

[ 2015-07-15T12:02:00+08:00 ] 127.0.0.1 /Jd/index.php/Seller/Login/login.html
INFO: [ app_begin ] --START--
INFO: Run Behavior\ReadHtmlCacheBehavior [ RunTime:0.001000s ]
INFO: [ app_begin ] --END-- [ RunTime:0.001000s ]

[ 2015-07-15T12:02:03+08:00 ] 127.0.0.1 /Jd/index.php/Seller/Login/login.html
INFO: [ app_begin ] --START--
INFO: Run Behavior\ReadHtmlCacheBehavior [ RunTime:0.001000s ]
INFO: [ app_begin ] --END-- [ RunTime:0.001000s ]

[ 2015-07-15T12:02:06+08:00 ] 127.0.0.1 /Jd/index.php/Seller/Login/login.html
INFO: [ app_begin ] --START--
INFO: Run Behavior\ReadHtmlCacheBehavior [ RunTime:0.001000s ]
INFO: [ app_begin ] --END-- [ RunTime:0.002000s ]

[ 2015-07-15T13:37:40+08:00 ] 127.0.0.1 /Jd/index.php/Seller/Login/login.html
INFO: [ app_begin ] --START--
INFO: Run Behavior\ReadHtmlCacheBehavior [ RunTime:0.000000s ]
INFO: [ app_begin ] --END-- [ RunTime:0.000000s ]

[ 2015-07-15T13:39:02+08:00 ] 127.0.0.1 /Jd/index.php/Seller/Login/login.html
INFO: [ app_begin ] --START--
INFO: Run Behavior\ReadHtmlCacheBehavior [ RunTime:0.000000s ]
INFO: [ app_begin ] --END-- [ RunTime:0.000000s ]

[ 2015-07-15T13:39:52+08:00 ] 127.0.0.1 /Jd/index.php/Seller/Login/login.html
INFO: [ app_begin ] --START--
INFO: Run Behavior\ReadHtmlCacheBehavior [ RunTime:0.000000s ]
INFO: [ app_begin ] --END-- [ RunTime:0.015600s ]

[ 2015-07-15T13:43:05+08:00 ] 127.0.0.1 /Jd/index.php/Seller/Login/login.html
INFO: [ app_begin ] --START--
INFO: Run Behavior\ReadHtmlCacheBehavior [ RunTime:0.000000s ]
INFO: [ app_begin ] --END-- [ RunTime:0.000000s ]

[ 2015-07-15T13:43:09+08:00 ] 127.0.0.1 /Jd/index.php/Seller/Login/login.html
INFO: [ app_begin ] --START--
INFO: Run Behavior\ReadHtmlCacheBehavior [ RunTime:0.000000s ]
INFO: [ app_begin ] --END-- [ RunTime:0.000000s ]

[ 2015-07-15T13:43:28+08:00 ] 127.0.0.1 /Jd/index.php/Seller/Login/login.html
INFO: [ app_begin ] --START--
INFO: Run Behavior\ReadHtmlCacheBehavior [ RunTime:0.000000s ]
INFO: [ app_begin ] --END-- [ RunTime:0.000000s ]

[ 2015-07-15T13:44:39+08:00 ] 127.0.0.1 /Jd/index.php/Seller/Login/login.html
INFO: [ app_begin ] --START--
INFO: Run Behavior\ReadHtmlCacheBehavior [ RunTime:0.000000s ]
INFO: [ app_begin ] --END-- [ RunTime:0.000000s ]

[ 2015-07-15T13:48:53+08:00 ] 127.0.0.1 /Jd/index.php/Seller/Login/login.html
INFO: [ app_begin ] --START--
INFO: Run Behavior\ReadHtmlCacheBehavior [ RunTime:0.000000s ]
INFO: [ app_begin ] --END-- [ RunTime:0.000000s ]

[ 2015-07-15T13:48:57+08:00 ] 127.0.0.1 /Jd/index.php/Seller/Login/login.html
INFO: [ app_begin ] --START--
INFO: Run Behavior\ReadHtmlCacheBehavior [ RunTime:0.000000s ]
INFO: [ app_begin ] --END-- [ RunTime:0.000000s ]

