[ 2015-07-18T00:22:37+08:00 ] ::1 /Jd/index.php/Admin/Member/status.html
INFO: [ app_begin ] --START--
INFO: Run Behavior\ReadHtmlCacheBehavior [ RunTime:0.001000s ]
INFO: [ app_begin ] --END-- [ RunTime:0.001000s ]
SQL: SHOW COLUMNS FROM `jd_admin` [ RunTime:0.0130s ]
ERR: SQLSTATE[42000]: Syntax error or access violation: 1064 You have an error in your SQL syntax; check the manual that corresponds to your MySQL server version for the right syntax to use near ')' at line 1

[ 2015-07-18T12:05:35+08:00 ] ::1 /Jd/index.php/Admin/Login/loginHandle.html
INFO: [ app_begin ] --START--
INFO: Run Behavior\ReadHtmlCacheBehavior [ RunTime:0.001000s ]
INFO: [ app_begin ] --END-- [ RunTime:0.001000s ]
SQL: SHOW COLUMNS FROM `jd_admin` [ RunTime:0.2170s ]
SQL: SELECT * FROM `jd_admin` WHERE `admin_name` = 'admin' AND `password` = '21232f297a57a5a743894a0e4a801fc3' AND `status` = 1 LIMIT 1   [ RunTime:0.0340s ]

[ 2015-07-18T12:05:44+08:00 ] ::1 /Jd/index.php/Admin/Login/loginHandle.html
INFO: [ app_begin ] --START--
INFO: Run Behavior\ReadHtmlCacheBehavior [ RunTime:0.001000s ]
INFO: [ app_begin ] --END-- [ RunTime:0.002000s ]
SQL: SHOW COLUMNS FROM `jd_admin` [ RunTime:0.0150s ]
SQL: SELECT * FROM `jd_admin` WHERE `admin_name` = 'admin' AND `password` = '21232f297a57a5a743894a0e4a801fc3' AND `status` = 1 LIMIT 1   [ RunTime:0.0010s ]

[ 2015-07-18T12:45:44+08:00 ] ::1 /Jd/index.php/Admin/Logout/editPwd.html
INFO: [ app_begin ] --START--
INFO: Run Behavior\ReadHtmlCacheBehavior [ RunTime:0.001000s ]
INFO: [ app_begin ] --END-- [ RunTime:0.001000s ]
SQL: SHOW COLUMNS FROM `jd_admin` [ RunTime:0.0150s ]
SQL: SELECT * FROM `jd_admin` WHERE `admin_id` = 18 AND `password` = '4124bc0a9335c27f086f24ba207a4912' LIMIT 1   [ RunTime:0.0750s ]

[ 2015-07-18T13:01:46+08:00 ] ::1 /Jd/index.php/Admin/Member/status.html
INFO: [ app_begin ] --START--
INFO: Run Behavior\ReadHtmlCacheBehavior [ RunTime:0.001000s ]
INFO: [ app_begin ] --END-- [ RunTime:0.001000s ]
SQL: SHOW COLUMNS FROM `jd_admin` [ RunTime:0.0140s ]
ERR: SQLSTATE[42000]: Syntax error or access violation: 1064 You have an error in your SQL syntax; check the manual that corresponds to your MySQL server version for the right syntax to use near ')' at line 1

[ 2015-07-18T13:02:51+08:00 ] ::1 /Jd/index.php/Admin/Member/status.html
INFO: [ app_begin ] --START--
INFO: Run Behavior\ReadHtmlCacheBehavior [ RunTime:0.001000s ]
INFO: [ app_begin ] --END-- [ RunTime:0.002000s ]
SQL: SHOW COLUMNS FROM `jd_admin` [ RunTime:0.0150s ]
ERR: SQLSTATE[42000]: Syntax error or access violation: 1064 You have an error in your SQL syntax; check the manual that corresponds to your MySQL server version for the right syntax to use near ')' at line 1

[ 2015-07-18T13:02:53+08:00 ] ::1 /Jd/index.php/Admin/Member/status.html
INFO: [ app_begin ] --START--
INFO: Run Behavior\ReadHtmlCacheBehavior [ RunTime:0.000000s ]
INFO: [ app_begin ] --END-- [ RunTime:0.001000s ]
SQL: SHOW COLUMNS FROM `jd_admin` [ RunTime:0.0140s ]
ERR: SQLSTATE[42000]: Syntax error or access violation: 1064 You have an error in your SQL syntax; check the manual that corresponds to your MySQL server version for the right syntax to use near ')' at line 1

[ 2015-07-18T13:07:15+08:00 ] ::1 /Jd/index.php/Admin/Member/status.html
INFO: [ app_begin ] --START--
INFO: Run Behavior\ReadHtmlCacheBehavior [ RunTime:0.001000s ]
INFO: [ app_begin ] --END-- [ RunTime:0.002001s ]
SQL: SHOW COLUMNS FROM `jd_admin` [ RunTime:0.0140s ]
SQL: UPDATE `jd_admin` SET `status`='1' WHERE ( admin_id=20 ) [ RunTime:0.0160s ]

[ 2015-07-18T13:58:00+08:00 ] ::1 /Jd/index.php/Admin/Member/doEditPwd?pwd=&repwd=&id=20
ERR: 非法操作:doEditPwd

[ 2015-07-18T13:58:30+08:00 ] ::1 /Jd/index.php/Admin/Member/doEditPwd?pwd=&repwd=&id=20
ERR: 非法操作:doEditPwd

[ 2015-07-18T13:59:06+08:00 ] ::1 /Jd/index.php/Admin/Member/doEditPwd?pwd=&repwd=&id=20
ERR: 非法操作:doEditPwd

[ 2015-07-18T13:59:16+08:00 ] ::1 /Jd/index.php/Admin/Member/doEditPwd?pwd=&repwd=&id=20
ERR: 非法操作:doEditPwd

[ 2015-07-18T14:14:58+08:00 ] ::1 /Jd/index.php/Admin/Member/doEditPwd?pwd=&repwd=&id=20
ERR: 非法操作:doEditPwd

[ 2015-07-18T14:19:09+08:00 ] ::1 /Jd/index.php/Admin/Member/doEditPwd?pwd=&repwd=&id=20
ERR: 非法操作:doEditPwd

[ 2015-07-18T14:19:21+08:00 ] ::1 /Jd/index.php/Admin/Member/doEditPwd?pwd=aa&repwd=&id=20
ERR: 非法操作:doEditPwd

[ 2015-07-18T14:20:03+08:00 ] ::1 /Jd/index.php/Admin/Member/doEditPwd?pwd=&repwd=&id=20
ERR: 非法操作:doEditPwd

[ 2015-07-18T14:31:46+08:00 ] ::1 /Jd/index.php/Admin/Member/doEditPwd?pwd=abc&repwd=abc&id=20
ERR: SQLSTATE[42S22]: Column not found: 1054 Unknown column 'id' in 'where clause'

[ 2015-07-18T16:01:17+08:00 ] ::1 /Jd/index.php/Admin/Member/edit/name/%E7%AE%A1%E7%90%86%E5%91%98
ERR: SQLSTATE[42000]: Syntax error or access violation: 1064 You have an error in your SQL syntax; check the manual that corresponds to your MySQL server version for the right syntax to use near ') LIMIT 1' at line 1

[ 2015-07-18T16:02:00+08:00 ] ::1 /Jd/index.php/Admin/Member/edit/
ERR: SQLSTATE[42000]: Syntax error or access violation: 1064 You have an error in your SQL syntax; check the manual that corresponds to your MySQL server version for the right syntax to use near ') LIMIT 1' at line 1

[ 2015-07-18T16:12:49+08:00 ] ::1 /Jd/index.php/Admin/Member/doEditPwd?qq=&phone=&email=aa&status=1&role=2&id=
ERR: SQLSTATE[42000]: Syntax error or access violation: 1064 You have an error in your SQL syntax; check the manual that corresponds to your MySQL server version for the right syntax to use near ')' at line 1

[ 2015-07-18T16:35:41+08:00 ] ::1 /Jd/index.php/Admin/back
ERR: 无法加载控制器:Back

[ 2015-07-18T16:40:44+08:00 ] ::1 /Jd/index.php/Admin/Member/doEdit?name=aaa&qq=343&phone=34324&email=32323.%40qq.com&status=1&role=3&id=1
ERR: SQLSTATE[23000]: Integrity constraint violation: 1048 Column 'status' cannot be null

[ 2015-07-18T21:56:08+08:00 ] ::1 /Jd/index.php/Admin/Member/user.html
ERR: 非法操作:user

[ 2015-07-18T21:56:35+08:00 ] ::1 /Jd/index.php/Admin/Index/copyIndex.html
ERR: 非法操作:copyIndex

[ 2015-07-18T21:56:38+08:00 ] ::1 /Jd/index.php/Admin/User/index.html
ERR: 无法加载控制器:User

[ 2015-07-18T21:56:40+08:00 ] ::1 /Jd/index.php/Admin/User/index.html
ERR: 无法加载控制器:User

[ 2015-07-18T21:58:40+08:00 ] ::1 /Jd/index.php/Admin/User/index.html
ERR: 无法加载控制器:User

[ 2015-07-18T22:07:30+08:00 ] ::1 /Jd/index.php/Admin/User/index.html
ERR: XML标签语法错误 : condition="<{$u['status']}

[ 2015-07-18T22:08:08+08:00 ] ::1 /Jd/index.php/Admin/User/index.html
ERR: XML标签语法错误 : condition="<{$u['status']}

[ 2015-07-18T23:02:01+08:00 ] ::1 /Jd/index.php/Admin/User/status.html
INFO: [ app_begin ] --START--
INFO: Run Behavior\ReadHtmlCacheBehavior [ RunTime:0.001000s ]
INFO: [ app_begin ] --END-- [ RunTime:0.001000s ]
SQL: SHOW COLUMNS FROM `jd_user` [ RunTime:0.0176s ]
SQL: UPDATE `jd_user` SET `status`='1' WHERE ( user_id=1 ) [ RunTime:0.0010s ]

[ 2015-07-18T23:02:08+08:00 ] ::1 /Jd/index.php/Admin/User/status.html
INFO: [ app_begin ] --START--
INFO: Run Behavior\ReadHtmlCacheBehavior [ RunTime:0.000000s ]
INFO: [ app_begin ] --END-- [ RunTime:0.001000s ]
SQL: SHOW COLUMNS FROM `jd_user` [ RunTime:0.0156s ]
SQL: UPDATE `jd_user` SET `status`='0' WHERE ( user_id=1 ) [ RunTime:0.0000s ]

[ 2015-07-18T23:02:13+08:00 ] ::1 /Jd/index.php/Admin/User/status.html
INFO: [ app_begin ] --START--
INFO: Run Behavior\ReadHtmlCacheBehavior [ RunTime:0.000000s ]
INFO: [ app_begin ] --END-- [ RunTime:0.001000s ]
SQL: SHOW COLUMNS FROM `jd_user` [ RunTime:0.0156s ]
SQL: UPDATE `jd_user` SET `status`='1' WHERE ( user_id=1 ) [ RunTime:0.0000s ]

[ 2015-07-18T23:02:54+08:00 ] ::1 /Jd/index.php/Admin/User/status.html
INFO: [ app_begin ] --START--
INFO: Run Behavior\ReadHtmlCacheBehavior [ RunTime:0.001000s ]
INFO: [ app_begin ] --END-- [ RunTime:0.001000s ]
SQL: SHOW COLUMNS FROM `jd_user` [ RunTime:0.0070s ]
SQL: UPDATE `jd_user` SET `status`='1' WHERE ( user_id=1 ) [ RunTime:0.0010s ]

[ 2015-07-18T23:03:00+08:00 ] ::1 /Jd/index.php/Admin/User/status.html
INFO: [ app_begin ] --START--
INFO: Run Behavior\ReadHtmlCacheBehavior [ RunTime:0.001000s ]
INFO: [ app_begin ] --END-- [ RunTime:0.001000s ]
SQL: SHOW COLUMNS FROM `jd_user` [ RunTime:0.0166s ]
SQL: UPDATE `jd_user` SET `status`='0' WHERE ( user_id=1 ) [ RunTime:0.0000s ]

[ 2015-07-18T23:03:10+08:00 ] ::1 /Jd/index.php/Admin/User/status.html
INFO: [ app_begin ] --START--
INFO: Run Behavior\ReadHtmlCacheBehavior [ RunTime:0.000000s ]
INFO: [ app_begin ] --END-- [ RunTime:0.002000s ]
SQL: SHOW COLUMNS FROM `jd_user` [ RunTime:0.0000s ]
SQL: UPDATE `jd_user` SET `status`='1' WHERE ( user_id=1 ) [ RunTime:0.0156s ]

[ 2015-07-18T23:03:13+08:00 ] ::1 /Jd/index.php/Admin/User/status.html
INFO: [ app_begin ] --START--
INFO: Run Behavior\ReadHtmlCacheBehavior [ RunTime:0.001000s ]
INFO: [ app_begin ] --END-- [ RunTime:0.001000s ]
SQL: SHOW COLUMNS FROM `jd_user` [ RunTime:0.0060s ]
SQL: UPDATE `jd_user` SET `status`='0' WHERE ( user_id=1 ) [ RunTime:0.0000s ]

[ 2015-07-18T23:03:15+08:00 ] ::1 /Jd/index.php/Admin/User/status.html
INFO: [ app_begin ] --START--
INFO: Run Behavior\ReadHtmlCacheBehavior [ RunTime:0.001000s ]
INFO: [ app_begin ] --END-- [ RunTime:0.001000s ]
SQL: SHOW COLUMNS FROM `jd_user` [ RunTime:0.0156s ]
SQL: UPDATE `jd_user` SET `status`='1' WHERE ( user_id=1 ) [ RunTime:0.0000s ]

[ 2015-07-18T23:03:18+08:00 ] ::1 /Jd/index.php/Admin/User/status.html
INFO: [ app_begin ] --START--
INFO: Run Behavior\ReadHtmlCacheBehavior [ RunTime:0.001000s ]
INFO: [ app_begin ] --END-- [ RunTime:0.002001s ]
SQL: SHOW COLUMNS FROM `jd_user` [ RunTime:0.0156s ]
SQL: UPDATE `jd_user` SET `status`='0' WHERE ( user_id=1 ) [ RunTime:0.0000s ]

[ 2015-07-18T23:03:20+08:00 ] ::1 /Jd/index.php/Admin/User/status.html
INFO: [ app_begin ] --START--
INFO: Run Behavior\ReadHtmlCacheBehavior [ RunTime:0.001000s ]
INFO: [ app_begin ] --END-- [ RunTime:0.001000s ]
SQL: SHOW COLUMNS FROM `jd_user` [ RunTime:0.0000s ]
SQL: UPDATE `jd_user` SET `status`='1' WHERE ( user_id=1 ) [ RunTime:0.0000s ]

[ 2015-07-18T23:03:21+08:00 ] ::1 /Jd/index.php/Admin/User/status.html
INFO: [ app_begin ] --START--
INFO: Run Behavior\ReadHtmlCacheBehavior [ RunTime:0.001000s ]
INFO: [ app_begin ] --END-- [ RunTime:0.001000s ]
SQL: SHOW COLUMNS FROM `jd_user` [ RunTime:0.0160s ]
SQL: UPDATE `jd_user` SET `status`='0' WHERE ( user_id=1 ) [ RunTime:0.0010s ]

[ 2015-07-18T23:03:24+08:00 ] ::1 /Jd/index.php/Admin/User/status.html
INFO: [ app_begin ] --START--
INFO: Run Behavior\ReadHtmlCacheBehavior [ RunTime:0.001001s ]
INFO: [ app_begin ] --END-- [ RunTime:0.002001s ]
SQL: SHOW COLUMNS FROM `jd_user` [ RunTime:0.0156s ]
SQL: UPDATE `jd_user` SET `status`='1' WHERE ( user_id=1 ) [ RunTime:0.0000s ]

[ 2015-07-18T23:03:26+08:00 ] ::1 /Jd/index.php/Admin/User/status.html
INFO: [ app_begin ] --START--
INFO: Run Behavior\ReadHtmlCacheBehavior [ RunTime:0.001000s ]
INFO: [ app_begin ] --END-- [ RunTime:0.001000s ]
SQL: SHOW COLUMNS FROM `jd_user` [ RunTime:0.0156s ]
SQL: UPDATE `jd_user` SET `status`='0' WHERE ( user_id=1 ) [ RunTime:0.0000s ]

[ 2015-07-18T23:03:27+08:00 ] ::1 /Jd/index.php/Admin/User/status.html
INFO: [ app_begin ] --START--
INFO: Run Behavior\ReadHtmlCacheBehavior [ RunTime:0.000000s ]
INFO: [ app_begin ] --END-- [ RunTime:0.000000s ]
SQL: SHOW COLUMNS FROM `jd_user` [ RunTime:0.0070s ]
SQL: UPDATE `jd_user` SET `status`='1' WHERE ( user_id=1 ) [ RunTime:0.0010s ]

[ 2015-07-18T23:03:28+08:00 ] ::1 /Jd/index.php/Admin/User/status.html
INFO: [ app_begin ] --START--
INFO: Run Behavior\ReadHtmlCacheBehavior [ RunTime:0.001000s ]
INFO: [ app_begin ] --END-- [ RunTime:0.001000s ]
SQL: SHOW COLUMNS FROM `jd_user` [ RunTime:0.0070s ]
SQL: UPDATE `jd_user` SET `status`='0' WHERE ( user_id=1 ) [ RunTime:0.0010s ]

[ 2015-07-18T23:03:29+08:00 ] ::1 /Jd/index.php/Admin/User/status.html
INFO: [ app_begin ] --START--
INFO: Run Behavior\ReadHtmlCacheBehavior [ RunTime:0.000000s ]
INFO: [ app_begin ] --END-- [ RunTime:0.000000s ]
SQL: SHOW COLUMNS FROM `jd_user` [ RunTime:0.0000s ]
SQL: UPDATE `jd_user` SET `status`='1' WHERE ( user_id=1 ) [ RunTime:0.0156s ]

[ 2015-07-18T23:03:30+08:00 ] ::1 /Jd/index.php/Admin/User/status.html
INFO: [ app_begin ] --START--
INFO: Run Behavior\ReadHtmlCacheBehavior [ RunTime:0.001000s ]
INFO: [ app_begin ] --END-- [ RunTime:0.001000s ]
SQL: SHOW COLUMNS FROM `jd_user` [ RunTime:0.0130s ]
SQL: UPDATE `jd_user` SET `status`='0' WHERE ( user_id=1 ) [ RunTime:0.0010s ]

[ 2015-07-18T23:03:31+08:00 ] ::1 /Jd/index.php/Admin/User/status.html
INFO: [ app_begin ] --START--
INFO: Run Behavior\ReadHtmlCacheBehavior [ RunTime:0.001000s ]
INFO: [ app_begin ] --END-- [ RunTime:0.001000s ]
SQL: SHOW COLUMNS FROM `jd_user` [ RunTime:0.0060s ]
SQL: UPDATE `jd_user` SET `status`='1' WHERE ( user_id=1 ) [ RunTime:0.0000s ]

[ 2015-07-18T23:03:32+08:00 ] ::1 /Jd/index.php/Admin/User/status.html
INFO: [ app_begin ] --START--
INFO: Run Behavior\ReadHtmlCacheBehavior [ RunTime:0.002000s ]
INFO: [ app_begin ] --END-- [ RunTime:0.002000s ]
SQL: SHOW COLUMNS FROM `jd_user` [ RunTime:0.0070s ]
SQL: UPDATE `jd_user` SET `status`='0' WHERE ( user_id=1 ) [ RunTime:0.0010s ]

[ 2015-07-18T23:03:33+08:00 ] ::1 /Jd/index.php/Admin/User/status.html
INFO: [ app_begin ] --START--
INFO: Run Behavior\ReadHtmlCacheBehavior [ RunTime:0.001000s ]
INFO: [ app_begin ] --END-- [ RunTime:0.001000s ]
SQL: SHOW COLUMNS FROM `jd_user` [ RunTime:0.0070s ]
SQL: UPDATE `jd_user` SET `status`='1' WHERE ( user_id=1 ) [ RunTime:0.0010s ]

[ 2015-07-18T23:03:34+08:00 ] ::1 /Jd/index.php/Admin/User/status.html
INFO: [ app_begin ] --START--
INFO: Run Behavior\ReadHtmlCacheBehavior [ RunTime:0.000000s ]
INFO: [ app_begin ] --END-- [ RunTime:0.000000s ]
SQL: SHOW COLUMNS FROM `jd_user` [ RunTime:0.0156s ]
SQL: UPDATE `jd_user` SET `status`='0' WHERE ( user_id=1 ) [ RunTime:0.0000s ]

[ 2015-07-18T23:03:36+08:00 ] ::1 /Jd/index.php/Admin/User/status.html
INFO: [ app_begin ] --START--
INFO: Run Behavior\ReadHtmlCacheBehavior [ RunTime:0.000000s ]
INFO: [ app_begin ] --END-- [ RunTime:0.000000s ]
SQL: SHOW COLUMNS FROM `jd_user` [ RunTime:0.0070s ]
SQL: UPDATE `jd_user` SET `status`='1' WHERE ( user_id=1 ) [ RunTime:0.0000s ]

[ 2015-07-18T23:03:37+08:00 ] ::1 /Jd/index.php/Admin/User/status.html
INFO: [ app_begin ] --START--
INFO: Run Behavior\ReadHtmlCacheBehavior [ RunTime:0.000000s ]
INFO: [ app_begin ] --END-- [ RunTime:0.000000s ]
SQL: SHOW COLUMNS FROM `jd_user` [ RunTime:0.0000s ]
SQL: UPDATE `jd_user` SET `status`='0' WHERE ( user_id=1 ) [ RunTime:0.0000s ]

[ 2015-07-18T23:03:38+08:00 ] ::1 /Jd/index.php/Admin/User/status.html
INFO: [ app_begin ] --START--
INFO: Run Behavior\ReadHtmlCacheBehavior [ RunTime:0.000000s ]
INFO: [ app_begin ] --END-- [ RunTime:0.000000s ]
SQL: SHOW COLUMNS FROM `jd_user` [ RunTime:0.0000s ]
SQL: UPDATE `jd_user` SET `status`='1' WHERE ( user_id=1 ) [ RunTime:0.0000s ]

[ 2015-07-18T23:03:39+08:00 ] ::1 /Jd/index.php/Admin/User/status.html
INFO: [ app_begin ] --START--
INFO: Run Behavior\ReadHtmlCacheBehavior [ RunTime:0.000000s ]
INFO: [ app_begin ] --END-- [ RunTime:0.000000s ]
SQL: SHOW COLUMNS FROM `jd_user` [ RunTime:0.0000s ]
SQL: UPDATE `jd_user` SET `status`='0' WHERE ( user_id=1 ) [ RunTime:0.0000s ]

[ 2015-07-18T23:03:40+08:00 ] ::1 /Jd/index.php/Admin/User/status.html
INFO: [ app_begin ] --START--
INFO: Run Behavior\ReadHtmlCacheBehavior [ RunTime:0.000000s ]
INFO: [ app_begin ] --END-- [ RunTime:0.000000s ]
SQL: SHOW COLUMNS FROM `jd_user` [ RunTime:0.0000s ]
SQL: UPDATE `jd_user` SET `status`='1' WHERE ( user_id=1 ) [ RunTime:0.0000s ]

[ 2015-07-18T23:03:41+08:00 ] ::1 /Jd/index.php/Admin/User/status.html
INFO: [ app_begin ] --START--
INFO: Run Behavior\ReadHtmlCacheBehavior [ RunTime:0.000000s ]
INFO: [ app_begin ] --END-- [ RunTime:0.015600s ]
SQL: SHOW COLUMNS FROM `jd_user` [ RunTime:0.0000s ]
SQL: UPDATE `jd_user` SET `status`='0' WHERE ( user_id=1 ) [ RunTime:0.0000s ]

[ 2015-07-18T23:03:42+08:00 ] ::1 /Jd/index.php/Admin/User/status.html
INFO: [ app_begin ] --START--
INFO: Run Behavior\ReadHtmlCacheBehavior [ RunTime:0.000000s ]
INFO: [ app_begin ] --END-- [ RunTime:0.002000s ]
SQL: SHOW COLUMNS FROM `jd_user` [ RunTime:0.0130s ]
SQL: UPDATE `jd_user` SET `status`='1' WHERE ( user_id=1 ) [ RunTime:0.0010s ]

[ 2015-07-18T23:03:43+08:00 ] ::1 /Jd/index.php/Admin/User/status.html
INFO: [ app_begin ] --START--
INFO: Run Behavior\ReadHtmlCacheBehavior [ RunTime:0.000000s ]
INFO: [ app_begin ] --END-- [ RunTime:0.000000s ]
SQL: SHOW COLUMNS FROM `jd_user` [ RunTime:0.0156s ]
SQL: UPDATE `jd_user` SET `status`='0' WHERE ( user_id=1 ) [ RunTime:0.0000s ]

[ 2015-07-18T23:03:44+08:00 ] ::1 /Jd/index.php/Admin/User/status.html
INFO: [ app_begin ] --START--
INFO: Run Behavior\ReadHtmlCacheBehavior [ RunTime:0.000000s ]
INFO: [ app_begin ] --END-- [ RunTime:0.000000s ]
SQL: SHOW COLUMNS FROM `jd_user` [ RunTime:0.0060s ]
SQL: UPDATE `jd_user` SET `status`='1' WHERE ( user_id=1 ) [ RunTime:0.0010s ]

[ 2015-07-18T23:03:45+08:00 ] ::1 /Jd/index.php/Admin/User/status.html
INFO: [ app_begin ] --START--
INFO: Run Behavior\ReadHtmlCacheBehavior [ RunTime:0.000000s ]
INFO: [ app_begin ] --END-- [ RunTime:0.000000s ]
SQL: SHOW COLUMNS FROM `jd_user` [ RunTime:0.0130s ]
SQL: UPDATE `jd_user` SET `status`='0' WHERE ( user_id=1 ) [ RunTime:0.0000s ]

[ 2015-07-18T23:03:46+08:00 ] ::1 /Jd/index.php/Admin/User/status.html
INFO: [ app_begin ] --START--
INFO: Run Behavior\ReadHtmlCacheBehavior [ RunTime:0.000000s ]
INFO: [ app_begin ] --END-- [ RunTime:0.000000s ]
SQL: SHOW COLUMNS FROM `jd_user` [ RunTime:0.0060s ]
SQL: UPDATE `jd_user` SET `status`='1' WHERE ( user_id=1 ) [ RunTime:0.0010s ]

[ 2015-07-18T23:03:47+08:00 ] ::1 /Jd/index.php/Admin/User/status.html
INFO: [ app_begin ] --START--
INFO: Run Behavior\ReadHtmlCacheBehavior [ RunTime:0.000000s ]
INFO: [ app_begin ] --END-- [ RunTime:0.000000s ]
SQL: SHOW COLUMNS FROM `jd_user` [ RunTime:0.0156s ]
SQL: UPDATE `jd_user` SET `status`='0' WHERE ( user_id=1 ) [ RunTime:0.0000s ]

[ 2015-07-18T23:03:48+08:00 ] ::1 /Jd/index.php/Admin/User/status.html
INFO: [ app_begin ] --START--
INFO: Run Behavior\ReadHtmlCacheBehavior [ RunTime:0.001000s ]
INFO: [ app_begin ] --END-- [ RunTime:0.001000s ]
SQL: SHOW COLUMNS FROM `jd_user` [ RunTime:0.0156s ]
SQL: UPDATE `jd_user` SET `status`='1' WHERE ( user_id=1 ) [ RunTime:0.0000s ]

[ 2015-07-18T23:03:49+08:00 ] ::1 /Jd/index.php/Admin/User/status.html
INFO: [ app_begin ] --START--
INFO: Run Behavior\ReadHtmlCacheBehavior [ RunTime:0.000000s ]
INFO: [ app_begin ] --END-- [ RunTime:0.000000s ]
SQL: SHOW COLUMNS FROM `jd_user` [ RunTime:0.0130s ]
SQL: UPDATE `jd_user` SET `status`='0' WHERE ( user_id=1 ) [ RunTime:0.0010s ]

[ 2015-07-18T23:03:50+08:00 ] ::1 /Jd/index.php/Admin/User/status.html
INFO: [ app_begin ] --START--
INFO: Run Behavior\ReadHtmlCacheBehavior [ RunTime:0.001000s ]
INFO: [ app_begin ] --END-- [ RunTime:0.002000s ]
SQL: SHOW COLUMNS FROM `jd_user` [ RunTime:0.0140s ]
SQL: UPDATE `jd_user` SET `status`='1' WHERE ( user_id=1 ) [ RunTime:0.0010s ]

[ 2015-07-18T23:03:52+08:00 ] ::1 /Jd/index.php/Admin/User/status.html
INFO: [ app_begin ] --START--
INFO: Run Behavior\ReadHtmlCacheBehavior [ RunTime:0.001000s ]
INFO: [ app_begin ] --END-- [ RunTime:0.002000s ]
SQL: SHOW COLUMNS FROM `jd_user` [ RunTime:0.0130s ]
SQL: UPDATE `jd_user` SET `status`='0' WHERE ( user_id=1 ) [ RunTime:0.0010s ]

[ 2015-07-18T23:03:53+08:00 ] ::1 /Jd/index.php/Admin/User/status.html
INFO: [ app_begin ] --START--
INFO: Run Behavior\ReadHtmlCacheBehavior [ RunTime:0.001000s ]
INFO: [ app_begin ] --END-- [ RunTime:0.002000s ]
SQL: SHOW COLUMNS FROM `jd_user` [ RunTime:0.0000s ]
SQL: UPDATE `jd_user` SET `status`='1' WHERE ( user_id=1 ) [ RunTime:0.0156s ]

[ 2015-07-18T23:03:54+08:00 ] ::1 /Jd/index.php/Admin/User/status.html
INFO: [ app_begin ] --START--
INFO: Run Behavior\ReadHtmlCacheBehavior [ RunTime:0.000000s ]
INFO: [ app_begin ] --END-- [ RunTime:0.000000s ]
SQL: SHOW COLUMNS FROM `jd_user` [ RunTime:0.0070s ]
SQL: UPDATE `jd_user` SET `status`='0' WHERE ( user_id=1 ) [ RunTime:0.0010s ]

[ 2015-07-18T23:03:55+08:00 ] ::1 /Jd/index.php/Admin/User/status.html
INFO: [ app_begin ] --START--
INFO: Run Behavior\ReadHtmlCacheBehavior [ RunTime:0.000000s ]
INFO: [ app_begin ] --END-- [ RunTime:0.000000s ]
SQL: SHOW COLUMNS FROM `jd_user` [ RunTime:0.0060s ]
SQL: UPDATE `jd_user` SET `status`='1' WHERE ( user_id=1 ) [ RunTime:0.0010s ]

[ 2015-07-18T23:03:56+08:00 ] ::1 /Jd/index.php/Admin/User/status.html
INFO: [ app_begin ] --START--
INFO: Run Behavior\ReadHtmlCacheBehavior [ RunTime:0.002000s ]
INFO: [ app_begin ] --END-- [ RunTime:0.002000s ]
SQL: SHOW COLUMNS FROM `jd_user` [ RunTime:0.0000s ]
SQL: UPDATE `jd_user` SET `status`='0' WHERE ( user_id=1 ) [ RunTime:0.0000s ]

[ 2015-07-18T23:03:57+08:00 ] ::1 /Jd/index.php/Admin/User/status.html
INFO: [ app_begin ] --START--
INFO: Run Behavior\ReadHtmlCacheBehavior [ RunTime:0.001000s ]
INFO: [ app_begin ] --END-- [ RunTime:0.001000s ]
SQL: SHOW COLUMNS FROM `jd_user` [ RunTime:0.0156s ]
SQL: UPDATE `jd_user` SET `status`='1' WHERE ( user_id=1 ) [ RunTime:0.0000s ]

[ 2015-07-18T23:03:58+08:00 ] ::1 /Jd/index.php/Admin/User/status.html
INFO: [ app_begin ] --START--
INFO: Run Behavior\ReadHtmlCacheBehavior [ RunTime:0.000000s ]
INFO: [ app_begin ] --END-- [ RunTime:0.001000s ]
SQL: SHOW COLUMNS FROM `jd_user` [ RunTime:0.0070s ]
SQL: UPDATE `jd_user` SET `status`='0' WHERE ( user_id=1 ) [ RunTime:0.0010s ]

[ 2015-07-18T23:03:59+08:00 ] ::1 /Jd/index.php/Admin/User/status.html
INFO: [ app_begin ] --START--
INFO: Run Behavior\ReadHtmlCacheBehavior [ RunTime:0.000000s ]
INFO: [ app_begin ] --END-- [ RunTime:0.000000s ]
SQL: SHOW COLUMNS FROM `jd_user` [ RunTime:0.0000s ]
SQL: UPDATE `jd_user` SET `status`='1' WHERE ( user_id=1 ) [ RunTime:0.0000s ]

[ 2015-07-18T23:04:00+08:00 ] ::1 /Jd/index.php/Admin/User/status.html
INFO: [ app_begin ] --START--
INFO: Run Behavior\ReadHtmlCacheBehavior [ RunTime:0.001000s ]
INFO: [ app_begin ] --END-- [ RunTime:0.002000s ]
SQL: SHOW COLUMNS FROM `jd_user` [ RunTime:0.0156s ]
SQL: UPDATE `jd_user` SET `status`='0' WHERE ( user_id=1 ) [ RunTime:0.0000s ]

[ 2015-07-18T23:25:01+08:00 ] ::1 /Jd/index.php/Admin/User/status.html
INFO: [ app_begin ] --START--
INFO: Run Behavior\ReadHtmlCacheBehavior [ RunTime:0.001000s ]
INFO: [ app_begin ] --END-- [ RunTime:0.002000s ]
SQL: SHOW COLUMNS FROM `jd_user` [ RunTime:0.0000s ]
SQL: UPDATE `jd_user` SET `status`='1' WHERE ( user_id=1 ) [ RunTime:0.0000s ]

[ 2015-07-18T23:25:02+08:00 ] ::1 /Jd/index.php/Admin/User/status.html
INFO: [ app_begin ] --START--
INFO: Run Behavior\ReadHtmlCacheBehavior [ RunTime:0.001000s ]
INFO: [ app_begin ] --END-- [ RunTime:0.002000s ]
SQL: SHOW COLUMNS FROM `jd_user` [ RunTime:0.0090s ]
SQL: UPDATE `jd_user` SET `status`='0' WHERE ( user_id=1 ) [ RunTime:0.0000s ]

[ 2015-07-18T23:25:03+08:00 ] ::1 /Jd/index.php/Admin/User/status.html
INFO: [ app_begin ] --START--
INFO: Run Behavior\ReadHtmlCacheBehavior [ RunTime:0.001000s ]
INFO: [ app_begin ] --END-- [ RunTime:0.002001s ]
SQL: SHOW COLUMNS FROM `jd_user` [ RunTime:0.0060s ]
SQL: UPDATE `jd_user` SET `status`='1' WHERE ( user_id=1 ) [ RunTime:0.0010s ]

[ 2015-07-18T23:29:05+08:00 ] ::1 /Jd/index.php/Admin/User/doEditPwd
ERR: SQLSTATE[42000]: Syntax error or access violation: 1064 You have an error in your SQL syntax; check the manual that corresponds to your MySQL server version for the right syntax to use near '&lt;{id}&gt; )' at line 1

[ 2015-07-18T23:43:22+08:00 ] ::1 /Jd/index.php/Admin/User/status.html
INFO: [ app_begin ] --START--
INFO: Run Behavior\ReadHtmlCacheBehavior [ RunTime:0.001000s ]
INFO: [ app_begin ] --END-- [ RunTime:0.001000s ]
SQL: SHOW COLUMNS FROM `jd_user` [ RunTime:0.0010s ]
SQL: UPDATE `jd_user` SET `status`='1' WHERE ( user_id=7 ) [ RunTime:0.0000s ]

[ 2015-07-18T23:44:44+08:00 ] ::1 /Jd/index.php/Admin/User/status.html
INFO: [ app_begin ] --START--
INFO: Run Behavior\ReadHtmlCacheBehavior [ RunTime:0.001000s ]
INFO: [ app_begin ] --END-- [ RunTime:0.001000s ]
SQL: SHOW COLUMNS FROM `jd_user` [ RunTime:0.0000s ]
SQL: UPDATE `jd_user` SET `status`='1' WHERE ( user_id=1 ) [ RunTime:0.0000s ]

[ 2015-07-18T23:44:48+08:00 ] ::1 /Jd/index.php/Admin/User/status.html
INFO: [ app_begin ] --START--
INFO: Run Behavior\ReadHtmlCacheBehavior [ RunTime:0.001000s ]
INFO: [ app_begin ] --END-- [ RunTime:0.002000s ]
SQL: SHOW COLUMNS FROM `jd_user` [ RunTime:0.0156s ]
SQL: UPDATE `jd_user` SET `status`='1' WHERE ( user_id=3 ) [ RunTime:0.0000s ]

[ 2015-07-18T23:44:51+08:00 ] ::1 /Jd/index.php/Admin/User/status.html
INFO: [ app_begin ] --START--
INFO: Run Behavior\ReadHtmlCacheBehavior [ RunTime:0.000000s ]
INFO: [ app_begin ] --END-- [ RunTime:0.002000s ]
SQL: SHOW COLUMNS FROM `jd_user` [ RunTime:0.0156s ]
SQL: UPDATE `jd_user` SET `status`='0' WHERE ( user_id=3 ) [ RunTime:0.0000s ]

[ 2015-07-18T23:44:55+08:00 ] ::1 /Jd/index.php/Admin/User/status.html
INFO: [ app_begin ] --START--
INFO: Run Behavior\ReadHtmlCacheBehavior [ RunTime:0.001000s ]
INFO: [ app_begin ] --END-- [ RunTime:0.001000s ]
SQL: SHOW COLUMNS FROM `jd_user` [ RunTime:0.0156s ]
SQL: UPDATE `jd_user` SET `status`='1' WHERE ( user_id=3 ) [ RunTime:0.0000s ]

[ 2015-07-18T23:44:59+08:00 ] ::1 /Jd/index.php/Admin/User/status.html
INFO: [ app_begin ] --START--
INFO: Run Behavior\ReadHtmlCacheBehavior [ RunTime:0.001000s ]
INFO: [ app_begin ] --END-- [ RunTime:0.002000s ]
SQL: SHOW COLUMNS FROM `jd_user` [ RunTime:0.0156s ]
SQL: UPDATE `jd_user` SET `status`='0' WHERE ( user_id=3 ) [ RunTime:0.0000s ]

[ 2015-07-18T23:45:01+08:00 ] ::1 /Jd/index.php/Admin/User/status.html
INFO: [ app_begin ] --START--
INFO: Run Behavior\ReadHtmlCacheBehavior [ RunTime:0.001000s ]
INFO: [ app_begin ] --END-- [ RunTime:0.001000s ]
SQL: SHOW COLUMNS FROM `jd_user` [ RunTime:0.0156s ]
SQL: UPDATE `jd_user` SET `status`='1' WHERE ( user_id=3 ) [ RunTime:0.0000s ]

[ 2015-07-18T23:45:04+08:00 ] ::1 /Jd/index.php/Admin/User/status.html
INFO: [ app_begin ] --START--
INFO: Run Behavior\ReadHtmlCacheBehavior [ RunTime:0.000000s ]
INFO: [ app_begin ] --END-- [ RunTime:0.001000s ]
SQL: SHOW COLUMNS FROM `jd_user` [ RunTime:0.0156s ]
SQL: UPDATE `jd_user` SET `status`='1' WHERE ( user_id=7 ) [ RunTime:0.0000s ]

[ 2015-07-18T23:45:17+08:00 ] ::1 /Jd/index.php/Admin/User/status.html
INFO: [ app_begin ] --START--
INFO: Run Behavior\ReadHtmlCacheBehavior [ RunTime:0.000000s ]
INFO: [ app_begin ] --END-- [ RunTime:0.002000s ]
SQL: SHOW COLUMNS FROM `jd_user` [ RunTime:0.0000s ]
SQL: UPDATE `jd_user` SET `status`='1' WHERE ( user_id=8 ) [ RunTime:0.0156s ]

[ 2015-07-18T23:46:28+08:00 ] ::1 /Jd/index.php/Admin/User/status.html
INFO: [ app_begin ] --START--
INFO: Run Behavior\ReadHtmlCacheBehavior [ RunTime:0.001000s ]
INFO: [ app_begin ] --END-- [ RunTime:0.001000s ]
SQL: SHOW COLUMNS FROM `jd_user` [ RunTime:0.0000s ]
SQL: UPDATE `jd_user` SET `status`='1' WHERE ( user_id=1 ) [ RunTime:0.0156s ]

[ 2015-07-18T23:48:01+08:00 ] ::1 /Jd/index.php/Admin/User/status.html
INFO: [ app_begin ] --START--
INFO: Run Behavior\ReadHtmlCacheBehavior [ RunTime:0.001000s ]
INFO: [ app_begin ] --END-- [ RunTime:0.001000s ]
SQL: SHOW COLUMNS FROM `jd_user` [ RunTime:0.0000s ]
SQL: UPDATE `jd_user` SET `status`='0' WHERE ( user_id=1 ) [ RunTime:0.0000s ]

[ 2015-07-18T23:48:05+08:00 ] ::1 /Jd/index.php/Admin/User/status.html
INFO: [ app_begin ] --START--
INFO: Run Behavior\ReadHtmlCacheBehavior [ RunTime:0.001000s ]
INFO: [ app_begin ] --END-- [ RunTime:0.001000s ]
SQL: SHOW COLUMNS FROM `jd_user` [ RunTime:0.0060s ]
SQL: UPDATE `jd_user` SET `status`='1' WHERE ( user_id=1 ) [ RunTime:0.0000s ]

[ 2015-07-18T23:48:06+08:00 ] ::1 /Jd/index.php/Admin/User/status.html
INFO: [ app_begin ] --START--
INFO: Run Behavior\ReadHtmlCacheBehavior [ RunTime:0.001000s ]
INFO: [ app_begin ] --END-- [ RunTime:0.002000s ]
SQL: SHOW COLUMNS FROM `jd_user` [ RunTime:0.0130s ]
SQL: UPDATE `jd_user` SET `status`='0' WHERE ( user_id=1 ) [ RunTime:0.0010s ]

[ 2015-07-18T23:48:07+08:00 ] ::1 /Jd/index.php/Admin/User/status.html
INFO: [ app_begin ] --START--
INFO: Run Behavior\ReadHtmlCacheBehavior [ RunTime:0.001000s ]
INFO: [ app_begin ] --END-- [ RunTime:0.001000s ]
SQL: SHOW COLUMNS FROM `jd_user` [ RunTime:0.0130s ]
SQL: UPDATE `jd_user` SET `status`='1' WHERE ( user_id=1 ) [ RunTime:0.0010s ]

[ 2015-07-18T23:48:08+08:00 ] ::1 /Jd/index.php/Admin/User/status.html
INFO: [ app_begin ] --START--
INFO: Run Behavior\ReadHtmlCacheBehavior [ RunTime:0.000000s ]
INFO: [ app_begin ] --END-- [ RunTime:0.001000s ]
SQL: SHOW COLUMNS FROM `jd_user` [ RunTime:0.0000s ]
SQL: UPDATE `jd_user` SET `status`='0' WHERE ( user_id=1 ) [ RunTime:0.0000s ]

