[ 2015-07-19T01:06:20+08:00 ] ::1 /Jd/index.php/Admin/User/getInfo/id/1
ERR: SQLSTATE[42S02]: Base table or view not found: 1146 Table 'shop_jd.user' doesn't exist

[ 2015-07-19T01:07:09+08:00 ] ::1 /Jd/index.php/Admin/User/getInfo/id/1
ERR: 模板不存在:./shop_jd/Admin/View/User/getInfo.html

[ 2015-07-19T01:07:26+08:00 ] ::1 /Jd/index.php/Admin/User/getInfo/id/1
ERR: 模板不存在:./shop_jd/Admin/View/User/getInfo.html

[ 2015-07-19T01:25:36+08:00 ] ::1 /Jd/index.php/Admin/User/status.html
INFO: [ app_begin ] --START--
INFO: Run Behavior\ReadHtmlCacheBehavior [ RunTime:0.000000s ]
INFO: [ app_begin ] --END-- [ RunTime:0.002000s ]
SQL: SHOW COLUMNS FROM `jd_user` [ RunTime:0.0070s ]
SQL: UPDATE `jd_user` SET `status`='0' WHERE ( user_id=1 ) [ RunTime:0.0010s ]

[ 2015-07-19T01:25:47+08:00 ] ::1 /Jd/index.php/Admin/User/status.html
INFO: [ app_begin ] --START--
INFO: Run Behavior\ReadHtmlCacheBehavior [ RunTime:0.001000s ]
INFO: [ app_begin ] --END-- [ RunTime:0.001000s ]
SQL: SHOW COLUMNS FROM `jd_user` [ RunTime:0.0000s ]
SQL: UPDATE `jd_user` SET `status`='0' WHERE ( user_id=1 ) [ RunTime:0.0000s ]

[ 2015-07-19T01:25:54+08:00 ] ::1 /Jd/index.php/Admin/User/status.html
INFO: [ app_begin ] --START--
INFO: Run Behavior\ReadHtmlCacheBehavior [ RunTime:0.001000s ]
INFO: [ app_begin ] --END-- [ RunTime:0.001000s ]
SQL: SHOW COLUMNS FROM `jd_user` [ RunTime:0.0070s ]
SQL: UPDATE `jd_user` SET `status`='1' WHERE ( user_id=1 ) [ RunTime:0.0010s ]

[ 2015-07-19T01:25:55+08:00 ] ::1 /Jd/index.php/Admin/User/status.html
INFO: [ app_begin ] --START--
INFO: Run Behavior\ReadHtmlCacheBehavior [ RunTime:0.001000s ]
INFO: [ app_begin ] --END-- [ RunTime:0.001000s ]
SQL: SHOW COLUMNS FROM `jd_user` [ RunTime:0.0000s ]
SQL: UPDATE `jd_user` SET `status`='0' WHERE ( user_id=1 ) [ RunTime:0.0156s ]

[ 2015-07-19T01:26:00+08:00 ] ::1 /Jd/index.php/Admin/User/status.html
INFO: [ app_begin ] --START--
INFO: Run Behavior\ReadHtmlCacheBehavior [ RunTime:0.001000s ]
INFO: [ app_begin ] --END-- [ RunTime:0.001000s ]
SQL: SHOW COLUMNS FROM `jd_user` [ RunTime:0.0226s ]
SQL: UPDATE `jd_user` SET `status`='1' WHERE ( user_id=1 ) [ RunTime:0.0020s ]

[ 2015-07-19T01:26:01+08:00 ] ::1 /Jd/index.php/Admin/User/status.html
INFO: [ app_begin ] --START--
INFO: Run Behavior\ReadHtmlCacheBehavior [ RunTime:0.001001s ]
INFO: [ app_begin ] --END-- [ RunTime:0.002001s ]
SQL: SHOW COLUMNS FROM `jd_user` [ RunTime:0.0000s ]
SQL: UPDATE `jd_user` SET `status`='0' WHERE ( user_id=1 ) [ RunTime:0.0156s ]

[ 2015-07-19T01:26:41+08:00 ] ::1 /Jd/index.php/Admin/User/status.html
INFO: [ app_begin ] --START--
INFO: Run Behavior\ReadHtmlCacheBehavior [ RunTime:0.001000s ]
INFO: [ app_begin ] --END-- [ RunTime:0.002000s ]
SQL: SHOW COLUMNS FROM `jd_user` [ RunTime:0.0000s ]
SQL: UPDATE `jd_user` SET `status`='0' WHERE ( user_id=1 ) [ RunTime:0.0156s ]

[ 2015-07-19T01:27:06+08:00 ] ::1 /Jd/index.php/Admin/User/status.html
INFO: [ app_begin ] --START--
INFO: Run Behavior\ReadHtmlCacheBehavior [ RunTime:0.000000s ]
INFO: [ app_begin ] --END-- [ RunTime:0.001000s ]
SQL: SHOW COLUMNS FROM `jd_user` [ RunTime:0.0000s ]
SQL: UPDATE `jd_user` SET `status`='0' WHERE ( user_id=3 ) [ RunTime:0.0000s ]

[ 2015-07-19T01:27:11+08:00 ] ::1 /Jd/index.php/Admin/User/status.html
INFO: [ app_begin ] --START--
INFO: Run Behavior\ReadHtmlCacheBehavior [ RunTime:0.000000s ]
INFO: [ app_begin ] --END-- [ RunTime:0.001000s ]
SQL: SHOW COLUMNS FROM `jd_user` [ RunTime:0.0000s ]
SQL: UPDATE `jd_user` SET `status`='1' WHERE ( user_id=1 ) [ RunTime:0.0156s ]

[ 2015-07-19T01:27:13+08:00 ] ::1 /Jd/index.php/Admin/User/status.html
INFO: [ app_begin ] --START--
INFO: Run Behavior\ReadHtmlCacheBehavior [ RunTime:0.001000s ]
INFO: [ app_begin ] --END-- [ RunTime:0.001000s ]
SQL: SHOW COLUMNS FROM `jd_user` [ RunTime:0.0156s ]
SQL: UPDATE `jd_user` SET `status`='0' WHERE ( user_id=7 ) [ RunTime:0.0000s ]

[ 2015-07-19T01:27:19+08:00 ] ::1 /Jd/index.php/Admin/User/status.html
INFO: [ app_begin ] --START--
INFO: Run Behavior\ReadHtmlCacheBehavior [ RunTime:0.001000s ]
INFO: [ app_begin ] --END-- [ RunTime:0.001000s ]
SQL: SHOW COLUMNS FROM `jd_user` [ RunTime:0.0000s ]
SQL: UPDATE `jd_user` SET `status`='0' WHERE ( user_id=8 ) [ RunTime:0.0000s ]

[ 2015-07-19T01:27:58+08:00 ] ::1 /Jd/index.php/Admin/User/status.html
INFO: [ app_begin ] --START--
INFO: Run Behavior\ReadHtmlCacheBehavior [ RunTime:0.001000s ]
INFO: [ app_begin ] --END-- [ RunTime:0.002000s ]
SQL: SHOW COLUMNS FROM `jd_user` [ RunTime:0.0156s ]
SQL: UPDATE `jd_user` SET `status`='0' WHERE ( user_id=1 ) [ RunTime:0.0000s ]

[ 2015-07-19T01:28:00+08:00 ] ::1 /Jd/index.php/Admin/User/status.html
INFO: [ app_begin ] --START--
INFO: Run Behavior\ReadHtmlCacheBehavior [ RunTime:0.000000s ]
INFO: [ app_begin ] --END-- [ RunTime:0.001000s ]
SQL: SHOW COLUMNS FROM `jd_user` [ RunTime:0.0000s ]
SQL: UPDATE `jd_user` SET `status`='1' WHERE ( user_id=1 ) [ RunTime:0.0000s ]

[ 2015-07-19T01:28:05+08:00 ] ::1 /Jd/index.php/Admin/User/status.html
INFO: [ app_begin ] --START--
INFO: Run Behavior\ReadHtmlCacheBehavior [ RunTime:0.001000s ]
INFO: [ app_begin ] --END-- [ RunTime:0.002000s ]
SQL: SHOW COLUMNS FROM `jd_user` [ RunTime:0.0000s ]
SQL: UPDATE `jd_user` SET `status`='0' WHERE ( user_id=2 ) [ RunTime:0.0156s ]

[ 2015-07-19T01:29:26+08:00 ] ::1 /Jd/index.php/Admin/User/status.html
INFO: [ app_begin ] --START--
INFO: Run Behavior\ReadHtmlCacheBehavior [ RunTime:0.001000s ]
INFO: [ app_begin ] --END-- [ RunTime:0.001000s ]
SQL: SHOW COLUMNS FROM `jd_user` [ RunTime:0.0156s ]
SQL: UPDATE `jd_user` SET `status`='0' WHERE ( user_id=1 ) [ RunTime:0.0010s ]

[ 2015-07-19T01:29:47+08:00 ] ::1 /Jd/index.php/Admin/User/status.html
INFO: [ app_begin ] --START--
INFO: Run Behavior\ReadHtmlCacheBehavior [ RunTime:0.001000s ]
INFO: [ app_begin ] --END-- [ RunTime:0.001000s ]
SQL: SHOW COLUMNS FROM `jd_user` [ RunTime:0.0000s ]
SQL: UPDATE `jd_user` SET `status`='0' WHERE ( user_id=2 ) [ RunTime:0.0000s ]

[ 2015-07-19T01:29:51+08:00 ] ::1 /Jd/index.php/Admin/User/status.html
INFO: [ app_begin ] --START--
INFO: Run Behavior\ReadHtmlCacheBehavior [ RunTime:0.001000s ]
INFO: [ app_begin ] --END-- [ RunTime:0.002000s ]
SQL: SHOW COLUMNS FROM `jd_user` [ RunTime:0.0000s ]
SQL: UPDATE `jd_user` SET `status`='0' WHERE ( user_id=2 ) [ RunTime:0.0156s ]

[ 2015-07-19T01:29:58+08:00 ] ::1 /Jd/index.php/Admin/User/status.html
INFO: [ app_begin ] --START--
INFO: Run Behavior\ReadHtmlCacheBehavior [ RunTime:0.001000s ]
INFO: [ app_begin ] --END-- [ RunTime:0.002000s ]
SQL: SHOW COLUMNS FROM `jd_user` [ RunTime:0.0156s ]
SQL: UPDATE `jd_user` SET `status`='0' WHERE ( user_id=2 ) [ RunTime:0.0000s ]

[ 2015-07-19T01:30:32+08:00 ] ::1 /Jd/index.php/Admin/User/status.html
INFO: [ app_begin ] --START--
INFO: Run Behavior\ReadHtmlCacheBehavior [ RunTime:0.001000s ]
INFO: [ app_begin ] --END-- [ RunTime:0.001000s ]
SQL: SHOW COLUMNS FROM `jd_user` [ RunTime:0.0000s ]
SQL: UPDATE `jd_user` SET `status`='0' WHERE ( user_id=1 ) [ RunTime:0.0156s ]

[ 2015-07-19T01:31:20+08:00 ] ::1 /Jd/index.php/Admin/User/status.html
INFO: [ app_begin ] --START--
INFO: Run Behavior\ReadHtmlCacheBehavior [ RunTime:0.001000s ]
INFO: [ app_begin ] --END-- [ RunTime:0.001000s ]
SQL: SHOW COLUMNS FROM `jd_user` [ RunTime:0.0000s ]
SQL: UPDATE `jd_user` SET `status`='1' WHERE ( user_id=1 ) [ RunTime:0.0156s ]

[ 2015-07-19T01:31:29+08:00 ] ::1 /Jd/index.php/Admin/User/status.html
INFO: [ app_begin ] --START--
INFO: Run Behavior\ReadHtmlCacheBehavior [ RunTime:0.001001s ]
INFO: [ app_begin ] --END-- [ RunTime:0.001001s ]
SQL: SHOW COLUMNS FROM `jd_user` [ RunTime:0.0156s ]
SQL: UPDATE `jd_user` SET `status`='1' WHERE ( user_id=1 ) [ RunTime:0.0000s ]

[ 2015-07-19T01:37:58+08:00 ] ::1 /Jd/index.php/Admin/User/status.html
INFO: [ app_begin ] --START--
INFO: Run Behavior\ReadHtmlCacheBehavior [ RunTime:0.000000s ]
INFO: [ app_begin ] --END-- [ RunTime:0.002000s ]
SQL: SHOW COLUMNS FROM `jd_user` [ RunTime:0.0156s ]
SQL: UPDATE `jd_user` SET `status`='0' WHERE ( user_id=1 ) [ RunTime:0.0000s ]

[ 2015-07-19T01:39:14+08:00 ] ::1 /Jd/index.php/Admin/User/status.html
INFO: [ app_begin ] --START--
INFO: Run Behavior\ReadHtmlCacheBehavior [ RunTime:0.001000s ]
INFO: [ app_begin ] --END-- [ RunTime:0.001000s ]
SQL: SHOW COLUMNS FROM `jd_user` [ RunTime:0.0000s ]
SQL: UPDATE `jd_user` SET `status`='1' WHERE ( user_id=1 ) [ RunTime:0.0000s ]

[ 2015-07-19T01:39:43+08:00 ] ::1 /Jd/index.php/Admin/User/status.html
INFO: [ app_begin ] --START--
INFO: Run Behavior\ReadHtmlCacheBehavior [ RunTime:0.001000s ]
INFO: [ app_begin ] --END-- [ RunTime:0.001000s ]
SQL: SHOW COLUMNS FROM `jd_user` [ RunTime:0.0000s ]
SQL: UPDATE `jd_user` SET `status`='0' WHERE ( user_id=1 ) [ RunTime:0.0156s ]

[ 2015-07-19T01:40:48+08:00 ] ::1 /Jd/index.php/Admin/User/status.html
INFO: [ app_begin ] --START--
INFO: Run Behavior\ReadHtmlCacheBehavior [ RunTime:0.001001s ]
INFO: [ app_begin ] --END-- [ RunTime:0.002001s ]
SQL: SHOW COLUMNS FROM `jd_user` [ RunTime:0.0000s ]
SQL: UPDATE `jd_user` SET `status`='1' WHERE ( user_id=1 ) [ RunTime:0.0156s ]

[ 2015-07-19T01:43:38+08:00 ] ::1 /Jd/index.php/Admin/User/status.html
INFO: [ app_begin ] --START--
INFO: Run Behavior\ReadHtmlCacheBehavior [ RunTime:0.001000s ]
INFO: [ app_begin ] --END-- [ RunTime:0.002000s ]
SQL: SHOW COLUMNS FROM `jd_user` [ RunTime:0.0156s ]
SQL: UPDATE `jd_user` SET `status`='0' WHERE ( user_id=1 ) [ RunTime:0.0000s ]

[ 2015-07-19T01:45:03+08:00 ] ::1 /Jd/index.php/Admin/User/status.html
INFO: [ app_begin ] --START--
INFO: Run Behavior\ReadHtmlCacheBehavior [ RunTime:0.001000s ]
INFO: [ app_begin ] --END-- [ RunTime:0.002000s ]
SQL: SHOW COLUMNS FROM `jd_user` [ RunTime:0.0156s ]
SQL: UPDATE `jd_user` SET `status`='1' WHERE ( user_id=1 ) [ RunTime:0.0010s ]

[ 2015-07-19T01:45:12+08:00 ] ::1 /Jd/index.php/Admin/User/status.html
INFO: [ app_begin ] --START--
INFO: Run Behavior\ReadHtmlCacheBehavior [ RunTime:0.001000s ]
INFO: [ app_begin ] --END-- [ RunTime:0.001000s ]
SQL: SHOW COLUMNS FROM `jd_user` [ RunTime:0.0060s ]
SQL: UPDATE `jd_user` SET `status`='0' WHERE ( user_id=1 ) [ RunTime:0.0010s ]

[ 2015-07-19T01:45:25+08:00 ] ::1 /Jd/index.php/Admin/User/status.html
INFO: [ app_begin ] --START--
INFO: Run Behavior\ReadHtmlCacheBehavior [ RunTime:0.000000s ]
INFO: [ app_begin ] --END-- [ RunTime:0.001000s ]
SQL: SHOW COLUMNS FROM `jd_user` [ RunTime:0.0060s ]
SQL: UPDATE `jd_user` SET `status`='1' WHERE ( user_id=8 ) [ RunTime:0.0000s ]

[ 2015-07-19T01:45:27+08:00 ] ::1 /Jd/index.php/Admin/User/status.html
INFO: [ app_begin ] --START--
INFO: Run Behavior\ReadHtmlCacheBehavior [ RunTime:0.001000s ]
INFO: [ app_begin ] --END-- [ RunTime:0.001000s ]
SQL: SHOW COLUMNS FROM `jd_user` [ RunTime:0.0070s ]
SQL: UPDATE `jd_user` SET `status`='1' WHERE ( user_id=7 ) [ RunTime:0.0010s ]

[ 2015-07-19T01:45:28+08:00 ] ::1 /Jd/index.php/Admin/User/status.html
INFO: [ app_begin ] --START--
INFO: Run Behavior\ReadHtmlCacheBehavior [ RunTime:0.001000s ]
INFO: [ app_begin ] --END-- [ RunTime:0.002000s ]
SQL: SHOW COLUMNS FROM `jd_user` [ RunTime:0.0156s ]
SQL: UPDATE `jd_user` SET `status`='1' WHERE ( user_id=3 ) [ RunTime:0.0000s ]

[ 2015-07-19T01:45:29+08:00 ] ::1 /Jd/index.php/Admin/User/status.html
INFO: [ app_begin ] --START--
INFO: Run Behavior\ReadHtmlCacheBehavior [ RunTime:0.001000s ]
INFO: [ app_begin ] --END-- [ RunTime:0.002000s ]
SQL: SHOW COLUMNS FROM `jd_user` [ RunTime:0.0156s ]
SQL: UPDATE `jd_user` SET `status`='1' WHERE ( user_id=2 ) [ RunTime:0.0000s ]

[ 2015-07-19T01:45:30+08:00 ] ::1 /Jd/index.php/Admin/User/status.html
INFO: [ app_begin ] --START--
INFO: Run Behavior\ReadHtmlCacheBehavior [ RunTime:0.001000s ]
INFO: [ app_begin ] --END-- [ RunTime:0.002000s ]
SQL: SHOW COLUMNS FROM `jd_user` [ RunTime:0.0000s ]
SQL: UPDATE `jd_user` SET `status`='1' WHERE ( user_id=1 ) [ RunTime:0.0156s ]

[ 2015-07-19T01:45:40+08:00 ] ::1 /Jd/index.php/Admin/User/status.html
INFO: [ app_begin ] --START--
INFO: Run Behavior\ReadHtmlCacheBehavior [ RunTime:0.001000s ]
INFO: [ app_begin ] --END-- [ RunTime:0.002000s ]
SQL: SHOW COLUMNS FROM `jd_user` [ RunTime:0.0090s ]
SQL: UPDATE `jd_user` SET `status`='0' WHERE ( user_id=1 ) [ RunTime:0.0000s ]

[ 2015-07-19T01:45:41+08:00 ] ::1 /Jd/index.php/Admin/User/status.html
INFO: [ app_begin ] --START--
INFO: Run Behavior\ReadHtmlCacheBehavior [ RunTime:0.000000s ]
INFO: [ app_begin ] --END-- [ RunTime:0.000000s ]
SQL: SHOW COLUMNS FROM `jd_user` [ RunTime:0.0000s ]
SQL: UPDATE `jd_user` SET `status`='0' WHERE ( user_id=2 ) [ RunTime:0.0156s ]

[ 2015-07-19T01:45:42+08:00 ] ::1 /Jd/index.php/Admin/User/status.html
INFO: [ app_begin ] --START--
INFO: Run Behavior\ReadHtmlCacheBehavior [ RunTime:0.001000s ]
INFO: [ app_begin ] --END-- [ RunTime:0.002000s ]
SQL: SHOW COLUMNS FROM `jd_user` [ RunTime:0.0000s ]
SQL: UPDATE `jd_user` SET `status`='0' WHERE ( user_id=3 ) [ RunTime:0.0156s ]

[ 2015-07-19T01:45:43+08:00 ] ::1 /Jd/index.php/Admin/User/status.html
INFO: [ app_begin ] --START--
INFO: Run Behavior\ReadHtmlCacheBehavior [ RunTime:0.001000s ]
INFO: [ app_begin ] --END-- [ RunTime:0.001000s ]
SQL: SHOW COLUMNS FROM `jd_user` [ RunTime:0.0000s ]
SQL: UPDATE `jd_user` SET `status`='0' WHERE ( user_id=7 ) [ RunTime:0.0156s ]

[ 2015-07-19T01:45:44+08:00 ] ::1 /Jd/index.php/Admin/User/status.html
INFO: [ app_begin ] --START--
INFO: Run Behavior\ReadHtmlCacheBehavior [ RunTime:0.001000s ]
INFO: [ app_begin ] --END-- [ RunTime:0.002000s ]
SQL: SHOW COLUMNS FROM `jd_user` [ RunTime:0.0156s ]
SQL: UPDATE `jd_user` SET `status`='0' WHERE ( user_id=8 ) [ RunTime:0.0000s ]

[ 2015-07-19T01:45:46+08:00 ] ::1 /Jd/index.php/Admin/User/status.html
INFO: [ app_begin ] --START--
INFO: Run Behavior\ReadHtmlCacheBehavior [ RunTime:0.000000s ]
INFO: [ app_begin ] --END-- [ RunTime:0.001000s ]
SQL: SHOW COLUMNS FROM `jd_user` [ RunTime:0.0156s ]
SQL: UPDATE `jd_user` SET `status`='0' WHERE ( user_id=9 ) [ RunTime:0.0000s ]

[ 2015-07-19T01:48:34+08:00 ] ::1 /Jd/index.php/Admin/User/status.html
INFO: [ app_begin ] --START--
INFO: Run Behavior\ReadHtmlCacheBehavior [ RunTime:0.001000s ]
INFO: [ app_begin ] --END-- [ RunTime:0.001000s ]
SQL: SHOW COLUMNS FROM `jd_user` [ RunTime:0.0060s ]
SQL: UPDATE `jd_user` SET `status`='1' WHERE ( user_id=1 ) [ RunTime:0.0010s ]

[ 2015-07-19T01:48:35+08:00 ] ::1 /Jd/index.php/Admin/User/status.html
INFO: [ app_begin ] --START--
INFO: Run Behavior\ReadHtmlCacheBehavior [ RunTime:0.001000s ]
INFO: [ app_begin ] --END-- [ RunTime:0.001000s ]
SQL: SHOW COLUMNS FROM `jd_user` [ RunTime:0.0246s ]
SQL: UPDATE `jd_user` SET `status`='1' WHERE ( user_id=2 ) [ RunTime:0.0010s ]

[ 2015-07-19T01:48:36+08:00 ] ::1 /Jd/index.php/Admin/User/status.html
INFO: [ app_begin ] --START--
INFO: Run Behavior\ReadHtmlCacheBehavior [ RunTime:0.001000s ]
INFO: [ app_begin ] --END-- [ RunTime:0.002000s ]
SQL: SHOW COLUMNS FROM `jd_user` [ RunTime:0.0156s ]
SQL: UPDATE `jd_user` SET `status`='1' WHERE ( user_id=3 ) [ RunTime:0.0000s ]

[ 2015-07-19T01:48:37+08:00 ] ::1 /Jd/index.php/Admin/User/status.html
INFO: [ app_begin ] --START--
INFO: Run Behavior\ReadHtmlCacheBehavior [ RunTime:0.002001s ]
INFO: [ app_begin ] --END-- [ RunTime:0.002001s ]
SQL: SHOW COLUMNS FROM `jd_user` [ RunTime:0.0000s ]
SQL: UPDATE `jd_user` SET `status`='1' WHERE ( user_id=7 ) [ RunTime:0.0156s ]

[ 2015-07-19T01:48:38+08:00 ] ::1 /Jd/index.php/Admin/User/status.html
INFO: [ app_begin ] --START--
INFO: Run Behavior\ReadHtmlCacheBehavior [ RunTime:0.001000s ]
INFO: [ app_begin ] --END-- [ RunTime:0.001000s ]
SQL: SHOW COLUMNS FROM `jd_user` [ RunTime:0.0000s ]
SQL: UPDATE `jd_user` SET `status`='1' WHERE ( user_id=8 ) [ RunTime:0.0000s ]

[ 2015-07-19T01:48:39+08:00 ] ::1 /Jd/index.php/Admin/User/status.html
INFO: [ app_begin ] --START--
INFO: Run Behavior\ReadHtmlCacheBehavior [ RunTime:0.001000s ]
INFO: [ app_begin ] --END-- [ RunTime:0.002000s ]
SQL: SHOW COLUMNS FROM `jd_user` [ RunTime:0.0070s ]
SQL: UPDATE `jd_user` SET `status`='1' WHERE ( user_id=9 ) [ RunTime:0.0010s ]

[ 2015-07-19T01:49:02+08:00 ] ::1 /Jd/index.php/Admin/User/status.html
INFO: [ app_begin ] --START--
INFO: Run Behavior\ReadHtmlCacheBehavior [ RunTime:0.001000s ]
INFO: [ app_begin ] --END-- [ RunTime:0.001000s ]
SQL: SHOW COLUMNS FROM `jd_user` [ RunTime:0.0080s ]
SQL: UPDATE `jd_user` SET `status`='0' WHERE ( user_id=1 ) [ RunTime:0.0010s ]

[ 2015-07-19T01:49:03+08:00 ] ::1 /Jd/index.php/Admin/User/status.html
INFO: [ app_begin ] --START--
INFO: Run Behavior\ReadHtmlCacheBehavior [ RunTime:0.001000s ]
INFO: [ app_begin ] --END-- [ RunTime:0.001000s ]
SQL: SHOW COLUMNS FROM `jd_user` [ RunTime:0.0000s ]
SQL: UPDATE `jd_user` SET `status`='0' WHERE ( user_id=2 ) [ RunTime:0.0000s ]

[ 2015-07-19T01:49:04+08:00 ] ::1 /Jd/index.php/Admin/User/status.html
INFO: [ app_begin ] --START--
INFO: Run Behavior\ReadHtmlCacheBehavior [ RunTime:0.001000s ]
INFO: [ app_begin ] --END-- [ RunTime:0.001000s ]
SQL: SHOW COLUMNS FROM `jd_user` [ RunTime:0.0156s ]
SQL: UPDATE `jd_user` SET `status`='0' WHERE ( user_id=3 ) [ RunTime:0.0000s ]

[ 2015-07-19T01:49:05+08:00 ] ::1 /Jd/index.php/Admin/User/status.html
INFO: [ app_begin ] --START--
INFO: Run Behavior\ReadHtmlCacheBehavior [ RunTime:0.001000s ]
INFO: [ app_begin ] --END-- [ RunTime:0.002000s ]
SQL: SHOW COLUMNS FROM `jd_user` [ RunTime:0.0156s ]
SQL: UPDATE `jd_user` SET `status`='0' WHERE ( user_id=7 ) [ RunTime:0.0000s ]

[ 2015-07-19T01:49:06+08:00 ] ::1 /Jd/index.php/Admin/User/status.html
INFO: [ app_begin ] --START--
INFO: Run Behavior\ReadHtmlCacheBehavior [ RunTime:0.001000s ]
INFO: [ app_begin ] --END-- [ RunTime:0.001000s ]
SQL: SHOW COLUMNS FROM `jd_user` [ RunTime:0.0070s ]
SQL: UPDATE `jd_user` SET `status`='0' WHERE ( user_id=8 ) [ RunTime:0.0010s ]

[ 2015-07-19T01:49:07+08:00 ] ::1 /Jd/index.php/Admin/User/status.html
INFO: [ app_begin ] --START--
INFO: Run Behavior\ReadHtmlCacheBehavior [ RunTime:0.001000s ]
INFO: [ app_begin ] --END-- [ RunTime:0.003000s ]
SQL: SHOW COLUMNS FROM `jd_user` [ RunTime:0.0130s ]
SQL: UPDATE `jd_user` SET `status`='0' WHERE ( user_id=9 ) [ RunTime:0.0010s ]

[ 2015-07-19T01:49:21+08:00 ] ::1 /Jd/index.php/Admin/User/status.html
INFO: [ app_begin ] --START--
INFO: Run Behavior\ReadHtmlCacheBehavior [ RunTime:0.001000s ]
INFO: [ app_begin ] --END-- [ RunTime:0.001000s ]
SQL: SHOW COLUMNS FROM `jd_user` [ RunTime:0.0060s ]
SQL: UPDATE `jd_user` SET `status`='1' WHERE ( user_id=1 ) [ RunTime:0.0010s ]

[ 2015-07-19T01:49:22+08:00 ] ::1 /Jd/index.php/Admin/User/status.html
INFO: [ app_begin ] --START--
INFO: Run Behavior\ReadHtmlCacheBehavior [ RunTime:0.001000s ]
INFO: [ app_begin ] --END-- [ RunTime:0.001000s ]
SQL: SHOW COLUMNS FROM `jd_user` [ RunTime:0.0166s ]
SQL: UPDATE `jd_user` SET `status`='1' WHERE ( user_id=2 ) [ RunTime:0.0010s ]

[ 2015-07-19T01:49:23+08:00 ] ::1 /Jd/index.php/Admin/User/status.html
INFO: [ app_begin ] --START--
INFO: Run Behavior\ReadHtmlCacheBehavior [ RunTime:0.000000s ]
INFO: [ app_begin ] --END-- [ RunTime:0.001000s ]
SQL: SHOW COLUMNS FROM `jd_user` [ RunTime:0.0000s ]
SQL: UPDATE `jd_user` SET `status`='1' WHERE ( user_id=3 ) [ RunTime:0.0156s ]

[ 2015-07-19T01:49:24+08:00 ] ::1 /Jd/index.php/Admin/User/status.html
INFO: [ app_begin ] --START--
INFO: Run Behavior\ReadHtmlCacheBehavior [ RunTime:0.001001s ]
INFO: [ app_begin ] --END-- [ RunTime:0.001001s ]
SQL: SHOW COLUMNS FROM `jd_user` [ RunTime:0.0050s ]
SQL: UPDATE `jd_user` SET `status`='1' WHERE ( user_id=7 ) [ RunTime:0.0000s ]

[ 2015-07-19T01:49:25+08:00 ] ::1 /Jd/index.php/Admin/User/status.html
INFO: [ app_begin ] --START--
INFO: Run Behavior\ReadHtmlCacheBehavior [ RunTime:0.000000s ]
INFO: [ app_begin ] --END-- [ RunTime:0.001000s ]
SQL: SHOW COLUMNS FROM `jd_user` [ RunTime:0.0156s ]
SQL: UPDATE `jd_user` SET `status`='1' WHERE ( user_id=8 ) [ RunTime:0.0000s ]

[ 2015-07-19T01:49:26+08:00 ] ::1 /Jd/index.php/Admin/User/status.html
INFO: [ app_begin ] --START--
INFO: Run Behavior\ReadHtmlCacheBehavior [ RunTime:0.001000s ]
INFO: [ app_begin ] --END-- [ RunTime:0.001000s ]
SQL: SHOW COLUMNS FROM `jd_user` [ RunTime:0.0156s ]
SQL: UPDATE `jd_user` SET `status`='1' WHERE ( user_id=9 ) [ RunTime:0.0000s ]

[ 2015-07-19T09:32:12+08:00 ] ::1 /Jd/index.php/Admin/Login/loginHandle.html
INFO: [ app_begin ] --START--
INFO: Run Behavior\ReadHtmlCacheBehavior [ RunTime:0.001000s ]
INFO: [ app_begin ] --END-- [ RunTime:0.001000s ]
SQL: SHOW COLUMNS FROM `jd_admin` [ RunTime:0.0650s ]
SQL: SELECT * FROM `jd_admin` WHERE `admin_name` = 'admin' AND `password` = '21232f297a57a5a743894a0e4a801fc3' AND `status` = 1 LIMIT 1   [ RunTime:0.0110s ]

[ 2015-07-19T09:33:15+08:00 ] ::1 /Jd/index.php/Admin/Index/gallery.html
ERR: 非法操作:gallery

[ 2015-07-19T09:33:18+08:00 ] ::1 /Jd/index.php/Admin/Index/calendar.html
ERR: 非法操作:calendar

[ 2015-07-19T09:33:19+08:00 ] ::1 /Jd/index.php/Admin/Index/charts.html
ERR: 非法操作:charts

[ 2015-07-19T09:33:36+08:00 ] ::1 /Jd/index.php/Admin/Member/status.html
INFO: [ app_begin ] --START--
INFO: Run Behavior\ReadHtmlCacheBehavior [ RunTime:0.000000s ]
INFO: [ app_begin ] --END-- [ RunTime:0.001000s ]
SQL: SHOW COLUMNS FROM `jd_admin` [ RunTime:0.0170s ]
SQL: UPDATE `jd_admin` SET `status`='0' WHERE ( admin_id=2                         ) [ RunTime:0.0140s ]

