[ 2015-07-17T21:15:48+08:00 ] ::1 /Jd/index.php/Admin/Member/%3C:U(%22status%22)%3E
INFO: [ app_begin ] --START--
INFO: Run Behavior\ReadHtmlCacheBehavior [ RunTime:0.001001s ]
INFO: [ app_begin ] --END-- [ RunTime:0.002001s ]
ERR: 非法操作:

[ 2015-07-17T21:16:42+08:00 ] ::1 /Jd/index.php/Admin/Member/%3C:U(%22status%22)%3E
INFO: [ app_begin ] --START--
INFO: Run Behavior\ReadHtmlCacheBehavior [ RunTime:0.001000s ]
INFO: [ app_begin ] --END-- [ RunTime:0.002000s ]
ERR: 非法操作:

[ 2015-07-17T21:17:43+08:00 ] ::1 /Jd/index.php/Admin/Member/%3C:U(%22status%22)%3E
INFO: [ app_begin ] --START--
INFO: Run Behavior\ReadHtmlCacheBehavior [ RunTime:0.001000s ]
INFO: [ app_begin ] --END-- [ RunTime:0.001000s ]
ERR: 非法操作:

[ 2015-07-17T21:18:25+08:00 ] ::1 /Jd/index.php/Admin/Member/%3C:U(%22status%22)%3E
INFO: [ app_begin ] --START--
INFO: Run Behavior\ReadHtmlCacheBehavior [ RunTime:0.000000s ]
INFO: [ app_begin ] --END-- [ RunTime:0.001001s ]
ERR: 非法操作:

[ 2015-07-17T21:18:33+08:00 ] ::1 /Jd/index.php/Admin/Member/%3C:U(%22status%22)%3E
INFO: [ app_begin ] --START--
INFO: Run Behavior\ReadHtmlCacheBehavior [ RunTime:0.001000s ]
INFO: [ app_begin ] --END-- [ RunTime:0.002000s ]
ERR: 非法操作:

[ 2015-07-17T21:22:23+08:00 ] ::1 /Jd/index.php/Admin/Member/%3C%7B:U(%22status%22)%3E%7D
INFO: [ app_begin ] --START--
INFO: Run Behavior\ReadHtmlCacheBehavior [ RunTime:0.001000s ]
INFO: [ app_begin ] --END-- [ RunTime:0.002000s ]
ERR: 非法操作:}

[ 2015-07-17T21:22:34+08:00 ] ::1 /Jd/index.php/Admin/Member/%3C%7B:U(%22status%22)%3E%7D
INFO: [ app_begin ] --START--
INFO: Run Behavior\ReadHtmlCacheBehavior [ RunTime:0.000000s ]
INFO: [ app_begin ] --END-- [ RunTime:0.001000s ]
ERR: 非法操作:}

[ 2015-07-17T21:23:11+08:00 ] ::1 /Jd/index.php/Admin/Member/%3C%7B:U(%22Member/status%22)%3E%7D
INFO: [ app_begin ] --START--
INFO: Run Behavior\ReadHtmlCacheBehavior [ RunTime:0.000000s ]
INFO: [ app_begin ] --END-- [ RunTime:0.002000s ]
ERR: 非法操作:

[ 2015-07-17T21:26:14+08:00 ] ::1 /Jd/index.php/Admin/Member/status.html
INFO: [ app_begin ] --START--
INFO: Run Behavior\ReadHtmlCacheBehavior [ RunTime:0.000000s ]
INFO: [ app_begin ] --END-- [ RunTime:0.001000s ]
SQL: SHOW COLUMNS FROM `jd_admin` [ RunTime:0.0156s ]
SQL: UPDATE `jd_admin` SET `status`='0' WHERE ( admin_id=1 ) [ RunTime:0.0312s ]

[ 2015-07-17T21:32:12+08:00 ] ::1 /Jd/index.php/Admin/Member/status.html
INFO: [ app_begin ] --START--
INFO: Run Behavior\ReadHtmlCacheBehavior [ RunTime:0.001000s ]
INFO: [ app_begin ] --END-- [ RunTime:0.001000s ]
SQL: SHOW COLUMNS FROM `jd_admin` [ RunTime:0.0156s ]
SQL: UPDATE `jd_admin` SET `status`='1' WHERE ( admin_id=2 ) [ RunTime:0.0000s ]

[ 2015-07-17T21:32:24+08:00 ] ::1 /Jd/index.php/Admin/Member/status.html
INFO: [ app_begin ] --START--
INFO: Run Behavior\ReadHtmlCacheBehavior [ RunTime:0.001000s ]
INFO: [ app_begin ] --END-- [ RunTime:0.001000s ]
SQL: SHOW COLUMNS FROM `jd_admin` [ RunTime:0.0080s ]
SQL: UPDATE `jd_admin` SET `status`='1' WHERE ( admin_id=5 ) [ RunTime:0.0000s ]

[ 2015-07-17T21:44:27+08:00 ] ::1 /Jd/index.php/Admin/Member/status.html
INFO: [ app_begin ] --START--
INFO: Run Behavior\ReadHtmlCacheBehavior [ RunTime:0.001000s ]
INFO: [ app_begin ] --END-- [ RunTime:0.001000s ]
SQL: SHOW COLUMNS FROM `jd_admin` [ RunTime:0.0000s ]
SQL: UPDATE `jd_admin` SET `status`='0' WHERE ( admin_id=2 ) [ RunTime:0.0156s ]

[ 2015-07-17T21:44:38+08:00 ] ::1 /Jd/index.php/Admin/Member/status.html
INFO: [ app_begin ] --START--
INFO: Run Behavior\ReadHtmlCacheBehavior [ RunTime:0.001000s ]
INFO: [ app_begin ] --END-- [ RunTime:0.001000s ]
SQL: SHOW COLUMNS FROM `jd_admin` [ RunTime:0.0000s ]
SQL: UPDATE `jd_admin` SET `status`='0' WHERE ( admin_id=3 ) [ RunTime:0.0000s ]

[ 2015-07-17T21:47:42+08:00 ] ::1 /Jd/index.php/Admin/Member/status.html
INFO: [ app_begin ] --START--
INFO: Run Behavior\ReadHtmlCacheBehavior [ RunTime:0.001000s ]
INFO: [ app_begin ] --END-- [ RunTime:0.002000s ]
SQL: SHOW COLUMNS FROM `jd_admin` [ RunTime:0.0130s ]
SQL: UPDATE `jd_admin` SET `status`='1' WHERE ( admin_id=2 ) [ RunTime:0.0010s ]

[ 2015-07-17T21:47:47+08:00 ] ::1 /Jd/index.php/Admin/Member/status.html
INFO: [ app_begin ] --START--
INFO: Run Behavior\ReadHtmlCacheBehavior [ RunTime:0.001000s ]
INFO: [ app_begin ] --END-- [ RunTime:0.001000s ]
SQL: SHOW COLUMNS FROM `jd_admin` [ RunTime:0.0130s ]
SQL: UPDATE `jd_admin` SET `status`='1' WHERE ( admin_id=3 ) [ RunTime:0.0010s ]

[ 2015-07-17T21:47:51+08:00 ] ::1 /Jd/index.php/Admin/Member/status.html
INFO: [ app_begin ] --START--
INFO: Run Behavior\ReadHtmlCacheBehavior [ RunTime:0.000000s ]
INFO: [ app_begin ] --END-- [ RunTime:0.002001s ]
SQL: SHOW COLUMNS FROM `jd_admin` [ RunTime:0.0100s ]
SQL: UPDATE `jd_admin` SET `status`='0' WHERE ( admin_id=5 ) [ RunTime:0.0010s ]

[ 2015-07-17T21:48:11+08:00 ] ::1 /Jd/index.php/Admin/Member/status.html
INFO: [ app_begin ] --START--
INFO: Run Behavior\ReadHtmlCacheBehavior [ RunTime:0.002000s ]
INFO: [ app_begin ] --END-- [ RunTime:0.002000s ]
SQL: SHOW COLUMNS FROM `jd_admin` [ RunTime:0.0156s ]
SQL: UPDATE `jd_admin` SET `status`='0' WHERE ( admin_id=4 ) [ RunTime:0.0000s ]

[ 2015-07-17T21:58:35+08:00 ] ::1 /Jd/index.php/Admin/Member/status.html
INFO: [ app_begin ] --START--
INFO: Run Behavior\ReadHtmlCacheBehavior [ RunTime:0.001000s ]
INFO: [ app_begin ] --END-- [ RunTime:0.001000s ]
SQL: SHOW COLUMNS FROM `jd_admin` [ RunTime:0.0120s ]
SQL: UPDATE `jd_admin` SET `status`='0' WHERE ( admin_id=2 ) [ RunTime:0.0020s ]

[ 2015-07-17T21:58:40+08:00 ] ::1 /Jd/index.php/Admin/Member/status.html
INFO: [ app_begin ] --START--
INFO: Run Behavior\ReadHtmlCacheBehavior [ RunTime:0.001000s ]
INFO: [ app_begin ] --END-- [ RunTime:0.001000s ]
SQL: SHOW COLUMNS FROM `jd_admin` [ RunTime:0.0120s ]
SQL: UPDATE `jd_admin` SET `status`='1' WHERE ( admin_id=2 ) [ RunTime:0.0010s ]

[ 2015-07-17T21:58:47+08:00 ] ::1 /Jd/index.php/Admin/Member/status.html
INFO: [ app_begin ] --START--
INFO: Run Behavior\ReadHtmlCacheBehavior [ RunTime:0.001000s ]
INFO: [ app_begin ] --END-- [ RunTime:0.002000s ]
SQL: SHOW COLUMNS FROM `jd_admin` [ RunTime:0.0060s ]
SQL: UPDATE `jd_admin` SET `status`='0' WHERE ( admin_id=2 ) [ RunTime:0.0000s ]

[ 2015-07-17T21:58:49+08:00 ] ::1 /Jd/index.php/Admin/Member/status.html
INFO: [ app_begin ] --START--
INFO: Run Behavior\ReadHtmlCacheBehavior [ RunTime:0.001000s ]
INFO: [ app_begin ] --END-- [ RunTime:0.002000s ]
SQL: SHOW COLUMNS FROM `jd_admin` [ RunTime:0.0130s ]
SQL: UPDATE `jd_admin` SET `status`='0' WHERE ( admin_id=2 ) [ RunTime:0.0010s ]

[ 2015-07-17T21:58:54+08:00 ] ::1 /Jd/index.php/Admin/Member/status.html
INFO: [ app_begin ] --START--
INFO: Run Behavior\ReadHtmlCacheBehavior [ RunTime:0.001000s ]
INFO: [ app_begin ] --END-- [ RunTime:0.001000s ]
SQL: SHOW COLUMNS FROM `jd_admin` [ RunTime:0.0130s ]
SQL: UPDATE `jd_admin` SET `status`='1' WHERE ( admin_id=2 ) [ RunTime:0.0010s ]

[ 2015-07-17T22:00:18+08:00 ] ::1 /Jd/index.php/Admin/Member/status.html
INFO: [ app_begin ] --START--
INFO: Run Behavior\ReadHtmlCacheBehavior [ RunTime:0.001000s ]
INFO: [ app_begin ] --END-- [ RunTime:0.002000s ]
SQL: SHOW COLUMNS FROM `jd_admin` [ RunTime:0.0130s ]
SQL: UPDATE `jd_admin` SET `status`='1' WHERE ( admin_id=1 ) [ RunTime:0.0010s ]

[ 2015-07-17T22:01:50+08:00 ] ::1 /Jd/index.php/Admin/Member/status.html
INFO: [ app_begin ] --START--
INFO: Run Behavior\ReadHtmlCacheBehavior [ RunTime:0.001000s ]
INFO: [ app_begin ] --END-- [ RunTime:0.001000s ]
SQL: SHOW COLUMNS FROM `jd_admin` [ RunTime:0.0156s ]
SQL: UPDATE `jd_admin` SET `status`='0' WHERE ( admin_id=1 ) [ RunTime:0.0000s ]

[ 2015-07-17T22:02:34+08:00 ] ::1 /Jd/index.php/Admin/Member/status.html
INFO: [ app_begin ] --START--
INFO: Run Behavior\ReadHtmlCacheBehavior [ RunTime:0.001000s ]
INFO: [ app_begin ] --END-- [ RunTime:0.002000s ]
SQL: SHOW COLUMNS FROM `jd_admin` [ RunTime:0.0000s ]
SQL: UPDATE `jd_admin` SET `status`='0' WHERE ( admin_id=2 ) [ RunTime:0.0000s ]

[ 2015-07-17T22:02:39+08:00 ] ::1 /Jd/index.php/Admin/Member/status.html
INFO: [ app_begin ] --START--
INFO: Run Behavior\ReadHtmlCacheBehavior [ RunTime:0.001000s ]
INFO: [ app_begin ] --END-- [ RunTime:0.001000s ]
SQL: SHOW COLUMNS FROM `jd_admin` [ RunTime:0.0156s ]
SQL: UPDATE `jd_admin` SET `status`='0' WHERE ( admin_id=3 ) [ RunTime:0.0000s ]

[ 2015-07-17T22:02:42+08:00 ] ::1 /Jd/index.php/Admin/Member/status.html
INFO: [ app_begin ] --START--
INFO: Run Behavior\ReadHtmlCacheBehavior [ RunTime:0.000000s ]
INFO: [ app_begin ] --END-- [ RunTime:0.000000s ]
SQL: SHOW COLUMNS FROM `jd_admin` [ RunTime:0.0156s ]
SQL: UPDATE `jd_admin` SET `status`='0' WHERE ( admin_id=2 ) [ RunTime:0.0000s ]

[ 2015-07-17T22:03:02+08:00 ] ::1 /Jd/index.php/Admin/Member/status.html
INFO: [ app_begin ] --START--
INFO: Run Behavior\ReadHtmlCacheBehavior [ RunTime:0.001000s ]
INFO: [ app_begin ] --END-- [ RunTime:0.002000s ]
SQL: SHOW COLUMNS FROM `jd_admin` [ RunTime:0.0156s ]
SQL: UPDATE `jd_admin` SET `status`='1' WHERE ( admin_id=4 ) [ RunTime:0.0000s ]

[ 2015-07-17T22:08:02+08:00 ] ::1 /Jd/index.php/Admin/Member/status.html
INFO: [ app_begin ] --START--
INFO: Run Behavior\ReadHtmlCacheBehavior [ RunTime:0.000000s ]
INFO: [ app_begin ] --END-- [ RunTime:0.001000s ]
SQL: SHOW COLUMNS FROM `jd_admin` [ RunTime:0.0130s ]
SQL: UPDATE `jd_admin` SET `status`='1' WHERE ( admin_id=2 ) [ RunTime:0.0010s ]

[ 2015-07-17T22:08:14+08:00 ] ::1 /Jd/index.php/Admin/Member/status.html
INFO: [ app_begin ] --START--
INFO: Run Behavior\ReadHtmlCacheBehavior [ RunTime:0.001000s ]
INFO: [ app_begin ] --END-- [ RunTime:0.001000s ]
SQL: SHOW COLUMNS FROM `jd_admin` [ RunTime:0.0156s ]
SQL: UPDATE `jd_admin` SET `status`='1' WHERE ( admin_id=1 ) [ RunTime:0.0000s ]

[ 2015-07-17T22:08:17+08:00 ] ::1 /Jd/index.php/Admin/Member/status.html
INFO: [ app_begin ] --START--
INFO: Run Behavior\ReadHtmlCacheBehavior [ RunTime:0.001000s ]
INFO: [ app_begin ] --END-- [ RunTime:0.001000s ]
SQL: SHOW COLUMNS FROM `jd_admin` [ RunTime:0.0130s ]
SQL: UPDATE `jd_admin` SET `status`='1' WHERE ( admin_id=1 ) [ RunTime:0.0010s ]

[ 2015-07-17T22:25:44+08:00 ] ::1 /Jd/index.php/Admin/Member/status.html
INFO: [ app_begin ] --START--
INFO: Run Behavior\ReadHtmlCacheBehavior [ RunTime:0.002000s ]
INFO: [ app_begin ] --END-- [ RunTime:0.003000s ]
SQL: SHOW COLUMNS FROM `jd_admin` [ RunTime:0.0130s ]
SQL: UPDATE `jd_admin` SET `status`='0' WHERE ( admin_id=16 ) [ RunTime:0.0010s ]

[ 2015-07-17T23:50:52+08:00 ] ::1 /Jd/index.php/Admin/Login/loginHandle.html
INFO: [ app_begin ] --START--
INFO: Run Behavior\ReadHtmlCacheBehavior [ RunTime:0.015600s ]
INFO: [ app_begin ] --END-- [ RunTime:0.015600s ]
SQL: SHOW COLUMNS FROM `jd_admin` [ RunTime:0.0000s ]
SQL: SELECT * FROM `jd_admin` WHERE `admin_name` = 'admin' AND `password` = '21232f297a57a5a743894a0e4a801fc3' AND `status` = 1 LIMIT 1   [ RunTime:0.0156s ]

[ 2015-07-17T23:51:19+08:00 ] ::1 /Jd/index.php/Admin/Member/status.html
INFO: [ app_begin ] --START--
INFO: Run Behavior\ReadHtmlCacheBehavior [ RunTime:0.000000s ]
INFO: [ app_begin ] --END-- [ RunTime:0.001000s ]
SQL: SHOW COLUMNS FROM `jd_admin` [ RunTime:0.0060s ]
SQL: UPDATE `jd_admin` SET `status`='1' WHERE ( admin_id=21 ) [ RunTime:0.0000s ]

[ 2015-07-17T23:51:25+08:00 ] ::1 /Jd/index.php/Admin/Member/status.html
INFO: [ app_begin ] --START--
INFO: Run Behavior\ReadHtmlCacheBehavior [ RunTime:0.001000s ]
INFO: [ app_begin ] --END-- [ RunTime:0.001000s ]
SQL: SHOW COLUMNS FROM `jd_admin` [ RunTime:0.0000s ]
SQL: UPDATE `jd_admin` SET `status`='0' WHERE ( admin_id=21 ) [ RunTime:0.0000s ]

[ 2015-07-17T23:51:34+08:00 ] ::1 /Jd/index.php/Admin/Member/status.html
INFO: [ app_begin ] --START--
INFO: Run Behavior\ReadHtmlCacheBehavior [ RunTime:0.000000s ]
INFO: [ app_begin ] --END-- [ RunTime:0.001000s ]
SQL: SHOW COLUMNS FROM `jd_admin` [ RunTime:0.0130s ]
SQL: UPDATE `jd_admin` SET `status`='0' WHERE ( admin_id=21 ) [ RunTime:0.0010s ]

[ 2015-07-17T23:51:42+08:00 ] ::1 /Jd/index.php/Admin/Member/status.html
INFO: [ app_begin ] --START--
INFO: Run Behavior\ReadHtmlCacheBehavior [ RunTime:0.001000s ]
INFO: [ app_begin ] --END-- [ RunTime:0.001000s ]
SQL: SHOW COLUMNS FROM `jd_admin` [ RunTime:0.0140s ]
SQL: UPDATE `jd_admin` SET `status`='1' WHERE ( admin_id=21 ) [ RunTime:0.0000s ]

