[ 2015-07-15T16:58:11+08:00 ] ::1 /Jd/index.php/Admin/Login/loginHandle.html
INFO: [ app_begin ] --START--
INFO: Run Behavior\ReadHtmlCacheBehavior [ RunTime:0.001000s ]
INFO: [ app_begin ] --END-- [ RunTime:0.001000s ]
SQL: SHOW COLUMNS FROM `jd_admin` [ RunTime:0.0000s ]
SQL: SELECT * FROM `jd_admin` WHERE `admin_name` = 'admin' AND `password` = '21232f297a57a5a743894a0e4a801fc3' AND `status` = 1  [ RunTime:0.0000s ]
NOTIC: [8] Undefined index: admin_id D:\MyPHP\www\Jd\shop_jd\Admin\Controller\LoginController.class.php 第 27 行.
NOTIC: [8] Undefined index: admin_name D:\MyPHP\www\Jd\shop_jd\Admin\Controller\LoginController.class.php 第 28 行.

[ 2015-07-15T16:58:17+08:00 ] ::1 /Jd/index.php/Admin/Login/loginHandle.html
INFO: [ app_begin ] --START--
INFO: Run Behavior\ReadHtmlCacheBehavior [ RunTime:0.000000s ]
INFO: [ app_begin ] --END-- [ RunTime:0.001000s ]
SQL: SHOW COLUMNS FROM `jd_admin` [ RunTime:0.0000s ]
SQL: SELECT * FROM `jd_admin` WHERE `admin_name` = 'admin' AND `password` = '21232f297a57a5a743894a0e4a801fc3' AND `status` = 1  [ RunTime:0.0000s ]

[ 2015-07-15T16:59:25+08:00 ] ::1 /Jd/index.php/Admin/Login/loginHandle.html
INFO: [ app_begin ] --START--
INFO: Run Behavior\ReadHtmlCacheBehavior [ RunTime:0.001000s ]
INFO: [ app_begin ] --END-- [ RunTime:0.002000s ]
SQL: SHOW COLUMNS FROM `jd_admin` [ RunTime:0.0156s ]
SQL: SELECT * FROM `jd_admin` WHERE `admin_name` = 'admin' AND `password` = '21232f297a57a5a743894a0e4a801fc3' AND `status` = 1  [ RunTime:0.0000s ]
NOTIC: [8] Undefined index: admin_id D:\MyPHP\www\Jd\shop_jd\Admin\Controller\LoginController.class.php 第 27 行.
NOTIC: [8] Undefined index: admin_name D:\MyPHP\www\Jd\shop_jd\Admin\Controller\LoginController.class.php 第 28 行.

[ 2015-07-15T17:00:51+08:00 ] ::1 /Jd/index.php/Admin/Login/loginHandle.html
INFO: [ app_begin ] --START--
INFO: Run Behavior\ReadHtmlCacheBehavior [ RunTime:0.001000s ]
INFO: [ app_begin ] --END-- [ RunTime:0.002000s ]
SQL: SHOW COLUMNS FROM `jd_admin` [ RunTime:0.0000s ]
SQL: SELECT * FROM `jd_admin` WHERE `admin_name` = 'admin' AND `password` = '21232f297a57a5a743894a0e4a801fc3' AND `status` = 1  [ RunTime:0.0156s ]
NOTIC: [8] Undefined index: admin_id D:\MyPHP\www\Jd\shop_jd\Admin\Controller\LoginController.class.php 第 27 行.
NOTIC: [8] Undefined index: admin_name D:\MyPHP\www\Jd\shop_jd\Admin\Controller\LoginController.class.php 第 28 行.

[ 2015-07-15T17:01:55+08:00 ] ::1 /Jd/index.php/Admin/Login/loginHandle.html
INFO: [ app_begin ] --START--
INFO: Run Behavior\ReadHtmlCacheBehavior [ RunTime:0.000000s ]
INFO: [ app_begin ] --END-- [ RunTime:0.002000s ]
SQL: SHOW COLUMNS FROM `jd_admin` [ RunTime:0.0156s ]
SQL: SELECT * FROM `jd_admin` WHERE `admin_name` = 'admin' AND `password` = '21232f297a57a5a743894a0e4a801fc3' AND `status` = 1  [ RunTime:0.0000s ]
NOTIC: [8] Undefined index: admin_id D:\MyPHP\www\Jd\shop_jd\Admin\Controller\LoginController.class.php 第 27 行.
NOTIC: [8] Undefined index: admin_name D:\MyPHP\www\Jd\shop_jd\Admin\Controller\LoginController.class.php 第 28 行.

[ 2015-07-15T17:04:53+08:00 ] ::1 /Jd/index.php/Admin/Login/loginHandle.html
INFO: [ app_begin ] --START--
INFO: Run Behavior\ReadHtmlCacheBehavior [ RunTime:0.001000s ]
INFO: [ app_begin ] --END-- [ RunTime:0.001000s ]

[ 2015-07-15T17:07:31+08:00 ] ::1 /Jd/index.php/Admin/Login/loginHandle.html
INFO: [ app_begin ] --START--
INFO: Run Behavior\ReadHtmlCacheBehavior [ RunTime:0.001000s ]
INFO: [ app_begin ] --END-- [ RunTime:0.001000s ]
SQL: SHOW COLUMNS FROM `jd_admin` [ RunTime:0.0140s ]
SQL: SELECT * FROM `jd_admin` WHERE `admin_name` = 'admin' AND `password` = '21232f297a57a5a743894a0e4a801fc3' AND `status` = 1  [ RunTime:0.0010s ]
NOTIC: [8] Undefined index: admin_id D:\MyPHP\www\Jd\shop_jd\Admin\Controller\LoginController.class.php 第 26 行.
NOTIC: [8] Undefined index: admin_name D:\MyPHP\www\Jd\shop_jd\Admin\Controller\LoginController.class.php 第 27 行.

[ 2015-07-15T17:08:08+08:00 ] ::1 /Jd/index.php/Admin/Login/loginHandle.html
INFO: [ app_begin ] --START--
INFO: Run Behavior\ReadHtmlCacheBehavior [ RunTime:0.001000s ]
INFO: [ app_begin ] --END-- [ RunTime:0.002000s ]
SQL: SHOW COLUMNS FROM `jd_admin` [ RunTime:0.0130s ]
SQL: SELECT * FROM `jd_admin` WHERE `admin_name` = 'admin' AND `password` = '21232f297a57a5a743894a0e4a801fc3' AND `status` = 1  [ RunTime:0.0010s ]
NOTIC: [8] Undefined index: admin_id D:\MyPHP\www\Jd\shop_jd\Admin\Controller\LoginController.class.php 第 26 行.
NOTIC: [8] Undefined index: admin_name D:\MyPHP\www\Jd\shop_jd\Admin\Controller\LoginController.class.php 第 27 行.

[ 2015-07-15T17:09:33+08:00 ] ::1 /Jd/index.php/Admin/Login/loginHandle.html
INFO: [ app_begin ] --START--
INFO: Run Behavior\ReadHtmlCacheBehavior [ RunTime:0.000000s ]
INFO: [ app_begin ] --END-- [ RunTime:0.004000s ]
SQL: SHOW COLUMNS FROM `jd_admin` [ RunTime:0.0140s ]
SQL: SELECT * FROM `jd_admin` WHERE `admin_name` = 'admin'  [ RunTime:0.0020s ]
NOTIC: [8] Undefined index: admin_id D:\MyPHP\www\Jd\shop_jd\Admin\Controller\LoginController.class.php 第 26 行.
NOTIC: [8] Undefined index: admin_name D:\MyPHP\www\Jd\shop_jd\Admin\Controller\LoginController.class.php 第 27 行.

[ 2015-07-15T17:10:54+08:00 ] ::1 /Jd/index.php/Admin/Login/loginHandle.html
INFO: [ app_begin ] --START--
INFO: Run Behavior\ReadHtmlCacheBehavior [ RunTime:0.001000s ]
INFO: [ app_begin ] --END-- [ RunTime:0.001000s ]
SQL: SHOW COLUMNS FROM `jd_admin` [ RunTime:0.0110s ]
SQL: SELECT * FROM `jd_admin` WHERE `admin_name` = 'admin'  [ RunTime:0.0010s ]
NOTIC: [8] Undefined index: admin_id D:\MyPHP\www\Jd\shop_jd\Admin\Controller\LoginController.class.php 第 26 行.
NOTIC: [8] Undefined index: admin_name D:\MyPHP\www\Jd\shop_jd\Admin\Controller\LoginController.class.php 第 27 行.

[ 2015-07-15T17:22:25+08:00 ] ::1 /Jd/index.php/Admin/Login/loginHandle.html
INFO: [ app_begin ] --START--
INFO: Run Behavior\ReadHtmlCacheBehavior [ RunTime:0.002000s ]
INFO: [ app_begin ] --END-- [ RunTime:0.002000s ]
SQL: SHOW COLUMNS FROM `jd_admin` [ RunTime:0.0156s ]
SQL: SELECT * FROM `jd_admin` WHERE `admin_name` = 'admin'  [ RunTime:0.0000s ]
NOTIC: [8] Undefined index: admin_id D:\MyPHP\www\Jd\shop_jd\Admin\Controller\LoginController.class.php 第 26 行.
NOTIC: [8] Undefined index: admin_name D:\MyPHP\www\Jd\shop_jd\Admin\Controller\LoginController.class.php 第 27 行.

[ 2015-07-15T17:26:03+08:00 ] ::1 /Jd/index.php/Admin/Login/loginHandle.html
INFO: [ app_begin ] --START--
INFO: Run Behavior\ReadHtmlCacheBehavior [ RunTime:0.001000s ]
INFO: [ app_begin ] --END-- [ RunTime:0.002000s ]
SQL: SHOW COLUMNS FROM `jd_admin` [ RunTime:0.0000s ]
SQL: SELECT * FROM `jd_admin` WHERE `admin_name` = 'admin' AND `password` = '21232f297a57a5a743894a0e4a801fc3' AND `status` = 1  [ RunTime:0.0156s ]
NOTIC: [8] Undefined index: admin_id D:\MyPHP\www\Jd\shop_jd\Admin\Controller\LoginController.class.php 第 26 行.
NOTIC: [8] Undefined index: admin_name D:\MyPHP\www\Jd\shop_jd\Admin\Controller\LoginController.class.php 第 27 行.

[ 2015-07-15T17:26:08+08:00 ] ::1 /Jd/index.php/Admin/Login/loginHandle.html
INFO: [ app_begin ] --START--
INFO: Run Behavior\ReadHtmlCacheBehavior [ RunTime:0.001001s ]
INFO: [ app_begin ] --END-- [ RunTime:0.002001s ]
SQL: SHOW COLUMNS FROM `jd_admin` [ RunTime:0.0156s ]
SQL: SELECT * FROM `jd_admin` WHERE `admin_name` = 'admin' AND `password` = '21232f297a57a5a743894a0e4a801fc3' AND `status` = 1  [ RunTime:0.0000s ]

[ 2015-07-15T17:26:35+08:00 ] ::1 /Jd/index.php/Admin/Login/loginHandle.html
INFO: [ app_begin ] --START--
INFO: Run Behavior\ReadHtmlCacheBehavior [ RunTime:0.001000s ]
INFO: [ app_begin ] --END-- [ RunTime:0.001000s ]
SQL: SHOW COLUMNS FROM `jd_admin` [ RunTime:0.0156s ]
SQL: SELECT * FROM `jd_admin` WHERE `admin_name` = 'admin' AND `password` = '21232f297a57a5a743894a0e4a801fc3' AND `status` = 1  [ RunTime:0.0000s ]
NOTIC: [8] Undefined index: admin_id D:\MyPHP\www\Jd\shop_jd\Admin\Controller\LoginController.class.php 第 26 行.
NOTIC: [8] Undefined index: admin_name D:\MyPHP\www\Jd\shop_jd\Admin\Controller\LoginController.class.php 第 27 行.

[ 2015-07-15T17:29:29+08:00 ] ::1 /Jd/index.php/Admin/Login/loginHandle.html
INFO: [ app_begin ] --START--
INFO: Run Behavior\ReadHtmlCacheBehavior [ RunTime:0.001000s ]
INFO: [ app_begin ] --END-- [ RunTime:0.001000s ]
SQL: SHOW COLUMNS FROM `jd_admin` [ RunTime:0.0000s ]
SQL: SELECT * FROM `jd_admin` WHERE `admin_name` = 'admin' AND `password` = '21232f297a57a5a743894a0e4a801fc3' AND `status` = 1  [ RunTime:0.0000s ]
NOTIC: [8] Undefined index: admin_id D:\MyPHP\www\Jd\shop_jd\Admin\Controller\LoginController.class.php 第 26 行.
NOTIC: [8] Undefined index: admin_name D:\MyPHP\www\Jd\shop_jd\Admin\Controller\LoginController.class.php 第 27 行.

[ 2015-07-15T17:29:52+08:00 ] ::1 /Jd/index.php/Admin/Login/loginHandle.html
INFO: [ app_begin ] --START--
INFO: Run Behavior\ReadHtmlCacheBehavior [ RunTime:0.001000s ]
INFO: [ app_begin ] --END-- [ RunTime:0.002000s ]
SQL: SHOW COLUMNS FROM `jd_admin` [ RunTime:0.0000s ]
SQL: SELECT * FROM `jd_admin` WHERE `admin_name` = 'admin' AND `password` = '21232f297a57a5a743894a0e4a801fc3' AND `status` = 1  [ RunTime:0.0000s ]
NOTIC: [8] Undefined index: admin_id D:\MyPHP\www\Jd\shop_jd\Admin\Controller\LoginController.class.php 第 26 行.
NOTIC: [8] Undefined index: admin_name D:\MyPHP\www\Jd\shop_jd\Admin\Controller\LoginController.class.php 第 27 行.

[ 2015-07-15T17:30:24+08:00 ] ::1 /Jd/index.php/Admin/Login/loginHandle.html
INFO: [ app_begin ] --START--
INFO: Run Behavior\ReadHtmlCacheBehavior [ RunTime:0.000000s ]
INFO: [ app_begin ] --END-- [ RunTime:0.002000s ]
SQL: SHOW COLUMNS FROM `jd_admin` [ RunTime:0.0156s ]
SQL: SELECT * FROM `jd_admin` WHERE `admin_name` = 'admin' AND `password` = '21232f297a57a5a743894a0e4a801fc3' AND `status` = 1  [ RunTime:0.0000s ]
NOTIC: [8] Undefined index: admin_id D:\MyPHP\www\Jd\shop_jd\Admin\Controller\LoginController.class.php 第 26 行.
NOTIC: [8] Undefined index: admin_name D:\MyPHP\www\Jd\shop_jd\Admin\Controller\LoginController.class.php 第 27 行.

[ 2015-07-15T17:30:24+08:00 ] ::1 /Jd/index.php/Admin/Index/index.html
ERR: 模板不存在:./shop_jd/Admin/View/Index/index.html

[ 2015-07-15T18:29:46+08:00 ] ::1 /Jd/index.php/Admin/Login/loginHandle.html
INFO: [ app_begin ] --START--
INFO: Run Behavior\ReadHtmlCacheBehavior [ RunTime:0.001000s ]
INFO: [ app_begin ] --END-- [ RunTime:0.002000s ]
SQL: SHOW COLUMNS FROM `jd_admin` [ RunTime:0.0156s ]
SQL: SELECT * FROM `jd_admin` WHERE `admin_name` = 'admin' AND `password` = '0cc175b9c0f1b6a831c399e269772661' AND `status` = 1  [ RunTime:0.0000s ]

[ 2015-07-15T18:30:11+08:00 ] ::1 /Jd/index.php/Admin/Login/loginHandle.html
INFO: [ app_begin ] --START--
INFO: Run Behavior\ReadHtmlCacheBehavior [ RunTime:0.002000s ]
INFO: [ app_begin ] --END-- [ RunTime:0.002000s ]
SQL: SHOW COLUMNS FROM `jd_admin` [ RunTime:0.0000s ]
SQL: SELECT * FROM `jd_admin` WHERE `admin_name` = 'admin' AND `password` = '21232f297a57a5a743894a0e4a801fc3' AND `status` = 1  [ RunTime:0.0000s ]

[ 2015-07-15T18:30:27+08:00 ] ::1 /Jd/index.php/Admin/Login/loginHandle.html
INFO: [ app_begin ] --START--
INFO: Run Behavior\ReadHtmlCacheBehavior [ RunTime:0.001000s ]
INFO: [ app_begin ] --END-- [ RunTime:0.002000s ]
SQL: SHOW COLUMNS FROM `jd_admin` [ RunTime:0.0000s ]
SQL: SELECT * FROM `jd_admin` WHERE `admin_name` = 'admin' AND `password` = '21232f297a57a5a743894a0e4a801fc3' AND `status` = 1  [ RunTime:0.0156s ]
NOTIC: [8] Undefined index: admin_id D:\MyPHP\www\Jd\shop_jd\Admin\Controller\LoginController.class.php 第 26 行.
NOTIC: [8] Undefined index: admin_name D:\MyPHP\www\Jd\shop_jd\Admin\Controller\LoginController.class.php 第 27 行.

[ 2015-07-15T18:30:27+08:00 ] ::1 /Jd/index.php/Admin/Index/index.html
ERR: 模板不存在:./shop_jd/Admin/View/Index/index.html

[ 2015-07-15T18:30:41+08:00 ] ::1 /Jd/index.php/Admin/Login/loginHandle.html
INFO: [ app_begin ] --START--
INFO: Run Behavior\ReadHtmlCacheBehavior [ RunTime:0.001000s ]
INFO: [ app_begin ] --END-- [ RunTime:0.001000s ]
SQL: SHOW COLUMNS FROM `jd_admin` [ RunTime:0.0000s ]
SQL: SELECT * FROM `jd_admin` WHERE `admin_name` = 'admin' AND `password` = '60eb0f73e33ce3ffd4e51d974447db53' AND `status` = 1  [ RunTime:0.0000s ]

[ 2015-07-15T18:30:48+08:00 ] ::1 /Jd/index.php/Admin/Login/loginHandle.html
INFO: [ app_begin ] --START--
INFO: Run Behavior\ReadHtmlCacheBehavior [ RunTime:0.001000s ]
INFO: [ app_begin ] --END-- [ RunTime:0.002000s ]
SQL: SHOW COLUMNS FROM `jd_admin` [ RunTime:0.0000s ]
SQL: SELECT * FROM `jd_admin` WHERE `admin_name` = 'admin' AND `password` = '21232f297a57a5a743894a0e4a801fc3' AND `status` = 1  [ RunTime:0.0156s ]

[ 2015-07-15T18:30:53+08:00 ] ::1 /Jd/index.php/Admin/Login/loginHandle.html
INFO: [ app_begin ] --START--
INFO: Run Behavior\ReadHtmlCacheBehavior [ RunTime:0.001000s ]
INFO: [ app_begin ] --END-- [ RunTime:0.002000s ]
SQL: SHOW COLUMNS FROM `jd_admin` [ RunTime:0.0000s ]
SQL: SELECT * FROM `jd_admin` WHERE `admin_name` = 'admin' AND `password` = '21232f297a57a5a743894a0e4a801fc3' AND `status` = 1  [ RunTime:0.0000s ]

[ 2015-07-15T18:35:27+08:00 ] ::1 /Jd/index.php/Admin/Login/loginHandle.html
INFO: [ app_begin ] --START--
INFO: Run Behavior\ReadHtmlCacheBehavior [ RunTime:0.002000s ]
INFO: [ app_begin ] --END-- [ RunTime:0.002000s ]
SQL: SHOW COLUMNS FROM `jd_admin` [ RunTime:0.0000s ]
SQL: SELECT * FROM `jd_admin` WHERE `admin_name` = 'admin' AND `password` = '60eb0f73e33ce3ffd4e51d974447db53' AND `status` = 1  [ RunTime:0.0156s ]

[ 2015-07-15T18:35:39+08:00 ] ::1 /Jd/index.php/Admin/Login/loginHandle.html
INFO: [ app_begin ] --START--
INFO: Run Behavior\ReadHtmlCacheBehavior [ RunTime:0.001000s ]
INFO: [ app_begin ] --END-- [ RunTime:0.001000s ]
SQL: SHOW COLUMNS FROM `jd_admin` [ RunTime:0.0000s ]
SQL: SELECT * FROM `jd_admin` WHERE `admin_name` = 'admin' AND `password` = '60eb0f73e33ce3ffd4e51d974447db53' AND `status` = 1  [ RunTime:0.0000s ]

[ 2015-07-15T18:36:47+08:00 ] ::1 /Jd/index.php/Admin/Login/loginHandle.html
INFO: [ app_begin ] --START--
INFO: Run Behavior\ReadHtmlCacheBehavior [ RunTime:0.001000s ]
INFO: [ app_begin ] --END-- [ RunTime:0.001000s ]
SQL: SHOW COLUMNS FROM `jd_admin` [ RunTime:0.0000s ]
SQL: SELECT * FROM `jd_admin` WHERE `admin_name` = 'admin' AND `password` = 'b09c600fddc573f117449b3723f23d64' AND `status` = 1  [ RunTime:0.0156s ]

[ 2015-07-15T18:52:44+08:00 ] ::1 /Jd/index.php/Admin/Login/loginHandle.html
INFO: [ app_begin ] --START--
INFO: Run Behavior\ReadHtmlCacheBehavior [ RunTime:0.001000s ]
INFO: [ app_begin ] --END-- [ RunTime:0.001000s ]
SQL: SHOW COLUMNS FROM `jd_admin` [ RunTime:0.0156s ]
SQL: SELECT * FROM `jd_admin` WHERE `admin_name` = 'admin' AND `password` = '21232f297a57a5a743894a0e4a801fc3' AND `status` = 1  [ RunTime:0.0000s ]

[ 2015-07-15T18:52:55+08:00 ] ::1 /Jd/index.php/Admin/Login/loginHandle.html
INFO: [ app_begin ] --START--
INFO: Run Behavior\ReadHtmlCacheBehavior [ RunTime:0.001000s ]
INFO: [ app_begin ] --END-- [ RunTime:0.001000s ]
SQL: SHOW COLUMNS FROM `jd_admin` [ RunTime:0.0156s ]
SQL: SELECT * FROM `jd_admin` WHERE `admin_name` = 'admin' AND `password` = '21232f297a57a5a743894a0e4a801fc3' AND `status` = 1  [ RunTime:0.0000s ]

[ 2015-07-15T18:53:29+08:00 ] ::1 /Jd/index.php/Admin/Login/loginHandle.html
INFO: [ app_begin ] --START--
INFO: Run Behavior\ReadHtmlCacheBehavior [ RunTime:0.001000s ]
INFO: [ app_begin ] --END-- [ RunTime:0.001000s ]
SQL: SHOW COLUMNS FROM `jd_admin` [ RunTime:0.0156s ]
SQL: SELECT * FROM `jd_admin` WHERE `admin_name` = 'admin' AND `password` = '60eb0f73e33ce3ffd4e51d974447db53' AND `status` = 1  [ RunTime:0.0000s ]

[ 2015-07-15T18:53:37+08:00 ] ::1 /Jd/index.php/Admin/Login/loginHandle.html
INFO: [ app_begin ] --START--
INFO: Run Behavior\ReadHtmlCacheBehavior [ RunTime:0.001000s ]
INFO: [ app_begin ] --END-- [ RunTime:0.001000s ]
SQL: SHOW COLUMNS FROM `jd_admin` [ RunTime:0.0156s ]
SQL: SELECT * FROM `jd_admin` WHERE `admin_name` = 'admin' AND `password` = '60eb0f73e33ce3ffd4e51d974447db53' AND `status` = 1  [ RunTime:0.0000s ]

[ 2015-07-15T18:53:50+08:00 ] ::1 /Jd/index.php/Admin/Login/loginHandle.html
INFO: [ app_begin ] --START--
INFO: Run Behavior\ReadHtmlCacheBehavior [ RunTime:0.000000s ]
INFO: [ app_begin ] --END-- [ RunTime:0.001000s ]
SQL: SHOW COLUMNS FROM `jd_admin` [ RunTime:0.0156s ]
SQL: SELECT * FROM `jd_admin` WHERE `admin_name` = 'admin' AND `password` = '21232f297a57a5a743894a0e4a801fc3' AND `status` = 1  [ RunTime:0.0000s ]
NOTIC: [8] Undefined index: admin_id D:\MyPHP\www\Jd\shop_jd\Admin\Controller\LoginController.class.php 第 26 行.
NOTIC: [8] Undefined index: admin_name D:\MyPHP\www\Jd\shop_jd\Admin\Controller\LoginController.class.php 第 27 行.

[ 2015-07-15T18:53:50+08:00 ] ::1 /Jd/index.php/Admin/Index/index.html
ERR: 模板不存在:./shop_jd/Admin/View/Index/index.html

[ 2015-07-15T19:03:40+08:00 ] ::1 /Jd/index.php/Admin/Login/loginHandle.html
INFO: [ app_begin ] --START--
INFO: Run Behavior\ReadHtmlCacheBehavior [ RunTime:0.001000s ]
INFO: [ app_begin ] --END-- [ RunTime:0.002000s ]
SQL: SHOW COLUMNS FROM `jd_admin` [ RunTime:0.0156s ]
SQL: SELECT * FROM `jd_admin` WHERE `admin_name` = 'admin' AND `password` = '21232f297a57a5a743894a0e4a801fc3' AND `status` = 1  [ RunTime:0.0010s ]

[ 2015-07-15T19:05:42+08:00 ] ::1 /Jd/index.php/Admin/Login/loginHandle.html
INFO: [ app_begin ] --START--
INFO: Run Behavior\ReadHtmlCacheBehavior [ RunTime:0.000000s ]
INFO: [ app_begin ] --END-- [ RunTime:0.001000s ]
SQL: SHOW COLUMNS FROM `jd_admin` [ RunTime:0.0000s ]
SQL: SELECT * FROM `jd_admin` WHERE `admin_name` = 'admin' AND `password` = '21232f297a57a5a743894a0e4a801fc3' AND `status` = 1  [ RunTime:0.0156s ]

[ 2015-07-15T19:22:42+08:00 ] ::1 /Jd/index.php/Admin/Login/loginHandle.html
INFO: [ app_begin ] --START--
INFO: Run Behavior\ReadHtmlCacheBehavior [ RunTime:0.001000s ]
INFO: [ app_begin ] --END-- [ RunTime:0.002001s ]
SQL: SHOW COLUMNS FROM `jd_admin` [ RunTime:0.0156s ]
SQL: SELECT * FROM `jd_admin` WHERE `admin_name` = 'admin' AND `password` = '21232f297a57a5a743894a0e4a801fc3' AND `status` = 1  [ RunTime:0.0000s ]
NOTIC: [8] Undefined index: admin_id D:\MyPHP\www\Jd\shop_jd\Admin\Controller\LoginController.class.php 第 26 行.
NOTIC: [8] Undefined index: admin_name D:\MyPHP\www\Jd\shop_jd\Admin\Controller\LoginController.class.php 第 27 行.

[ 2015-07-15T19:22:42+08:00 ] ::1 /Jd/index.php/Admin/Index/style/bootstrap.css
ERR: 非法操作:style

[ 2015-07-15T19:22:42+08:00 ] ::1 /Jd/index.php/Admin/Index/style/font-awesome.css
ERR: 非法操作:style

[ 2015-07-15T19:22:42+08:00 ] ::1 /Jd/index.php/Admin/Index/style/prettyPhoto.css
ERR: 非法操作:style

[ 2015-07-15T19:22:42+08:00 ] ::1 /Jd/index.php/Admin/Index/style/jquery.cleditor.css
ERR: 非法操作:style

[ 2015-07-15T19:22:42+08:00 ] ::1 /Jd/index.php/Admin/Index/style/jquery-ui.css
ERR: 非法操作:style

[ 2015-07-15T19:22:42+08:00 ] ::1 /Jd/index.php/Admin/Index/style/fullcalendar.css
ERR: 非法操作:style

[ 2015-07-15T19:22:42+08:00 ] ::1 /Jd/index.php/Admin/Index/style/uniform.default.css
ERR: 非法操作:style

[ 2015-07-15T19:22:42+08:00 ] ::1 /Jd/index.php/Admin/Index/style/rateit.css
ERR: 非法操作:style

[ 2015-07-15T19:22:42+08:00 ] ::1 /Jd/index.php/Admin/Index/style/bootstrap-switch.css
ERR: 非法操作:style

[ 2015-07-15T19:22:42+08:00 ] ::1 /Jd/index.php/Admin/Index/style/bootstrap-datetimepicker.min.css
ERR: 非法操作:style

[ 2015-07-15T19:22:42+08:00 ] ::1 /Jd/index.php/Admin/Index/style/style.css
ERR: 非法操作:style

[ 2015-07-15T19:22:42+08:00 ] ::1 /Jd/index.php/Admin/Index/js/jquery.js
ERR: 非法操作:js

[ 2015-07-15T19:22:42+08:00 ] ::1 /Jd/index.php/Admin/Index/js/bootstrap.js
ERR: 非法操作:js

[ 2015-07-15T19:22:42+08:00 ] ::1 /Jd/index.php/Admin/Index/style/widgets.css
ERR: 非法操作:style

[ 2015-07-15T19:22:42+08:00 ] ::1 /Jd/index.php/Admin/Index/js/jquery-ui-1.9.2.custom.min.js
ERR: 非法操作:js

[ 2015-07-15T19:22:42+08:00 ] ::1 /Jd/index.php/Admin/Index/js/fullcalendar.min.js
ERR: 非法操作:js

[ 2015-07-15T19:22:42+08:00 ] ::1 /Jd/index.php/Admin/Index/js/jquery.rateit.min.js
ERR: 非法操作:js

[ 2015-07-15T19:22:43+08:00 ] ::1 /Jd/index.php/Admin/Index/js/jquery.prettyPhoto.js
ERR: 非法操作:js

[ 2015-07-15T19:22:43+08:00 ] ::1 /Jd/index.php/Admin/Index/js/excanvas.min.js
ERR: 非法操作:js

[ 2015-07-15T19:22:43+08:00 ] ::1 /Jd/index.php/Admin/Index/js/jquery.flot.js
ERR: 非法操作:js

[ 2015-07-15T19:22:43+08:00 ] ::1 /Jd/index.php/Admin/Index/js/jquery.flot.resize.js
ERR: 非法操作:js

[ 2015-07-15T19:22:43+08:00 ] ::1 /Jd/index.php/Admin/Index/js/jquery.flot.pie.js
ERR: 非法操作:js

[ 2015-07-15T19:22:43+08:00 ] ::1 /Jd/index.php/Admin/Index/js/jquery.flot.stack.js
ERR: 非法操作:js

[ 2015-07-15T19:22:43+08:00 ] ::1 /Jd/index.php/Admin/Index/js/jquery.noty.js
ERR: 非法操作:js

[ 2015-07-15T19:22:43+08:00 ] ::1 /Jd/index.php/Admin/Index/js/themes/default.js
ERR: 非法操作:js

[ 2015-07-15T19:22:43+08:00 ] ::1 /Jd/index.php/Admin/Index/js/layouts/bottom.js
ERR: 非法操作:js

[ 2015-07-15T19:22:43+08:00 ] ::1 /Jd/index.php/Admin/Index/js/layouts/topRight.js
ERR: 非法操作:js

[ 2015-07-15T19:22:43+08:00 ] ::1 /Jd/index.php/Admin/Index/js/layouts/top.js
ERR: 非法操作:js

[ 2015-07-15T19:22:43+08:00 ] ::1 /Jd/index.php/Admin/Index/js/sparklines.js
ERR: 非法操作:js

[ 2015-07-15T19:22:43+08:00 ] ::1 /Jd/index.php/Admin/Index/js/bootstrap-datetimepicker.min.js
ERR: 非法操作:js

[ 2015-07-15T19:22:43+08:00 ] ::1 /Jd/index.php/Admin/Index/js/jquery.cleditor.min.js
ERR: 非法操作:js

[ 2015-07-15T19:22:43+08:00 ] ::1 /Jd/index.php/Admin/Index/js/jquery.uniform.min.js
ERR: 非法操作:js

[ 2015-07-15T19:22:43+08:00 ] ::1 /Jd/index.php/Admin/Index/js/bootstrap-switch.min.js
ERR: 非法操作:js

[ 2015-07-15T19:22:43+08:00 ] ::1 /Jd/index.php/Admin/Index/js/filter.js
ERR: 非法操作:js

[ 2015-07-15T19:22:43+08:00 ] ::1 /Jd/index.php/Admin/Index/js/custom.js
ERR: 非法操作:js

[ 2015-07-15T19:22:43+08:00 ] ::1 /Jd/index.php/Admin/Index/js/charts.js
ERR: 非法操作:js

[ 2015-07-15T19:29:07+08:00 ] ::1 /Jd/index.php/Admin/Index/style/bootstrap.css
ERR: 非法操作:style

[ 2015-07-15T19:29:07+08:00 ] ::1 /Jd/index.php/Admin/Index/style/font-awesome.css
ERR: 非法操作:style

[ 2015-07-15T19:29:07+08:00 ] ::1 /Jd/index.php/Admin/Index/style/bootstrap-datetimepicker.min.css
ERR: 非法操作:style

[ 2015-07-15T19:29:07+08:00 ] ::1 /Jd/index.php/Admin/Index/style/jquery.cleditor.css
ERR: 非法操作:style

[ 2015-07-15T19:29:07+08:00 ] ::1 /Jd/index.php/Admin/Index/style/uniform.default.css
ERR: 非法操作:style

[ 2015-07-15T19:29:07+08:00 ] ::1 /Jd/index.php/Admin/Index/style/bootstrap-switch.css
ERR: 非法操作:style

[ 2015-07-15T19:29:07+08:00 ] ::1 /Jd/index.php/Admin/Index/style/style.css
ERR: 非法操作:style

[ 2015-07-15T19:29:07+08:00 ] ::1 /Jd/index.php/Admin/Index/style/widgets.css
ERR: 非法操作:style

[ 2015-07-15T19:29:07+08:00 ] ::1 /Jd/index.php/Admin/Index/js/jquery.js
ERR: 非法操作:js

[ 2015-07-15T19:29:07+08:00 ] ::1 /Jd/index.php/Admin/Index/js/bootstrap.js
ERR: 非法操作:js

[ 2015-07-15T19:29:07+08:00 ] ::1 /Jd/index.php/Admin/Index/style/jquery-ui.css
ERR: 非法操作:style

[ 2015-07-15T19:29:07+08:00 ] ::1 /Jd/index.php/Admin/Index/style/fullcalendar.css
ERR: 非法操作:style

[ 2015-07-15T19:29:08+08:00 ] ::1 /Jd/index.php/Admin/Index/js/jquery-ui-1.9.2.custom.min.js
ERR: 非法操作:js

[ 2015-07-15T19:29:08+08:00 ] ::1 /Jd/index.php/Admin/Index/style/prettyPhoto.css
ERR: 非法操作:style

[ 2015-07-15T19:29:08+08:00 ] ::1 /Jd/index.php/Admin/Index/js/fullcalendar.min.js
ERR: 非法操作:js

[ 2015-07-15T19:29:08+08:00 ] ::1 /Jd/index.php/Admin/Index/style/rateit.css
ERR: 非法操作:style

[ 2015-07-15T19:29:08+08:00 ] ::1 /Jd/index.php/Admin/Index/js/jquery.prettyPhoto.js
ERR: 非法操作:js

[ 2015-07-15T19:29:08+08:00 ] ::1 /Jd/index.php/Admin/Index/js/jquery.rateit.min.js
ERR: 非法操作:js

[ 2015-07-15T19:29:08+08:00 ] ::1 /Jd/index.php/Admin/Index/js/excanvas.min.js
ERR: 非法操作:js

[ 2015-07-15T19:29:08+08:00 ] ::1 /Jd/index.php/Admin/Index/js/jquery.flot.js
ERR: 非法操作:js

[ 2015-07-15T19:29:08+08:00 ] ::1 /Jd/index.php/Admin/Index/js/jquery.flot.pie.js
ERR: 非法操作:js

[ 2015-07-15T19:29:08+08:00 ] ::1 /Jd/index.php/Admin/Index/js/jquery.flot.resize.js
ERR: 非法操作:js

[ 2015-07-15T19:29:08+08:00 ] ::1 /Jd/index.php/Admin/Index/js/jquery.flot.stack.js
ERR: 非法操作:js

[ 2015-07-15T19:29:08+08:00 ] ::1 /Jd/index.php/Admin/Index/js/jquery.noty.js
ERR: 非法操作:js

[ 2015-07-15T19:29:08+08:00 ] ::1 /Jd/index.php/Admin/Index/js/themes/default.js
ERR: 非法操作:js

[ 2015-07-15T19:29:08+08:00 ] ::1 /Jd/index.php/Admin/Index/js/layouts/bottom.js
ERR: 非法操作:js

[ 2015-07-15T19:29:08+08:00 ] ::1 /Jd/index.php/Admin/Index/js/layouts/topRight.js
ERR: 非法操作:js

[ 2015-07-15T19:29:08+08:00 ] ::1 /Jd/index.php/Admin/Index/js/layouts/top.js
ERR: 非法操作:js

[ 2015-07-15T19:29:08+08:00 ] ::1 /Jd/index.php/Admin/Index/js/sparklines.js
ERR: 非法操作:js

[ 2015-07-15T19:29:08+08:00 ] ::1 /Jd/index.php/Admin/Index/js/jquery.cleditor.min.js
ERR: 非法操作:js

[ 2015-07-15T19:29:08+08:00 ] ::1 /Jd/index.php/Admin/Index/js/bootstrap-datetimepicker.min.js
ERR: 非法操作:js

[ 2015-07-15T19:29:08+08:00 ] ::1 /Jd/index.php/Admin/Index/js/jquery.uniform.min.js
ERR: 非法操作:js

[ 2015-07-15T19:29:08+08:00 ] ::1 /Jd/index.php/Admin/Index/js/bootstrap-switch.min.js
ERR: 非法操作:js

[ 2015-07-15T19:29:08+08:00 ] ::1 /Jd/index.php/Admin/Index/js/filter.js
ERR: 非法操作:js

[ 2015-07-15T19:29:08+08:00 ] ::1 /Jd/index.php/Admin/Index/js/custom.js
ERR: 非法操作:js

[ 2015-07-15T19:29:08+08:00 ] ::1 /Jd/index.php/Admin/Index/js/charts.js
ERR: 非法操作:js

[ 2015-07-15T19:29:13+08:00 ] ::1 /Jd/index.php/Admin/Index/style/jquery-ui.css
ERR: 非法操作:style

[ 2015-07-15T19:29:13+08:00 ] ::1 /Jd/index.php/Admin/Index/style/bootstrap.css
ERR: 非法操作:style

[ 2015-07-15T19:29:13+08:00 ] ::1 /Jd/index.php/Admin/Index/style/prettyPhoto.css
ERR: 非法操作:style

[ 2015-07-15T19:29:14+08:00 ] ::1 /Jd/index.php/Admin/Index/style/font-awesome.css
ERR: 非法操作:style

[ 2015-07-15T19:29:14+08:00 ] ::1 /Jd/index.php/Admin/Index/style/fullcalendar.css
ERR: 非法操作:style

[ 2015-07-15T19:29:14+08:00 ] ::1 /Jd/index.php/Admin/Index/style/rateit.css
ERR: 非法操作:style

[ 2015-07-15T19:29:14+08:00 ] ::1 /Jd/index.php/Admin/Index/style/bootstrap-datetimepicker.min.css
ERR: 非法操作:style

[ 2015-07-15T19:29:14+08:00 ] ::1 /Jd/index.php/Admin/Index/js/jquery.js
ERR: 非法操作:js

[ 2015-07-15T19:29:14+08:00 ] ::1 /Jd/index.php/Admin/Index/style/style.css
ERR: 非法操作:style

[ 2015-07-15T19:29:14+08:00 ] ::1 /Jd/index.php/Admin/Index/js/bootstrap.js
ERR: 非法操作:js

[ 2015-07-15T19:29:14+08:00 ] ::1 /Jd/index.php/Admin/Index/js/jquery-ui-1.9.2.custom.min.js
ERR: 非法操作:js

[ 2015-07-15T19:29:14+08:00 ] ::1 /Jd/index.php/Admin/Index/style/widgets.css
ERR: 非法操作:style

[ 2015-07-15T19:29:14+08:00 ] ::1 /Jd/index.php/Admin/Index/style/bootstrap-switch.css
ERR: 非法操作:style

[ 2015-07-15T19:29:14+08:00 ] ::1 /Jd/index.php/Admin/Index/js/fullcalendar.min.js
ERR: 非法操作:js

[ 2015-07-15T19:29:14+08:00 ] ::1 /Jd/index.php/Admin/Index/style/uniform.default.css
ERR: 非法操作:style

[ 2015-07-15T19:29:14+08:00 ] ::1 /Jd/index.php/Admin/Index/js/jquery.prettyPhoto.js
ERR: 非法操作:js

[ 2015-07-15T19:29:14+08:00 ] ::1 /Jd/index.php/Admin/Index/style/jquery.cleditor.css
ERR: 非法操作:style

[ 2015-07-15T19:29:14+08:00 ] ::1 /Jd/index.php/Admin/Index/js/excanvas.min.js
ERR: 非法操作:js

[ 2015-07-15T19:29:14+08:00 ] ::1 /Jd/index.php/Admin/Index/js/jquery.flot.js
ERR: 非法操作:js

[ 2015-07-15T19:29:14+08:00 ] ::1 /Jd/index.php/Admin/Index/js/jquery.flot.stack.js
ERR: 非法操作:js

[ 2015-07-15T19:29:14+08:00 ] ::1 /Jd/index.php/Admin/Index/js/jquery.noty.js
ERR: 非法操作:js

[ 2015-07-15T19:29:14+08:00 ] ::1 /Jd/index.php/Admin/Index/js/themes/default.js
ERR: 非法操作:js

[ 2015-07-15T19:29:14+08:00 ] ::1 /Jd/index.php/Admin/Index/js/layouts/topRight.js
ERR: 非法操作:js

[ 2015-07-15T19:29:14+08:00 ] ::1 /Jd/index.php/Admin/Index/js/layouts/top.js
ERR: 非法操作:js

[ 2015-07-15T19:29:14+08:00 ] ::1 /Jd/index.php/Admin/Index/js/sparklines.js
ERR: 非法操作:js

[ 2015-07-15T19:29:14+08:00 ] ::1 /Jd/index.php/Admin/Index/js/bootstrap-datetimepicker.min.js
ERR: 非法操作:js

[ 2015-07-15T19:29:14+08:00 ] ::1 /Jd/index.php/Admin/Index/js/jquery.cleditor.min.js
ERR: 非法操作:js

[ 2015-07-15T19:29:14+08:00 ] ::1 /Jd/index.php/Admin/Index/js/jquery.rateit.min.js
ERR: 非法操作:js

[ 2015-07-15T19:29:14+08:00 ] ::1 /Jd/index.php/Admin/Index/js/jquery.uniform.min.js
ERR: 非法操作:js

[ 2015-07-15T19:29:14+08:00 ] ::1 /Jd/index.php/Admin/Index/js/jquery.flot.resize.js
ERR: 非法操作:js

[ 2015-07-15T19:29:14+08:00 ] ::1 /Jd/index.php/Admin/Index/js/jquery.flot.pie.js
ERR: 非法操作:js

[ 2015-07-15T19:29:14+08:00 ] ::1 /Jd/index.php/Admin/Index/js/bootstrap-switch.min.js
ERR: 非法操作:js

[ 2015-07-15T19:29:14+08:00 ] ::1 /Jd/index.php/Admin/Index/js/layouts/bottom.js
ERR: 非法操作:js

[ 2015-07-15T19:29:14+08:00 ] ::1 /Jd/index.php/Admin/Index/js/custom.js
ERR: 非法操作:js

[ 2015-07-15T19:29:14+08:00 ] ::1 /Jd/index.php/Admin/Index/js/charts.js
ERR: 非法操作:js

[ 2015-07-15T19:29:14+08:00 ] ::1 /Jd/index.php/Admin/Index/js/filter.js
ERR: 非法操作:js

[ 2015-07-15T19:29:55+08:00 ] ::1 /Jd/index.php/Admin/Index/js/jquery.js
ERR: 非法操作:js

[ 2015-07-15T19:29:55+08:00 ] ::1 /Jd/index.php/Admin/Index/js/bootstrap.js
ERR: 非法操作:js

[ 2015-07-15T19:29:55+08:00 ] ::1 /Jd/index.php/Admin/Index/js/jquery-ui-1.9.2.custom.min.js
ERR: 非法操作:js

[ 2015-07-15T19:29:55+08:00 ] ::1 /Jd/index.php/Admin/Index/js/jquery.flot.js
ERR: 非法操作:js

[ 2015-07-15T19:29:55+08:00 ] ::1 /Jd/index.php/Admin/Index/js/jquery.prettyPhoto.js
ERR: 非法操作:js

[ 2015-07-15T19:29:55+08:00 ] ::1 /Jd/index.php/Admin/Index/js/jquery.rateit.min.js
ERR: 非法操作:js

[ 2015-07-15T19:29:55+08:00 ] ::1 /Jd/index.php/Admin/Index/js/excanvas.min.js
ERR: 非法操作:js

[ 2015-07-15T19:29:56+08:00 ] ::1 /Jd/index.php/Admin/Index/js/jquery.flot.resize.js
ERR: 非法操作:js

[ 2015-07-15T19:29:56+08:00 ] ::1 /Jd/index.php/Admin/Index/js/jquery.flot.pie.js
ERR: 非法操作:js

[ 2015-07-15T19:29:56+08:00 ] ::1 /Jd/index.php/Admin/Index/js/jquery.noty.js
ERR: 非法操作:js

[ 2015-07-15T19:29:56+08:00 ] ::1 /Jd/index.php/Admin/Index/js/jquery.flot.stack.js
ERR: 非法操作:js

[ 2015-07-15T19:29:56+08:00 ] ::1 /Jd/index.php/Admin/Index/js/layouts/top.js
ERR: 非法操作:js

[ 2015-07-15T19:29:56+08:00 ] ::1 /Jd/index.php/Admin/Index/js/fullcalendar.min.js
ERR: 非法操作:js

[ 2015-07-15T19:29:56+08:00 ] ::1 /Jd/index.php/Admin/Index/js/layouts/topRight.js
ERR: 非法操作:js

[ 2015-07-15T19:29:56+08:00 ] ::1 /Jd/index.php/Admin/Index/js/layouts/bottom.js
ERR: 非法操作:js

[ 2015-07-15T19:29:56+08:00 ] ::1 /Jd/index.php/Admin/Index/js/themes/default.js
ERR: 非法操作:js

[ 2015-07-15T19:29:56+08:00 ] ::1 /Jd/index.php/Admin/Index/js/sparklines.js
ERR: 非法操作:js

[ 2015-07-15T19:29:56+08:00 ] ::1 /Jd/index.php/Admin/Index/js/jquery.uniform.min.js
ERR: 非法操作:js

[ 2015-07-15T19:29:56+08:00 ] ::1 /Jd/index.php/Admin/Index/js/bootstrap-datetimepicker.min.js
ERR: 非法操作:js

[ 2015-07-15T19:29:56+08:00 ] ::1 /Jd/index.php/Admin/Index/js/filter.js
ERR: 非法操作:js

[ 2015-07-15T19:29:56+08:00 ] ::1 /Jd/index.php/Admin/Index/js/bootstrap-switch.min.js
ERR: 非法操作:js

[ 2015-07-15T19:29:56+08:00 ] ::1 /Jd/index.php/Admin/Index/js/jquery.cleditor.min.js
ERR: 非法操作:js

[ 2015-07-15T19:29:56+08:00 ] ::1 /Jd/index.php/Admin/Index/js/custom.js
ERR: 非法操作:js

[ 2015-07-15T19:29:56+08:00 ] ::1 /Jd/index.php/Admin/Index/js/charts.js
ERR: 非法操作:js

[ 2015-07-15T19:31:49+08:00 ] ::1 /Jd/index.php/Admin/Index/charts.html
ERR: 非法操作:charts

[ 2015-07-15T19:31:55+08:00 ] ::1 /Jd/index.php/Admin/Index/calendar.html
ERR: 非法操作:calendar

[ 2015-07-15T19:53:10+08:00 ] ::1 /Jd/index.php/Admin/Index/widgets1.html
ERR: 非法操作:widgets1

[ 2015-07-15T21:11:09+08:00 ] ::1 /Jd/index.php/Admin/Login/loginHandle.html
INFO: [ app_begin ] --START--
INFO: Run Behavior\ReadHtmlCacheBehavior [ RunTime:0.001000s ]
INFO: [ app_begin ] --END-- [ RunTime:0.002000s ]
SQL: SHOW COLUMNS FROM `jd_admin` [ RunTime:0.1248s ]
SQL: SELECT * FROM `jd_admin` WHERE `admin_name` = 'admin' AND `password` = '21232f297a57a5a743894a0e4a801fc3' AND `status` = 1  [ RunTime:0.0000s ]
NOTIC: [8] Undefined index: admin_id D:\MyPHP\www\Jd\shop_jd\Admin\Controller\LoginController.class.php 第 26 行.
NOTIC: [8] Undefined index: admin_name D:\MyPHP\www\Jd\shop_jd\Admin\Controller\LoginController.class.php 第 27 行.

[ 2015-07-15T21:11:09+08:00 ] ::1 /Jd/index.php/Admin/Index/dashboard.css
ERR: 非法操作:dashboard.css

[ 2015-07-15T21:15:58+08:00 ] ::1 /Jd/index.php/Admin/navbar-static-top/
ERR: 无法加载控制器:Navbar-static-top

[ 2015-07-15T21:58:53+08:00 ] ::1 /Jd/index.php/Admin/navbar/
ERR: 无法加载控制器:Navbar

[ 2015-07-15T22:00:44+08:00 ] ::1 /Jd/index.php/Admin/Login/loginHandle.html
INFO: [ app_begin ] --START--
INFO: Run Behavior\ReadHtmlCacheBehavior [ RunTime:0.000000s ]
INFO: [ app_begin ] --END-- [ RunTime:0.000000s ]
SQL: SHOW COLUMNS FROM `jd_admin` [ RunTime:0.0000s ]
SQL: SELECT * FROM `jd_admin` WHERE `admin_name` = 'admin' AND `password` = '21232f297a57a5a743894a0e4a801fc3' AND `status` = 1  [ RunTime:0.0000s ]
NOTIC: [8] Undefined index: admin_id D:\MyPHP\www\Jd\shop_jd\Admin\Controller\LoginController.class.php 第 26 行.
NOTIC: [8] Undefined index: admin_name D:\MyPHP\www\Jd\shop_jd\Admin\Controller\LoginController.class.php 第 27 行.

[ 2015-07-15T22:00:59+08:00 ] ::1 /Jd/index.php/Admin/Index/charts.html
ERR: 非法操作:charts

[ 2015-07-15T22:02:31+08:00 ] ::1 /Jd/index.php/Admin/Index/widgets1.html
ERR: 非法操作:widgets1

[ 2015-07-15T22:03:22+08:00 ] ::1 /Jd/index.php/Admin/Index/widgets1.html
ERR: 非法操作:widgets1

[ 2015-07-15T23:05:49+08:00 ] ::1 /Jd/index.php/Admin/Index/Login/index%3E
ERR: 非法操作:Login

[ 2015-07-15T23:06:08+08:00 ] ::1 /Jd/index.php/Admin/Index/index%3E
ERR: 非法操作:index>

[ 2015-07-15T23:11:22+08:00 ] ::1 /Jd/index.php/Admin/Login/loginHandle.html
INFO: [ app_begin ] --START--
INFO: Run Behavior\ReadHtmlCacheBehavior [ RunTime:0.000000s ]
INFO: [ app_begin ] --END-- [ RunTime:0.000000s ]
SQL: SHOW COLUMNS FROM `jd_admin` [ RunTime:0.2280s ]
SQL: SELECT * FROM `jd_admin` WHERE `admin_name` = 'admin' AND `password` = '21232f297a57a5a743894a0e4a801fc3' AND `status` = 1  [ RunTime:0.0000s ]
NOTIC: [8] Undefined index: admin_id D:\MyPHP\www\Jd\shop_jd\Admin\Controller\LoginController.class.php 第 26 行.
NOTIC: [8] Undefined index: admin_name D:\MyPHP\www\Jd\shop_jd\Admin\Controller\LoginController.class.php 第 27 行.

[ 2015-07-15T23:11:33+08:00 ] ::1 /Jd/index.php/Admin/Login/loginHandle.html
INFO: [ app_begin ] --START--
INFO: Run Behavior\ReadHtmlCacheBehavior [ RunTime:0.000000s ]
INFO: [ app_begin ] --END-- [ RunTime:0.000000s ]
SQL: SHOW COLUMNS FROM `jd_admin` [ RunTime:0.0156s ]
SQL: SELECT * FROM `jd_admin` WHERE `admin_name` = 'admin' AND `password` = '21232f297a57a5a743894a0e4a801fc3' AND `status` = 1  [ RunTime:0.0000s ]
NOTIC: [8] Undefined index: admin_id D:\MyPHP\www\Jd\shop_jd\Admin\Controller\LoginController.class.php 第 26 行.
NOTIC: [8] Undefined index: admin_name D:\MyPHP\www\Jd\shop_jd\Admin\Controller\LoginController.class.php 第 27 行.

[ 2015-07-15T23:12:21+08:00 ] ::1 /Jd/index.php/Admin/Login/loginHandle.html
INFO: [ app_begin ] --START--
INFO: Run Behavior\ReadHtmlCacheBehavior [ RunTime:0.000000s ]
INFO: [ app_begin ] --END-- [ RunTime:0.000000s ]
SQL: SHOW COLUMNS FROM `jd_admin` [ RunTime:0.0156s ]
SQL: SELECT * FROM `jd_admin` WHERE `admin_name` = 'admin' AND `password` = '21232f297a57a5a743894a0e4a801fc3' AND `status` = 1  [ RunTime:0.0000s ]
NOTIC: [8] Undefined index: admin_id D:\MyPHP\www\Jd\shop_jd\Admin\Controller\LoginController.class.php 第 26 行.
NOTIC: [8] Undefined index: admin_name D:\MyPHP\www\Jd\shop_jd\Admin\Controller\LoginController.class.php 第 27 行.

[ 2015-07-15T23:14:27+08:00 ] ::1 /Jd/index.php/Admin/Login/loginHandle.html
INFO: [ app_begin ] --START--
INFO: Run Behavior\ReadHtmlCacheBehavior [ RunTime:0.001000s ]
INFO: [ app_begin ] --END-- [ RunTime:0.002000s ]
SQL: SHOW COLUMNS FROM `jd_admin` [ RunTime:0.0156s ]
SQL: SELECT * FROM `jd_admin` WHERE `admin_name` = 'admin' AND `password` = '21232f297a57a5a743894a0e4a801fc3' AND `status` = 1  [ RunTime:0.0000s ]
NOTIC: [8] Undefined index: admin_id D:\MyPHP\www\Jd\shop_jd\Admin\Controller\LoginController.class.php 第 26 行.
NOTIC: [8] Undefined index: admin_name D:\MyPHP\www\Jd\shop_jd\Admin\Controller\LoginController.class.php 第 27 行.

[ 2015-07-15T23:17:22+08:00 ] ::1 /Jd/index.php/Admin/Login/loginHandle.html
INFO: [ app_begin ] --START--
INFO: Run Behavior\ReadHtmlCacheBehavior [ RunTime:0.002000s ]
INFO: [ app_begin ] --END-- [ RunTime:0.002000s ]
SQL: SHOW COLUMNS FROM `jd_admin` [ RunTime:0.0000s ]
SQL: SELECT * FROM `jd_admin` WHERE `admin_name` = 'admin' AND `password` = '21232f297a57a5a743894a0e4a801fc3' AND `status` = 1  [ RunTime:0.0156s ]
NOTIC: [8] Undefined index: admin_id D:\MyPHP\www\Jd\shop_jd\Admin\Controller\LoginController.class.php 第 26 行.
NOTIC: [8] Undefined index: admin_name D:\MyPHP\www\Jd\shop_jd\Admin\Controller\LoginController.class.php 第 27 行.

[ 2015-07-15T23:19:08+08:00 ] ::1 /Jd/index.php/Admin/Login/loginHandle.html
INFO: [ app_begin ] --START--
INFO: Run Behavior\ReadHtmlCacheBehavior [ RunTime:0.001000s ]
INFO: [ app_begin ] --END-- [ RunTime:0.001000s ]
SQL: SHOW COLUMNS FROM `jd_admin` [ RunTime:0.0156s ]
SQL: SELECT * FROM `jd_admin` WHERE `admin_name` = 'admin' AND `password` = '21232f297a57a5a743894a0e4a801fc3' AND `status` = 1  [ RunTime:0.0000s ]
NOTIC: [8] Undefined index: admin_id D:\MyPHP\www\Jd\shop_jd\Admin\Controller\LoginController.class.php 第 26 行.
NOTIC: [8] Undefined index: admin_name D:\MyPHP\www\Jd\shop_jd\Admin\Controller\LoginController.class.php 第 27 行.
INFO: [ app_end ] --START--
INFO: Run Behavior\ShowPageTraceBehavior [ RunTime:0.000000s ]
INFO: [ app_end ] --END-- [ RunTime:0.000000s ]

[ 2015-07-15T23:19:17+08:00 ] ::1 /Jd/index.php/Admin/Login/loginHandle.html
INFO: [ app_begin ] --START--
INFO: Run Behavior\ReadHtmlCacheBehavior [ RunTime:0.001000s ]
INFO: [ app_begin ] --END-- [ RunTime:0.002000s ]
SQL: SHOW COLUMNS FROM `jd_admin` [ RunTime:0.0156s ]
SQL: SELECT * FROM `jd_admin` WHERE `admin_name` = 'admin' AND `password` = '21232f297a57a5a743894a0e4a801fc3' AND `status` = 1  [ RunTime:0.0000s ]

[ 2015-07-15T23:20:11+08:00 ] ::1 /Jd/index.php/Admin/Login/loginHandle.html
INFO: [ app_begin ] --START--
INFO: Run Behavior\ReadHtmlCacheBehavior [ RunTime:0.001000s ]
INFO: [ app_begin ] --END-- [ RunTime:0.002001s ]
SQL: SHOW COLUMNS FROM `jd_admin` [ RunTime:0.0000s ]
SQL: SELECT * FROM `jd_admin` WHERE `admin_name` = 'admin' AND `password` = '21232f297a57a5a743894a0e4a801fc3' AND `status` = 1  [ RunTime:0.0156s ]
NOTIC: [8] Undefined index: admin_id D:\MyPHP\www\Jd\shop_jd\Admin\Controller\LoginController.class.php 第 26 行.
NOTIC: [8] Undefined index: admin_name D:\MyPHP\www\Jd\shop_jd\Admin\Controller\LoginController.class.php 第 27 行.

[ 2015-07-15T23:20:31+08:00 ] ::1 /Jd/index.php/Admin/Login/loginHandle.html
INFO: [ app_begin ] --START--
INFO: Run Behavior\ReadHtmlCacheBehavior [ RunTime:0.000000s ]
INFO: [ app_begin ] --END-- [ RunTime:0.001000s ]
SQL: SHOW COLUMNS FROM `jd_admin` [ RunTime:0.0000s ]
SQL: SELECT * FROM `jd_admin` WHERE `admin_name` = 'admin' AND `password` = '21232f297a57a5a743894a0e4a801fc3' AND `status` = 1  [ RunTime:0.0000s ]
NOTIC: [8] Undefined index: admin_id D:\MyPHP\www\Jd\shop_jd\Admin\Controller\LoginController.class.php 第 26 行.
NOTIC: [8] Undefined index: admin_name D:\MyPHP\www\Jd\shop_jd\Admin\Controller\LoginController.class.php 第 27 行.

