[ 2015-07-16T08:57:05+08:00 ] ::1 /Jd/index.php/Admin/Login/loginHandle.html
INFO: [ app_begin ] --START--
INFO: Run Behavior\ReadHtmlCacheBehavior [ RunTime:0.001000s ]
INFO: [ app_begin ] --END-- [ RunTime:0.001000s ]
SQL: SHOW COLUMNS FROM `jd_admin` [ RunTime:0.0780s ]
SQL: SELECT * FROM `jd_admin` WHERE `admin_name` = 'admin' AND `password` = '21232f297a57a5a743894a0e4a801fc3' AND `status` = 1  [ RunTime:0.0000s ]

[ 2015-07-16T08:57:16+08:00 ] ::1 /Jd/index.php/Admin/Login/loginHandle.html
INFO: [ app_begin ] --START--
INFO: Run Behavior\ReadHtmlCacheBehavior [ RunTime:0.001000s ]
INFO: [ app_begin ] --END-- [ RunTime:0.002000s ]
SQL: SHOW COLUMNS FROM `jd_admin` [ RunTime:0.0000s ]
SQL: SELECT * FROM `jd_admin` WHERE `admin_name` = 'admin' AND `password` = '21232f297a57a5a743894a0e4a801fc3' AND `status` = 1  [ RunTime:0.0000s ]
NOTIC: [8] Undefined index: admin_id D:\MyPHP\www\Jd\shop_jd\Admin\Controller\LoginController.class.php 第 26 行.
NOTIC: [8] Undefined index: admin_name D:\MyPHP\www\Jd\shop_jd\Admin\Controller\LoginController.class.php 第 27 行.

[ 2015-07-16T08:57:35+08:00 ] ::1 /Jd/index.php/Admin/Login/loginHandle.html
INFO: [ app_begin ] --START--
INFO: Run Behavior\ReadHtmlCacheBehavior [ RunTime:0.000000s ]
INFO: [ app_begin ] --END-- [ RunTime:0.001000s ]
SQL: SHOW COLUMNS FROM `jd_admin` [ RunTime:0.0156s ]
SQL: SELECT * FROM `jd_admin` WHERE `admin_name` = 'admin' AND `password` = '21232f297a57a5a743894a0e4a801fc3' AND `status` = 1  [ RunTime:0.0000s ]

[ 2015-07-16T08:57:46+08:00 ] ::1 /Jd/index.php/Admin/Login/loginHandle.html
INFO: [ app_begin ] --START--
INFO: Run Behavior\ReadHtmlCacheBehavior [ RunTime:0.001000s ]
INFO: [ app_begin ] --END-- [ RunTime:0.002000s ]
SQL: SHOW COLUMNS FROM `jd_admin` [ RunTime:0.0000s ]
SQL: SELECT * FROM `jd_admin` WHERE `admin_name` = 'admin' AND `password` = '21232f297a57a5a743894a0e4a801fc3' AND `status` = 1  [ RunTime:0.0000s ]
NOTIC: [8] Undefined index: admin_id D:\MyPHP\www\Jd\shop_jd\Admin\Controller\LoginController.class.php 第 26 行.
NOTIC: [8] Undefined index: admin_name D:\MyPHP\www\Jd\shop_jd\Admin\Controller\LoginController.class.php 第 27 行.

[ 2015-07-16T08:59:28+08:00 ] ::1 /Jd/index.php/Admin/Login/loginHandle.html
INFO: [ app_begin ] --START--
INFO: Run Behavior\ReadHtmlCacheBehavior [ RunTime:0.001000s ]
INFO: [ app_begin ] --END-- [ RunTime:0.001000s ]
SQL: SHOW COLUMNS FROM `jd_admin` [ RunTime:0.0000s ]
SQL: SELECT * FROM `jd_admin` WHERE `admin_name` = 'admin' AND `password` = '21232f297a57a5a743894a0e4a801fc3' AND `status` = 1  [ RunTime:0.0000s ]
NOTIC: [8] Undefined index: admin_id D:\MyPHP\www\Jd\shop_jd\Admin\Controller\LoginController.class.php 第 26 行.
NOTIC: [8] Undefined index: admin_name D:\MyPHP\www\Jd\shop_jd\Admin\Controller\LoginController.class.php 第 27 行.

[ 2015-07-16T09:00:01+08:00 ] ::1 /Jd/index.php/Admin/Login/loginHandle.html
INFO: [ app_begin ] --START--
INFO: Run Behavior\ReadHtmlCacheBehavior [ RunTime:0.001000s ]
INFO: [ app_begin ] --END-- [ RunTime:0.002000s ]
SQL: SHOW COLUMNS FROM `jd_admin` [ RunTime:0.0000s ]
SQL: SELECT * FROM `jd_admin` WHERE `admin_name` = 'admin' AND `password` = '21232f297a57a5a743894a0e4a801fc3' AND `status` = 1  [ RunTime:0.0000s ]
NOTIC: [8] Undefined index: admin_id D:\MyPHP\www\Jd\shop_jd\Admin\Controller\LoginController.class.php 第 26 行.
NOTIC: [8] Undefined index: admin_name D:\MyPHP\www\Jd\shop_jd\Admin\Controller\LoginController.class.php 第 27 行.
NOTIC: [8] Undefined index: id D:\MyPHP\www\Jd\shop_jd\Admin\Controller\LoginController.class.php 第 31 行.

[ 2015-07-16T09:00:21+08:00 ] ::1 /Jd/index.php/Admin/Login/loginHandle.html
INFO: [ app_begin ] --START--
INFO: Run Behavior\ReadHtmlCacheBehavior [ RunTime:0.001001s ]
INFO: [ app_begin ] --END-- [ RunTime:0.001001s ]
SQL: SHOW COLUMNS FROM `jd_admin` [ RunTime:0.0000s ]
SQL: SELECT * FROM `jd_admin` WHERE `admin_name` = 'admin' AND `password` = '21232f297a57a5a743894a0e4a801fc3' AND `status` = 1  [ RunTime:0.0000s ]

[ 2015-07-16T09:00:36+08:00 ] ::1 /Jd/index.php/Admin/Login/loginHandle.html
INFO: [ app_begin ] --START--
INFO: Run Behavior\ReadHtmlCacheBehavior [ RunTime:0.000000s ]
INFO: [ app_begin ] --END-- [ RunTime:0.001000s ]
SQL: SHOW COLUMNS FROM `jd_admin` [ RunTime:0.0000s ]
SQL: SELECT * FROM `jd_admin` WHERE `admin_name` = 'admin' AND `password` = '21232f297a57a5a743894a0e4a801fc3' AND `status` = 1  [ RunTime:0.0000s ]
NOTIC: [8] Undefined index: admin_id D:\MyPHP\www\Jd\shop_jd\Admin\Controller\LoginController.class.php 第 26 行.
NOTIC: [8] Undefined index: admin_name D:\MyPHP\www\Jd\shop_jd\Admin\Controller\LoginController.class.php 第 27 行.
NOTIC: [8] Undefined index: admin_name D:\MyPHP\www\Jd\shop_jd\Admin\Controller\LoginController.class.php 第 31 行.

[ 2015-07-16T09:01:06+08:00 ] ::1 /Jd/index.php/Admin/Login/loginHandle
ERR: 参数错误或者未定义:code

[ 2015-07-16T09:03:45+08:00 ] ::1 /Jd/index.php/Admin/Login/loginHandle.html
INFO: [ app_begin ] --START--
INFO: Run Behavior\ReadHtmlCacheBehavior [ RunTime:0.001000s ]
INFO: [ app_begin ] --END-- [ RunTime:0.002000s ]
SQL: SHOW COLUMNS FROM `jd_admin` [ RunTime:0.0000s ]
SQL: SELECT * FROM `jd_admin` WHERE `admin_name` = 'admin' AND `password` = '21232f297a57a5a743894a0e4a801fc3' AND `status` = 1  [ RunTime:0.0156s ]
NOTIC: [8] Undefined index: admin_id D:\MyPHP\www\Jd\shop_jd\Admin\Controller\LoginController.class.php 第 26 行.
NOTIC: [8] Undefined index: admin_name D:\MyPHP\www\Jd\shop_jd\Admin\Controller\LoginController.class.php 第 27 行.
NOTIC: [8] Undefined index: admin_name D:\MyPHP\www\Jd\shop_jd\Admin\Controller\LoginController.class.php 第 31 行.

[ 2015-07-16T09:05:17+08:00 ] ::1 /Jd/index.php/Admin/Login/loginHandle.html
INFO: [ app_begin ] --START--
INFO: Run Behavior\ReadHtmlCacheBehavior [ RunTime:0.001000s ]
INFO: [ app_begin ] --END-- [ RunTime:0.001000s ]
SQL: SHOW COLUMNS FROM `jd_admin` [ RunTime:0.0000s ]
SQL: SELECT * FROM `jd_admin` WHERE `admin_name` = 'admin' AND `password` = '21232f297a57a5a743894a0e4a801fc3' AND `status` = 1  [ RunTime:0.0156s ]
NOTIC: [8] Undefined index: admin_id D:\MyPHP\www\Jd\shop_jd\Admin\Controller\LoginController.class.php 第 26 行.
NOTIC: [8] Undefined index: admin_name D:\MyPHP\www\Jd\shop_jd\Admin\Controller\LoginController.class.php 第 27 行.
NOTIC: [8] Undefined index: admin_name D:\MyPHP\www\Jd\shop_jd\Admin\Controller\LoginController.class.php 第 31 行.

[ 2015-07-16T09:08:30+08:00 ] ::1 /Jd/index.php/Admin/Login/loginHandle.html
INFO: [ app_begin ] --START--
INFO: Run Behavior\ReadHtmlCacheBehavior [ RunTime:0.001000s ]
INFO: [ app_begin ] --END-- [ RunTime:0.002000s ]
SQL: SHOW COLUMNS FROM `jd_admin` [ RunTime:0.0000s ]
SQL: SELECT * FROM `jd_admin` WHERE `admin_name` = 'admin' AND `password` = '21232f297a57a5a743894a0e4a801fc3' AND `status` = 1 LIMIT 1   [ RunTime:0.0156s ]

[ 2015-07-16T09:10:01+08:00 ] ::1 /Jd/index.php/Admin/Login/loginHandle.html
INFO: [ app_begin ] --START--
INFO: Run Behavior\ReadHtmlCacheBehavior [ RunTime:0.001000s ]
INFO: [ app_begin ] --END-- [ RunTime:0.001000s ]
SQL: SHOW COLUMNS FROM `jd_admin` [ RunTime:0.0000s ]
SQL: SELECT * FROM `jd_admin` WHERE `admin_name` = 'admin' AND `password` = '21232f297a57a5a743894a0e4a801fc3' AND `status` = 1 LIMIT 1   [ RunTime:0.0000s ]

[ 2015-07-16T09:10:06+08:00 ] ::1 /Jd/index.php/Admin/Login/loginHandle.html
INFO: [ app_begin ] --START--
INFO: Run Behavior\ReadHtmlCacheBehavior [ RunTime:0.001000s ]
INFO: [ app_begin ] --END-- [ RunTime:0.001000s ]
SQL: SHOW COLUMNS FROM `jd_admin` [ RunTime:0.0000s ]
SQL: SELECT * FROM `jd_admin` WHERE `admin_name` = 'admin' AND `password` = '21232f297a57a5a743894a0e4a801fc3' AND `status` = 1 LIMIT 1   [ RunTime:0.0156s ]

[ 2015-07-16T09:10:16+08:00 ] ::1 /Jd/index.php/Admin/Login/loginHandle.html
INFO: [ app_begin ] --START--
INFO: Run Behavior\ReadHtmlCacheBehavior [ RunTime:0.001000s ]
INFO: [ app_begin ] --END-- [ RunTime:0.001000s ]
SQL: SHOW COLUMNS FROM `jd_admin` [ RunTime:0.0000s ]
SQL: SELECT * FROM `jd_admin` WHERE `admin_name` = 'admin' AND `password` = '21232f297a57a5a743894a0e4a801fc3' AND `status` = 1 LIMIT 1   [ RunTime:0.0156s ]

[ 2015-07-16T09:11:04+08:00 ] ::1 /Jd/index.php/Admin/Login/loginHandle.html
INFO: [ app_begin ] --START--
INFO: Run Behavior\ReadHtmlCacheBehavior [ RunTime:0.015600s ]
INFO: [ app_begin ] --END-- [ RunTime:0.015600s ]
SQL: SHOW COLUMNS FROM `jd_admin` [ RunTime:0.0156s ]
SQL: SELECT * FROM `jd_admin` WHERE `admin_name` = 'admin' AND `password` = '21232f297a57a5a743894a0e4a801fc3' AND `status` = 1 LIMIT 1   [ RunTime:0.0000s ]

[ 2015-07-16T09:11:36+08:00 ] ::1 /Jd/index.php/Admin/Login/loginHandle.html
INFO: [ app_begin ] --START--
INFO: Run Behavior\ReadHtmlCacheBehavior [ RunTime:0.000000s ]
INFO: [ app_begin ] --END-- [ RunTime:0.000000s ]
SQL: SHOW COLUMNS FROM `jd_admin` [ RunTime:0.0000s ]
SQL: SELECT * FROM `jd_admin` WHERE `admin_name` = 'admin' AND `password` = '21232f297a57a5a743894a0e4a801fc3' AND `status` = 1 LIMIT 1   [ RunTime:0.0000s ]

[ 2015-07-16T09:13:00+08:00 ] ::1 /Jd/index.php/Admin/Login/loginHandle.html
INFO: [ app_begin ] --START--
INFO: Run Behavior\ReadHtmlCacheBehavior [ RunTime:0.000000s ]
INFO: [ app_begin ] --END-- [ RunTime:0.000000s ]
SQL: SHOW COLUMNS FROM `jd_admin` [ RunTime:0.0000s ]
SQL: SELECT * FROM `jd_admin` WHERE `admin_name` = 'admin' AND `password` = '21232f297a57a5a743894a0e4a801fc3' AND `status` = 1 LIMIT 1   [ RunTime:0.0000s ]

[ 2015-07-16T09:13:22+08:00 ] ::1 /Jd/index.php/Admin/Login/loginHandle.html
INFO: [ app_begin ] --START--
INFO: Run Behavior\ReadHtmlCacheBehavior [ RunTime:0.000000s ]
INFO: [ app_begin ] --END-- [ RunTime:0.000000s ]
SQL: SHOW COLUMNS FROM `jd_admin` [ RunTime:0.0000s ]
SQL: SELECT * FROM `jd_admin` WHERE `admin_name` = 'admin' AND `password` = '21232f297a57a5a743894a0e4a801fc3' AND `status` = 1 LIMIT 1   [ RunTime:0.0156s ]
INFO: [ app_end ] --START--
INFO: Run Behavior\ShowPageTraceBehavior [ RunTime:0.000000s ]
INFO: [ app_end ] --END-- [ RunTime:0.000000s ]

[ 2015-07-16T09:15:42+08:00 ] ::1 /Jd/index.php/Admin/Login/loginHandle.html
INFO: [ app_begin ] --START--
INFO: Run Behavior\ReadHtmlCacheBehavior [ RunTime:0.001000s ]
INFO: [ app_begin ] --END-- [ RunTime:0.002000s ]
SQL: SHOW COLUMNS FROM `jd_admin` [ RunTime:0.0000s ]
SQL: SELECT * FROM `jd_admin` WHERE `admin_name` = 'admin' AND `password` = '21232f297a57a5a743894a0e4a801fc3' AND `status` = 1 LIMIT 1   [ RunTime:0.0156s ]

[ 2015-07-16T13:52:21+08:00 ] ::1 /Jd/index.php/Admin/Login/loginHandle.html
INFO: [ app_begin ] --START--
INFO: Run Behavior\ReadHtmlCacheBehavior [ RunTime:0.001000s ]
INFO: [ app_begin ] --END-- [ RunTime:0.002000s ]
SQL: SHOW COLUMNS FROM `jd_admin` [ RunTime:0.0270s ]
SQL: SELECT * FROM `jd_admin` WHERE `admin_name` = 'admin' AND `password` = '21232f297a57a5a743894a0e4a801fc3' AND `status` = 1 LIMIT 1   [ RunTime:0.0010s ]

[ 2015-07-16T13:52:30+08:00 ] ::1 /Jd/index.php/Admin/Login/loginHandle.html
INFO: [ app_begin ] --START--
INFO: Run Behavior\ReadHtmlCacheBehavior [ RunTime:0.000000s ]
INFO: [ app_begin ] --END-- [ RunTime:0.001000s ]
SQL: SHOW COLUMNS FROM `jd_admin` [ RunTime:0.0130s ]
SQL: SELECT * FROM `jd_admin` WHERE `admin_name` = 'admin' AND `password` = '21232f297a57a5a743894a0e4a801fc3' AND `status` = 1 LIMIT 1   [ RunTime:0.0010s ]

[ 2015-07-16T19:15:29+08:00 ] ::1 /Jd/index.php/Admin/Index/%7B:U(%22Logout/editPwd%22)%7D
INFO: [ app_begin ] --START--
INFO: Run Behavior\ReadHtmlCacheBehavior [ RunTime:0.000000s ]
INFO: [ app_begin ] --END-- [ RunTime:0.001000s ]
ERR: 非法操作:{:U("Logout

[ 2015-07-16T19:18:27+08:00 ] ::1 /Jd/index.php/Admin/Index/%7B:U(%22Logout/editPwd%22)%7D
INFO: [ app_begin ] --START--
INFO: Run Behavior\ReadHtmlCacheBehavior [ RunTime:0.002001s ]
INFO: [ app_begin ] --END-- [ RunTime:0.002001s ]
ERR: 非法操作:{:U("Logout

[ 2015-07-16T19:20:54+08:00 ] ::1 /Jd/index.php/Admin/Index/%7B:U(%22Logout/editPwd%22)%7D
INFO: [ app_begin ] --START--
INFO: Run Behavior\ReadHtmlCacheBehavior [ RunTime:0.001000s ]
INFO: [ app_begin ] --END-- [ RunTime:0.002000s ]
ERR: 非法操作:{:U("Logout

[ 2015-07-16T19:21:56+08:00 ] ::1 /Jd/index.php/Admin/Login/loginHandle.html
INFO: [ app_begin ] --START--
INFO: Run Behavior\ReadHtmlCacheBehavior [ RunTime:0.000000s ]
INFO: [ app_begin ] --END-- [ RunTime:0.001000s ]
SQL: SHOW COLUMNS FROM `jd_admin` [ RunTime:0.3014s ]
SQL: SELECT * FROM `jd_admin` WHERE `admin_name` = 'admin' AND `password` = '21232f297a57a5a743894a0e4a801fc3' AND `status` = 1 LIMIT 1   [ RunTime:0.0140s ]

[ 2015-07-16T19:23:07+08:00 ] ::1 /Jd/index.php/Admin/Index/%7B:U(%22Logout/editPwd%22)%7D
INFO: [ app_begin ] --START--
INFO: Run Behavior\ReadHtmlCacheBehavior [ RunTime:0.001000s ]
INFO: [ app_begin ] --END-- [ RunTime:0.001000s ]
ERR: 非法操作:{:U("Logout

[ 2015-07-16T19:23:27+08:00 ] ::1 /Jd/index.php/Admin/Index/%7B:U(%22Logout/editPwd%22)%7D
INFO: [ app_begin ] --START--
INFO: Run Behavior\ReadHtmlCacheBehavior [ RunTime:0.001000s ]
INFO: [ app_begin ] --END-- [ RunTime:0.001000s ]
ERR: 非法操作:{:U("Logout

[ 2015-07-16T19:24:02+08:00 ] ::1 /Jd/index.php/Admin/Logout/editPwd.html
INFO: [ app_begin ] --START--
INFO: Run Behavior\ReadHtmlCacheBehavior [ RunTime:0.001000s ]
INFO: [ app_begin ] --END-- [ RunTime:0.001000s ]
NOTIC: [2048] Declaration of Admin\Controller\LogoutController::success() should be compatible with Think\Controller::success($message = '', $jumpUrl = '', $ajax = false) D:\MyPHP\www\Jd\shop_jd\Admin\Controller\LogoutController.class.php 第 42 行.
SQL: SHOW COLUMNS FROM `jd_admin` [ RunTime:0.0070s ]
SQL: SELECT * FROM `jd_admin` WHERE `admin_id` = 0 AND `password` = 'd41d8cd98f00b204e9800998ecf8427e' LIMIT 1   [ RunTime:0.0312s ]

[ 2015-07-16T19:24:04+08:00 ] ::1 /Jd/index.php/Admin/Logout/editPwd.html
INFO: [ app_begin ] --START--
INFO: Run Behavior\ReadHtmlCacheBehavior [ RunTime:0.001000s ]
INFO: [ app_begin ] --END-- [ RunTime:0.002001s ]
NOTIC: [2048] Declaration of Admin\Controller\LogoutController::success() should be compatible with Think\Controller::success($message = '', $jumpUrl = '', $ajax = false) D:\MyPHP\www\Jd\shop_jd\Admin\Controller\LogoutController.class.php 第 42 行.
SQL: SHOW COLUMNS FROM `jd_admin` [ RunTime:0.0156s ]
SQL: SELECT * FROM `jd_admin` WHERE `admin_id` = 0 AND `password` = 'd41d8cd98f00b204e9800998ecf8427e' LIMIT 1   [ RunTime:0.0000s ]

[ 2015-07-16T19:24:29+08:00 ] ::1 /Jd/index.php/Admin/Logout/editPwd.html
INFO: [ app_begin ] --START--
INFO: Run Behavior\ReadHtmlCacheBehavior [ RunTime:0.001000s ]
INFO: [ app_begin ] --END-- [ RunTime:0.002000s ]
NOTIC: [2048] Declaration of Admin\Controller\LogoutController::success() should be compatible with Think\Controller::success($message = '', $jumpUrl = '', $ajax = false) D:\MyPHP\www\Jd\shop_jd\Admin\Controller\LogoutController.class.php 第 42 行.
SQL: SHOW COLUMNS FROM `jd_admin` [ RunTime:0.0156s ]
SQL: SELECT * FROM `jd_admin` WHERE `admin_id` = 0 AND `password` = 'd41d8cd98f00b204e9800998ecf8427e' LIMIT 1   [ RunTime:0.0000s ]

[ 2015-07-16T19:25:54+08:00 ] ::1 /Jd/index.php/Admin/Logout/editPwd.html
INFO: [ app_begin ] --START--
INFO: Run Behavior\ReadHtmlCacheBehavior [ RunTime:0.001000s ]
INFO: [ app_begin ] --END-- [ RunTime:0.001000s ]
NOTIC: [2048] Declaration of Admin\Controller\LogoutController::success() should be compatible with Think\Controller::success($message = '', $jumpUrl = '', $ajax = false) D:\MyPHP\www\Jd\shop_jd\Admin\Controller\LogoutController.class.php 第 42 行.
SQL: SHOW COLUMNS FROM `jd_admin` [ RunTime:0.0156s ]
SQL: SELECT * FROM `jd_admin` WHERE `admin_id` = 0 AND `password` = 'd41d8cd98f00b204e9800998ecf8427e' LIMIT 1   [ RunTime:0.0000s ]

[ 2015-07-16T19:32:50+08:00 ] ::1 /Jd/index.php/Admin/Logout/editPwd.html
INFO: [ app_begin ] --START--
INFO: Run Behavior\ReadHtmlCacheBehavior [ RunTime:0.001000s ]
INFO: [ app_begin ] --END-- [ RunTime:0.001000s ]
NOTIC: [2048] Declaration of Admin\Controller\LogoutController::success() should be compatible with Think\Controller::success($message = '', $jumpUrl = '', $ajax = false) D:\MyPHP\www\Jd\shop_jd\Admin\Controller\LogoutController.class.php 第 42 行.
SQL: SHOW COLUMNS FROM `jd_admin` [ RunTime:0.0156s ]
SQL: SELECT * FROM `jd_admin` WHERE `admin_id` = 0 AND `password` = 'd41d8cd98f00b204e9800998ecf8427e' LIMIT 1   [ RunTime:0.0000s ]

[ 2015-07-16T19:32:51+08:00 ] ::1 /Jd/index.php/Admin/Logout/editPwd.html
INFO: [ app_begin ] --START--
INFO: Run Behavior\ReadHtmlCacheBehavior [ RunTime:0.001000s ]
INFO: [ app_begin ] --END-- [ RunTime:0.001000s ]
NOTIC: [2048] Declaration of Admin\Controller\LogoutController::success() should be compatible with Think\Controller::success($message = '', $jumpUrl = '', $ajax = false) D:\MyPHP\www\Jd\shop_jd\Admin\Controller\LogoutController.class.php 第 42 行.
SQL: SHOW COLUMNS FROM `jd_admin` [ RunTime:0.0156s ]
SQL: SELECT * FROM `jd_admin` WHERE `admin_id` = 0 AND `password` = 'd41d8cd98f00b204e9800998ecf8427e' LIMIT 1   [ RunTime:0.0000s ]

[ 2015-07-16T19:33:10+08:00 ] ::1 /Jd/index.php/Admin/Logout/editPwd.html
INFO: [ app_begin ] --START--
INFO: Run Behavior\ReadHtmlCacheBehavior [ RunTime:0.000000s ]
INFO: [ app_begin ] --END-- [ RunTime:0.001000s ]
NOTIC: [2048] Declaration of Admin\Controller\LogoutController::success() should be compatible with Think\Controller::success($message = '', $jumpUrl = '', $ajax = false) D:\MyPHP\www\Jd\shop_jd\Admin\Controller\LogoutController.class.php 第 42 行.
SQL: SHOW COLUMNS FROM `jd_admin` [ RunTime:0.0000s ]
SQL: SELECT * FROM `jd_admin` WHERE `admin_id` = 0 AND `password` = '21232f297a57a5a743894a0e4a801fc3' LIMIT 1   [ RunTime:0.0000s ]

[ 2015-07-16T19:33:23+08:00 ] ::1 /Jd/index.php/Admin/Logout/editPwd.html
INFO: [ app_begin ] --START--
INFO: Run Behavior\ReadHtmlCacheBehavior [ RunTime:0.001000s ]
INFO: [ app_begin ] --END-- [ RunTime:0.001000s ]
NOTIC: [2048] Declaration of Admin\Controller\LogoutController::success() should be compatible with Think\Controller::success($message = '', $jumpUrl = '', $ajax = false) D:\MyPHP\www\Jd\shop_jd\Admin\Controller\LogoutController.class.php 第 42 行.
SQL: SHOW COLUMNS FROM `jd_admin` [ RunTime:0.0000s ]
SQL: SELECT * FROM `jd_admin` WHERE `admin_id` = 0 AND `password` = '21232f297a57a5a743894a0e4a801fc3' LIMIT 1   [ RunTime:0.0156s ]

[ 2015-07-16T19:37:18+08:00 ] ::1 /Jd/index.php/Admin/Logout/editPwd.html
INFO: [ app_begin ] --START--
INFO: Run Behavior\ReadHtmlCacheBehavior [ RunTime:0.000000s ]
INFO: [ app_begin ] --END-- [ RunTime:0.001000s ]
NOTIC: [2048] Declaration of Admin\Controller\LogoutController::success() should be compatible with Think\Controller::success($message = '', $jumpUrl = '', $ajax = false) D:\MyPHP\www\Jd\shop_jd\Admin\Controller\LogoutController.class.php 第 42 行.
SQL: SHOW COLUMNS FROM `jd_admin` [ RunTime:0.0156s ]
SQL: SELECT * FROM `jd_admin` WHERE `admin_id` = 0 AND `password` = 'admin' LIMIT 1   [ RunTime:0.0000s ]

[ 2015-07-16T19:37:46+08:00 ] ::1 /Jd/index.php/Admin/Logout/editPwd.html
INFO: [ app_begin ] --START--
INFO: Run Behavior\ReadHtmlCacheBehavior [ RunTime:0.001000s ]
INFO: [ app_begin ] --END-- [ RunTime:0.002000s ]
NOTIC: [2048] Declaration of Admin\Controller\LogoutController::success() should be compatible with Think\Controller::success($message = '', $jumpUrl = '', $ajax = false) D:\MyPHP\www\Jd\shop_jd\Admin\Controller\LogoutController.class.php 第 42 行.
SQL: SHOW COLUMNS FROM `jd_admin` [ RunTime:0.0156s ]
SQL: SELECT * FROM `jd_admin` WHERE `admin_id` = 0 AND `password` = 'admin' LIMIT 1   [ RunTime:0.0000s ]

[ 2015-07-16T19:39:13+08:00 ] ::1 /Jd/index.php/Admin/Logout/editPwd.html
INFO: [ app_begin ] --START--
INFO: Run Behavior\ReadHtmlCacheBehavior [ RunTime:0.001000s ]
INFO: [ app_begin ] --END-- [ RunTime:0.002001s ]
NOTIC: [2048] Declaration of Admin\Controller\LogoutController::success() should be compatible with Think\Controller::success($message = '', $jumpUrl = '', $ajax = false) D:\MyPHP\www\Jd\shop_jd\Admin\Controller\LogoutController.class.php 第 41 行.
SQL: SHOW COLUMNS FROM `jd_admin` [ RunTime:0.0156s ]
SQL: SELECT * FROM `jd_admin` WHERE `password` = '21232f297a57a5a743894a0e4a801fc3' LIMIT 1   [ RunTime:0.0000s ]
SQL: SELECT * FROM `jd_admin` WHERE `password` = 'd41d8cd98f00b204e9800998ecf8427e' LIMIT 1   [ RunTime:0.0000s ]

[ 2015-07-16T19:40:34+08:00 ] ::1 /Jd/index.php/Admin/Logout/editPwd.html
INFO: [ app_begin ] --START--
INFO: Run Behavior\ReadHtmlCacheBehavior [ RunTime:0.001001s ]
INFO: [ app_begin ] --END-- [ RunTime:0.002001s ]
NOTIC: [2048] Declaration of Admin\Controller\LogoutController::success() should be compatible with Think\Controller::success($message = '', $jumpUrl = '', $ajax = false) D:\MyPHP\www\Jd\shop_jd\Admin\Controller\LogoutController.class.php 第 41 行.
SQL: SHOW COLUMNS FROM `jd_admin` [ RunTime:0.0156s ]
SQL: SELECT * FROM `jd_admin` WHERE `password` = '21232f297a57a5a743894a0e4a801fc3' LIMIT 1   [ RunTime:0.0000s ]
SQL: UPDATE `jd_admin` SET `admin_id`='1',`admin_name`='admin',`password`='21232f297a57a5a743894a0e4a801fc3',`email`='admin@itcast.cn',`add_time`='',`role`='1',`status`='1' WHERE `password` = 'd41d8cd98f00b204e9800998ecf8427e' [ RunTime:0.0156s ]

[ 2015-07-16T20:04:24+08:00 ] ::1 /Jd/index.php/Admin/Logout/editPwd.html
INFO: [ app_begin ] --START--
INFO: Run Behavior\ReadHtmlCacheBehavior [ RunTime:0.001000s ]
INFO: [ app_begin ] --END-- [ RunTime:0.002000s ]
NOTIC: [2048] Declaration of Admin\Controller\LogoutController::success() should be compatible with Think\Controller::success($message = '', $jumpUrl = '', $ajax = false) D:\MyPHP\www\Jd\shop_jd\Admin\Controller\LogoutController.class.php 第 41 行.
SQL: SHOW COLUMNS FROM `jd_admin` [ RunTime:0.0156s ]
SQL: SELECT * FROM `jd_admin` WHERE `password` = '60eb0f73e33ce3ffd4e51d974447db53' LIMIT 1   [ RunTime:0.0000s ]

[ 2015-07-16T20:06:56+08:00 ] ::1 /Jd/index.php/Admin/Logout/editPwd.html
INFO: [ app_begin ] --START--
INFO: Run Behavior\ReadHtmlCacheBehavior [ RunTime:0.002000s ]
INFO: [ app_begin ] --END-- [ RunTime:0.003000s ]
NOTIC: [2048] Declaration of Admin\Controller\LogoutController::success() should be compatible with Think\Controller::success($message = '', $jumpUrl = '', $ajax = false) D:\MyPHP\www\Jd\shop_jd\Admin\Controller\LogoutController.class.php 第 41 行.
SQL: SHOW COLUMNS FROM `jd_admin` [ RunTime:0.0000s ]
SQL: SELECT * FROM `jd_admin` WHERE `password` = '4124bc0a9335c27f086f24ba207a4912' LIMIT 1   [ RunTime:0.0000s ]

[ 2015-07-16T20:07:13+08:00 ] ::1 /Jd/index.php/Admin/Logout/editPwd.html
INFO: [ app_begin ] --START--
INFO: Run Behavior\ReadHtmlCacheBehavior [ RunTime:0.001000s ]
INFO: [ app_begin ] --END-- [ RunTime:0.001000s ]
NOTIC: [2048] Declaration of Admin\Controller\LogoutController::success() should be compatible with Think\Controller::success($message = '', $jumpUrl = '', $ajax = false) D:\MyPHP\www\Jd\shop_jd\Admin\Controller\LogoutController.class.php 第 41 行.
SQL: SHOW COLUMNS FROM `jd_admin` [ RunTime:0.0000s ]
SQL: SELECT * FROM `jd_admin` WHERE `password` = '21232f297a57a5a743894a0e4a801fc3' LIMIT 1   [ RunTime:0.0156s ]

[ 2015-07-16T20:07:21+08:00 ] ::1 /Jd/index.php/Admin/Logout/editPwd.html
INFO: [ app_begin ] --START--
INFO: Run Behavior\ReadHtmlCacheBehavior [ RunTime:0.001000s ]
INFO: [ app_begin ] --END-- [ RunTime:0.001000s ]
NOTIC: [2048] Declaration of Admin\Controller\LogoutController::success() should be compatible with Think\Controller::success($message = '', $jumpUrl = '', $ajax = false) D:\MyPHP\www\Jd\shop_jd\Admin\Controller\LogoutController.class.php 第 41 行.
SQL: SHOW COLUMNS FROM `jd_admin` [ RunTime:0.0000s ]
SQL: SELECT * FROM `jd_admin` WHERE `password` = '21232f297a57a5a743894a0e4a801fc3' LIMIT 1   [ RunTime:0.0156s ]

[ 2015-07-16T20:08:17+08:00 ] ::1 /Jd/index.php/Admin/Logout/editPwd.html
INFO: [ app_begin ] --START--
INFO: Run Behavior\ReadHtmlCacheBehavior [ RunTime:0.001001s ]
INFO: [ app_begin ] --END-- [ RunTime:0.002001s ]
NOTIC: [2048] Declaration of Admin\Controller\LogoutController::success() should be compatible with Think\Controller::success($message = '', $jumpUrl = '', $ajax = false) D:\MyPHP\www\Jd\shop_jd\Admin\Controller\LogoutController.class.php 第 41 行.
SQL: SHOW COLUMNS FROM `jd_admin` [ RunTime:0.0000s ]
SQL: SELECT * FROM `jd_admin` WHERE `password` = '21232f297a57a5a743894a0e4a801fc3' LIMIT 1   [ RunTime:0.0156s ]

[ 2015-07-16T20:13:09+08:00 ] ::1 /Jd/index.php/Admin/Logout/editPwd.html
INFO: [ app_begin ] --START--
INFO: Run Behavior\ReadHtmlCacheBehavior [ RunTime:0.001000s ]
INFO: [ app_begin ] --END-- [ RunTime:0.002000s ]
NOTIC: [2048] Declaration of Admin\Controller\LogoutController::success() should be compatible with Think\Controller::success($message = '', $jumpUrl = '', $ajax = false) D:\MyPHP\www\Jd\shop_jd\Admin\Controller\LogoutController.class.php 第 41 行.
SQL: SHOW COLUMNS FROM `jd_admin` [ RunTime:0.0000s ]
SQL: SELECT * FROM `jd_admin` WHERE `password` = '21232f297a57a5a743894a0e4a801fc3' LIMIT 1   [ RunTime:0.0156s ]

[ 2015-07-16T20:13:42+08:00 ] ::1 /Jd/index.php/Admin/Logout/editPwd.html
INFO: [ app_begin ] --START--
INFO: Run Behavior\ReadHtmlCacheBehavior [ RunTime:0.001000s ]
INFO: [ app_begin ] --END-- [ RunTime:0.001000s ]
NOTIC: [2048] Declaration of Admin\Controller\LogoutController::success() should be compatible with Think\Controller::success($message = '', $jumpUrl = '', $ajax = false) D:\MyPHP\www\Jd\shop_jd\Admin\Controller\LogoutController.class.php 第 41 行.
SQL: SHOW COLUMNS FROM `jd_admin` [ RunTime:0.0000s ]
SQL: SELECT * FROM `jd_admin` WHERE `password` = '21232f297a57a5a743894a0e4a801fc3' LIMIT 1   [ RunTime:0.0156s ]

[ 2015-07-16T20:13:48+08:00 ] ::1 /Jd/index.php/Admin/Logout/editPwd.html
INFO: [ app_begin ] --START--
INFO: Run Behavior\ReadHtmlCacheBehavior [ RunTime:0.001000s ]
INFO: [ app_begin ] --END-- [ RunTime:0.002000s ]
NOTIC: [2048] Declaration of Admin\Controller\LogoutController::success() should be compatible with Think\Controller::success($message = '', $jumpUrl = '', $ajax = false) D:\MyPHP\www\Jd\shop_jd\Admin\Controller\LogoutController.class.php 第 41 行.
SQL: SHOW COLUMNS FROM `jd_admin` [ RunTime:0.0000s ]
SQL: SELECT * FROM `jd_admin` WHERE `password` = '21232f297a57a5a743894a0e4a801fc3' LIMIT 1   [ RunTime:0.0156s ]
SQL: UPDATE `jd_admin` SET `admin_id`='1',`admin_name`='admin',`password`='21232f297a57a5a743894a0e4a801fc3',`email`='admin@itcast.cn',`add_time`='',`role`='1',`status`='1' WHERE `password` = '202cb962ac59075b964b07152d234b70' [ RunTime:0.0000s ]

[ 2015-07-16T20:18:55+08:00 ] ::1 /Jd/index.php/Admin/Logout/editPwd.html
INFO: [ app_begin ] --START--
INFO: Run Behavior\ReadHtmlCacheBehavior [ RunTime:0.001000s ]
INFO: [ app_begin ] --END-- [ RunTime:0.002000s ]
NOTIC: [2048] Declaration of Admin\Controller\LogoutController::success() should be compatible with Think\Controller::success($message = '', $jumpUrl = '', $ajax = false) D:\MyPHP\www\Jd\shop_jd\Admin\Controller\LogoutController.class.php 第 42 行.
SQL: SHOW COLUMNS FROM `jd_admin` [ RunTime:0.0156s ]
SQL: SELECT * FROM `jd_admin` WHERE `password` = '4124bc0a9335c27f086f24ba207a4912' LIMIT 1   [ RunTime:0.0000s ]

[ 2015-07-16T20:24:00+08:00 ] ::1 /Jd/index.php/Admin/Logout/editPwd.html
INFO: [ app_begin ] --START--
INFO: Run Behavior\ReadHtmlCacheBehavior [ RunTime:0.001000s ]
INFO: [ app_begin ] --END-- [ RunTime:0.003000s ]
NOTIC: [2048] Declaration of Admin\Controller\LogoutController::success() should be compatible with Think\Controller::success($message = '', $jumpUrl = '', $ajax = false) D:\MyPHP\www\Jd\shop_jd\Admin\Controller\LogoutController.class.php 第 42 行.
SQL: SHOW COLUMNS FROM `jd_admin` [ RunTime:0.0156s ]
SQL: SELECT * FROM `jd_admin` WHERE `password` = '0cc175b9c0f1b6a831c399e269772661' LIMIT 1   [ RunTime:0.0000s ]

[ 2015-07-16T20:24:06+08:00 ] ::1 /Jd/index.php/Admin/Logout/editPwd.html
INFO: [ app_begin ] --START--
INFO: Run Behavior\ReadHtmlCacheBehavior [ RunTime:0.000000s ]
INFO: [ app_begin ] --END-- [ RunTime:0.001000s ]
NOTIC: [2048] Declaration of Admin\Controller\LogoutController::success() should be compatible with Think\Controller::success($message = '', $jumpUrl = '', $ajax = false) D:\MyPHP\www\Jd\shop_jd\Admin\Controller\LogoutController.class.php 第 42 行.
SQL: SHOW COLUMNS FROM `jd_admin` [ RunTime:0.0156s ]
SQL: SELECT * FROM `jd_admin` WHERE `password` = '0cc175b9c0f1b6a831c399e269772661' LIMIT 1   [ RunTime:0.0000s ]

[ 2015-07-16T20:24:08+08:00 ] ::1 /Jd/index.php/Admin/Logout/editPwd.html
INFO: [ app_begin ] --START--
INFO: Run Behavior\ReadHtmlCacheBehavior [ RunTime:0.001000s ]
INFO: [ app_begin ] --END-- [ RunTime:0.001000s ]
NOTIC: [2048] Declaration of Admin\Controller\LogoutController::success() should be compatible with Think\Controller::success($message = '', $jumpUrl = '', $ajax = false) D:\MyPHP\www\Jd\shop_jd\Admin\Controller\LogoutController.class.php 第 42 行.
SQL: SHOW COLUMNS FROM `jd_admin` [ RunTime:0.0156s ]
SQL: SELECT * FROM `jd_admin` WHERE `password` = '0cc175b9c0f1b6a831c399e269772661' LIMIT 1   [ RunTime:0.0000s ]

[ 2015-07-16T20:24:09+08:00 ] ::1 /Jd/index.php/Admin/Logout/editPwd.html
INFO: [ app_begin ] --START--
INFO: Run Behavior\ReadHtmlCacheBehavior [ RunTime:0.001000s ]
INFO: [ app_begin ] --END-- [ RunTime:0.001000s ]
NOTIC: [2048] Declaration of Admin\Controller\LogoutController::success() should be compatible with Think\Controller::success($message = '', $jumpUrl = '', $ajax = false) D:\MyPHP\www\Jd\shop_jd\Admin\Controller\LogoutController.class.php 第 42 行.
SQL: SHOW COLUMNS FROM `jd_admin` [ RunTime:0.0000s ]
SQL: SELECT * FROM `jd_admin` WHERE `password` = '0cc175b9c0f1b6a831c399e269772661' LIMIT 1   [ RunTime:0.0156s ]

[ 2015-07-16T20:24:10+08:00 ] ::1 /Jd/index.php/Admin/Logout/editPwd.html
INFO: [ app_begin ] --START--
INFO: Run Behavior\ReadHtmlCacheBehavior [ RunTime:0.001000s ]
INFO: [ app_begin ] --END-- [ RunTime:0.001000s ]
NOTIC: [2048] Declaration of Admin\Controller\LogoutController::success() should be compatible with Think\Controller::success($message = '', $jumpUrl = '', $ajax = false) D:\MyPHP\www\Jd\shop_jd\Admin\Controller\LogoutController.class.php 第 42 行.
SQL: SHOW COLUMNS FROM `jd_admin` [ RunTime:0.0156s ]
SQL: SELECT * FROM `jd_admin` WHERE `password` = '0cc175b9c0f1b6a831c399e269772661' LIMIT 1   [ RunTime:0.0000s ]

[ 2015-07-16T20:24:11+08:00 ] ::1 /Jd/index.php/Admin/Logout/editPwd.html
INFO: [ app_begin ] --START--
INFO: Run Behavior\ReadHtmlCacheBehavior [ RunTime:0.001000s ]
INFO: [ app_begin ] --END-- [ RunTime:0.002000s ]
NOTIC: [2048] Declaration of Admin\Controller\LogoutController::success() should be compatible with Think\Controller::success($message = '', $jumpUrl = '', $ajax = false) D:\MyPHP\www\Jd\shop_jd\Admin\Controller\LogoutController.class.php 第 42 行.
SQL: SHOW COLUMNS FROM `jd_admin` [ RunTime:0.0000s ]
SQL: SELECT * FROM `jd_admin` WHERE `password` = '0cc175b9c0f1b6a831c399e269772661' LIMIT 1   [ RunTime:0.0156s ]

[ 2015-07-16T20:24:12+08:00 ] ::1 /Jd/index.php/Admin/Logout/editPwd.html
INFO: [ app_begin ] --START--
INFO: Run Behavior\ReadHtmlCacheBehavior [ RunTime:0.000000s ]
INFO: [ app_begin ] --END-- [ RunTime:0.000000s ]
NOTIC: [2048] Declaration of Admin\Controller\LogoutController::success() should be compatible with Think\Controller::success($message = '', $jumpUrl = '', $ajax = false) D:\MyPHP\www\Jd\shop_jd\Admin\Controller\LogoutController.class.php 第 42 行.
SQL: SHOW COLUMNS FROM `jd_admin` [ RunTime:0.0010s ]
SQL: SELECT * FROM `jd_admin` WHERE `password` = '0cc175b9c0f1b6a831c399e269772661' LIMIT 1   [ RunTime:0.0000s ]

[ 2015-07-16T20:24:13+08:00 ] ::1 /Jd/index.php/Admin/Logout/editPwd.html
INFO: [ app_begin ] --START--
INFO: Run Behavior\ReadHtmlCacheBehavior [ RunTime:0.001000s ]
INFO: [ app_begin ] --END-- [ RunTime:0.001000s ]
NOTIC: [2048] Declaration of Admin\Controller\LogoutController::success() should be compatible with Think\Controller::success($message = '', $jumpUrl = '', $ajax = false) D:\MyPHP\www\Jd\shop_jd\Admin\Controller\LogoutController.class.php 第 42 行.
SQL: SHOW COLUMNS FROM `jd_admin` [ RunTime:0.0000s ]
SQL: SELECT * FROM `jd_admin` WHERE `password` = '0cc175b9c0f1b6a831c399e269772661' LIMIT 1   [ RunTime:0.0156s ]

[ 2015-07-16T20:24:35+08:00 ] ::1 /Jd/index.php/Admin/Logout/editPwd.html
INFO: [ app_begin ] --START--
INFO: Run Behavior\ReadHtmlCacheBehavior [ RunTime:0.000000s ]
INFO: [ app_begin ] --END-- [ RunTime:0.000000s ]
NOTIC: [2048] Declaration of Admin\Controller\LogoutController::success() should be compatible with Think\Controller::success($message = '', $jumpUrl = '', $ajax = false) D:\MyPHP\www\Jd\shop_jd\Admin\Controller\LogoutController.class.php 第 42 行.
SQL: SHOW COLUMNS FROM `jd_admin` [ RunTime:0.0000s ]
SQL: SELECT * FROM `jd_admin` WHERE `password` = '0cc175b9c0f1b6a831c399e269772661' LIMIT 1   [ RunTime:0.0000s ]

[ 2015-07-16T20:24:36+08:00 ] ::1 /Jd/index.php/Admin/Logout/editPwd.html
INFO: [ app_begin ] --START--
INFO: Run Behavior\ReadHtmlCacheBehavior [ RunTime:0.001000s ]
INFO: [ app_begin ] --END-- [ RunTime:0.001000s ]
NOTIC: [2048] Declaration of Admin\Controller\LogoutController::success() should be compatible with Think\Controller::success($message = '', $jumpUrl = '', $ajax = false) D:\MyPHP\www\Jd\shop_jd\Admin\Controller\LogoutController.class.php 第 42 行.
SQL: SHOW COLUMNS FROM `jd_admin` [ RunTime:0.0156s ]
SQL: SELECT * FROM `jd_admin` WHERE `password` = '0cc175b9c0f1b6a831c399e269772661' LIMIT 1   [ RunTime:0.0000s ]

[ 2015-07-16T20:24:37+08:00 ] ::1 /Jd/index.php/Admin/Logout/editPwd.html
INFO: [ app_begin ] --START--
INFO: Run Behavior\ReadHtmlCacheBehavior [ RunTime:0.001001s ]
INFO: [ app_begin ] --END-- [ RunTime:0.001001s ]
NOTIC: [2048] Declaration of Admin\Controller\LogoutController::success() should be compatible with Think\Controller::success($message = '', $jumpUrl = '', $ajax = false) D:\MyPHP\www\Jd\shop_jd\Admin\Controller\LogoutController.class.php 第 42 行.
SQL: SHOW COLUMNS FROM `jd_admin` [ RunTime:0.0070s ]
SQL: SELECT * FROM `jd_admin` WHERE `password` = '0cc175b9c0f1b6a831c399e269772661' LIMIT 1   [ RunTime:0.0000s ]

[ 2015-07-16T20:24:38+08:00 ] ::1 /Jd/index.php/Admin/Logout/editPwd.html
INFO: [ app_begin ] --START--
INFO: Run Behavior\ReadHtmlCacheBehavior [ RunTime:0.001000s ]
INFO: [ app_begin ] --END-- [ RunTime:0.001000s ]
NOTIC: [2048] Declaration of Admin\Controller\LogoutController::success() should be compatible with Think\Controller::success($message = '', $jumpUrl = '', $ajax = false) D:\MyPHP\www\Jd\shop_jd\Admin\Controller\LogoutController.class.php 第 42 行.
SQL: SHOW COLUMNS FROM `jd_admin` [ RunTime:0.0156s ]
SQL: SELECT * FROM `jd_admin` WHERE `password` = '0cc175b9c0f1b6a831c399e269772661' LIMIT 1   [ RunTime:0.0000s ]

[ 2015-07-16T20:24:39+08:00 ] ::1 /Jd/index.php/Admin/Logout/editPwd.html
INFO: [ app_begin ] --START--
INFO: Run Behavior\ReadHtmlCacheBehavior [ RunTime:0.001001s ]
INFO: [ app_begin ] --END-- [ RunTime:0.001001s ]
NOTIC: [2048] Declaration of Admin\Controller\LogoutController::success() should be compatible with Think\Controller::success($message = '', $jumpUrl = '', $ajax = false) D:\MyPHP\www\Jd\shop_jd\Admin\Controller\LogoutController.class.php 第 42 行.
SQL: SHOW COLUMNS FROM `jd_admin` [ RunTime:0.0000s ]
SQL: SELECT * FROM `jd_admin` WHERE `password` = '0cc175b9c0f1b6a831c399e269772661' LIMIT 1   [ RunTime:0.0000s ]

[ 2015-07-16T20:24:40+08:00 ] ::1 /Jd/index.php/Admin/Logout/editPwd.html
INFO: [ app_begin ] --START--
INFO: Run Behavior\ReadHtmlCacheBehavior [ RunTime:0.000000s ]
INFO: [ app_begin ] --END-- [ RunTime:0.002000s ]
NOTIC: [2048] Declaration of Admin\Controller\LogoutController::success() should be compatible with Think\Controller::success($message = '', $jumpUrl = '', $ajax = false) D:\MyPHP\www\Jd\shop_jd\Admin\Controller\LogoutController.class.php 第 42 行.
SQL: SHOW COLUMNS FROM `jd_admin` [ RunTime:0.0156s ]
SQL: SELECT * FROM `jd_admin` WHERE `password` = '0cc175b9c0f1b6a831c399e269772661' LIMIT 1   [ RunTime:0.0000s ]

[ 2015-07-16T20:24:41+08:00 ] ::1 /Jd/index.php/Admin/Logout/editPwd.html
INFO: [ app_begin ] --START--
INFO: Run Behavior\ReadHtmlCacheBehavior [ RunTime:0.001000s ]
INFO: [ app_begin ] --END-- [ RunTime:0.001000s ]
NOTIC: [2048] Declaration of Admin\Controller\LogoutController::success() should be compatible with Think\Controller::success($message = '', $jumpUrl = '', $ajax = false) D:\MyPHP\www\Jd\shop_jd\Admin\Controller\LogoutController.class.php 第 42 行.
SQL: SHOW COLUMNS FROM `jd_admin` [ RunTime:0.0156s ]
SQL: SELECT * FROM `jd_admin` WHERE `password` = '0cc175b9c0f1b6a831c399e269772661' LIMIT 1   [ RunTime:0.0000s ]

[ 2015-07-16T20:24:43+08:00 ] ::1 /Jd/index.php/Admin/Logout/editPwd.html
INFO: [ app_begin ] --START--
INFO: Run Behavior\ReadHtmlCacheBehavior [ RunTime:0.000000s ]
INFO: [ app_begin ] --END-- [ RunTime:0.000000s ]
NOTIC: [2048] Declaration of Admin\Controller\LogoutController::success() should be compatible with Think\Controller::success($message = '', $jumpUrl = '', $ajax = false) D:\MyPHP\www\Jd\shop_jd\Admin\Controller\LogoutController.class.php 第 42 行.
SQL: SHOW COLUMNS FROM `jd_admin` [ RunTime:0.0156s ]
SQL: SELECT * FROM `jd_admin` WHERE `password` = '0cc175b9c0f1b6a831c399e269772661' LIMIT 1   [ RunTime:0.0000s ]

[ 2015-07-16T20:24:44+08:00 ] ::1 /Jd/index.php/Admin/Logout/editPwd.html
INFO: [ app_begin ] --START--
INFO: Run Behavior\ReadHtmlCacheBehavior [ RunTime:0.000000s ]
INFO: [ app_begin ] --END-- [ RunTime:0.000000s ]
NOTIC: [2048] Declaration of Admin\Controller\LogoutController::success() should be compatible with Think\Controller::success($message = '', $jumpUrl = '', $ajax = false) D:\MyPHP\www\Jd\shop_jd\Admin\Controller\LogoutController.class.php 第 42 行.
SQL: SHOW COLUMNS FROM `jd_admin` [ RunTime:0.0156s ]
SQL: SELECT * FROM `jd_admin` WHERE `password` = '0cc175b9c0f1b6a831c399e269772661' LIMIT 1   [ RunTime:0.0000s ]

[ 2015-07-16T20:24:45+08:00 ] ::1 /Jd/index.php/Admin/Logout/editPwd.html
INFO: [ app_begin ] --START--
INFO: Run Behavior\ReadHtmlCacheBehavior [ RunTime:0.001000s ]
INFO: [ app_begin ] --END-- [ RunTime:0.001000s ]
NOTIC: [2048] Declaration of Admin\Controller\LogoutController::success() should be compatible with Think\Controller::success($message = '', $jumpUrl = '', $ajax = false) D:\MyPHP\www\Jd\shop_jd\Admin\Controller\LogoutController.class.php 第 42 行.
SQL: SHOW COLUMNS FROM `jd_admin` [ RunTime:0.0070s ]
SQL: SELECT * FROM `jd_admin` WHERE `password` = '0cc175b9c0f1b6a831c399e269772661' LIMIT 1   [ RunTime:0.0010s ]

[ 2015-07-16T20:24:46+08:00 ] ::1 /Jd/index.php/Admin/Logout/editPwd.html
INFO: [ app_begin ] --START--
INFO: Run Behavior\ReadHtmlCacheBehavior [ RunTime:0.001000s ]
INFO: [ app_begin ] --END-- [ RunTime:0.001000s ]
NOTIC: [2048] Declaration of Admin\Controller\LogoutController::success() should be compatible with Think\Controller::success($message = '', $jumpUrl = '', $ajax = false) D:\MyPHP\www\Jd\shop_jd\Admin\Controller\LogoutController.class.php 第 42 行.
SQL: SHOW COLUMNS FROM `jd_admin` [ RunTime:0.0000s ]
SQL: SELECT * FROM `jd_admin` WHERE `password` = '0cc175b9c0f1b6a831c399e269772661' LIMIT 1   [ RunTime:0.0010s ]

[ 2015-07-16T20:24:47+08:00 ] ::1 /Jd/index.php/Admin/Logout/editPwd.html
INFO: [ app_begin ] --START--
INFO: Run Behavior\ReadHtmlCacheBehavior [ RunTime:0.000000s ]
INFO: [ app_begin ] --END-- [ RunTime:0.000000s ]
NOTIC: [2048] Declaration of Admin\Controller\LogoutController::success() should be compatible with Think\Controller::success($message = '', $jumpUrl = '', $ajax = false) D:\MyPHP\www\Jd\shop_jd\Admin\Controller\LogoutController.class.php 第 42 行.
SQL: SHOW COLUMNS FROM `jd_admin` [ RunTime:0.0000s ]
SQL: SELECT * FROM `jd_admin` WHERE `password` = '0cc175b9c0f1b6a831c399e269772661' LIMIT 1   [ RunTime:0.0000s ]

[ 2015-07-16T20:24:48+08:00 ] ::1 /Jd/index.php/Admin/Logout/editPwd.html
INFO: [ app_begin ] --START--
INFO: Run Behavior\ReadHtmlCacheBehavior [ RunTime:0.001000s ]
INFO: [ app_begin ] --END-- [ RunTime:0.001000s ]
NOTIC: [2048] Declaration of Admin\Controller\LogoutController::success() should be compatible with Think\Controller::success($message = '', $jumpUrl = '', $ajax = false) D:\MyPHP\www\Jd\shop_jd\Admin\Controller\LogoutController.class.php 第 42 行.
SQL: SHOW COLUMNS FROM `jd_admin` [ RunTime:0.0070s ]
SQL: SELECT * FROM `jd_admin` WHERE `password` = '0cc175b9c0f1b6a831c399e269772661' LIMIT 1   [ RunTime:0.0010s ]

[ 2015-07-16T20:25:14+08:00 ] ::1 /Jd/index.php/Admin/Logout/editPwd.html
INFO: [ app_begin ] --START--
INFO: Run Behavior\ReadHtmlCacheBehavior [ RunTime:0.001000s ]
INFO: [ app_begin ] --END-- [ RunTime:0.001000s ]
NOTIC: [2048] Declaration of Admin\Controller\LogoutController::success() should be compatible with Think\Controller::success($message = '', $jumpUrl = '', $ajax = false) D:\MyPHP\www\Jd\shop_jd\Admin\Controller\LogoutController.class.php 第 42 行.
SQL: SHOW COLUMNS FROM `jd_admin` [ RunTime:0.0000s ]
SQL: SELECT * FROM `jd_admin` WHERE `password` = '0cc175b9c0f1b6a831c399e269772661' LIMIT 1   [ RunTime:0.0156s ]

[ 2015-07-16T20:25:21+08:00 ] ::1 /Jd/index.php/Admin/Logout/editPwd.html
INFO: [ app_begin ] --START--
INFO: Run Behavior\ReadHtmlCacheBehavior [ RunTime:0.001000s ]
INFO: [ app_begin ] --END-- [ RunTime:0.001000s ]
NOTIC: [2048] Declaration of Admin\Controller\LogoutController::success() should be compatible with Think\Controller::success($message = '', $jumpUrl = '', $ajax = false) D:\MyPHP\www\Jd\shop_jd\Admin\Controller\LogoutController.class.php 第 42 行.
SQL: SHOW COLUMNS FROM `jd_admin` [ RunTime:0.0156s ]
SQL: SELECT * FROM `jd_admin` WHERE `password` = '74b87337454200d4d33f80c4663dc5e5' LIMIT 1   [ RunTime:0.0000s ]

[ 2015-07-16T20:30:27+08:00 ] ::1 /Jd/index.php/Admin/Logout/editPwd.html
INFO: [ app_begin ] --START--
INFO: Run Behavior\ReadHtmlCacheBehavior [ RunTime:0.000000s ]
INFO: [ app_begin ] --END-- [ RunTime:0.000000s ]
NOTIC: [2048] Declaration of Admin\Controller\LogoutController::success() should be compatible with Think\Controller::success($message = '', $jumpUrl = '', $ajax = false) D:\MyPHP\www\Jd\shop_jd\Admin\Controller\LogoutController.class.php 第 42 行.
SQL: SHOW COLUMNS FROM `jd_admin` [ RunTime:0.0156s ]
SQL: SELECT * FROM `jd_admin` WHERE `password` = '4124bc0a9335c27f086f24ba207a4912' LIMIT 1   [ RunTime:0.0000s ]

[ 2015-07-16T20:39:40+08:00 ] ::1 /Jd/index.php/Admin/Logout/editPwd.html
INFO: [ app_begin ] --START--
INFO: Run Behavior\ReadHtmlCacheBehavior [ RunTime:0.000000s ]
INFO: [ app_begin ] --END-- [ RunTime:0.000000s ]
NOTIC: [2048] Declaration of Admin\Controller\LogoutController::success() should be compatible with Think\Controller::success($message = '', $jumpUrl = '', $ajax = false) D:\MyPHP\www\Jd\shop_jd\Admin\Controller\LogoutController.class.php 第 42 行.
SQL: SHOW COLUMNS FROM `jd_admin` [ RunTime:0.0000s ]
SQL: SELECT * FROM `jd_admin` WHERE `password` = '0cc175b9c0f1b6a831c399e269772661' LIMIT 1   [ RunTime:0.0000s ]

[ 2015-07-16T20:39:50+08:00 ] ::1 /Jd/index.php/Admin/Logout/editPwd.html
INFO: [ app_begin ] --START--
INFO: Run Behavior\ReadHtmlCacheBehavior [ RunTime:0.001000s ]
INFO: [ app_begin ] --END-- [ RunTime:0.005001s ]
NOTIC: [2048] Declaration of Admin\Controller\LogoutController::success() should be compatible with Think\Controller::success($message = '', $jumpUrl = '', $ajax = false) D:\MyPHP\www\Jd\shop_jd\Admin\Controller\LogoutController.class.php 第 42 行.
SQL: SHOW COLUMNS FROM `jd_admin` [ RunTime:0.0000s ]
SQL: SELECT * FROM `jd_admin` WHERE `password` = '21232f297a57a5a743894a0e4a801fc3' LIMIT 1   [ RunTime:0.0000s ]
ERR: SQLSTATE[42000]: Syntax error or access violation: 1064 You have an error in your SQL syntax; check the manual that corresponds to your MySQL server version for the right syntax to use near ')' at line 1

[ 2015-07-16T20:39:57+08:00 ] ::1 /Jd/index.php/Admin/Logout/editPwd.html
INFO: [ app_begin ] --START--
INFO: Run Behavior\ReadHtmlCacheBehavior [ RunTime:0.000000s ]
INFO: [ app_begin ] --END-- [ RunTime:0.001000s ]
NOTIC: [2048] Declaration of Admin\Controller\LogoutController::success() should be compatible with Think\Controller::success($message = '', $jumpUrl = '', $ajax = false) D:\MyPHP\www\Jd\shop_jd\Admin\Controller\LogoutController.class.php 第 42 行.
SQL: SHOW COLUMNS FROM `jd_admin` [ RunTime:0.0000s ]
SQL: SELECT * FROM `jd_admin` WHERE `password` = '21232f297a57a5a743894a0e4a801fc3' LIMIT 1   [ RunTime:0.0156s ]
ERR: SQLSTATE[42000]: Syntax error or access violation: 1064 You have an error in your SQL syntax; check the manual that corresponds to your MySQL server version for the right syntax to use near ')' at line 1

[ 2015-07-16T20:41:43+08:00 ] ::1 /Jd/index.php/Admin/Logout/editPwd.html
INFO: [ app_begin ] --START--
INFO: Run Behavior\ReadHtmlCacheBehavior [ RunTime:0.001000s ]
INFO: [ app_begin ] --END-- [ RunTime:0.002000s ]
NOTIC: [2048] Declaration of Admin\Controller\LogoutController::success() should be compatible with Think\Controller::success($message = '', $jumpUrl = '', $ajax = false) D:\MyPHP\www\Jd\shop_jd\Admin\Controller\LogoutController.class.php 第 42 行.
SQL: SHOW COLUMNS FROM `jd_admin` [ RunTime:0.0130s ]
SQL: SELECT * FROM `jd_admin` WHERE `password` = '0cc175b9c0f1b6a831c399e269772661' LIMIT 1   [ RunTime:0.0010s ]

[ 2015-07-16T20:41:51+08:00 ] ::1 /Jd/index.php/Admin/Logout/editPwd.html
INFO: [ app_begin ] --START--
INFO: Run Behavior\ReadHtmlCacheBehavior [ RunTime:0.000000s ]
INFO: [ app_begin ] --END-- [ RunTime:0.001000s ]
NOTIC: [2048] Declaration of Admin\Controller\LogoutController::success() should be compatible with Think\Controller::success($message = '', $jumpUrl = '', $ajax = false) D:\MyPHP\www\Jd\shop_jd\Admin\Controller\LogoutController.class.php 第 42 行.
SQL: SHOW COLUMNS FROM `jd_admin` [ RunTime:0.0000s ]
SQL: SELECT * FROM `jd_admin` WHERE `password` = '21232f297a57a5a743894a0e4a801fc3' LIMIT 1   [ RunTime:0.0156s ]
ERR: SQLSTATE[42000]: Syntax error or access violation: 1064 You have an error in your SQL syntax; check the manual that corresponds to your MySQL server version for the right syntax to use near ')' at line 1

[ 2015-07-16T20:44:54+08:00 ] ::1 /Jd/index.php/Admin/Logout/editPwd.html
INFO: [ app_begin ] --START--
INFO: Run Behavior\ReadHtmlCacheBehavior [ RunTime:0.000000s ]
INFO: [ app_begin ] --END-- [ RunTime:0.000000s ]
NOTIC: [2048] Declaration of Admin\Controller\LogoutController::success() should be compatible with Think\Controller::success($message = '', $jumpUrl = '', $ajax = false) D:\MyPHP\www\Jd\shop_jd\Admin\Controller\LogoutController.class.php 第 42 行.
SQL: SHOW COLUMNS FROM `jd_admin` [ RunTime:0.0156s ]
SQL: SELECT * FROM `jd_admin` WHERE `password` = '0cc175b9c0f1b6a831c399e269772661' LIMIT 1   [ RunTime:0.0000s ]

[ 2015-07-16T20:45:02+08:00 ] ::1 /Jd/index.php/Admin/Logout/editPwd.html
INFO: [ app_begin ] --START--
INFO: Run Behavior\ReadHtmlCacheBehavior [ RunTime:0.000000s ]
INFO: [ app_begin ] --END-- [ RunTime:0.000000s ]
NOTIC: [2048] Declaration of Admin\Controller\LogoutController::success() should be compatible with Think\Controller::success($message = '', $jumpUrl = '', $ajax = false) D:\MyPHP\www\Jd\shop_jd\Admin\Controller\LogoutController.class.php 第 42 行.
SQL: SHOW COLUMNS FROM `jd_admin` [ RunTime:0.0000s ]
SQL: SELECT * FROM `jd_admin` WHERE `password` = '21232f297a57a5a743894a0e4a801fc3' LIMIT 1   [ RunTime:0.0156s ]
ERR: SQLSTATE[42000]: Syntax error or access violation: 1064 You have an error in your SQL syntax; check the manual that corresponds to your MySQL server version for the right syntax to use near ')' at line 1

[ 2015-07-16T20:45:48+08:00 ] ::1 /Jd/index.php/Admin/Logout/editPwd.html
INFO: [ app_begin ] --START--
INFO: Run Behavior\ReadHtmlCacheBehavior [ RunTime:0.001000s ]
INFO: [ app_begin ] --END-- [ RunTime:0.001000s ]
NOTIC: [2048] Declaration of Admin\Controller\LogoutController::success() should be compatible with Think\Controller::success($message = '', $jumpUrl = '', $ajax = false) D:\MyPHP\www\Jd\shop_jd\Admin\Controller\LogoutController.class.php 第 42 行.
SQL: SHOW COLUMNS FROM `jd_admin` [ RunTime:0.0000s ]
SQL: SELECT * FROM `jd_admin` WHERE `password` = '0cece9255b0ddc5af0df7ef829299782' LIMIT 1   [ RunTime:0.0156s ]

[ 2015-07-16T20:50:59+08:00 ] ::1 /Jd/index.php/Admin/Logout/editPwd.html
INFO: [ app_begin ] --START--
INFO: Run Behavior\ReadHtmlCacheBehavior [ RunTime:0.001000s ]
INFO: [ app_begin ] --END-- [ RunTime:0.002000s ]
NOTIC: [2048] Declaration of Admin\Controller\LogoutController::success() should be compatible with Think\Controller::success($message = '', $jumpUrl = '', $ajax = false) D:\MyPHP\www\Jd\shop_jd\Admin\Controller\LogoutController.class.php 第 42 行.
SQL: SHOW COLUMNS FROM `jd_admin` [ RunTime:0.0000s ]
SQL: SELECT * FROM `jd_admin` WHERE `password` = '21232f297a57a5a743894a0e4a801fc3' LIMIT 1   [ RunTime:0.0000s ]
ERR: SQLSTATE[42000]: Syntax error or access violation: 1064 You have an error in your SQL syntax; check the manual that corresponds to your MySQL server version for the right syntax to use near ')' at line 1

[ 2015-07-16T20:51:30+08:00 ] ::1 /Jd/index.php/Admin/Logout/editPwd.html
INFO: [ app_begin ] --START--
INFO: Run Behavior\ReadHtmlCacheBehavior [ RunTime:0.001000s ]
INFO: [ app_begin ] --END-- [ RunTime:0.001000s ]
NOTIC: [2048] Declaration of Admin\Controller\LogoutController::success() should be compatible with Think\Controller::success($message = '', $jumpUrl = '', $ajax = false) D:\MyPHP\www\Jd\shop_jd\Admin\Controller\LogoutController.class.php 第 42 行.
SQL: SHOW COLUMNS FROM `jd_admin` [ RunTime:0.0000s ]
SQL: SELECT * FROM `jd_admin` WHERE `password` = '4124bc0a9335c27f086f24ba207a4912' LIMIT 1   [ RunTime:0.0156s ]

[ 2015-07-16T20:51:51+08:00 ] ::1 /Jd/index.php/Admin/Logout/editPwd.html
INFO: [ app_begin ] --START--
INFO: Run Behavior\ReadHtmlCacheBehavior [ RunTime:0.000000s ]
INFO: [ app_begin ] --END-- [ RunTime:0.001000s ]
NOTIC: [2048] Declaration of Admin\Controller\LogoutController::success() should be compatible with Think\Controller::success($message = '', $jumpUrl = '', $ajax = false) D:\MyPHP\www\Jd\shop_jd\Admin\Controller\LogoutController.class.php 第 42 行.
SQL: SHOW COLUMNS FROM `jd_admin` [ RunTime:0.0000s ]
SQL: SELECT * FROM `jd_admin` WHERE `password` = '21232f297a57a5a743894a0e4a801fc3' LIMIT 1   [ RunTime:0.0156s ]

[ 2015-07-16T20:51:58+08:00 ] ::1 /Jd/index.php/Admin/Logout/editPwd.html
INFO: [ app_begin ] --START--
INFO: Run Behavior\ReadHtmlCacheBehavior [ RunTime:0.001001s ]
INFO: [ app_begin ] --END-- [ RunTime:0.001001s ]
NOTIC: [2048] Declaration of Admin\Controller\LogoutController::success() should be compatible with Think\Controller::success($message = '', $jumpUrl = '', $ajax = false) D:\MyPHP\www\Jd\shop_jd\Admin\Controller\LogoutController.class.php 第 42 行.
SQL: SHOW COLUMNS FROM `jd_admin` [ RunTime:0.0000s ]
SQL: SELECT * FROM `jd_admin` WHERE `password` = '21232f297a57a5a743894a0e4a801fc3' LIMIT 1   [ RunTime:0.0156s ]
ERR: SQLSTATE[42000]: Syntax error or access violation: 1064 You have an error in your SQL syntax; check the manual that corresponds to your MySQL server version for the right syntax to use near ')' at line 1

[ 2015-07-16T20:54:34+08:00 ] ::1 /Jd/index.php/Admin/Logout/editPwd.html
INFO: [ app_begin ] --START--
INFO: Run Behavior\ReadHtmlCacheBehavior [ RunTime:0.002000s ]
INFO: [ app_begin ] --END-- [ RunTime:0.003000s ]
NOTIC: [2048] Declaration of Admin\Controller\LogoutController::success() should be compatible with Think\Controller::success($message = '', $jumpUrl = '', $ajax = false) D:\MyPHP\www\Jd\shop_jd\Admin\Controller\LogoutController.class.php 第 42 行.
SQL: SHOW COLUMNS FROM `jd_admin` [ RunTime:0.0156s ]
SQL: SELECT * FROM `jd_admin` WHERE `password` = '21232f297a57a5a743894a0e4a801fc3' LIMIT 1   [ RunTime:0.0000s ]
ERR: SQLSTATE[42000]: Syntax error or access violation: 1064 You have an error in your SQL syntax; check the manual that corresponds to your MySQL server version for the right syntax to use near ')' at line 1

[ 2015-07-16T20:55:33+08:00 ] ::1 /Jd/index.php/Admin/Logout/editPwd.html
INFO: [ app_begin ] --START--
INFO: Run Behavior\ReadHtmlCacheBehavior [ RunTime:0.000000s ]
INFO: [ app_begin ] --END-- [ RunTime:0.000000s ]
NOTIC: [2048] Declaration of Admin\Controller\LogoutController::success() should be compatible with Think\Controller::success($message = '', $jumpUrl = '', $ajax = false) D:\MyPHP\www\Jd\shop_jd\Admin\Controller\LogoutController.class.php 第 42 行.
SQL: SHOW COLUMNS FROM `jd_admin` [ RunTime:0.0156s ]
SQL: SELECT * FROM `jd_admin` WHERE `password` = '21232f297a57a5a743894a0e4a801fc3' LIMIT 1   [ RunTime:0.0000s ]
ERR: SQLSTATE[42000]: Syntax error or access violation: 1064 You have an error in your SQL syntax; check the manual that corresponds to your MySQL server version for the right syntax to use near ')' at line 1

[ 2015-07-16T20:56:27+08:00 ] ::1 /Jd/index.php/Admin/Logout/editPwd.html
INFO: [ app_begin ] --START--
INFO: Run Behavior\ReadHtmlCacheBehavior [ RunTime:0.000000s ]
INFO: [ app_begin ] --END-- [ RunTime:0.000000s ]
SQL: SHOW COLUMNS FROM `jd_admin` [ RunTime:0.0156s ]
SQL: SELECT * FROM `jd_admin` WHERE `password` = '4124bc0a9335c27f086f24ba207a4912' LIMIT 1   [ RunTime:0.0000s ]

[ 2015-07-16T20:58:03+08:00 ] ::1 /Jd/index.php/Admin/Logout/editPwd.html
INFO: [ app_begin ] --START--
INFO: Run Behavior\ReadHtmlCacheBehavior [ RunTime:0.001000s ]
INFO: [ app_begin ] --END-- [ RunTime:0.002000s ]
SQL: SHOW COLUMNS FROM `jd_admin` [ RunTime:0.0000s ]
SQL: SELECT * FROM `jd_admin` WHERE `password` = '21232f297a57a5a743894a0e4a801fc3' LIMIT 1   [ RunTime:0.0156s ]
ERR: SQLSTATE[42000]: Syntax error or access violation: 1064 You have an error in your SQL syntax; check the manual that corresponds to your MySQL server version for the right syntax to use near ')' at line 1

[ 2015-07-16T20:58:58+08:00 ] ::1 /Jd/index.php/Admin/Logout/editPwd.html
INFO: [ app_begin ] --START--
INFO: Run Behavior\ReadHtmlCacheBehavior [ RunTime:0.001000s ]
INFO: [ app_begin ] --END-- [ RunTime:0.002000s ]
SQL: SHOW COLUMNS FROM `jd_admin` [ RunTime:0.0156s ]
SQL: SELECT * FROM `jd_admin` WHERE `admin_id` = 0 AND `password` = '4124bc0a9335c27f086f24ba207a4912' LIMIT 1   [ RunTime:0.0000s ]

[ 2015-07-16T21:09:11+08:00 ] ::1 /Jd/index.php/Admin/Logout/editPwd.html
INFO: [ app_begin ] --START--
INFO: Run Behavior\ReadHtmlCacheBehavior [ RunTime:0.001000s ]
INFO: [ app_begin ] --END-- [ RunTime:0.001000s ]
SQL: SHOW COLUMNS FROM `jd_admin` [ RunTime:0.0156s ]
SQL: SELECT * FROM `jd_admin` WHERE `admin_id` = 0 AND `password` = '47bce5c74f589f4867dbd57e9ca9f808' LIMIT 1   [ RunTime:0.0000s ]

[ 2015-07-16T21:09:21+08:00 ] ::1 /Jd/index.php/Admin/Logout/editPwd.html
INFO: [ app_begin ] --START--
INFO: Run Behavior\ReadHtmlCacheBehavior [ RunTime:0.001000s ]
INFO: [ app_begin ] --END-- [ RunTime:0.001000s ]
SQL: SHOW COLUMNS FROM `jd_admin` [ RunTime:0.0156s ]
SQL: SELECT * FROM `jd_admin` WHERE `admin_id` = 0 AND `password` = '21232f297a57a5a743894a0e4a801fc3' LIMIT 1   [ RunTime:0.0000s ]

[ 2015-07-16T21:09:42+08:00 ] ::1 /Jd/index.php/Admin/Logout/editPwd.html
INFO: [ app_begin ] --START--
INFO: Run Behavior\ReadHtmlCacheBehavior [ RunTime:0.001000s ]
INFO: [ app_begin ] --END-- [ RunTime:0.002000s ]
SQL: SHOW COLUMNS FROM `jd_admin` [ RunTime:0.0156s ]
SQL: SELECT * FROM `jd_admin` WHERE `admin_id` = 0 AND `password` = '21232f297a57a5a743894a0e4a801fc3' LIMIT 1   [ RunTime:0.0000s ]

[ 2015-07-16T21:11:02+08:00 ] ::1 /Jd/index.php/Admin/Logout/editPwd.html
INFO: [ app_begin ] --START--
INFO: Run Behavior\ReadHtmlCacheBehavior [ RunTime:0.000000s ]
INFO: [ app_begin ] --END-- [ RunTime:0.000000s ]
SQL: SHOW COLUMNS FROM `jd_admin` [ RunTime:0.0156s ]
SQL: SELECT * FROM `jd_admin` WHERE `admin_id` = 0 AND `password` = '21232f297a57a5a743894a0e4a801fc3' LIMIT 1   [ RunTime:0.0156s ]

[ 2015-07-16T21:12:41+08:00 ] ::1 /Jd/index.php/Admin/Logout/editPwd.html
INFO: [ app_begin ] --START--
INFO: Run Behavior\ReadHtmlCacheBehavior [ RunTime:0.001000s ]
INFO: [ app_begin ] --END-- [ RunTime:0.002000s ]
SQL: SHOW COLUMNS FROM `jd_admin` [ RunTime:0.0156s ]
SQL: SELECT * FROM `jd_admin` WHERE `admin_id` = 0 AND `password` = '21232f297a57a5a743894a0e4a801fc3' LIMIT 1   [ RunTime:0.0000s ]
NOTIC: [2] Cannot modify header information - headers already sent by (output started at D:\MyPHP\www\Jd\ThinkPHP3.2.3\Common\functions.php:850) D:\MyPHP\www\Jd\ThinkPHP3.2.3\Library\Think\Controller.class.php 第 215 行.

[ 2015-07-16T21:13:48+08:00 ] ::1 /Jd/index.php/Admin/Login/loginHandle.html
INFO: [ app_begin ] --START--
INFO: Run Behavior\ReadHtmlCacheBehavior [ RunTime:0.001000s ]
INFO: [ app_begin ] --END-- [ RunTime:0.001000s ]
SQL: SHOW COLUMNS FROM `jd_admin` [ RunTime:0.0000s ]
SQL: SELECT * FROM `jd_admin` WHERE `admin_name` = 'admin' AND `password` = '21232f297a57a5a743894a0e4a801fc3' AND `status` = 1 LIMIT 1   [ RunTime:0.0000s ]

[ 2015-07-16T21:13:58+08:00 ] ::1 /Jd/index.php/Admin/Logout/editPwd.html
INFO: [ app_begin ] --START--
INFO: Run Behavior\ReadHtmlCacheBehavior [ RunTime:0.000000s ]
INFO: [ app_begin ] --END-- [ RunTime:0.000000s ]
SQL: SHOW COLUMNS FROM `jd_admin` [ RunTime:0.0000s ]
SQL: SELECT * FROM `jd_admin` WHERE `admin_id` = 0 AND `password` = '21232f297a57a5a743894a0e4a801fc3' LIMIT 1   [ RunTime:0.0000s ]
NOTIC: [2] Cannot modify header information - headers already sent by (output started at D:\MyPHP\www\Jd\ThinkPHP3.2.3\Common\functions.php:850) D:\MyPHP\www\Jd\ThinkPHP3.2.3\Library\Think\Controller.class.php 第 215 行.

[ 2015-07-16T21:18:41+08:00 ] ::1 /Jd/index.php/Admin/Logout/editPwd.html
INFO: [ app_begin ] --START--
INFO: Run Behavior\ReadHtmlCacheBehavior [ RunTime:0.001000s ]
INFO: [ app_begin ] --END-- [ RunTime:0.002000s ]
SQL: SHOW COLUMNS FROM `jd_admin` [ RunTime:0.0000s ]
SQL: SELECT * FROM `jd_admin` WHERE `admin_id` = 1 AND `password` = '21232f297a57a5a743894a0e4a801fc3' LIMIT 1   [ RunTime:0.0000s ]
ERR: SQLSTATE[42S22]: Column not found: 1054 Unknown column 'id' in 'where clause'

[ 2015-07-16T21:19:26+08:00 ] ::1 /Jd/index.php/Admin/Logout/editPwd.html
INFO: [ app_begin ] --START--
INFO: Run Behavior\ReadHtmlCacheBehavior [ RunTime:0.000000s ]
INFO: [ app_begin ] --END-- [ RunTime:0.000000s ]
SQL: SHOW COLUMNS FROM `jd_admin` [ RunTime:0.0156s ]
SQL: SELECT * FROM `jd_admin` WHERE `admin_id` = 1 AND `password` = '21232f297a57a5a743894a0e4a801fc3' LIMIT 1   [ RunTime:0.0000s ]
ERR: SQLSTATE[42S22]: Column not found: 1054 Unknown column 'id' in 'where clause'

[ 2015-07-16T21:19:30+08:00 ] ::1 /Jd/index.php/Admin/Logout/editPwd.html
INFO: [ app_begin ] --START--
INFO: Run Behavior\ReadHtmlCacheBehavior [ RunTime:0.001000s ]
INFO: [ app_begin ] --END-- [ RunTime:0.001000s ]
SQL: SHOW COLUMNS FROM `jd_admin` [ RunTime:0.0156s ]
SQL: SELECT * FROM `jd_admin` WHERE `admin_id` = 1 AND `password` = '21232f297a57a5a743894a0e4a801fc3' LIMIT 1   [ RunTime:0.0000s ]
ERR: SQLSTATE[42S22]: Column not found: 1054 Unknown column 'id' in 'where clause'

[ 2015-07-16T21:19:31+08:00 ] ::1 /Jd/index.php/Admin/Logout/editPwd.html
INFO: [ app_begin ] --START--
INFO: Run Behavior\ReadHtmlCacheBehavior [ RunTime:0.000000s ]
INFO: [ app_begin ] --END-- [ RunTime:0.002001s ]
SQL: SHOW COLUMNS FROM `jd_admin` [ RunTime:0.0070s ]
SQL: SELECT * FROM `jd_admin` WHERE `admin_id` = 1 AND `password` = '21232f297a57a5a743894a0e4a801fc3' LIMIT 1   [ RunTime:0.0010s ]
ERR: SQLSTATE[42S22]: Column not found: 1054 Unknown column 'id' in 'where clause'

[ 2015-07-16T21:19:32+08:00 ] ::1 /Jd/index.php/Admin/Logout/editPwd.html
INFO: [ app_begin ] --START--
INFO: Run Behavior\ReadHtmlCacheBehavior [ RunTime:0.000000s ]
INFO: [ app_begin ] --END-- [ RunTime:0.001000s ]
SQL: SHOW COLUMNS FROM `jd_admin` [ RunTime:0.0156s ]
SQL: SELECT * FROM `jd_admin` WHERE `admin_id` = 1 AND `password` = '21232f297a57a5a743894a0e4a801fc3' LIMIT 1   [ RunTime:0.0000s ]
ERR: SQLSTATE[42S22]: Column not found: 1054 Unknown column 'id' in 'where clause'

[ 2015-07-16T21:19:33+08:00 ] ::1 /Jd/index.php/Admin/Logout/editPwd.html
INFO: [ app_begin ] --START--
INFO: Run Behavior\ReadHtmlCacheBehavior [ RunTime:0.001000s ]
INFO: [ app_begin ] --END-- [ RunTime:0.001000s ]
SQL: SHOW COLUMNS FROM `jd_admin` [ RunTime:0.0000s ]
SQL: SELECT * FROM `jd_admin` WHERE `admin_id` = 1 AND `password` = '21232f297a57a5a743894a0e4a801fc3' LIMIT 1   [ RunTime:0.0000s ]
ERR: SQLSTATE[42S22]: Column not found: 1054 Unknown column 'id' in 'where clause'

[ 2015-07-16T21:19:34+08:00 ] ::1 /Jd/index.php/Admin/Logout/editPwd.html
INFO: [ app_begin ] --START--
INFO: Run Behavior\ReadHtmlCacheBehavior [ RunTime:0.002001s ]
INFO: [ app_begin ] --END-- [ RunTime:0.002001s ]
SQL: SHOW COLUMNS FROM `jd_admin` [ RunTime:0.0000s ]
SQL: SELECT * FROM `jd_admin` WHERE `admin_id` = 1 AND `password` = '21232f297a57a5a743894a0e4a801fc3' LIMIT 1   [ RunTime:0.0000s ]
ERR: SQLSTATE[42S22]: Column not found: 1054 Unknown column 'id' in 'where clause'

[ 2015-07-16T21:19:35+08:00 ] ::1 /Jd/index.php/Admin/Logout/editPwd.html
INFO: [ app_begin ] --START--
INFO: Run Behavior\ReadHtmlCacheBehavior [ RunTime:0.001000s ]
INFO: [ app_begin ] --END-- [ RunTime:0.002000s ]
SQL: SHOW COLUMNS FROM `jd_admin` [ RunTime:0.0156s ]
SQL: SELECT * FROM `jd_admin` WHERE `admin_id` = 1 AND `password` = '21232f297a57a5a743894a0e4a801fc3' LIMIT 1   [ RunTime:0.0000s ]
ERR: SQLSTATE[42S22]: Column not found: 1054 Unknown column 'id' in 'where clause'

[ 2015-07-16T21:19:36+08:00 ] ::1 /Jd/index.php/Admin/Logout/editPwd.html
INFO: [ app_begin ] --START--
INFO: Run Behavior\ReadHtmlCacheBehavior [ RunTime:0.001000s ]
INFO: [ app_begin ] --END-- [ RunTime:0.001000s ]
SQL: SHOW COLUMNS FROM `jd_admin` [ RunTime:0.0000s ]
SQL: SELECT * FROM `jd_admin` WHERE `admin_id` = 1 AND `password` = '21232f297a57a5a743894a0e4a801fc3' LIMIT 1   [ RunTime:0.0156s ]
ERR: SQLSTATE[42S22]: Column not found: 1054 Unknown column 'id' in 'where clause'

[ 2015-07-16T21:19:37+08:00 ] ::1 /Jd/index.php/Admin/Logout/editPwd.html
INFO: [ app_begin ] --START--
INFO: Run Behavior\ReadHtmlCacheBehavior [ RunTime:0.001000s ]
INFO: [ app_begin ] --END-- [ RunTime:0.002000s ]
SQL: SHOW COLUMNS FROM `jd_admin` [ RunTime:0.0156s ]
SQL: SELECT * FROM `jd_admin` WHERE `admin_id` = 1 AND `password` = '21232f297a57a5a743894a0e4a801fc3' LIMIT 1   [ RunTime:0.0000s ]
ERR: SQLSTATE[42S22]: Column not found: 1054 Unknown column 'id' in 'where clause'

[ 2015-07-16T21:19:39+08:00 ] ::1 /Jd/index.php/Admin/Logout/editPwd.html
INFO: [ app_begin ] --START--
INFO: Run Behavior\ReadHtmlCacheBehavior [ RunTime:0.001001s ]
INFO: [ app_begin ] --END-- [ RunTime:0.001001s ]
SQL: SHOW COLUMNS FROM `jd_admin` [ RunTime:0.0156s ]
SQL: SELECT * FROM `jd_admin` WHERE `admin_id` = 1 AND `password` = '21232f297a57a5a743894a0e4a801fc3' LIMIT 1   [ RunTime:0.0000s ]
ERR: SQLSTATE[42S22]: Column not found: 1054 Unknown column 'id' in 'where clause'

[ 2015-07-16T21:19:40+08:00 ] ::1 /Jd/index.php/Admin/Logout/editPwd.html
INFO: [ app_begin ] --START--
INFO: Run Behavior\ReadHtmlCacheBehavior [ RunTime:0.001000s ]
INFO: [ app_begin ] --END-- [ RunTime:0.001000s ]
SQL: SHOW COLUMNS FROM `jd_admin` [ RunTime:0.0000s ]
SQL: SELECT * FROM `jd_admin` WHERE `admin_id` = 1 AND `password` = '21232f297a57a5a743894a0e4a801fc3' LIMIT 1   [ RunTime:0.0000s ]
ERR: SQLSTATE[42S22]: Column not found: 1054 Unknown column 'id' in 'where clause'

[ 2015-07-16T21:19:41+08:00 ] ::1 /Jd/index.php/Admin/Logout/editPwd.html
INFO: [ app_begin ] --START--
INFO: Run Behavior\ReadHtmlCacheBehavior [ RunTime:0.000000s ]
INFO: [ app_begin ] --END-- [ RunTime:0.000000s ]
SQL: SHOW COLUMNS FROM `jd_admin` [ RunTime:0.0156s ]
SQL: SELECT * FROM `jd_admin` WHERE `admin_id` = 1 AND `password` = '21232f297a57a5a743894a0e4a801fc3' LIMIT 1   [ RunTime:0.0000s ]
ERR: SQLSTATE[42S22]: Column not found: 1054 Unknown column 'id' in 'where clause'

[ 2015-07-16T21:19:42+08:00 ] ::1 /Jd/index.php/Admin/Logout/editPwd.html
INFO: [ app_begin ] --START--
INFO: Run Behavior\ReadHtmlCacheBehavior [ RunTime:0.015600s ]
INFO: [ app_begin ] --END-- [ RunTime:0.015600s ]
SQL: SHOW COLUMNS FROM `jd_admin` [ RunTime:0.0156s ]
SQL: SELECT * FROM `jd_admin` WHERE `admin_id` = 1 AND `password` = '21232f297a57a5a743894a0e4a801fc3' LIMIT 1   [ RunTime:0.0000s ]
ERR: SQLSTATE[42S22]: Column not found: 1054 Unknown column 'id' in 'where clause'

[ 2015-07-16T21:19:43+08:00 ] ::1 /Jd/index.php/Admin/Logout/editPwd.html
INFO: [ app_begin ] --START--
INFO: Run Behavior\ReadHtmlCacheBehavior [ RunTime:0.000000s ]
INFO: [ app_begin ] --END-- [ RunTime:0.000000s ]
SQL: SHOW COLUMNS FROM `jd_admin` [ RunTime:0.1092s ]
SQL: SELECT * FROM `jd_admin` WHERE `admin_id` = 1 AND `password` = '21232f297a57a5a743894a0e4a801fc3' LIMIT 1   [ RunTime:0.0000s ]
ERR: SQLSTATE[42S22]: Column not found: 1054 Unknown column 'id' in 'where clause'

[ 2015-07-16T21:19:44+08:00 ] ::1 /Jd/index.php/Admin/Logout/editPwd.html
INFO: [ app_begin ] --START--
INFO: Run Behavior\ReadHtmlCacheBehavior [ RunTime:0.000000s ]
INFO: [ app_begin ] --END-- [ RunTime:0.000000s ]
SQL: SHOW COLUMNS FROM `jd_admin` [ RunTime:0.0156s ]
SQL: SELECT * FROM `jd_admin` WHERE `admin_id` = 1 AND `password` = '21232f297a57a5a743894a0e4a801fc3' LIMIT 1   [ RunTime:0.0000s ]
ERR: SQLSTATE[42S22]: Column not found: 1054 Unknown column 'id' in 'where clause'

[ 2015-07-16T21:19:45+08:00 ] ::1 /Jd/index.php/Admin/Logout/editPwd.html
INFO: [ app_begin ] --START--
INFO: Run Behavior\ReadHtmlCacheBehavior [ RunTime:0.000000s ]
INFO: [ app_begin ] --END-- [ RunTime:0.000000s ]
SQL: SHOW COLUMNS FROM `jd_admin` [ RunTime:0.0156s ]
SQL: SELECT * FROM `jd_admin` WHERE `admin_id` = 1 AND `password` = '21232f297a57a5a743894a0e4a801fc3' LIMIT 1   [ RunTime:0.0000s ]
ERR: SQLSTATE[42S22]: Column not found: 1054 Unknown column 'id' in 'where clause'

[ 2015-07-16T21:20:54+08:00 ] ::1 /Jd/index.php/Admin/Login/loginHandle.html
INFO: [ app_begin ] --START--
INFO: Run Behavior\ReadHtmlCacheBehavior [ RunTime:0.000000s ]
INFO: [ app_begin ] --END-- [ RunTime:0.000000s ]
SQL: SHOW COLUMNS FROM `jd_admin` [ RunTime:0.0156s ]
SQL: SELECT * FROM `jd_admin` WHERE `admin_name` = 'admin' AND `password` = '21232f297a57a5a743894a0e4a801fc3' AND `status` = 1 LIMIT 1   [ RunTime:0.0000s ]

[ 2015-07-16T21:21:11+08:00 ] ::1 /Jd/index.php/Admin/Logout/editPwd.html
INFO: [ app_begin ] --START--
INFO: Run Behavior\ReadHtmlCacheBehavior [ RunTime:0.000000s ]
INFO: [ app_begin ] --END-- [ RunTime:0.000000s ]
SQL: SHOW COLUMNS FROM `jd_admin` [ RunTime:0.0156s ]
SQL: SELECT * FROM `jd_admin` WHERE `admin_id` = 1 AND `password` = '60eb0f73e33ce3ffd4e51d974447db53' LIMIT 1   [ RunTime:0.0000s ]

[ 2015-07-16T21:21:39+08:00 ] ::1 /Jd/index.php/Admin/Logout/editPwd.html
INFO: [ app_begin ] --START--
INFO: Run Behavior\ReadHtmlCacheBehavior [ RunTime:0.000000s ]
INFO: [ app_begin ] --END-- [ RunTime:0.000000s ]
SQL: SHOW COLUMNS FROM `jd_admin` [ RunTime:0.0156s ]
SQL: SELECT * FROM `jd_admin` WHERE `admin_id` = 1 AND `password` = '21232f297a57a5a743894a0e4a801fc3' LIMIT 1   [ RunTime:0.0000s ]
ERR: SQLSTATE[42S22]: Column not found: 1054 Unknown column 'id' in 'where clause'

[ 2015-07-16T21:21:51+08:00 ] ::1 /Jd/index.php/Admin/Logout/editPwd.html
INFO: [ app_begin ] --START--
INFO: Run Behavior\ReadHtmlCacheBehavior [ RunTime:0.000000s ]
INFO: [ app_begin ] --END-- [ RunTime:0.000000s ]
SQL: SHOW COLUMNS FROM `jd_admin` [ RunTime:0.0000s ]
SQL: SELECT * FROM `jd_admin` WHERE `admin_id` = 1 AND `password` = '523af537946b79c4f8369ed39ba78605' LIMIT 1   [ RunTime:0.0000s ]

[ 2015-07-16T21:22:26+08:00 ] ::1 /Jd/index.php/Admin/Logout/editPwd.html
INFO: [ app_begin ] --START--
INFO: Run Behavior\ReadHtmlCacheBehavior [ RunTime:0.000000s ]
INFO: [ app_begin ] --END-- [ RunTime:0.001000s ]
SQL: SHOW COLUMNS FROM `jd_admin` [ RunTime:0.0000s ]
SQL: SELECT * FROM `jd_admin` WHERE `admin_id` = 1 AND `password` = '523af537946b79c4f8369ed39ba78605' LIMIT 1   [ RunTime:0.0000s ]

[ 2015-07-16T21:22:48+08:00 ] ::1 /Jd/index.php/Admin/Logout/editPwd.html
INFO: [ app_begin ] --START--
INFO: Run Behavior\ReadHtmlCacheBehavior [ RunTime:0.001000s ]
INFO: [ app_begin ] --END-- [ RunTime:0.001000s ]
SQL: SHOW COLUMNS FROM `jd_admin` [ RunTime:0.0156s ]
SQL: SELECT * FROM `jd_admin` WHERE `admin_id` = 1 AND `password` = '523af537946b79c4f8369ed39ba78605' LIMIT 1   [ RunTime:0.0000s ]

[ 2015-07-16T21:22:55+08:00 ] ::1 /Jd/index.php/Admin/Logout/editPwd.html
INFO: [ app_begin ] --START--
INFO: Run Behavior\ReadHtmlCacheBehavior [ RunTime:0.001000s ]
INFO: [ app_begin ] --END-- [ RunTime:0.001000s ]
SQL: SHOW COLUMNS FROM `jd_admin` [ RunTime:0.0156s ]
SQL: SELECT * FROM `jd_admin` WHERE `admin_id` = 1 AND `password` = '523af537946b79c4f8369ed39ba78605' LIMIT 1   [ RunTime:0.0000s ]

[ 2015-07-16T21:23:54+08:00 ] ::1 /Jd/index.php/Admin/Logout/editPwd.html
INFO: [ app_begin ] --START--
INFO: Run Behavior\ReadHtmlCacheBehavior [ RunTime:0.000000s ]
INFO: [ app_begin ] --END-- [ RunTime:0.000000s ]
SQL: SHOW COLUMNS FROM `jd_admin` [ RunTime:0.0156s ]
SQL: SELECT * FROM `jd_admin` WHERE `admin_id` = 1 AND `password` = '21232f297a57a5a743894a0e4a801fc3' LIMIT 1   [ RunTime:0.0000s ]

[ 2015-07-16T21:28:00+08:00 ] ::1 /Jd/index.php/Admin/Logout/editPwd.html
INFO: [ app_begin ] --START--
INFO: Run Behavior\ReadHtmlCacheBehavior [ RunTime:0.000000s ]
INFO: [ app_begin ] --END-- [ RunTime:0.000000s ]
SQL: SHOW COLUMNS FROM `jd_admin` [ RunTime:0.0000s ]
SQL: SELECT * FROM `jd_admin` WHERE `admin_id` = 1 AND `password` = '21232f297a57a5a743894a0e4a801fc3' LIMIT 1   [ RunTime:0.0000s ]
ERR: SQLSTATE[42S22]: Column not found: 1054 Unknown column 'id' in 'where clause'

[ 2015-07-16T21:28:04+08:00 ] ::1 /Jd/index.php/Admin/Logout/editPwd.html
INFO: [ app_begin ] --START--
INFO: Run Behavior\ReadHtmlCacheBehavior [ RunTime:0.001000s ]
INFO: [ app_begin ] --END-- [ RunTime:0.001000s ]
SQL: SHOW COLUMNS FROM `jd_admin` [ RunTime:0.0000s ]
SQL: SELECT * FROM `jd_admin` WHERE `admin_id` = 1 AND `password` = '21232f297a57a5a743894a0e4a801fc3' LIMIT 1   [ RunTime:0.0000s ]
ERR: SQLSTATE[42S22]: Column not found: 1054 Unknown column 'id' in 'where clause'

[ 2015-07-16T21:30:08+08:00 ] ::1 /Jd/index.php/Admin/Logout/editPwd.html
INFO: [ app_begin ] --START--
INFO: Run Behavior\ReadHtmlCacheBehavior [ RunTime:0.001000s ]
INFO: [ app_begin ] --END-- [ RunTime:0.002000s ]
SQL: SHOW COLUMNS FROM `jd_admin` [ RunTime:0.0000s ]
SQL: SELECT * FROM `jd_admin` WHERE `admin_id` = 1 AND `password` = '21232f297a57a5a743894a0e4a801fc3' LIMIT 1   [ RunTime:0.0010s ]
ERR: SQLSTATE[42S22]: Column not found: 1054 Unknown column 'id' in 'where clause'

[ 2015-07-16T21:30:51+08:00 ] ::1 /Jd/index.php/Admin/Logout/editPwd.html
INFO: [ app_begin ] --START--
INFO: Run Behavior\ReadHtmlCacheBehavior [ RunTime:0.000000s ]
INFO: [ app_begin ] --END-- [ RunTime:0.015600s ]
SQL: SHOW COLUMNS FROM `jd_admin` [ RunTime:0.0156s ]
SQL: SELECT * FROM `jd_admin` WHERE `admin_id` = 1 AND `password` = '21232f297a57a5a743894a0e4a801fc3' LIMIT 1   [ RunTime:0.0000s ]

[ 2015-07-16T21:33:08+08:00 ] ::1 /Jd/index.php/Admin/Logout/editPwd.html
INFO: [ app_begin ] --START--
INFO: Run Behavior\ReadHtmlCacheBehavior [ RunTime:0.000000s ]
INFO: [ app_begin ] --END-- [ RunTime:0.000000s ]
SQL: SHOW COLUMNS FROM `jd_admin` [ RunTime:0.0156s ]
SQL: SELECT * FROM `jd_admin` WHERE `admin_id` = 1 AND `password` = '21232f297a57a5a743894a0e4a801fc3' LIMIT 1   [ RunTime:0.0000s ]
ERR: SQLSTATE[42S22]: Column not found: 1054 Unknown column 'id' in 'where clause'

[ 2015-07-16T21:33:12+08:00 ] ::1 /Jd/index.php/Admin/Logout/editPwd.html
INFO: [ app_begin ] --START--
INFO: Run Behavior\ReadHtmlCacheBehavior [ RunTime:0.000000s ]
INFO: [ app_begin ] --END-- [ RunTime:0.001000s ]
SQL: SHOW COLUMNS FROM `jd_admin` [ RunTime:0.0000s ]
SQL: SELECT * FROM `jd_admin` WHERE `admin_id` = 1 AND `password` = '21232f297a57a5a743894a0e4a801fc3' LIMIT 1   [ RunTime:0.0156s ]
ERR: SQLSTATE[42S22]: Column not found: 1054 Unknown column 'id' in 'where clause'

[ 2015-07-16T21:34:07+08:00 ] ::1 /Jd/index.php/Admin/Logout/editPwd.html
INFO: [ app_begin ] --START--
INFO: Run Behavior\ReadHtmlCacheBehavior [ RunTime:0.000000s ]
INFO: [ app_begin ] --END-- [ RunTime:0.000000s ]
SQL: SHOW COLUMNS FROM `jd_admin` [ RunTime:0.0000s ]
SQL: SELECT * FROM `jd_admin` WHERE `admin_id` = 1 AND `password` = '21232f297a57a5a743894a0e4a801fc3' LIMIT 1   [ RunTime:0.0000s ]
ERR: SQLSTATE[42S22]: Column not found: 1054 Unknown column 'id' in 'where clause'

[ 2015-07-16T21:36:20+08:00 ] ::1 /Jd/index.php/Admin/Logout/editPwd.html
INFO: [ app_begin ] --START--
INFO: Run Behavior\ReadHtmlCacheBehavior [ RunTime:0.001000s ]
INFO: [ app_begin ] --END-- [ RunTime:0.002000s ]
SQL: SHOW COLUMNS FROM `jd_admin` [ RunTime:0.0130s ]
SQL: SELECT * FROM `jd_admin` WHERE `admin_id` = 1 AND `password` = '21232f297a57a5a743894a0e4a801fc3' LIMIT 1   [ RunTime:0.0010s ]
ERR: SQLSTATE[42S22]: Column not found: 1054 Unknown column 'id' in 'where clause'

[ 2015-07-16T21:37:09+08:00 ] ::1 /Jd/index.php/Admin/Logout/editPwd.html
INFO: [ app_begin ] --START--
INFO: Run Behavior\ReadHtmlCacheBehavior [ RunTime:0.001001s ]
INFO: [ app_begin ] --END-- [ RunTime:0.001001s ]
SQL: SHOW COLUMNS FROM `jd_admin` [ RunTime:0.0156s ]
SQL: SELECT * FROM `jd_admin` WHERE `admin_id` = 1 AND `password` = '21232f297a57a5a743894a0e4a801fc3' LIMIT 1   [ RunTime:0.0000s ]

[ 2015-07-16T21:38:11+08:00 ] ::1 /Jd/index.php/Admin/Logout/editPwd.html
INFO: [ app_begin ] --START--
INFO: Run Behavior\ReadHtmlCacheBehavior [ RunTime:0.000000s ]
INFO: [ app_begin ] --END-- [ RunTime:0.015600s ]
SQL: SHOW COLUMNS FROM `jd_admin` [ RunTime:0.0156s ]
SQL: SELECT * FROM `jd_admin` WHERE `admin_id` = 1 AND `password` = '21232f297a57a5a743894a0e4a801fc3' LIMIT 1   [ RunTime:0.0000s ]
ERR: SQLSTATE[42S22]: Column not found: 1054 Unknown column 'id' in 'where clause'

[ 2015-07-16T21:40:38+08:00 ] ::1 /Jd/index.php/Admin/Logout/editPwd.html
INFO: [ app_begin ] --START--
INFO: Run Behavior\ReadHtmlCacheBehavior [ RunTime:0.000000s ]
INFO: [ app_begin ] --END-- [ RunTime:0.000000s ]
SQL: SHOW COLUMNS FROM `jd_admin` [ RunTime:0.0156s ]
SQL: SELECT * FROM `jd_admin` WHERE `admin_id` = 1 AND `password` = '21232f297a57a5a743894a0e4a801fc3' LIMIT 1   [ RunTime:0.0000s ]
SQL: UPDATE `jd_admin` SET `password`='0cc175b9c0f1b6a831c399e269772661' WHERE ( admin_id=1 ) [ RunTime:0.0468s ]

[ 2015-07-16T21:42:07+08:00 ] ::1 /Jd/index.php/Admin/Login/loginHandle.html
INFO: [ app_begin ] --START--
INFO: Run Behavior\ReadHtmlCacheBehavior [ RunTime:0.000000s ]
INFO: [ app_begin ] --END-- [ RunTime:0.000000s ]
SQL: SHOW COLUMNS FROM `jd_admin` [ RunTime:0.0000s ]
SQL: SELECT * FROM `jd_admin` WHERE `admin_name` = 'admin' AND `password` = '47bce5c74f589f4867dbd57e9ca9f808' AND `status` = 1 LIMIT 1   [ RunTime:0.0000s ]

[ 2015-07-16T21:42:28+08:00 ] ::1 /Jd/index.php/Admin/Login/loginHandle.html
INFO: [ app_begin ] --START--
INFO: Run Behavior\ReadHtmlCacheBehavior [ RunTime:0.000000s ]
INFO: [ app_begin ] --END-- [ RunTime:0.000000s ]
SQL: SHOW COLUMNS FROM `jd_admin` [ RunTime:0.0000s ]
SQL: SELECT * FROM `jd_admin` WHERE `admin_name` = 'admin' AND `password` = '202cb962ac59075b964b07152d234b70' AND `status` = 1 LIMIT 1   [ RunTime:0.0156s ]

[ 2015-07-16T21:42:41+08:00 ] ::1 /Jd/index.php/Admin/Login/loginHandle.html
INFO: [ app_begin ] --START--
INFO: Run Behavior\ReadHtmlCacheBehavior [ RunTime:0.000000s ]
INFO: [ app_begin ] --END-- [ RunTime:0.000000s ]
SQL: SHOW COLUMNS FROM `jd_admin` [ RunTime:0.0000s ]
SQL: SELECT * FROM `jd_admin` WHERE `admin_name` = 'admin' AND `password` = '0cc175b9c0f1b6a831c399e269772661' AND `status` = 1 LIMIT 1   [ RunTime:0.0156s ]

[ 2015-07-16T21:42:53+08:00 ] ::1 /Jd/index.php/Admin/Logout/editPwd.html
INFO: [ app_begin ] --START--
INFO: Run Behavior\ReadHtmlCacheBehavior [ RunTime:0.000000s ]
INFO: [ app_begin ] --END-- [ RunTime:0.000000s ]
SQL: SHOW COLUMNS FROM `jd_admin` [ RunTime:0.0130s ]
SQL: SELECT * FROM `jd_admin` WHERE `admin_id` = 1 AND `password` = '21232f297a57a5a743894a0e4a801fc3' LIMIT 1   [ RunTime:0.0010s ]

[ 2015-07-16T21:42:59+08:00 ] ::1 /Jd/index.php/Admin/Logout/editPwd.html
INFO: [ app_begin ] --START--
INFO: Run Behavior\ReadHtmlCacheBehavior [ RunTime:0.000000s ]
INFO: [ app_begin ] --END-- [ RunTime:0.000000s ]
SQL: SHOW COLUMNS FROM `jd_admin` [ RunTime:0.0000s ]
SQL: SELECT * FROM `jd_admin` WHERE `admin_id` = 1 AND `password` = '0cc175b9c0f1b6a831c399e269772661' LIMIT 1   [ RunTime:0.0156s ]
SQL: UPDATE `jd_admin` SET `password`='21232f297a57a5a743894a0e4a801fc3' WHERE ( admin_id=1 ) [ RunTime:0.0000s ]

[ 2015-07-16T21:43:06+08:00 ] ::1 /Jd/index.php/Admin/Login/login.html
ERR: 非法操作:login

[ 2015-07-16T21:45:22+08:00 ] ::1 /Jd/index.php/Admin/Login/loginHandle.html
INFO: [ app_begin ] --START--
INFO: Run Behavior\ReadHtmlCacheBehavior [ RunTime:0.001000s ]
INFO: [ app_begin ] --END-- [ RunTime:0.001000s ]
SQL: SHOW COLUMNS FROM `jd_admin` [ RunTime:0.0440s ]
SQL: SELECT * FROM `jd_admin` WHERE `admin_name` = 'admin' AND `password` = '21232f297a57a5a743894a0e4a801fc3' AND `status` = 1 LIMIT 1   [ RunTime:0.0000s ]

[ 2015-07-16T21:45:33+08:00 ] ::1 /Jd/index.php/Admin/Logout/editPwd.html
INFO: [ app_begin ] --START--
INFO: Run Behavior\ReadHtmlCacheBehavior [ RunTime:0.000000s ]
INFO: [ app_begin ] --END-- [ RunTime:0.000000s ]
SQL: SHOW COLUMNS FROM `jd_admin` [ RunTime:0.0156s ]
SQL: SELECT * FROM `jd_admin` WHERE `admin_id` = 1 AND `password` = '60eb0f73e33ce3ffd4e51d974447db53' LIMIT 1   [ RunTime:0.0000s ]

[ 2015-07-16T21:46:09+08:00 ] ::1 /Jd/index.php/Admin/Logout/editPwd.html
INFO: [ app_begin ] --START--
INFO: Run Behavior\ReadHtmlCacheBehavior [ RunTime:0.000000s ]
INFO: [ app_begin ] --END-- [ RunTime:0.000000s ]
SQL: SHOW COLUMNS FROM `jd_admin` [ RunTime:0.0156s ]
SQL: SELECT * FROM `jd_admin` WHERE `admin_id` = 1 AND `password` = '60eb0f73e33ce3ffd4e51d974447db53' LIMIT 1   [ RunTime:0.0000s ]

[ 2015-07-16T21:46:13+08:00 ] ::1 /Jd/index.php/Admin/Logout/editPwd.html
INFO: [ app_begin ] --START--
INFO: Run Behavior\ReadHtmlCacheBehavior [ RunTime:0.000000s ]
INFO: [ app_begin ] --END-- [ RunTime:0.000000s ]
SQL: SHOW COLUMNS FROM `jd_admin` [ RunTime:0.0000s ]
SQL: SELECT * FROM `jd_admin` WHERE `admin_id` = 1 AND `password` = '21232f297a57a5a743894a0e4a801fc3' LIMIT 1   [ RunTime:0.0156s ]
SQL: UPDATE `jd_admin` SET `password`='0cc175b9c0f1b6a831c399e269772661' WHERE ( admin_id=1 ) [ RunTime:0.0000s ]

[ 2015-07-16T21:47:20+08:00 ] ::1 /Jd/index.php/Admin/Login/loginHandle.html
INFO: [ app_begin ] --START--
INFO: Run Behavior\ReadHtmlCacheBehavior [ RunTime:0.000000s ]
INFO: [ app_begin ] --END-- [ RunTime:0.000000s ]
SQL: SHOW COLUMNS FROM `jd_admin` [ RunTime:0.0156s ]
SQL: SELECT * FROM `jd_admin` WHERE `admin_name` = 'admin' AND `password` = '21232f297a57a5a743894a0e4a801fc3' AND `status` = 1 LIMIT 1   [ RunTime:0.0000s ]

[ 2015-07-16T21:47:29+08:00 ] ::1 /Jd/index.php/Admin/Login/loginHandle.html
INFO: [ app_begin ] --START--
INFO: Run Behavior\ReadHtmlCacheBehavior [ RunTime:0.000000s ]
INFO: [ app_begin ] --END-- [ RunTime:0.000000s ]
SQL: SHOW COLUMNS FROM `jd_admin` [ RunTime:0.0156s ]
SQL: SELECT * FROM `jd_admin` WHERE `admin_name` = 'admin' AND `password` = '0cc175b9c0f1b6a831c399e269772661' AND `status` = 1 LIMIT 1   [ RunTime:0.0000s ]

[ 2015-07-16T22:30:03+08:00 ] ::1 /Jd/index.php/Admin/Logout/editPwd.html
INFO: [ app_begin ] --START--
INFO: Run Behavior\ReadHtmlCacheBehavior [ RunTime:0.000000s ]
INFO: [ app_begin ] --END-- [ RunTime:0.015600s ]
SQL: SHOW COLUMNS FROM `jd_admin` [ RunTime:0.0156s ]
SQL: SELECT * FROM `jd_admin` WHERE `admin_id` = 1 AND `password` = '0cc175b9c0f1b6a831c399e269772661' LIMIT 1   [ RunTime:0.0000s ]
SQL: UPDATE `jd_admin` SET `password`='21232f297a57a5a743894a0e4a801fc3' WHERE ( admin_id=1 ) [ RunTime:0.0000s ]

[ 2015-07-16T22:30:36+08:00 ] ::1 /Jd/index.php/Admin/Login/loginHandle.html
INFO: [ app_begin ] --START--
INFO: Run Behavior\ReadHtmlCacheBehavior [ RunTime:0.001000s ]
INFO: [ app_begin ] --END-- [ RunTime:0.001000s ]
SQL: SHOW COLUMNS FROM `jd_admin` [ RunTime:0.0156s ]
SQL: SELECT * FROM `jd_admin` WHERE `admin_name` = 'admin' AND `password` = '21232f297a57a5a743894a0e4a801fc3' AND `status` = 1 LIMIT 1   [ RunTime:0.0000s ]

[ 2015-07-16T22:30:46+08:00 ] ::1 /Jd/index.php/Admin/Logout/editPwd.html
INFO: [ app_begin ] --START--
INFO: Run Behavior\ReadHtmlCacheBehavior [ RunTime:0.000000s ]
INFO: [ app_begin ] --END-- [ RunTime:0.000000s ]
SQL: SHOW COLUMNS FROM `jd_admin` [ RunTime:0.0130s ]
SQL: SELECT * FROM `jd_admin` WHERE `admin_id` = 1 AND `password` = '21232f297a57a5a743894a0e4a801fc3' LIMIT 1   [ RunTime:0.0010s ]
SQL: UPDATE `jd_admin` SET `password`='47bce5c74f589f4867dbd57e9ca9f808' WHERE ( admin_id=1 ) [ RunTime:0.0000s ]

[ 2015-07-16T22:31:09+08:00 ] ::1 /Jd/index.php/Admin/Login/loginHandle.html
INFO: [ app_begin ] --START--
INFO: Run Behavior\ReadHtmlCacheBehavior [ RunTime:0.000000s ]
INFO: [ app_begin ] --END-- [ RunTime:0.000000s ]
SQL: SHOW COLUMNS FROM `jd_admin` [ RunTime:0.0000s ]
SQL: SELECT * FROM `jd_admin` WHERE `admin_name` = 'admin' AND `password` = '21232f297a57a5a743894a0e4a801fc3' AND `status` = 1 LIMIT 1   [ RunTime:0.0156s ]

[ 2015-07-16T22:31:18+08:00 ] ::1 /Jd/index.php/Admin/Login/loginHandle.html
INFO: [ app_begin ] --START--
INFO: Run Behavior\ReadHtmlCacheBehavior [ RunTime:0.000000s ]
INFO: [ app_begin ] --END-- [ RunTime:0.000000s ]
SQL: SHOW COLUMNS FROM `jd_admin` [ RunTime:0.0156s ]
SQL: SELECT * FROM `jd_admin` WHERE `admin_name` = 'admin' AND `password` = '21232f297a57a5a743894a0e4a801fc3' AND `status` = 1 LIMIT 1   [ RunTime:0.0000s ]

[ 2015-07-16T22:31:30+08:00 ] ::1 /Jd/index.php/Admin/Login/loginHandle.html
INFO: [ app_begin ] --START--
INFO: Run Behavior\ReadHtmlCacheBehavior [ RunTime:0.000000s ]
INFO: [ app_begin ] --END-- [ RunTime:0.000000s ]
SQL: SHOW COLUMNS FROM `jd_admin` [ RunTime:0.0156s ]
SQL: SELECT * FROM `jd_admin` WHERE `admin_name` = 'admin' AND `password` = '47bce5c74f589f4867dbd57e9ca9f808' AND `status` = 1 LIMIT 1   [ RunTime:0.0000s ]

[ 2015-07-16T22:31:50+08:00 ] ::1 /Jd/index.php/Admin/Logout/editPwd.html
INFO: [ app_begin ] --START--
INFO: Run Behavior\ReadHtmlCacheBehavior [ RunTime:0.000000s ]
INFO: [ app_begin ] --END-- [ RunTime:0.001000s ]
SQL: SHOW COLUMNS FROM `jd_admin` [ RunTime:0.0000s ]
SQL: SELECT * FROM `jd_admin` WHERE `admin_id` = 1 AND `password` = '47bce5c74f589f4867dbd57e9ca9f808' LIMIT 1   [ RunTime:0.0156s ]
SQL: UPDATE `jd_admin` SET `password`='21232f297a57a5a743894a0e4a801fc3' WHERE ( admin_id=1 ) [ RunTime:0.0000s ]

[ 2015-07-16T22:32:44+08:00 ] ::1 /Jd/index.php/Admin/Login/loginHandle.html
INFO: [ app_begin ] --START--
INFO: Run Behavior\ReadHtmlCacheBehavior [ RunTime:0.001000s ]
INFO: [ app_begin ] --END-- [ RunTime:0.002000s ]
SQL: SHOW COLUMNS FROM `jd_admin` [ RunTime:0.0156s ]
SQL: SELECT * FROM `jd_admin` WHERE `admin_name` = 'admin' AND `password` = '21232f297a57a5a743894a0e4a801fc3' AND `status` = 1 LIMIT 1   [ RunTime:0.0000s ]

[ 2015-07-16T22:33:05+08:00 ] ::1 /Jd/index.php/Admin/Logout/editPwd.html
INFO: [ app_begin ] --START--
INFO: Run Behavior\ReadHtmlCacheBehavior [ RunTime:0.000000s ]
INFO: [ app_begin ] --END-- [ RunTime:0.000000s ]
SQL: SHOW COLUMNS FROM `jd_admin` [ RunTime:0.0156s ]
SQL: SELECT * FROM `jd_admin` WHERE `admin_id` = 1 AND `password` = '21232f297a57a5a743894a0e4a801fc3' LIMIT 1   [ RunTime:0.0000s ]
SQL: UPDATE `jd_admin` SET `password`='0cc175b9c0f1b6a831c399e269772661' WHERE ( admin_id=1 ) [ RunTime:0.0000s ]

[ 2015-07-16T22:33:23+08:00 ] ::1 /Jd/index.php/Admin/Login/loginHandle.html
INFO: [ app_begin ] --START--
INFO: Run Behavior\ReadHtmlCacheBehavior [ RunTime:0.000000s ]
INFO: [ app_begin ] --END-- [ RunTime:0.000000s ]
SQL: SHOW COLUMNS FROM `jd_admin` [ RunTime:0.0156s ]
SQL: SELECT * FROM `jd_admin` WHERE `admin_name` = 'admin' AND `password` = '0cc175b9c0f1b6a831c399e269772661' AND `status` = 1 LIMIT 1   [ RunTime:0.0000s ]

[ 2015-07-16T22:34:22+08:00 ] ::1 /Jd/index.php/Admin/Logout/logout.html
ERR: 非法操作:logout

[ 2015-07-16T22:44:29+08:00 ] ::1 /Jd/index.php/Admin/Logout/editPwd.html
INFO: [ app_begin ] --START--
INFO: Run Behavior\ReadHtmlCacheBehavior [ RunTime:0.001000s ]
INFO: [ app_begin ] --END-- [ RunTime:0.001000s ]
SQL: SHOW COLUMNS FROM `jd_admin` [ RunTime:0.0156s ]
SQL: SELECT * FROM `jd_admin` WHERE `admin_id` = 1 AND `password` = '5fc988e70310af19475690a51952cc87' LIMIT 1   [ RunTime:0.0000s ]

[ 2015-07-16T22:50:40+08:00 ] ::1 /Jd/index.php/Admin/Logout/editPwd.html
INFO: [ app_begin ] --START--
INFO: Run Behavior\ReadHtmlCacheBehavior [ RunTime:0.015600s ]
INFO: [ app_begin ] --END-- [ RunTime:0.015600s ]
SQL: SHOW COLUMNS FROM `jd_admin` [ RunTime:0.0156s ]
SQL: SELECT * FROM `jd_admin` WHERE `admin_id` = 1 AND `password` = '28a9492f23a8a2b19291e46ea7ee8ae1' LIMIT 1   [ RunTime:0.0000s ]

[ 2015-07-16T22:50:48+08:00 ] ::1 /Jd/index.php/Admin/Logout/editPwd.html
INFO: [ app_begin ] --START--
INFO: Run Behavior\ReadHtmlCacheBehavior [ RunTime:0.001000s ]
INFO: [ app_begin ] --END-- [ RunTime:0.001000s ]
SQL: SHOW COLUMNS FROM `jd_admin` [ RunTime:0.0156s ]
SQL: SELECT * FROM `jd_admin` WHERE `admin_id` = 1 AND `password` = '28a9492f23a8a2b19291e46ea7ee8ae1' LIMIT 1   [ RunTime:0.0000s ]

[ 2015-07-16T22:50:53+08:00 ] ::1 /Jd/index.php/Admin/Logout/editPwd.html
INFO: [ app_begin ] --START--
INFO: Run Behavior\ReadHtmlCacheBehavior [ RunTime:0.000000s ]
INFO: [ app_begin ] --END-- [ RunTime:0.015600s ]
SQL: SHOW COLUMNS FROM `jd_admin` [ RunTime:0.0156s ]
SQL: SELECT * FROM `jd_admin` WHERE `admin_id` = 1 AND `password` = '47bce5c74f589f4867dbd57e9ca9f808' LIMIT 1   [ RunTime:0.0000s ]

[ 2015-07-16T22:51:00+08:00 ] ::1 /Jd/index.php/Admin/Logout/editPwd.html
INFO: [ app_begin ] --START--
INFO: Run Behavior\ReadHtmlCacheBehavior [ RunTime:0.000000s ]
INFO: [ app_begin ] --END-- [ RunTime:0.000000s ]
SQL: SHOW COLUMNS FROM `jd_admin` [ RunTime:0.0156s ]
SQL: SELECT * FROM `jd_admin` WHERE `admin_id` = 1 AND `password` = '21232f297a57a5a743894a0e4a801fc3' LIMIT 1   [ RunTime:0.0000s ]

[ 2015-07-16T22:51:09+08:00 ] ::1 /Jd/index.php/Admin/Logout/editPwd.html
INFO: [ app_begin ] --START--
INFO: Run Behavior\ReadHtmlCacheBehavior [ RunTime:0.000000s ]
INFO: [ app_begin ] --END-- [ RunTime:0.000000s ]
SQL: SHOW COLUMNS FROM `jd_admin` [ RunTime:0.0000s ]
SQL: SELECT * FROM `jd_admin` WHERE `admin_id` = 1 AND `password` = '0cc175b9c0f1b6a831c399e269772661' LIMIT 1   [ RunTime:0.0000s ]
SQL: UPDATE `jd_admin` SET `password`='47bce5c74f589f4867dbd57e9ca9f808' WHERE ( admin_id=1 ) [ RunTime:0.0000s ]

[ 2015-07-16T22:51:26+08:00 ] ::1 /Jd/index.php/Admin/Login/loginHandle.html
INFO: [ app_begin ] --START--
INFO: Run Behavior\ReadHtmlCacheBehavior [ RunTime:0.000000s ]
INFO: [ app_begin ] --END-- [ RunTime:0.000000s ]
SQL: SHOW COLUMNS FROM `jd_admin` [ RunTime:0.0156s ]
SQL: SELECT * FROM `jd_admin` WHERE `admin_name` = 'admin' AND `password` = '4124bc0a9335c27f086f24ba207a4912' AND `status` = 1 LIMIT 1   [ RunTime:0.0000s ]

[ 2015-07-16T22:51:41+08:00 ] ::1 /Jd/index.php/Admin/Login/loginHandle.html
INFO: [ app_begin ] --START--
INFO: Run Behavior\ReadHtmlCacheBehavior [ RunTime:0.000000s ]
INFO: [ app_begin ] --END-- [ RunTime:0.015600s ]
SQL: SHOW COLUMNS FROM `jd_admin` [ RunTime:0.0156s ]
SQL: SELECT * FROM `jd_admin` WHERE `admin_name` = 'admin' AND `password` = '47bce5c74f589f4867dbd57e9ca9f808' AND `status` = 1 LIMIT 1   [ RunTime:0.0000s ]

[ 2015-07-16T22:57:35+08:00 ] ::1 /Jd/index.php/Admin/Logout/U(
ERR: 非法操作:U(

[ 2015-07-16T22:59:00+08:00 ] ::1 /Jd/index.php/Admin/Logout/U(
ERR: 非法操作:U(

[ 2015-07-16T22:59:31+08:00 ] ::1 /Jd/index.php/Admin/Logout/
ERR: 非法操作:index

[ 2015-07-16T22:59:54+08:00 ] ::1 /Jd/index.php/Admin/Login/loginHandle.html
INFO: [ app_begin ] --START--
INFO: Run Behavior\ReadHtmlCacheBehavior [ RunTime:0.000000s ]
INFO: [ app_begin ] --END-- [ RunTime:0.001000s ]
SQL: SHOW COLUMNS FROM `jd_admin` [ RunTime:0.0366s ]
SQL: SELECT * FROM `jd_admin` WHERE `admin_name` = 'admin' AND `password` = '4124bc0a9335c27f086f24ba207a4912' AND `status` = 1 LIMIT 1   [ RunTime:0.0020s ]

[ 2015-07-16T23:00:04+08:00 ] ::1 /Jd/index.php/Admin/Login/loginHandle.html
INFO: [ app_begin ] --START--
INFO: Run Behavior\ReadHtmlCacheBehavior [ RunTime:0.000000s ]
INFO: [ app_begin ] --END-- [ RunTime:0.000000s ]
SQL: SHOW COLUMNS FROM `jd_admin` [ RunTime:0.0000s ]
SQL: SELECT * FROM `jd_admin` WHERE `admin_name` = 'admin' AND `password` = '47bce5c74f589f4867dbd57e9ca9f808' AND `status` = 1 LIMIT 1   [ RunTime:0.0000s ]

[ 2015-07-16T23:00:50+08:00 ] ::1 /Jd/index.php/Admin/Login/loginHandle.html
INFO: [ app_begin ] --START--
INFO: Run Behavior\ReadHtmlCacheBehavior [ RunTime:0.001000s ]
INFO: [ app_begin ] --END-- [ RunTime:0.001000s ]
SQL: SHOW COLUMNS FROM `jd_admin` [ RunTime:0.0166s ]
SQL: SELECT * FROM `jd_admin` WHERE `admin_name` = 'admin' AND `password` = '47bce5c74f589f4867dbd57e9ca9f808' AND `status` = 1 LIMIT 1   [ RunTime:0.0000s ]

