[ 2015-07-21T08:33:28+08:00 ] ::1 /index.php/Home/register
ERR: 无法加载控制器:Register

[ 2015-07-21T08:44:05+08:00 ] ::1 /index.php/Index/checkMail.html
INFO: [ app_begin ] --START--
INFO: Run Behavior\ReadHtmlCacheBehavior [ RunTime:0.001000s ]
INFO: [ app_begin ] --END-- [ RunTime:0.001000s ]
SQL: SHOW COLUMNS FROM `jd_user` [ RunTime:0.2930s ]
SQL: SELECT user.user_name FROM `jd_user` `user`,`jd_user_details` `user_details` WHERE ( user.user_id=user_details.user_id AND user_details.email='11273548@qq.com' )  [ RunTime:0.1310s ]

[ 2015-07-21T08:44:10+08:00 ] ::1 /index.php/Index/checkVerify2.html
INFO: [ app_begin ] --START--
INFO: Run Behavior\ReadHtmlCacheBehavior [ RunTime:0.001000s ]
INFO: [ app_begin ] --END-- [ RunTime:0.001000s ]

[ 2015-07-21T08:44:13+08:00 ] ::1 /index.php/Index/setMail.html
INFO: [ app_begin ] --START--
INFO: Run Behavior\ReadHtmlCacheBehavior [ RunTime:0.001000s ]
INFO: [ app_begin ] --END-- [ RunTime:0.001000s ]
NOTIC: [2] rand() expects exactly 2 parameters, 1 given E:\Jd\shop_jd\Home\Controller\IndexController.class.php 第 82 行.
INFO: [ app_end ] --START--
INFO: Run Behavior\ShowPageTraceBehavior [ RunTime:0.002000s ]
INFO: [ app_end ] --END-- [ RunTime:0.002000s ]

[ 2015-07-21T08:51:02+08:00 ] ::1 /index.php/Index/checkVerify2.html
INFO: [ app_begin ] --START--
INFO: Run Behavior\ReadHtmlCacheBehavior [ RunTime:0.001001s ]
INFO: [ app_begin ] --END-- [ RunTime:0.001001s ]

[ 2015-07-21T08:51:04+08:00 ] ::1 /index.php/Index/checkVerify2.html
INFO: [ app_begin ] --START--
INFO: Run Behavior\ReadHtmlCacheBehavior [ RunTime:0.000000s ]
INFO: [ app_begin ] --END-- [ RunTime:0.000000s ]

[ 2015-07-21T08:51:14+08:00 ] ::1 /index.php/Index/checkVerify2.html
INFO: [ app_begin ] --START--
INFO: Run Behavior\ReadHtmlCacheBehavior [ RunTime:0.000000s ]
INFO: [ app_begin ] --END-- [ RunTime:0.000000s ]

[ 2015-07-21T08:51:19+08:00 ] ::1 /index.php/Index/setMail.html
INFO: [ app_begin ] --START--
INFO: Run Behavior\ReadHtmlCacheBehavior [ RunTime:0.001000s ]
INFO: [ app_begin ] --END-- [ RunTime:0.002000s ]
NOTIC: [2] rand() expects exactly 2 parameters, 1 given E:\Jd\shop_jd\Home\Controller\IndexController.class.php 第 82 行.
INFO: [ app_end ] --START--
INFO: Run Behavior\ShowPageTraceBehavior [ RunTime:0.000000s ]
INFO: [ app_end ] --END-- [ RunTime:0.000000s ]

[ 2015-07-21T08:53:00+08:00 ] ::1 /index.php/Index/checkMail.html
INFO: [ app_begin ] --START--
INFO: Run Behavior\ReadHtmlCacheBehavior [ RunTime:0.001000s ]
INFO: [ app_begin ] --END-- [ RunTime:0.001000s ]
SQL: SHOW COLUMNS FROM `jd_user` [ RunTime:0.0490s ]
SQL: SELECT user.user_name FROM `jd_user` `user`,`jd_user_details` `user_details` WHERE ( user.user_id=user_details.user_id AND user_details.email='11273548@qq.com' )  [ RunTime:0.0000s ]

[ 2015-07-21T08:53:05+08:00 ] ::1 /index.php/Index/checkVerify2.html
INFO: [ app_begin ] --START--
INFO: Run Behavior\ReadHtmlCacheBehavior [ RunTime:0.002000s ]
INFO: [ app_begin ] --END-- [ RunTime:0.002000s ]

[ 2015-07-21T08:54:09+08:00 ] ::1 /index.php/Index/checkMail.html
INFO: [ app_begin ] --START--
INFO: Run Behavior\ReadHtmlCacheBehavior [ RunTime:0.001000s ]
INFO: [ app_begin ] --END-- [ RunTime:0.002000s ]
SQL: SHOW COLUMNS FROM `jd_user` [ RunTime:0.0050s ]
SQL: SELECT user.user_name FROM `jd_user` `user`,`jd_user_details` `user_details` WHERE ( user.user_id=user_details.user_id AND user_details.email='11273548@qq.com' )  [ RunTime:0.0010s ]

[ 2015-07-21T08:54:13+08:00 ] ::1 /index.php/Index/checkVerify2.html
INFO: [ app_begin ] --START--
INFO: Run Behavior\ReadHtmlCacheBehavior [ RunTime:0.000000s ]
INFO: [ app_begin ] --END-- [ RunTime:0.001000s ]

[ 2015-07-21T08:54:19+08:00 ] ::1 /index.php/Index/checkVerify2.html
INFO: [ app_begin ] --START--
INFO: Run Behavior\ReadHtmlCacheBehavior [ RunTime:0.001000s ]
INFO: [ app_begin ] --END-- [ RunTime:0.001000s ]

[ 2015-07-21T08:54:27+08:00 ] ::1 /index.php/Index/checkVerify2.html
INFO: [ app_begin ] --START--
INFO: Run Behavior\ReadHtmlCacheBehavior [ RunTime:0.001000s ]
INFO: [ app_begin ] --END-- [ RunTime:0.001000s ]

[ 2015-07-21T08:54:29+08:00 ] ::1 /index.php/Index/checkVerify2.html
INFO: [ app_begin ] --START--
INFO: Run Behavior\ReadHtmlCacheBehavior [ RunTime:0.001000s ]
INFO: [ app_begin ] --END-- [ RunTime:0.002000s ]

[ 2015-07-21T08:54:37+08:00 ] ::1 /index.php/Index/checkVerify2.html
INFO: [ app_begin ] --START--
INFO: Run Behavior\ReadHtmlCacheBehavior [ RunTime:0.001000s ]
INFO: [ app_begin ] --END-- [ RunTime:0.002000s ]

[ 2015-07-21T08:55:02+08:00 ] ::1 /index.php/Index/checkMail.html
INFO: [ app_begin ] --START--
INFO: Run Behavior\ReadHtmlCacheBehavior [ RunTime:0.000000s ]
INFO: [ app_begin ] --END-- [ RunTime:0.001000s ]
SQL: SHOW COLUMNS FROM `jd_user` [ RunTime:0.4780s ]
SQL: SELECT user.user_name FROM `jd_user` `user`,`jd_user_details` `user_details` WHERE ( user.user_id=user_details.user_id AND user_details.email='11273548@qq.com' )  [ RunTime:0.0010s ]

[ 2015-07-21T08:55:05+08:00 ] ::1 /index.php/Index/checkVerify2.html
INFO: [ app_begin ] --START--
INFO: Run Behavior\ReadHtmlCacheBehavior [ RunTime:0.001000s ]
INFO: [ app_begin ] --END-- [ RunTime:0.001000s ]

[ 2015-07-21T08:55:52+08:00 ] ::1 /index.php/Index/checkVerify2.html
INFO: [ app_begin ] --START--
INFO: Run Behavior\ReadHtmlCacheBehavior [ RunTime:0.001000s ]
INFO: [ app_begin ] --END-- [ RunTime:0.001000s ]

[ 2015-07-21T08:55:55+08:00 ] ::1 /index.php/Index/checkVerify2.html
INFO: [ app_begin ] --START--
INFO: Run Behavior\ReadHtmlCacheBehavior [ RunTime:0.001000s ]
INFO: [ app_begin ] --END-- [ RunTime:0.003000s ]

[ 2015-07-21T08:56:08+08:00 ] ::1 /index.php/Index/checkMail.html
INFO: [ app_begin ] --START--
INFO: Run Behavior\ReadHtmlCacheBehavior [ RunTime:0.001000s ]
INFO: [ app_begin ] --END-- [ RunTime:0.002000s ]
SQL: SHOW COLUMNS FROM `jd_user` [ RunTime:0.0060s ]
SQL: SELECT user.user_name FROM `jd_user` `user`,`jd_user_details` `user_details` WHERE ( user.user_id=user_details.user_id AND user_details.email='11273548@qq.com' )  [ RunTime:0.0000s ]

[ 2015-07-21T08:56:10+08:00 ] ::1 /index.php/Index/checkVerify2.html
INFO: [ app_begin ] --START--
INFO: Run Behavior\ReadHtmlCacheBehavior [ RunTime:0.000000s ]
INFO: [ app_begin ] --END-- [ RunTime:0.001000s ]

[ 2015-07-21T08:56:15+08:00 ] ::1 /index.php/Index/checkVerify2.html
INFO: [ app_begin ] --START--
INFO: Run Behavior\ReadHtmlCacheBehavior [ RunTime:0.001000s ]
INFO: [ app_begin ] --END-- [ RunTime:0.001000s ]

[ 2015-07-21T08:58:27+08:00 ] ::1 /index.php/Index/checkMail.html
INFO: [ app_begin ] --START--
INFO: Run Behavior\ReadHtmlCacheBehavior [ RunTime:0.001000s ]
INFO: [ app_begin ] --END-- [ RunTime:0.001000s ]
SQL: SHOW COLUMNS FROM `jd_user` [ RunTime:0.0060s ]
SQL: SELECT user.user_name FROM `jd_user` `user`,`jd_user_details` `user_details` WHERE ( user.user_id=user_details.user_id AND user_details.email='11273548@qq.com' )  [ RunTime:0.0000s ]

[ 2015-07-21T08:58:30+08:00 ] ::1 /index.php/Index/checkVerify2.html
INFO: [ app_begin ] --START--
INFO: Run Behavior\ReadHtmlCacheBehavior [ RunTime:0.000000s ]
INFO: [ app_begin ] --END-- [ RunTime:0.001000s ]

[ 2015-07-21T08:58:33+08:00 ] ::1 /index.php/Index/setMail.html
INFO: [ app_begin ] --START--
INFO: Run Behavior\ReadHtmlCacheBehavior [ RunTime:0.001000s ]
INFO: [ app_begin ] --END-- [ RunTime:0.001000s ]
NOTIC: [2] rand() expects exactly 2 parameters, 1 given E:\Jd\shop_jd\Home\Controller\IndexController.class.php 第 82 行.
INFO: [ app_end ] --START--
INFO: Run Behavior\ShowPageTraceBehavior [ RunTime:0.001000s ]
INFO: [ app_end ] --END-- [ RunTime:0.001000s ]

[ 2015-07-21T09:01:17+08:00 ] ::1 /index.php/Index/checkRegister.html
INFO: [ app_begin ] --START--
INFO: Run Behavior\ReadHtmlCacheBehavior [ RunTime:0.000000s ]
INFO: [ app_begin ] --END-- [ RunTime:0.000000s ]
SQL: SHOW COLUMNS FROM `jd_user` [ RunTime:0.0000s ]
SQL: SELECT `user_id` FROM `jd_user` WHERE `user_name` = 'twins49' LIMIT 1   [ RunTime:0.2000s ]

[ 2015-07-21T09:01:29+08:00 ] ::1 /index.php/Index/checkRegister.html
INFO: [ app_begin ] --START--
INFO: Run Behavior\ReadHtmlCacheBehavior [ RunTime:0.001000s ]
INFO: [ app_begin ] --END-- [ RunTime:0.001000s ]
SQL: SHOW COLUMNS FROM `jd_user` [ RunTime:0.0000s ]
SQL: SELECT `user_id` FROM `jd_user` WHERE `user_name` = 'twins49' LIMIT 1   [ RunTime:0.0000s ]

[ 2015-07-21T09:01:41+08:00 ] ::1 /index.php/Index/checkRegister.html
INFO: [ app_begin ] --START--
INFO: Run Behavior\ReadHtmlCacheBehavior [ RunTime:0.001000s ]
INFO: [ app_begin ] --END-- [ RunTime:0.001000s ]
SQL: SHOW COLUMNS FROM `jd_user` [ RunTime:0.0070s ]
SQL: SELECT `user_id` FROM `jd_user` WHERE `user_name` = 'twins4950' LIMIT 1   [ RunTime:0.0000s ]

[ 2015-07-21T09:02:02+08:00 ] ::1 /index.php/Index/checkMail.html
INFO: [ app_begin ] --START--
INFO: Run Behavior\ReadHtmlCacheBehavior [ RunTime:0.000000s ]
INFO: [ app_begin ] --END-- [ RunTime:0.010000s ]
SQL: SHOW COLUMNS FROM `jd_user` [ RunTime:0.0400s ]
SQL: SELECT user.user_name FROM `jd_user` `user`,`jd_user_details` `user_details` WHERE ( user.user_id=user_details.user_id AND user_details.email='11273548@qq.com' )  [ RunTime:0.0000s ]

[ 2015-07-21T09:02:57+08:00 ] ::1 /index.php/Index/checkMail.html
INFO: [ app_begin ] --START--
INFO: Run Behavior\ReadHtmlCacheBehavior [ RunTime:0.000000s ]
INFO: [ app_begin ] --END-- [ RunTime:0.000000s ]
SQL: SHOW COLUMNS FROM `jd_user` [ RunTime:0.0000s ]
SQL: SELECT user.user_name FROM `jd_user` `user`,`jd_user_details` `user_details` WHERE ( user.user_id=user_details.user_id AND user_details.email='11273548@qq.com' )  [ RunTime:0.0000s ]

[ 2015-07-21T09:03:18+08:00 ] ::1 /index.php/Index/checkMail.html
INFO: [ app_begin ] --START--
INFO: Run Behavior\ReadHtmlCacheBehavior [ RunTime:0.000000s ]
INFO: [ app_begin ] --END-- [ RunTime:0.010000s ]
SQL: SHOW COLUMNS FROM `jd_user` [ RunTime:0.0200s ]
SQL: SELECT user.user_name FROM `jd_user` `user`,`jd_user_details` `user_details` WHERE ( user.user_id=user_details.user_id AND user_details.email='11273548@qq.com' )  [ RunTime:0.0000s ]

[ 2015-07-21T09:03:18+08:00 ] ::1 /index.php/Index/checkVerify2.html
INFO: [ app_begin ] --START--
INFO: Run Behavior\ReadHtmlCacheBehavior [ RunTime:0.000000s ]
INFO: [ app_begin ] --END-- [ RunTime:0.000000s ]

[ 2015-07-21T09:03:21+08:00 ] ::1 /index.php/Index/checkVerify2.html
INFO: [ app_begin ] --START--
INFO: Run Behavior\ReadHtmlCacheBehavior [ RunTime:0.001000s ]
INFO: [ app_begin ] --END-- [ RunTime:0.001000s ]

[ 2015-07-21T09:03:25+08:00 ] ::1 /index.php/Index/checkVerify2.html
INFO: [ app_begin ] --START--
INFO: Run Behavior\ReadHtmlCacheBehavior [ RunTime:0.000000s ]
INFO: [ app_begin ] --END-- [ RunTime:0.000000s ]

[ 2015-07-21T09:03:48+08:00 ] ::1 /index.php/Index/checkMail.html
INFO: [ app_begin ] --START--
INFO: Run Behavior\ReadHtmlCacheBehavior [ RunTime:0.000000s ]
INFO: [ app_begin ] --END-- [ RunTime:0.000000s ]
SQL: SHOW COLUMNS FROM `jd_user` [ RunTime:0.0050s ]
SQL: SELECT user.user_name FROM `jd_user` `user`,`jd_user_details` `user_details` WHERE ( user.user_id=user_details.user_id AND user_details.email='11273548@qq.com' )  [ RunTime:0.0000s ]

[ 2015-07-21T09:03:49+08:00 ] ::1 /index.php/Index/checkVerify2.html
INFO: [ app_begin ] --START--
INFO: Run Behavior\ReadHtmlCacheBehavior [ RunTime:0.001000s ]
INFO: [ app_begin ] --END-- [ RunTime:0.002000s ]

[ 2015-07-21T09:03:55+08:00 ] ::1 /index.php/Index/checkVerify2.html
INFO: [ app_begin ] --START--
INFO: Run Behavior\ReadHtmlCacheBehavior [ RunTime:0.000000s ]
INFO: [ app_begin ] --END-- [ RunTime:0.000000s ]

[ 2015-07-21T09:03:57+08:00 ] ::1 /index.php/Index/setMail.html
INFO: [ app_begin ] --START--
INFO: Run Behavior\ReadHtmlCacheBehavior [ RunTime:0.000000s ]
INFO: [ app_begin ] --END-- [ RunTime:0.000000s ]
NOTIC: [2] rand() expects exactly 2 parameters, 1 given E:\Jd\shop_jd\Home\Controller\IndexController.class.php 第 82 行.
INFO: [ app_end ] --START--
INFO: Run Behavior\ShowPageTraceBehavior [ RunTime:0.010000s ]
INFO: [ app_end ] --END-- [ RunTime:0.010000s ]

