[ 2015-07-20T09:44:42+08:00 ] ::1 /index.php/Index/checkRegister.html
INFO: [ app_begin ] --START--
INFO: Run Behavior\ReadHtmlCacheBehavior [ RunTime:0.000000s ]
INFO: [ app_begin ] --END-- [ RunTime:0.000000s ]
SQL: SHOW COLUMNS FROM `jd_user` [ RunTime:0.0156s ]
ERR: SQLSTATE[42S22]: Column not found: 1054 Unknown column 'twins49' in 'where clause'

[ 2015-07-20T09:47:29+08:00 ] ::1 /index.php/Index/checkRegister.html
INFO: [ app_begin ] --START--
INFO: Run Behavior\ReadHtmlCacheBehavior [ RunTime:0.000000s ]
INFO: [ app_begin ] --END-- [ RunTime:0.000000s ]
SQL: SHOW COLUMNS FROM `jd_user` [ RunTime:0.0050s ]
ERR: SQLSTATE[42S22]: Column not found: 1054 Unknown column 'twins49' in 'where clause'

[ 2015-07-20T09:49:08+08:00 ] ::1 /index.php/Index/checkRegister.html
INFO: [ app_begin ] --START--
INFO: Run Behavior\ReadHtmlCacheBehavior [ RunTime:0.000000s ]
INFO: [ app_begin ] --END-- [ RunTime:0.000000s ]
SQL: SHOW COLUMNS FROM `jd_user` [ RunTime:0.0050s ]
SQL: SELECT * FROM `jd_user` WHERE `user_name` = 'twins49'  [ RunTime:0.0000s ]
INFO: [ app_end ] --START--
INFO: Run Behavior\ShowPageTraceBehavior [ RunTime:0.000000s ]
INFO: [ app_end ] --END-- [ RunTime:0.000000s ]

[ 2015-07-20T09:49:39+08:00 ] ::1 /index.php/Index/checkRegister.html
INFO: [ app_begin ] --START--
INFO: Run Behavior\ReadHtmlCacheBehavior [ RunTime:0.000000s ]
INFO: [ app_begin ] --END-- [ RunTime:0.000000s ]
SQL: SHOW COLUMNS FROM `jd_user` [ RunTime:0.0000s ]
SQL: SELECT `user_id` FROM `jd_user` WHERE `user_name` = 'twins49' LIMIT 1   [ RunTime:0.0000s ]
INFO: [ app_end ] --START--
INFO: Run Behavior\ShowPageTraceBehavior [ RunTime:0.000000s ]
INFO: [ app_end ] --END-- [ RunTime:0.000000s ]

[ 2015-07-20T09:57:14+08:00 ] ::1 /index.php/Index/checkRegister.html
INFO: [ app_begin ] --START--
INFO: Run Behavior\ReadHtmlCacheBehavior [ RunTime:0.000000s ]
INFO: [ app_begin ] --END-- [ RunTime:0.000000s ]
SQL: SHOW COLUMNS FROM `jd_user` [ RunTime:0.0000s ]
SQL: SELECT `user_id` FROM `jd_user` WHERE `user_name` = 'twins49' LIMIT 1   [ RunTime:0.0000s ]

[ 2015-07-20T10:02:35+08:00 ] ::1 /index.php/Index/checkRegister.html
INFO: [ app_begin ] --START--
INFO: Run Behavior\ReadHtmlCacheBehavior [ RunTime:0.001000s ]
INFO: [ app_begin ] --END-- [ RunTime:0.002000s ]
SQL: SHOW COLUMNS FROM `jd_user` [ RunTime:0.0040s ]
SQL: SELECT `user_id` FROM `jd_user` WHERE `user_name` = 'twins49' LIMIT 1   [ RunTime:0.0000s ]

[ 2015-07-20T10:03:33+08:00 ] ::1 /index.php/Index/checkRegister.html
INFO: [ app_begin ] --START--
INFO: Run Behavior\ReadHtmlCacheBehavior [ RunTime:0.001000s ]
INFO: [ app_begin ] --END-- [ RunTime:0.001000s ]
SQL: SHOW COLUMNS FROM `jd_user` [ RunTime:0.0040s ]
SQL: SELECT `user_id` FROM `jd_user` WHERE `user_name` = 'twins49' LIMIT 1   [ RunTime:0.0000s ]

[ 2015-07-20T10:10:45+08:00 ] ::1 /index.php/Index/checkRegister.html
INFO: [ app_begin ] --START--
INFO: Run Behavior\ReadHtmlCacheBehavior [ RunTime:0.000000s ]
INFO: [ app_begin ] --END-- [ RunTime:0.000000s ]
SQL: SHOW COLUMNS FROM `jd_user` [ RunTime:0.0000s ]
SQL: SELECT `user_id` FROM `jd_user` WHERE `user_name` = 'twins49' LIMIT 1   [ RunTime:0.0000s ]

[ 2015-07-20T10:10:55+08:00 ] ::1 /index.php/Index/checkRegister.html
INFO: [ app_begin ] --START--
INFO: Run Behavior\ReadHtmlCacheBehavior [ RunTime:0.000000s ]
INFO: [ app_begin ] --END-- [ RunTime:0.000000s ]
SQL: SHOW COLUMNS FROM `jd_user` [ RunTime:0.0000s ]
SQL: SELECT `user_id` FROM `jd_user` WHERE `user_name` = 'twins49' LIMIT 1   [ RunTime:0.0000s ]

[ 2015-07-20T10:12:20+08:00 ] ::1 /index.php/Index/checkRegister.html
INFO: [ app_begin ] --START--
INFO: Run Behavior\ReadHtmlCacheBehavior [ RunTime:0.001000s ]
INFO: [ app_begin ] --END-- [ RunTime:0.001000s ]
SQL: SHOW COLUMNS FROM `jd_user` [ RunTime:0.0050s ]
SQL: SELECT `user_id` FROM `jd_user` WHERE `user_name` = 'twins49' LIMIT 1   [ RunTime:0.0010s ]

[ 2015-07-20T10:12:22+08:00 ] ::1 /index.php/Index/checkRegister.html
INFO: [ app_begin ] --START--
INFO: Run Behavior\ReadHtmlCacheBehavior [ RunTime:0.001000s ]
INFO: [ app_begin ] --END-- [ RunTime:0.002000s ]
SQL: SHOW COLUMNS FROM `jd_user` [ RunTime:0.0050s ]
SQL: SELECT `user_id` FROM `jd_user` WHERE `user_name` = 'twins49' LIMIT 1   [ RunTime:0.0000s ]

[ 2015-07-20T10:16:31+08:00 ] ::1 /index.php/Index/checkRegister.html
INFO: [ app_begin ] --START--
INFO: Run Behavior\ReadHtmlCacheBehavior [ RunTime:0.000000s ]
INFO: [ app_begin ] --END-- [ RunTime:0.001000s ]
SQL: SHOW COLUMNS FROM `jd_user` [ RunTime:0.0060s ]
SQL: SELECT `user_id` FROM `jd_user` WHERE `user_name` = 'twins49' LIMIT 1   [ RunTime:0.0010s ]

[ 2015-07-20T10:19:14+08:00 ] ::1 /index.php/Index/checkRegister.html
INFO: [ app_begin ] --START--
INFO: Run Behavior\ReadHtmlCacheBehavior [ RunTime:0.001000s ]
INFO: [ app_begin ] --END-- [ RunTime:0.001000s ]
SQL: SHOW COLUMNS FROM `jd_user` [ RunTime:0.0060s ]
SQL: SELECT `user_id` FROM `jd_user` WHERE `user_name` = 'twins49' LIMIT 1   [ RunTime:0.0000s ]

[ 2015-07-20T10:19:30+08:00 ] ::1 /index.php/Index/checkRegister.html
INFO: [ app_begin ] --START--
INFO: Run Behavior\ReadHtmlCacheBehavior [ RunTime:0.001000s ]
INFO: [ app_begin ] --END-- [ RunTime:0.002000s ]
SQL: SHOW COLUMNS FROM `jd_user` [ RunTime:0.0050s ]
SQL: SELECT `user_id` FROM `jd_user` WHERE `user_name` = 'twins49' LIMIT 1   [ RunTime:0.0000s ]

[ 2015-07-20T10:28:59+08:00 ] ::1 /index.php/Index/checkRegister.html
INFO: [ app_begin ] --START--
INFO: Run Behavior\ReadHtmlCacheBehavior [ RunTime:0.001000s ]
INFO: [ app_begin ] --END-- [ RunTime:0.001000s ]
SQL: SHOW COLUMNS FROM `jd_user` [ RunTime:0.0050s ]
SQL: SELECT `user_id` FROM `jd_user` WHERE `user_name` = 'twins49' LIMIT 1   [ RunTime:0.0000s ]

[ 2015-07-20T10:29:39+08:00 ] ::1 /index.php/Index/checkRegister.html
INFO: [ app_begin ] --START--
INFO: Run Behavior\ReadHtmlCacheBehavior [ RunTime:0.000000s ]
INFO: [ app_begin ] --END-- [ RunTime:0.001000s ]
SQL: SHOW COLUMNS FROM `jd_user` [ RunTime:0.0070s ]
SQL: SELECT `user_id` FROM `jd_user` WHERE `user_name` = 'twins49' LIMIT 1   [ RunTime:0.0000s ]

[ 2015-07-20T10:30:57+08:00 ] ::1 /index.php/Index/checkRegister.html
INFO: [ app_begin ] --START--
INFO: Run Behavior\ReadHtmlCacheBehavior [ RunTime:0.001000s ]
INFO: [ app_begin ] --END-- [ RunTime:0.001000s ]
SQL: SHOW COLUMNS FROM `jd_user` [ RunTime:0.0050s ]
SQL: SELECT `user_id` FROM `jd_user` WHERE `user_name` = 'twins49' LIMIT 1   [ RunTime:0.0000s ]

[ 2015-07-20T10:31:55+08:00 ] ::1 /index.php/Index/checkRegister.html
INFO: [ app_begin ] --START--
INFO: Run Behavior\ReadHtmlCacheBehavior [ RunTime:0.001000s ]
INFO: [ app_begin ] --END-- [ RunTime:0.001000s ]
SQL: SHOW COLUMNS FROM `jd_user` [ RunTime:0.0050s ]
SQL: SELECT `user_id` FROM `jd_user` WHERE `user_name` = 'twins49' LIMIT 1   [ RunTime:0.0020s ]

[ 2015-07-20T10:32:26+08:00 ] ::1 /index.php/Index/checkRegister.html
INFO: [ app_begin ] --START--
INFO: Run Behavior\ReadHtmlCacheBehavior [ RunTime:0.003000s ]
INFO: [ app_begin ] --END-- [ RunTime:0.003000s ]
SQL: SHOW COLUMNS FROM `jd_user` [ RunTime:0.0050s ]
SQL: SELECT `user_id` FROM `jd_user` WHERE `user_name` = 'twins49' LIMIT 1   [ RunTime:0.0000s ]

[ 2015-07-20T10:33:22+08:00 ] ::1 /index.php/Index/checkRegister.html
INFO: [ app_begin ] --START--
INFO: Run Behavior\ReadHtmlCacheBehavior [ RunTime:0.001000s ]
INFO: [ app_begin ] --END-- [ RunTime:0.001000s ]
SQL: SHOW COLUMNS FROM `jd_user` [ RunTime:0.0050s ]
SQL: SELECT `user_id` FROM `jd_user` WHERE `user_name` = 'twins49' LIMIT 1   [ RunTime:0.0020s ]

[ 2015-07-20T10:37:08+08:00 ] ::1 /index.php/Index/checkRegister.html
INFO: [ app_begin ] --START--
INFO: Run Behavior\ReadHtmlCacheBehavior [ RunTime:0.003000s ]
INFO: [ app_begin ] --END-- [ RunTime:0.004000s ]
SQL: SHOW COLUMNS FROM `jd_user` [ RunTime:0.0050s ]
SQL: SELECT `user_id` FROM `jd_user` WHERE `user_name` = 'twins49' LIMIT 1   [ RunTime:0.0000s ]

[ 2015-07-20T10:38:45+08:00 ] ::1 /index.php/Index/checkRegister.html
INFO: [ app_begin ] --START--
INFO: Run Behavior\ReadHtmlCacheBehavior [ RunTime:0.000000s ]
INFO: [ app_begin ] --END-- [ RunTime:0.001001s ]
SQL: SHOW COLUMNS FROM `jd_user` [ RunTime:0.0050s ]
SQL: SELECT `user_id` FROM `jd_user` WHERE `user_name` = 'twins495' LIMIT 1   [ RunTime:0.0000s ]

[ 2015-07-20T10:39:46+08:00 ] ::1 /index.php/Index/checkRegister.html
INFO: [ app_begin ] --START--
INFO: Run Behavior\ReadHtmlCacheBehavior [ RunTime:0.001000s ]
INFO: [ app_begin ] --END-- [ RunTime:0.001000s ]
SQL: SHOW COLUMNS FROM `jd_user` [ RunTime:0.0050s ]
SQL: SELECT `user_id` FROM `jd_user` WHERE `user_name` = 'twins495' LIMIT 1   [ RunTime:0.0000s ]

[ 2015-07-20T10:41:08+08:00 ] ::1 /index.php/Index/checkRegister.html
INFO: [ app_begin ] --START--
INFO: Run Behavior\ReadHtmlCacheBehavior [ RunTime:0.000000s ]
INFO: [ app_begin ] --END-- [ RunTime:0.001000s ]
SQL: SHOW COLUMNS FROM `jd_user` [ RunTime:0.0040s ]
SQL: SELECT `user_id` FROM `jd_user` WHERE `user_name` = 'twins495' LIMIT 1   [ RunTime:0.0000s ]

[ 2015-07-20T10:42:11+08:00 ] ::1 /index.php/Index/checkRegister.html
INFO: [ app_begin ] --START--
INFO: Run Behavior\ReadHtmlCacheBehavior [ RunTime:0.000000s ]
INFO: [ app_begin ] --END-- [ RunTime:0.001000s ]
SQL: SHOW COLUMNS FROM `jd_user` [ RunTime:0.0050s ]
SQL: SELECT `user_id` FROM `jd_user` WHERE `user_name` = 'twins495' LIMIT 1   [ RunTime:0.0000s ]

[ 2015-07-20T10:42:17+08:00 ] ::1 /index.php/Index/checkRegister.html
INFO: [ app_begin ] --START--
INFO: Run Behavior\ReadHtmlCacheBehavior [ RunTime:0.001000s ]
INFO: [ app_begin ] --END-- [ RunTime:0.001000s ]
SQL: SHOW COLUMNS FROM `jd_user` [ RunTime:0.0050s ]
SQL: SELECT `user_id` FROM `jd_user` WHERE `user_name` = 'twins495' LIMIT 1   [ RunTime:0.0000s ]

[ 2015-07-20T10:48:31+08:00 ] ::1 /index.php/Index/checkRegister.html
INFO: [ app_begin ] --START--
INFO: Run Behavior\ReadHtmlCacheBehavior [ RunTime:0.001000s ]
INFO: [ app_begin ] --END-- [ RunTime:0.001000s ]
SQL: SHOW COLUMNS FROM `jd_user` [ RunTime:0.0070s ]
SQL: SELECT `user_id` FROM `jd_user` WHERE `user_name` = '' LIMIT 1   [ RunTime:0.0000s ]

[ 2015-07-20T10:52:24+08:00 ] ::1 /index.php/Index/checkRegister.html
INFO: [ app_begin ] --START--
INFO: Run Behavior\ReadHtmlCacheBehavior [ RunTime:0.001000s ]
INFO: [ app_begin ] --END-- [ RunTime:0.002001s ]
SQL: SHOW COLUMNS FROM `jd_user` [ RunTime:0.0050s ]
SQL: SELECT `user_id` FROM `jd_user` WHERE `user_name` = '' LIMIT 1   [ RunTime:0.0000s ]

[ 2015-07-20T10:52:29+08:00 ] ::1 /index.php/Index/checkRegister.html
INFO: [ app_begin ] --START--
INFO: Run Behavior\ReadHtmlCacheBehavior [ RunTime:0.001000s ]
INFO: [ app_begin ] --END-- [ RunTime:0.001000s ]
SQL: SHOW COLUMNS FROM `jd_user` [ RunTime:0.0050s ]
SQL: SELECT `user_id` FROM `jd_user` WHERE `user_name` = '' LIMIT 1   [ RunTime:0.0000s ]

[ 2015-07-20T10:53:08+08:00 ] ::1 /index.php/Index/checkRegister.html
INFO: [ app_begin ] --START--
INFO: Run Behavior\ReadHtmlCacheBehavior [ RunTime:0.000000s ]
INFO: [ app_begin ] --END-- [ RunTime:0.002000s ]
SQL: SHOW COLUMNS FROM `jd_user` [ RunTime:0.0050s ]
SQL: SELECT `user_id` FROM `jd_user` WHERE `user_name` = '' LIMIT 1   [ RunTime:0.0010s ]

[ 2015-07-20T10:55:34+08:00 ] ::1 /index.php/Index/checkRegister.html
INFO: [ app_begin ] --START--
INFO: Run Behavior\ReadHtmlCacheBehavior [ RunTime:0.001000s ]
INFO: [ app_begin ] --END-- [ RunTime:0.002000s ]
SQL: SHOW COLUMNS FROM `jd_user` [ RunTime:0.0040s ]
SQL: SELECT `user_id` FROM `jd_user` WHERE `user_name` = 'ssss' LIMIT 1   [ RunTime:0.0000s ]

[ 2015-07-20T10:55:46+08:00 ] ::1 /index.php/Index/checkRegister.html
INFO: [ app_begin ] --START--
INFO: Run Behavior\ReadHtmlCacheBehavior [ RunTime:0.001000s ]
INFO: [ app_begin ] --END-- [ RunTime:0.001000s ]
SQL: SHOW COLUMNS FROM `jd_user` [ RunTime:0.0550s ]
SQL: SELECT `user_id` FROM `jd_user` WHERE `user_name` = 'twins49' LIMIT 1   [ RunTime:0.0010s ]

[ 2015-07-20T10:56:48+08:00 ] ::1 /index.php/Index/checkRegister.html
INFO: [ app_begin ] --START--
INFO: Run Behavior\ReadHtmlCacheBehavior [ RunTime:0.000000s ]
INFO: [ app_begin ] --END-- [ RunTime:0.001000s ]
SQL: SHOW COLUMNS FROM `jd_user` [ RunTime:0.0050s ]
SQL: SELECT `user_id` FROM `jd_user` WHERE `user_name` = 'twins49' LIMIT 1   [ RunTime:0.0000s ]

[ 2015-07-20T10:58:26+08:00 ] ::1 /index.php/Index/checkRegister.html
INFO: [ app_begin ] --START--
INFO: Run Behavior\ReadHtmlCacheBehavior [ RunTime:0.001000s ]
INFO: [ app_begin ] --END-- [ RunTime:0.001000s ]
SQL: SHOW COLUMNS FROM `jd_user` [ RunTime:0.0040s ]
SQL: SELECT `user_id` FROM `jd_user` WHERE `user_name` = 'twins49' LIMIT 1   [ RunTime:0.0000s ]

[ 2015-07-20T10:58:32+08:00 ] ::1 /index.php/Index/checkRegister.html
INFO: [ app_begin ] --START--
INFO: Run Behavior\ReadHtmlCacheBehavior [ RunTime:0.001001s ]
INFO: [ app_begin ] --END-- [ RunTime:0.001001s ]
SQL: SHOW COLUMNS FROM `jd_user` [ RunTime:0.0070s ]
SQL: SELECT `user_id` FROM `jd_user` WHERE `user_name` = 'twins4950' LIMIT 1   [ RunTime:0.0000s ]

[ 2015-07-20T10:58:36+08:00 ] ::1 /index.php/Index/checkRegister.html
INFO: [ app_begin ] --START--
INFO: Run Behavior\ReadHtmlCacheBehavior [ RunTime:0.001000s ]
INFO: [ app_begin ] --END-- [ RunTime:0.001000s ]
SQL: SHOW COLUMNS FROM `jd_user` [ RunTime:0.0040s ]
SQL: SELECT `user_id` FROM `jd_user` WHERE `user_name` = 'twins49' LIMIT 1   [ RunTime:0.0000s ]

[ 2015-07-20T11:00:26+08:00 ] ::1 /index.php/Index/checkRegister.html
INFO: [ app_begin ] --START--
INFO: Run Behavior\ReadHtmlCacheBehavior [ RunTime:0.001000s ]
INFO: [ app_begin ] --END-- [ RunTime:0.002000s ]
SQL: SHOW COLUMNS FROM `jd_user` [ RunTime:0.0040s ]
SQL: SELECT `user_id` FROM `jd_user` WHERE `user_name` = 'twins49' LIMIT 1   [ RunTime:0.0000s ]

[ 2015-07-20T11:00:31+08:00 ] ::1 /index.php/Index/checkRegister.html
INFO: [ app_begin ] --START--
INFO: Run Behavior\ReadHtmlCacheBehavior [ RunTime:0.001000s ]
INFO: [ app_begin ] --END-- [ RunTime:0.001000s ]
SQL: SHOW COLUMNS FROM `jd_user` [ RunTime:0.0040s ]
SQL: SELECT `user_id` FROM `jd_user` WHERE `user_name` = 'twins49' LIMIT 1   [ RunTime:0.0000s ]

[ 2015-07-20T11:14:56+08:00 ] ::1 /index.php/Index/checkRegister.html
INFO: [ app_begin ] --START--
INFO: Run Behavior\ReadHtmlCacheBehavior [ RunTime:0.001000s ]
INFO: [ app_begin ] --END-- [ RunTime:0.001000s ]
SQL: SHOW COLUMNS FROM `jd_user` [ RunTime:0.0050s ]
SQL: SELECT `user_id` FROM `jd_user` WHERE `user_name` = 'twins50' LIMIT 1   [ RunTime:0.0000s ]

[ 2015-07-20T11:16:03+08:00 ] ::1 /index.php/Index/checkRegister.html
INFO: [ app_begin ] --START--
INFO: Run Behavior\ReadHtmlCacheBehavior [ RunTime:0.001000s ]
INFO: [ app_begin ] --END-- [ RunTime:0.001000s ]
SQL: SHOW COLUMNS FROM `jd_user` [ RunTime:0.0050s ]
SQL: SELECT `user_id` FROM `jd_user` WHERE `user_name` = 'twins49' LIMIT 1   [ RunTime:0.0000s ]

[ 2015-07-20T11:16:32+08:00 ] ::1 /index.php/Index/checkRegister.html
INFO: [ app_begin ] --START--
INFO: Run Behavior\ReadHtmlCacheBehavior [ RunTime:0.001000s ]
INFO: [ app_begin ] --END-- [ RunTime:0.001000s ]
SQL: SHOW COLUMNS FROM `jd_user` [ RunTime:0.0040s ]
SQL: SELECT `user_id` FROM `jd_user` WHERE `user_name` = 'twins49' LIMIT 1   [ RunTime:0.0010s ]

[ 2015-07-20T11:25:02+08:00 ] ::1 /index.php/Index/checkRegister.html
INFO: [ app_begin ] --START--
INFO: Run Behavior\ReadHtmlCacheBehavior [ RunTime:0.001000s ]
INFO: [ app_begin ] --END-- [ RunTime:0.018001s ]
SQL: SHOW COLUMNS FROM `jd_user` [ RunTime:0.0040s ]
SQL: SELECT `user_id` FROM `jd_user` WHERE `user_name` = 'twins495' LIMIT 1   [ RunTime:0.0000s ]

[ 2015-07-20T15:13:24+08:00 ] ::1 /index.php/Index/checkRegister.html
INFO: [ app_begin ] --START--
INFO: Run Behavior\ReadHtmlCacheBehavior [ RunTime:0.001001s ]
INFO: [ app_begin ] --END-- [ RunTime:0.001001s ]
SQL: SHOW COLUMNS FROM `jd_user` [ RunTime:0.3930s ]
SQL: SELECT `user_id` FROM `jd_user` WHERE `user_name` = 'twins49' LIMIT 1   [ RunTime:0.0010s ]

[ 2015-07-20T15:13:42+08:00 ] ::1 /index.php/Index/checkRegister.html
INFO: [ app_begin ] --START--
INFO: Run Behavior\ReadHtmlCacheBehavior [ RunTime:0.001001s ]
INFO: [ app_begin ] --END-- [ RunTime:0.001001s ]
SQL: SHOW COLUMNS FROM `jd_user` [ RunTime:0.0040s ]
SQL: SELECT `user_id` FROM `jd_user` WHERE `user_name` = 'twins492' LIMIT 1   [ RunTime:0.0370s ]

[ 2015-07-20T19:41:59+08:00 ] ::1 /index.php/Index/checkRegister.html
INFO: [ app_begin ] --START--
INFO: Run Behavior\ReadHtmlCacheBehavior [ RunTime:0.001000s ]
INFO: [ app_begin ] --END-- [ RunTime:0.001000s ]
SQL: SHOW COLUMNS FROM `jd_user` [ RunTime:0.0150s ]
SQL: SELECT `user_id` FROM `jd_user` WHERE `user_name` = 'twins49' LIMIT 1   [ RunTime:0.0000s ]

[ 2015-07-20T19:42:07+08:00 ] ::1 /index.php/Index/checkRegister.html
INFO: [ app_begin ] --START--
INFO: Run Behavior\ReadHtmlCacheBehavior [ RunTime:0.001000s ]
INFO: [ app_begin ] --END-- [ RunTime:0.001000s ]
SQL: SHOW COLUMNS FROM `jd_user` [ RunTime:0.0040s ]
SQL: SELECT `user_id` FROM `jd_user` WHERE `user_name` = 'twins4950' LIMIT 1   [ RunTime:0.0000s ]

[ 2015-07-20T19:43:20+08:00 ] ::1 /index.php/Index/checkMail.html
INFO: [ app_begin ] --START--
INFO: Run Behavior\ReadHtmlCacheBehavior [ RunTime:0.000000s ]
INFO: [ app_begin ] --END-- [ RunTime:0.001000s ]
SQL: SHOW COLUMNS FROM `jd_user` [ RunTime:0.0040s ]
ERR: SQLSTATE[42000]: Syntax error or access violation: 1064 You have an error in your SQL syntax; check the manual that corresponds to your MySQL server version for the right syntax to use near '@qq.com )' at line 1

[ 2015-07-20T19:45:35+08:00 ] ::1 /index.php/Index/checkMail.html
INFO: [ app_begin ] --START--
INFO: Run Behavior\ReadHtmlCacheBehavior [ RunTime:0.000000s ]
INFO: [ app_begin ] --END-- [ RunTime:0.002000s ]
SQL: SHOW COLUMNS FROM `jd_user` [ RunTime:0.0050s ]
ERR: SQLSTATE[42000]: Syntax error or access violation: 1064 You have an error in your SQL syntax; check the manual that corresponds to your MySQL server version for the right syntax to use near '@qq.com )' at line 1

[ 2015-07-20T19:47:32+08:00 ] ::1 /index.php/Index/checkMail.html
INFO: [ app_begin ] --START--
INFO: Run Behavior\ReadHtmlCacheBehavior [ RunTime:0.000000s ]
INFO: [ app_begin ] --END-- [ RunTime:0.000000s ]
SQL: SHOW COLUMNS FROM `jd_user` [ RunTime:0.0000s ]
SQL: SELECT user.user_name FROM `jd_user` `user`,`jd_user_details` `user_details` WHERE ( user.user_id=user_details.user_id AND user_details.email='77135016@qq.com' )  [ RunTime:0.0764s ]

[ 2015-07-20T19:50:06+08:00 ] ::1 /index.php/Index/checkMail.html
INFO: [ app_begin ] --START--
INFO: Run Behavior\ReadHtmlCacheBehavior [ RunTime:0.000000s ]
INFO: [ app_begin ] --END-- [ RunTime:0.001000s ]
SQL: SHOW COLUMNS FROM `jd_user` [ RunTime:0.0050s ]
SQL: SELECT user.user_name FROM `jd_user` `user`,`jd_user_details` `user_details` WHERE ( user.user_id=user_details.user_id AND user_details.email='77135016@qq.com' )  [ RunTime:0.0000s ]

[ 2015-07-20T19:50:10+08:00 ] ::1 /index.php/Index/checkMail.html
INFO: [ app_begin ] --START--
INFO: Run Behavior\ReadHtmlCacheBehavior [ RunTime:0.001000s ]
INFO: [ app_begin ] --END-- [ RunTime:0.001000s ]
SQL: SHOW COLUMNS FROM `jd_user` [ RunTime:0.0040s ]
SQL: SELECT user.user_name FROM `jd_user` `user`,`jd_user_details` `user_details` WHERE ( user.user_id=user_details.user_id AND user_details.email='77135016@qq.com' )  [ RunTime:0.0000s ]

[ 2015-07-20T19:51:59+08:00 ] ::1 /index.php/Index/checkMail.html
INFO: [ app_begin ] --START--
INFO: Run Behavior\ReadHtmlCacheBehavior [ RunTime:0.001000s ]
INFO: [ app_begin ] --END-- [ RunTime:0.001000s ]
SQL: SHOW COLUMNS FROM `jd_user` [ RunTime:0.0050s ]
SQL: SELECT user.user_name FROM `jd_user` `user`,`jd_user_details` `user_details` WHERE ( user.user_id=user_details.user_id AND user_details.email='77135016@qq.com' )  [ RunTime:0.0000s ]

[ 2015-07-20T19:54:36+08:00 ] ::1 /index.php/Index/checkMail.html
INFO: [ app_begin ] --START--
INFO: Run Behavior\ReadHtmlCacheBehavior [ RunTime:0.000000s ]
INFO: [ app_begin ] --END-- [ RunTime:0.002000s ]
SQL: SHOW COLUMNS FROM `jd_user` [ RunTime:0.0040s ]
SQL: SELECT user.user_name FROM `jd_user` `user`,`jd_user_details` `user_details` WHERE ( user.user_id=user_details.user_id AND user_details.email='77135016@qq.com' )  [ RunTime:0.0010s ]

[ 2015-07-20T19:54:47+08:00 ] ::1 /index.php/Index/checkMail.html
INFO: [ app_begin ] --START--
INFO: Run Behavior\ReadHtmlCacheBehavior [ RunTime:0.001000s ]
INFO: [ app_begin ] --END-- [ RunTime:0.001000s ]
SQL: SHOW COLUMNS FROM `jd_user` [ RunTime:0.0050s ]
SQL: SELECT user.user_name FROM `jd_user` `user`,`jd_user_details` `user_details` WHERE ( user.user_id=user_details.user_id AND user_details.email='77135016@qq.com' )  [ RunTime:0.0010s ]

[ 2015-07-20T19:54:49+08:00 ] ::1 /index.php/Index/checkMail.html
INFO: [ app_begin ] --START--
INFO: Run Behavior\ReadHtmlCacheBehavior [ RunTime:0.000000s ]
INFO: [ app_begin ] --END-- [ RunTime:0.002000s ]
SQL: SHOW COLUMNS FROM `jd_user` [ RunTime:0.0050s ]
SQL: SELECT user.user_name FROM `jd_user` `user`,`jd_user_details` `user_details` WHERE ( user.user_id=user_details.user_id AND user_details.email='77135016@qq.com' )  [ RunTime:0.0000s ]

[ 2015-07-20T19:54:50+08:00 ] ::1 /index.php/Index/checkMail.html
INFO: [ app_begin ] --START--
INFO: Run Behavior\ReadHtmlCacheBehavior [ RunTime:0.001000s ]
INFO: [ app_begin ] --END-- [ RunTime:0.001000s ]
SQL: SHOW COLUMNS FROM `jd_user` [ RunTime:0.0040s ]
SQL: SELECT user.user_name FROM `jd_user` `user`,`jd_user_details` `user_details` WHERE ( user.user_id=user_details.user_id AND user_details.email='77135016@qq.com' )  [ RunTime:0.0000s ]

[ 2015-07-20T19:54:51+08:00 ] ::1 /index.php/Index/checkMail.html
INFO: [ app_begin ] --START--
INFO: Run Behavior\ReadHtmlCacheBehavior [ RunTime:0.001000s ]
INFO: [ app_begin ] --END-- [ RunTime:0.001000s ]
SQL: SHOW COLUMNS FROM `jd_user` [ RunTime:0.0040s ]
SQL: SELECT user.user_name FROM `jd_user` `user`,`jd_user_details` `user_details` WHERE ( user.user_id=user_details.user_id AND user_details.email='77135016@qq.com' )  [ RunTime:0.0010s ]

[ 2015-07-20T19:54:52+08:00 ] ::1 /index.php/Index/checkMail.html
INFO: [ app_begin ] --START--
INFO: Run Behavior\ReadHtmlCacheBehavior [ RunTime:0.001000s ]
INFO: [ app_begin ] --END-- [ RunTime:0.002001s ]
SQL: SHOW COLUMNS FROM `jd_user` [ RunTime:0.0050s ]
SQL: SELECT user.user_name FROM `jd_user` `user`,`jd_user_details` `user_details` WHERE ( user.user_id=user_details.user_id AND user_details.email='77135016@qq.com' )  [ RunTime:0.0000s ]

[ 2015-07-20T19:54:54+08:00 ] ::1 /index.php/Index/checkMail.html
INFO: [ app_begin ] --START--
INFO: Run Behavior\ReadHtmlCacheBehavior [ RunTime:0.001000s ]
INFO: [ app_begin ] --END-- [ RunTime:0.001000s ]
SQL: SHOW COLUMNS FROM `jd_user` [ RunTime:0.0050s ]
SQL: SELECT user.user_name FROM `jd_user` `user`,`jd_user_details` `user_details` WHERE ( user.user_id=user_details.user_id AND user_details.email='77135016@qq.com' )  [ RunTime:0.0000s ]

[ 2015-07-20T19:57:13+08:00 ] ::1 /index.php/Index/checkMail.html
INFO: [ app_begin ] --START--
INFO: Run Behavior\ReadHtmlCacheBehavior [ RunTime:0.001000s ]
INFO: [ app_begin ] --END-- [ RunTime:0.001000s ]
SQL: SHOW COLUMNS FROM `jd_user` [ RunTime:0.0040s ]
SQL: SELECT user.user_name FROM `jd_user` `user`,`jd_user_details` `user_details` WHERE ( user.user_id=user_details.user_id AND user_details.email='77135016@qq.com' )  [ RunTime:0.0000s ]

[ 2015-07-20T19:57:57+08:00 ] ::1 /index.php/Index/checkMail.html
INFO: [ app_begin ] --START--
INFO: Run Behavior\ReadHtmlCacheBehavior [ RunTime:0.001000s ]
INFO: [ app_begin ] --END-- [ RunTime:0.001000s ]
SQL: SHOW COLUMNS FROM `jd_user` [ RunTime:0.0050s ]
SQL: SELECT user.user_name FROM `jd_user` `user`,`jd_user_details` `user_details` WHERE ( user.user_id=user_details.user_id AND user_details.email='77135016@qq.com' )  [ RunTime:0.0000s ]

[ 2015-07-20T19:58:18+08:00 ] ::1 /index.php/Index/checkMail.html
INFO: [ app_begin ] --START--
INFO: Run Behavior\ReadHtmlCacheBehavior [ RunTime:0.001001s ]
INFO: [ app_begin ] --END-- [ RunTime:0.001001s ]
SQL: SHOW COLUMNS FROM `jd_user` [ RunTime:0.0050s ]
SQL: SELECT user.user_name FROM `jd_user` `user`,`jd_user_details` `user_details` WHERE ( user.user_id=user_details.user_id AND user_details.email='77135016@qq.com' )  [ RunTime:0.0000s ]

[ 2015-07-20T19:58:28+08:00 ] ::1 /index.php/Index/checkMail.html
INFO: [ app_begin ] --START--
INFO: Run Behavior\ReadHtmlCacheBehavior [ RunTime:0.001000s ]
INFO: [ app_begin ] --END-- [ RunTime:0.002000s ]
SQL: SHOW COLUMNS FROM `jd_user` [ RunTime:0.0040s ]
SQL: SELECT user.user_name FROM `jd_user` `user`,`jd_user_details` `user_details` WHERE ( user.user_id=user_details.user_id AND user_details.email='77135016@qq.com' )  [ RunTime:0.0000s ]

[ 2015-07-20T20:01:01+08:00 ] ::1 /index.php/Index/checkMail.html
INFO: [ app_begin ] --START--
INFO: Run Behavior\ReadHtmlCacheBehavior [ RunTime:0.001000s ]
INFO: [ app_begin ] --END-- [ RunTime:0.002000s ]
SQL: SHOW COLUMNS FROM `jd_user` [ RunTime:0.0060s ]
SQL: SELECT user.user_name FROM `jd_user` `user`,`jd_user_details` `user_details` WHERE ( user.user_id=user_details.user_id AND user_details.email='77135016@qq.com' )  [ RunTime:0.0010s ]

[ 2015-07-20T20:01:10+08:00 ] ::1 /index.php/Index/checkMail.html
INFO: [ app_begin ] --START--
INFO: Run Behavior\ReadHtmlCacheBehavior [ RunTime:0.001000s ]
INFO: [ app_begin ] --END-- [ RunTime:0.001000s ]
SQL: SHOW COLUMNS FROM `jd_user` [ RunTime:0.0040s ]
SQL: SELECT user.user_name FROM `jd_user` `user`,`jd_user_details` `user_details` WHERE ( user.user_id=user_details.user_id AND user_details.email='112@qq.com' )  [ RunTime:0.0000s ]

[ 2015-07-20T20:05:03+08:00 ] ::1 /index.php/Index/checkMail.html
INFO: [ app_begin ] --START--
INFO: Run Behavior\ReadHtmlCacheBehavior [ RunTime:0.001000s ]
INFO: [ app_begin ] --END-- [ RunTime:0.001000s ]
SQL: SHOW COLUMNS FROM `jd_user` [ RunTime:0.0050s ]
SQL: SELECT user.user_name FROM `jd_user` `user`,`jd_user_details` `user_details` WHERE ( user.user_id=user_details.user_id AND user_details.email='77135016@qq.com' )  [ RunTime:0.0000s ]

[ 2015-07-20T20:06:10+08:00 ] ::1 /index.php/Index/checkMail.html
INFO: [ app_begin ] --START--
INFO: Run Behavior\ReadHtmlCacheBehavior [ RunTime:0.001000s ]
INFO: [ app_begin ] --END-- [ RunTime:0.001000s ]
SQL: SHOW COLUMNS FROM `jd_user` [ RunTime:0.0040s ]
SQL: SELECT user.user_name FROM `jd_user` `user`,`jd_user_details` `user_details` WHERE ( user.user_id=user_details.user_id AND user_details.email='77135016@qq.com' )  [ RunTime:0.0010s ]

[ 2015-07-20T20:09:53+08:00 ] ::1 /index.php/Index/checkMail.html
INFO: [ app_begin ] --START--
INFO: Run Behavior\ReadHtmlCacheBehavior [ RunTime:0.001000s ]
INFO: [ app_begin ] --END-- [ RunTime:0.001000s ]
SQL: SHOW COLUMNS FROM `jd_user` [ RunTime:0.0040s ]
SQL: SELECT user.user_name FROM `jd_user` `user`,`jd_user_details` `user_details` WHERE ( user.user_id=user_details.user_id AND user_details.email='77135016@qq.com' )  [ RunTime:0.0000s ]

[ 2015-07-20T20:10:01+08:00 ] ::1 /index.php/Index/checkMail.html
INFO: [ app_begin ] --START--
INFO: Run Behavior\ReadHtmlCacheBehavior [ RunTime:0.001000s ]
INFO: [ app_begin ] --END-- [ RunTime:0.001000s ]
SQL: SHOW COLUMNS FROM `jd_user` [ RunTime:0.0040s ]
SQL: SELECT user.user_name FROM `jd_user` `user`,`jd_user_details` `user_details` WHERE ( user.user_id=user_details.user_id AND user_details.email='77135016@qq.com' )  [ RunTime:0.0000s ]

[ 2015-07-20T20:10:09+08:00 ] ::1 /index.php/Index/checkMail.html
INFO: [ app_begin ] --START--
INFO: Run Behavior\ReadHtmlCacheBehavior [ RunTime:0.001000s ]
INFO: [ app_begin ] --END-- [ RunTime:0.001000s ]
SQL: SHOW COLUMNS FROM `jd_user` [ RunTime:0.0050s ]
SQL: SELECT user.user_name FROM `jd_user` `user`,`jd_user_details` `user_details` WHERE ( user.user_id=user_details.user_id AND user_details.email='77135016@qq.com' )  [ RunTime:0.0000s ]

[ 2015-07-20T20:10:23+08:00 ] ::1 /index.php/Index/checkMail.html
INFO: [ app_begin ] --START--
INFO: Run Behavior\ReadHtmlCacheBehavior [ RunTime:0.000000s ]
INFO: [ app_begin ] --END-- [ RunTime:0.001000s ]
SQL: SHOW COLUMNS FROM `jd_user` [ RunTime:0.0050s ]
SQL: SELECT user.user_name FROM `jd_user` `user`,`jd_user_details` `user_details` WHERE ( user.user_id=user_details.user_id AND user_details.email='77135016@qq.com' )  [ RunTime:0.0000s ]

[ 2015-07-20T20:10:25+08:00 ] ::1 /index.php/Index/checkMail.html
INFO: [ app_begin ] --START--
INFO: Run Behavior\ReadHtmlCacheBehavior [ RunTime:0.001000s ]
INFO: [ app_begin ] --END-- [ RunTime:0.001000s ]
SQL: SHOW COLUMNS FROM `jd_user` [ RunTime:0.0040s ]
SQL: SELECT user.user_name FROM `jd_user` `user`,`jd_user_details` `user_details` WHERE ( user.user_id=user_details.user_id AND user_details.email='77135016@qq.com' )  [ RunTime:0.0050s ]

[ 2015-07-20T20:11:18+08:00 ] ::1 /index.php/Index/checkMail.html
INFO: [ app_begin ] --START--
INFO: Run Behavior\ReadHtmlCacheBehavior [ RunTime:0.000000s ]
INFO: [ app_begin ] --END-- [ RunTime:0.001000s ]
SQL: SHOW COLUMNS FROM `jd_user` [ RunTime:0.0040s ]
SQL: SELECT user.user_name FROM `jd_user` `user`,`jd_user_details` `user_details` WHERE ( user.user_id=user_details.user_id AND user_details.email='77135016@qq.com' )  [ RunTime:0.0000s ]

[ 2015-07-20T20:11:20+08:00 ] ::1 /index.php/Index/checkMail.html
INFO: [ app_begin ] --START--
INFO: Run Behavior\ReadHtmlCacheBehavior [ RunTime:0.001000s ]
INFO: [ app_begin ] --END-- [ RunTime:0.001000s ]
SQL: SHOW COLUMNS FROM `jd_user` [ RunTime:0.0040s ]
SQL: SELECT user.user_name FROM `jd_user` `user`,`jd_user_details` `user_details` WHERE ( user.user_id=user_details.user_id AND user_details.email='77135016@qq.com' )  [ RunTime:0.0000s ]

[ 2015-07-20T20:13:55+08:00 ] ::1 /index.php/Index/checkMail.html
INFO: [ app_begin ] --START--
INFO: Run Behavior\ReadHtmlCacheBehavior [ RunTime:0.000000s ]
INFO: [ app_begin ] --END-- [ RunTime:0.001000s ]
SQL: SHOW COLUMNS FROM `jd_user` [ RunTime:0.0040s ]
SQL: SELECT user.user_name FROM `jd_user` `user`,`jd_user_details` `user_details` WHERE ( user.user_id=user_details.user_id AND user_details.email='77135016@qq.com' )  [ RunTime:0.0000s ]

[ 2015-07-20T20:14:15+08:00 ] ::1 /index.php/Index/checkMail.html
INFO: [ app_begin ] --START--
INFO: Run Behavior\ReadHtmlCacheBehavior [ RunTime:0.000000s ]
INFO: [ app_begin ] --END-- [ RunTime:0.001000s ]
SQL: SHOW COLUMNS FROM `jd_user` [ RunTime:0.0050s ]
SQL: SELECT user.user_name FROM `jd_user` `user`,`jd_user_details` `user_details` WHERE ( user.user_id=user_details.user_id AND user_details.email='11271548@qq.com' )  [ RunTime:0.0000s ]

[ 2015-07-20T20:14:20+08:00 ] ::1 /index.php/Index/checkMail.html
INFO: [ app_begin ] --START--
INFO: Run Behavior\ReadHtmlCacheBehavior [ RunTime:0.000000s ]
INFO: [ app_begin ] --END-- [ RunTime:0.001000s ]
SQL: SHOW COLUMNS FROM `jd_user` [ RunTime:0.0040s ]
SQL: SELECT user.user_name FROM `jd_user` `user`,`jd_user_details` `user_details` WHERE ( user.user_id=user_details.user_id AND user_details.email='11271548@qq.com' )  [ RunTime:0.0000s ]

[ 2015-07-20T20:14:28+08:00 ] ::1 /index.php/Index/checkMail.html
INFO: [ app_begin ] --START--
INFO: Run Behavior\ReadHtmlCacheBehavior [ RunTime:0.000000s ]
INFO: [ app_begin ] --END-- [ RunTime:0.001000s ]
SQL: SHOW COLUMNS FROM `jd_user` [ RunTime:0.0450s ]
SQL: SELECT user.user_name FROM `jd_user` `user`,`jd_user_details` `user_details` WHERE ( user.user_id=user_details.user_id AND user_details.email='11271548@qq.com1' )  [ RunTime:0.0020s ]

[ 2015-07-20T20:14:35+08:00 ] ::1 /index.php/Index/checkMail.html
INFO: [ app_begin ] --START--
INFO: Run Behavior\ReadHtmlCacheBehavior [ RunTime:0.000000s ]
INFO: [ app_begin ] --END-- [ RunTime:0.001000s ]
SQL: SHOW COLUMNS FROM `jd_user` [ RunTime:0.0040s ]
SQL: SELECT user.user_name FROM `jd_user` `user`,`jd_user_details` `user_details` WHERE ( user.user_id=user_details.user_id AND user_details.email='11271548@qq.com2222' )  [ RunTime:0.0000s ]

[ 2015-07-20T20:14:39+08:00 ] ::1 /index.php/Index/checkMail.html
INFO: [ app_begin ] --START--
INFO: Run Behavior\ReadHtmlCacheBehavior [ RunTime:0.001000s ]
INFO: [ app_begin ] --END-- [ RunTime:0.001000s ]
SQL: SHOW COLUMNS FROM `jd_user` [ RunTime:0.0040s ]
SQL: SELECT user.user_name FROM `jd_user` `user`,`jd_user_details` `user_details` WHERE ( user.user_id=user_details.user_id AND user_details.email='11271548@qq.222com2222' )  [ RunTime:0.0010s ]

[ 2015-07-20T20:14:54+08:00 ] ::1 /index.php/Index/checkMail.html
INFO: [ app_begin ] --START--
INFO: Run Behavior\ReadHtmlCacheBehavior [ RunTime:0.001000s ]
INFO: [ app_begin ] --END-- [ RunTime:0.001000s ]
SQL: SHOW COLUMNS FROM `jd_user` [ RunTime:0.0040s ]
SQL: SELECT user.user_name FROM `jd_user` `user`,`jd_user_details` `user_details` WHERE ( user.user_id=user_details.user_id AND user_details.email='11271548@qq.com' )  [ RunTime:0.0000s ]

[ 2015-07-20T20:18:50+08:00 ] ::1 /index.php/Index/checkMail.html
INFO: [ app_begin ] --START--
INFO: Run Behavior\ReadHtmlCacheBehavior [ RunTime:0.001000s ]
INFO: [ app_begin ] --END-- [ RunTime:0.001000s ]
SQL: SHOW COLUMNS FROM `jd_user` [ RunTime:0.0050s ]
SQL: SELECT user.user_name FROM `jd_user` `user`,`jd_user_details` `user_details` WHERE ( user.user_id=user_details.user_id AND user_details.email='77135016@qq.com' )  [ RunTime:0.0000s ]

[ 2015-07-20T20:19:09+08:00 ] ::1 /index.php/Index/checkMail.html
INFO: [ app_begin ] --START--
INFO: Run Behavior\ReadHtmlCacheBehavior [ RunTime:0.001000s ]
INFO: [ app_begin ] --END-- [ RunTime:0.001000s ]
SQL: SHOW COLUMNS FROM `jd_user` [ RunTime:0.0050s ]
SQL: SELECT user.user_name FROM `jd_user` `user`,`jd_user_details` `user_details` WHERE ( user.user_id=user_details.user_id AND user_details.email='11273548@qq.com' )  [ RunTime:0.0000s ]

[ 2015-07-20T20:39:56+08:00 ] ::1 /index.php/Index/checkVerify2.html
INFO: [ app_begin ] --START--
INFO: Run Behavior\ReadHtmlCacheBehavior [ RunTime:0.000000s ]
INFO: [ app_begin ] --END-- [ RunTime:0.001000s ]

[ 2015-07-20T20:40:11+08:00 ] ::1 /index.php/Index/checkVerify2.html
INFO: [ app_begin ] --START--
INFO: Run Behavior\ReadHtmlCacheBehavior [ RunTime:0.000000s ]
INFO: [ app_begin ] --END-- [ RunTime:0.001000s ]

[ 2015-07-20T20:40:14+08:00 ] ::1 /index.php/Index/checkVerify2.html
INFO: [ app_begin ] --START--
INFO: Run Behavior\ReadHtmlCacheBehavior [ RunTime:0.000000s ]
INFO: [ app_begin ] --END-- [ RunTime:0.001000s ]

[ 2015-07-20T20:40:20+08:00 ] ::1 /index.php/Index/checkVerify2.html
INFO: [ app_begin ] --START--
INFO: Run Behavior\ReadHtmlCacheBehavior [ RunTime:0.003000s ]
INFO: [ app_begin ] --END-- [ RunTime:0.003000s ]

[ 2015-07-20T20:40:55+08:00 ] ::1 /index.php/Index/checkVerify2.html
INFO: [ app_begin ] --START--
INFO: Run Behavior\ReadHtmlCacheBehavior [ RunTime:0.000000s ]
INFO: [ app_begin ] --END-- [ RunTime:0.001000s ]

[ 2015-07-20T20:41:00+08:00 ] ::1 /index.php/Index/checkVerify2.html
INFO: [ app_begin ] --START--
INFO: Run Behavior\ReadHtmlCacheBehavior [ RunTime:0.000000s ]
INFO: [ app_begin ] --END-- [ RunTime:0.001000s ]

[ 2015-07-20T20:41:05+08:00 ] ::1 /index.php/Index/checkVerify2.html
INFO: [ app_begin ] --START--
INFO: Run Behavior\ReadHtmlCacheBehavior [ RunTime:0.001000s ]
INFO: [ app_begin ] --END-- [ RunTime:0.001000s ]

[ 2015-07-20T20:41:09+08:00 ] ::1 /index.php/Index/checkVerify2.html
INFO: [ app_begin ] --START--
INFO: Run Behavior\ReadHtmlCacheBehavior [ RunTime:0.001000s ]
INFO: [ app_begin ] --END-- [ RunTime:0.001000s ]

[ 2015-07-20T20:41:16+08:00 ] ::1 /index.php/Index/checkVerify2.html
INFO: [ app_begin ] --START--
INFO: Run Behavior\ReadHtmlCacheBehavior [ RunTime:0.000000s ]
INFO: [ app_begin ] --END-- [ RunTime:0.000000s ]

[ 2015-07-20T20:52:31+08:00 ] ::1 /index.php/Index/checkVerify2.html
INFO: [ app_begin ] --START--
INFO: Run Behavior\ReadHtmlCacheBehavior [ RunTime:0.000000s ]
INFO: [ app_begin ] --END-- [ RunTime:0.002000s ]

[ 2015-07-20T20:52:35+08:00 ] ::1 /index.php/Index/checkVerify2.html
INFO: [ app_begin ] --START--
INFO: Run Behavior\ReadHtmlCacheBehavior [ RunTime:0.000000s ]
INFO: [ app_begin ] --END-- [ RunTime:0.002000s ]

[ 2015-07-20T21:24:27+08:00 ] ::1 /index.php/Index/checkVerify2.html
INFO: [ app_begin ] --START--
INFO: Run Behavior\ReadHtmlCacheBehavior [ RunTime:0.000000s ]
INFO: [ app_begin ] --END-- [ RunTime:0.001000s ]

[ 2015-07-20T21:24:35+08:00 ] ::1 /index.php/Index/checkVerify2.html
INFO: [ app_begin ] --START--
INFO: Run Behavior\ReadHtmlCacheBehavior [ RunTime:0.001000s ]
INFO: [ app_begin ] --END-- [ RunTime:0.001000s ]

[ 2015-07-20T21:24:50+08:00 ] ::1 /index.php/Index/checkVerify2.html
INFO: [ app_begin ] --START--
INFO: Run Behavior\ReadHtmlCacheBehavior [ RunTime:0.001000s ]
INFO: [ app_begin ] --END-- [ RunTime:0.001000s ]

[ 2015-07-20T22:11:13+08:00 ] ::1 /index.php/Index/checkVerify2.html
INFO: [ app_begin ] --START--
INFO: Run Behavior\ReadHtmlCacheBehavior [ RunTime:0.000000s ]
INFO: [ app_begin ] --END-- [ RunTime:0.000000s ]

[ 2015-07-20T22:11:20+08:00 ] ::1 /index.php/Index/checkMail.html
INFO: [ app_begin ] --START--
INFO: Run Behavior\ReadHtmlCacheBehavior [ RunTime:0.001000s ]
INFO: [ app_begin ] --END-- [ RunTime:0.001000s ]
SQL: SHOW COLUMNS FROM `jd_user` [ RunTime:0.5958s ]
SQL: SELECT user.user_name FROM `jd_user` `user`,`jd_user_details` `user_details` WHERE ( user.user_id=user_details.user_id AND user_details.email='11273548@qq.com' )  [ RunTime:0.0070s ]

[ 2015-07-20T22:11:26+08:00 ] ::1 /index.php/Index/checkVerify2.html
INFO: [ app_begin ] --START--
INFO: Run Behavior\ReadHtmlCacheBehavior [ RunTime:0.000000s ]
INFO: [ app_begin ] --END-- [ RunTime:0.000000s ]

[ 2015-07-20T22:11:47+08:00 ] ::1 /index.php/Index/setMail.html
INFO: [ app_begin ] --START--
INFO: Run Behavior\ReadHtmlCacheBehavior [ RunTime:0.000000s ]
INFO: [ app_begin ] --END-- [ RunTime:0.000000s ]

[ 2015-07-20T22:14:52+08:00 ] ::1 /index.php/Index/checkMail.html
INFO: [ app_begin ] --START--
INFO: Run Behavior\ReadHtmlCacheBehavior [ RunTime:0.000000s ]
INFO: [ app_begin ] --END-- [ RunTime:0.000000s ]
SQL: SHOW COLUMNS FROM `jd_user` [ RunTime:0.0156s ]
SQL: SELECT user.user_name FROM `jd_user` `user`,`jd_user_details` `user_details` WHERE ( user.user_id=user_details.user_id AND user_details.email='11273548@qq.com' )  [ RunTime:0.0000s ]

[ 2015-07-20T22:14:58+08:00 ] ::1 /index.php/Index/checkVerify2.html
INFO: [ app_begin ] --START--
INFO: Run Behavior\ReadHtmlCacheBehavior [ RunTime:0.000000s ]
INFO: [ app_begin ] --END-- [ RunTime:0.000000s ]

[ 2015-07-20T22:15:03+08:00 ] ::1 /index.php/Index/checkVerify2.html
INFO: [ app_begin ] --START--
INFO: Run Behavior\ReadHtmlCacheBehavior [ RunTime:0.000000s ]
INFO: [ app_begin ] --END-- [ RunTime:0.000000s ]

[ 2015-07-20T22:15:09+08:00 ] ::1 /index.php/Index/checkVerify2.html
INFO: [ app_begin ] --START--
INFO: Run Behavior\ReadHtmlCacheBehavior [ RunTime:0.000000s ]
INFO: [ app_begin ] --END-- [ RunTime:0.000000s ]

[ 2015-07-20T22:15:16+08:00 ] ::1 /index.php/Index/checkVerify2.html
INFO: [ app_begin ] --START--
INFO: Run Behavior\ReadHtmlCacheBehavior [ RunTime:0.000000s ]
INFO: [ app_begin ] --END-- [ RunTime:0.000000s ]

[ 2015-07-20T22:15:28+08:00 ] ::1 /index.php/Index/checkVerify2.html
INFO: [ app_begin ] --START--
INFO: Run Behavior\ReadHtmlCacheBehavior [ RunTime:0.000000s ]
INFO: [ app_begin ] --END-- [ RunTime:0.000000s ]

[ 2015-07-20T22:15:34+08:00 ] ::1 /index.php/Index/checkVerify2.html
INFO: [ app_begin ] --START--
INFO: Run Behavior\ReadHtmlCacheBehavior [ RunTime:0.000000s ]
INFO: [ app_begin ] --END-- [ RunTime:0.000000s ]

[ 2015-07-20T22:15:40+08:00 ] ::1 /index.php/Index/checkVerify2.html
INFO: [ app_begin ] --START--
INFO: Run Behavior\ReadHtmlCacheBehavior [ RunTime:0.000000s ]
INFO: [ app_begin ] --END-- [ RunTime:0.000000s ]

[ 2015-07-20T22:15:52+08:00 ] ::1 /index.php/Index/checkVerify2.html
INFO: [ app_begin ] --START--
INFO: Run Behavior\ReadHtmlCacheBehavior [ RunTime:0.000000s ]
INFO: [ app_begin ] --END-- [ RunTime:0.000000s ]

[ 2015-07-20T22:15:59+08:00 ] ::1 /index.php/Index/checkVerify2.html
INFO: [ app_begin ] --START--
INFO: Run Behavior\ReadHtmlCacheBehavior [ RunTime:0.001000s ]
INFO: [ app_begin ] --END-- [ RunTime:0.002000s ]

[ 2015-07-20T22:16:11+08:00 ] ::1 /index.php/Index/setMail.html
INFO: [ app_begin ] --START--
INFO: Run Behavior\ReadHtmlCacheBehavior [ RunTime:0.000000s ]
INFO: [ app_begin ] --END-- [ RunTime:0.000000s ]

[ 2015-07-20T22:24:57+08:00 ] ::1 /index.php/Index/checkMail.html
INFO: [ app_begin ] --START--
INFO: Run Behavior\ReadHtmlCacheBehavior [ RunTime:0.000000s ]
INFO: [ app_begin ] --END-- [ RunTime:0.000000s ]
SQL: SHOW COLUMNS FROM `jd_user` [ RunTime:0.0156s ]
SQL: SELECT user.user_name FROM `jd_user` `user`,`jd_user_details` `user_details` WHERE ( user.user_id=user_details.user_id AND user_details.email='11273548@qq.com' )  [ RunTime:0.0000s ]

[ 2015-07-20T22:25:00+08:00 ] ::1 /index.php/Index/checkVerify2.html
INFO: [ app_begin ] --START--
INFO: Run Behavior\ReadHtmlCacheBehavior [ RunTime:0.000000s ]
INFO: [ app_begin ] --END-- [ RunTime:0.000000s ]

[ 2015-07-20T22:25:06+08:00 ] ::1 /index.php/Index/setMail.html
INFO: [ app_begin ] --START--
INFO: Run Behavior\ReadHtmlCacheBehavior [ RunTime:0.000000s ]
INFO: [ app_begin ] --END-- [ RunTime:0.000000s ]
NOTIC: [2] rand() expects exactly 2 parameters, 1 given E:\Jd\shop_jd\Home\Controller\IndexController.class.php 第 79 行.
INFO: [ app_end ] --START--
INFO: Run Behavior\ShowPageTraceBehavior [ RunTime:0.001000s ]
INFO: [ app_end ] --END-- [ RunTime:0.001000s ]

[ 2015-07-20T22:39:19+08:00 ] ::1 /index.php/Index/checkMail.html
INFO: [ app_begin ] --START--
INFO: Run Behavior\ReadHtmlCacheBehavior [ RunTime:0.000000s ]
INFO: [ app_begin ] --END-- [ RunTime:0.000000s ]
SQL: SHOW COLUMNS FROM `jd_user` [ RunTime:0.0156s ]
SQL: SELECT user.user_name FROM `jd_user` `user`,`jd_user_details` `user_details` WHERE ( user.user_id=user_details.user_id AND user_details.email='11273548@qq.com' )  [ RunTime:0.0000s ]

[ 2015-07-20T22:39:23+08:00 ] ::1 /index.php/Index/checkVerify2.html
INFO: [ app_begin ] --START--
INFO: Run Behavior\ReadHtmlCacheBehavior [ RunTime:0.000000s ]
INFO: [ app_begin ] --END-- [ RunTime:0.000000s ]

[ 2015-07-20T22:39:50+08:00 ] ::1 /index.php/Index/setMail.html
INFO: [ app_begin ] --START--
INFO: Run Behavior\ReadHtmlCacheBehavior [ RunTime:0.000000s ]
INFO: [ app_begin ] --END-- [ RunTime:0.001000s ]
INFO: [ app_end ] --START--
INFO: Run Behavior\ShowPageTraceBehavior [ RunTime:0.000000s ]
INFO: [ app_end ] --END-- [ RunTime:0.000000s ]

[ 2015-07-20T22:47:39+08:00 ] ::1 /index.php/Index/setMail.html
INFO: [ app_begin ] --START--
INFO: Run Behavior\ReadHtmlCacheBehavior [ RunTime:0.000000s ]
INFO: [ app_begin ] --END-- [ RunTime:0.000000s ]

[ 2015-07-20T22:49:45+08:00 ] ::1 /index.php/Index/checkVerify2.html
INFO: [ app_begin ] --START--
INFO: Run Behavior\ReadHtmlCacheBehavior [ RunTime:0.000000s ]
INFO: [ app_begin ] --END-- [ RunTime:0.000000s ]

[ 2015-07-20T22:49:49+08:00 ] ::1 /index.php/Index/checkVerify2.html
INFO: [ app_begin ] --START--
INFO: Run Behavior\ReadHtmlCacheBehavior [ RunTime:0.000000s ]
INFO: [ app_begin ] --END-- [ RunTime:0.000000s ]

[ 2015-07-20T22:49:51+08:00 ] ::1 /index.php/Index/setMail.html
INFO: [ app_begin ] --START--
INFO: Run Behavior\ReadHtmlCacheBehavior [ RunTime:0.000000s ]
INFO: [ app_begin ] --END-- [ RunTime:0.000000s ]
NOTIC: [2] rand() expects exactly 2 parameters, 1 given E:\Jd\shop_jd\Home\Controller\IndexController.class.php 第 81 行.
INFO: [ app_end ] --START--
INFO: Run Behavior\ShowPageTraceBehavior [ RunTime:0.000000s ]
INFO: [ app_end ] --END-- [ RunTime:0.000000s ]

[ 2015-07-20T22:50:41+08:00 ] ::1 /index.php/Index/checkVerify2.html
INFO: [ app_begin ] --START--
INFO: Run Behavior\ReadHtmlCacheBehavior [ RunTime:0.000000s ]
INFO: [ app_begin ] --END-- [ RunTime:0.000000s ]

[ 2015-07-20T22:50:46+08:00 ] ::1 /index.php/Index/checkVerify2.html
INFO: [ app_begin ] --START--
INFO: Run Behavior\ReadHtmlCacheBehavior [ RunTime:0.000000s ]
INFO: [ app_begin ] --END-- [ RunTime:0.000000s ]

[ 2015-07-20T22:50:48+08:00 ] ::1 /index.php/Index/setMail.html
INFO: [ app_begin ] --START--
INFO: Run Behavior\ReadHtmlCacheBehavior [ RunTime:0.000000s ]
INFO: [ app_begin ] --END-- [ RunTime:0.000000s ]
NOTIC: [2] rand() expects exactly 2 parameters, 1 given E:\Jd\shop_jd\Home\Controller\IndexController.class.php 第 81 行.
INFO: [ app_end ] --START--
INFO: Run Behavior\ShowPageTraceBehavior [ RunTime:0.000000s ]
INFO: [ app_end ] --END-- [ RunTime:0.000000s ]

[ 2015-07-20T22:51:36+08:00 ] ::1 /index.php/Index/checkVerify2.html
INFO: [ app_begin ] --START--
INFO: Run Behavior\ReadHtmlCacheBehavior [ RunTime:0.000000s ]
INFO: [ app_begin ] --END-- [ RunTime:0.000000s ]

[ 2015-07-20T22:51:41+08:00 ] ::1 /index.php/Index/checkVerify2.html
INFO: [ app_begin ] --START--
INFO: Run Behavior\ReadHtmlCacheBehavior [ RunTime:0.001000s ]
INFO: [ app_begin ] --END-- [ RunTime:0.001000s ]

[ 2015-07-20T22:51:42+08:00 ] ::1 /index.php/Index/setMail.html
INFO: [ app_begin ] --START--
INFO: Run Behavior\ReadHtmlCacheBehavior [ RunTime:0.001000s ]
INFO: [ app_begin ] --END-- [ RunTime:0.001000s ]
NOTIC: [2] rand() expects exactly 2 parameters, 1 given E:\Jd\shop_jd\Home\Controller\IndexController.class.php 第 81 行.
INFO: [ app_end ] --START--
INFO: Run Behavior\ShowPageTraceBehavior [ RunTime:0.000000s ]
INFO: [ app_end ] --END-- [ RunTime:0.000000s ]

[ 2015-07-20T22:52:26+08:00 ] ::1 /index.php/Index/checkVerify2.html
INFO: [ app_begin ] --START--
INFO: Run Behavior\ReadHtmlCacheBehavior [ RunTime:0.000000s ]
INFO: [ app_begin ] --END-- [ RunTime:0.000000s ]

[ 2015-07-20T22:52:30+08:00 ] ::1 /index.php/Index/checkVerify2.html
INFO: [ app_begin ] --START--
INFO: Run Behavior\ReadHtmlCacheBehavior [ RunTime:0.000000s ]
INFO: [ app_begin ] --END-- [ RunTime:0.000000s ]

[ 2015-07-20T22:52:37+08:00 ] ::1 /index.php/Index/checkVerify2.html
INFO: [ app_begin ] --START--
INFO: Run Behavior\ReadHtmlCacheBehavior [ RunTime:0.000000s ]
INFO: [ app_begin ] --END-- [ RunTime:0.000000s ]

[ 2015-07-20T22:52:39+08:00 ] ::1 /index.php/Index/setMail.html
INFO: [ app_begin ] --START--
INFO: Run Behavior\ReadHtmlCacheBehavior [ RunTime:0.000000s ]
INFO: [ app_begin ] --END-- [ RunTime:0.000000s ]
NOTIC: [2] rand() expects exactly 2 parameters, 1 given E:\Jd\shop_jd\Home\Controller\IndexController.class.php 第 81 行.
INFO: [ app_end ] --START--
INFO: Run Behavior\ShowPageTraceBehavior [ RunTime:0.000000s ]
INFO: [ app_end ] --END-- [ RunTime:0.000000s ]

[ 2015-07-20T22:53:56+08:00 ] ::1 /index.php/Index/checkVerify2.html
INFO: [ app_begin ] --START--
INFO: Run Behavior\ReadHtmlCacheBehavior [ RunTime:0.000000s ]
INFO: [ app_begin ] --END-- [ RunTime:0.000000s ]

[ 2015-07-20T22:54:00+08:00 ] ::1 /index.php/Index/checkVerify2.html
INFO: [ app_begin ] --START--
INFO: Run Behavior\ReadHtmlCacheBehavior [ RunTime:0.000000s ]
INFO: [ app_begin ] --END-- [ RunTime:0.000000s ]

[ 2015-07-20T22:54:05+08:00 ] ::1 /index.php/Index/checkVerify2.html
INFO: [ app_begin ] --START--
INFO: Run Behavior\ReadHtmlCacheBehavior [ RunTime:0.000000s ]
INFO: [ app_begin ] --END-- [ RunTime:0.015600s ]

[ 2015-07-20T22:54:07+08:00 ] ::1 /index.php/Index/setMail.html
INFO: [ app_begin ] --START--
INFO: Run Behavior\ReadHtmlCacheBehavior [ RunTime:0.000000s ]
INFO: [ app_begin ] --END-- [ RunTime:0.000000s ]
NOTIC: [2] rand() expects exactly 2 parameters, 1 given E:\Jd\shop_jd\Home\Controller\IndexController.class.php 第 81 行.
INFO: [ app_end ] --START--
INFO: Run Behavior\ShowPageTraceBehavior [ RunTime:0.000000s ]
INFO: [ app_end ] --END-- [ RunTime:0.000000s ]

[ 2015-07-20T22:55:04+08:00 ] ::1 /index.php/Index/checkVerify2.html
INFO: [ app_begin ] --START--
INFO: Run Behavior\ReadHtmlCacheBehavior [ RunTime:0.000000s ]
INFO: [ app_begin ] --END-- [ RunTime:0.000000s ]

[ 2015-07-20T22:55:06+08:00 ] ::1 /index.php/Index/setMail.html
INFO: [ app_begin ] --START--
INFO: Run Behavior\ReadHtmlCacheBehavior [ RunTime:0.000000s ]
INFO: [ app_begin ] --END-- [ RunTime:0.002000s ]
NOTIC: [2] rand() expects exactly 2 parameters, 1 given E:\Jd\shop_jd\Home\Controller\IndexController.class.php 第 81 行.
INFO: [ app_end ] --START--
INFO: Run Behavior\ShowPageTraceBehavior [ RunTime:0.000000s ]
INFO: [ app_end ] --END-- [ RunTime:0.000000s ]

[ 2015-07-20T22:56:53+08:00 ] ::1 /index.php/Index/checkVerify2.html
INFO: [ app_begin ] --START--
INFO: Run Behavior\ReadHtmlCacheBehavior [ RunTime:0.001000s ]
INFO: [ app_begin ] --END-- [ RunTime:0.002000s ]

[ 2015-07-20T22:56:57+08:00 ] ::1 /index.php/Index/checkVerify2.html
INFO: [ app_begin ] --START--
INFO: Run Behavior\ReadHtmlCacheBehavior [ RunTime:0.000000s ]
INFO: [ app_begin ] --END-- [ RunTime:0.000000s ]

[ 2015-07-20T22:57:00+08:00 ] ::1 /index.php/Index/setMail.html
INFO: [ app_begin ] --START--
INFO: Run Behavior\ReadHtmlCacheBehavior [ RunTime:0.000000s ]
INFO: [ app_begin ] --END-- [ RunTime:0.000000s ]
NOTIC: [2] rand() expects exactly 2 parameters, 1 given E:\Jd\shop_jd\Home\Controller\IndexController.class.php 第 81 行.
INFO: [ app_end ] --START--
INFO: Run Behavior\ShowPageTraceBehavior [ RunTime:0.000000s ]
INFO: [ app_end ] --END-- [ RunTime:0.000000s ]

[ 2015-07-20T22:57:51+08:00 ] ::1 /index.php/Index/finishMailCheck/serialize/s%3A42%3A%22twins4950%2Cf58f064c343d2c3ac4484ea4f7f45a60%22%3B.html
ERR: 非法操作:finishMailCheck

[ 2015-07-20T22:58:33+08:00 ] ::1 /index.php/Index/checkVerify2.html
INFO: [ app_begin ] --START--
INFO: Run Behavior\ReadHtmlCacheBehavior [ RunTime:0.001000s ]
INFO: [ app_begin ] --END-- [ RunTime:0.001000s ]

[ 2015-07-20T22:58:39+08:00 ] ::1 /index.php/Index/checkVerify2.html
INFO: [ app_begin ] --START--
INFO: Run Behavior\ReadHtmlCacheBehavior [ RunTime:0.001000s ]
INFO: [ app_begin ] --END-- [ RunTime:0.001000s ]

[ 2015-07-20T22:58:47+08:00 ] ::1 /index.php/Index/checkVerify2.html
INFO: [ app_begin ] --START--
INFO: Run Behavior\ReadHtmlCacheBehavior [ RunTime:0.001000s ]
INFO: [ app_begin ] --END-- [ RunTime:0.001000s ]

[ 2015-07-20T22:58:49+08:00 ] ::1 /index.php/Index/setMail.html
INFO: [ app_begin ] --START--
INFO: Run Behavior\ReadHtmlCacheBehavior [ RunTime:0.000000s ]
INFO: [ app_begin ] --END-- [ RunTime:0.001000s ]
NOTIC: [2] rand() expects exactly 2 parameters, 1 given E:\Jd\shop_jd\Home\Controller\IndexController.class.php 第 81 行.
INFO: [ app_end ] --START--
INFO: Run Behavior\ShowPageTraceBehavior [ RunTime:0.001000s ]
INFO: [ app_end ] --END-- [ RunTime:0.001000s ]

[ 2015-07-20T22:58:56+08:00 ] 127.0.0.1 //index.php/Index/finishMailCheck/serialize/s%3A42%3A%22twins4950%2Cf58f064c343d2c3ac4484ea4f7f45a60%22%3B.html
ERR: 非法操作:finishMailCheck

