[ 2015-07-15T19:29:55+08:00 ] ::1 /Jd/shop_jd/Admin/Public/css/uniform.default.css
ERR: 无法加载控制器:Shop_jd

[ 2015-07-15T19:29:56+08:00 ] ::1 /Jd/shop_jd/Admin/Public/font/fontawesome-webfont.woff?v=3.2.1
ERR: 无法加载控制器:Shop_jd

[ 2015-07-15T19:29:56+08:00 ] ::1 /Jd/shop_jd/Admin/Public/font/fontawesome-webfont.ttf?v=3.2.1
ERR: 无法加载控制器:Shop_jd

[ 2015-07-15T19:31:45+08:00 ] ::1 /Jd/shop_jd/Admin/Publicjs/bootstrap.js
ERR: 无法加载控制器:Shop_jd

[ 2015-07-15T19:31:45+08:00 ] ::1 /Jd/shop_jd/Admin/Publicjs/fullcalendar.min.js
ERR: 无法加载控制器:Shop_jd

[ 2015-07-15T19:31:45+08:00 ] ::1 /Jd/shop_jd/Admin/Public/css/uniform.default.css
ERR: 无法加载控制器:Shop_jd

[ 2015-07-15T19:31:45+08:00 ] ::1 /Jd/shop_jd/Admin/Publicjs/jquery-ui-1.9.2.custom.min.js
ERR: 无法加载控制器:Shop_jd

[ 2015-07-15T19:31:45+08:00 ] ::1 /Jd/shop_jd/Admin/Publicjs/jquery.rateit.min.js
ERR: 无法加载控制器:Shop_jd

[ 2015-07-15T19:31:45+08:00 ] ::1 /Jd/shop_jd/Admin/Publicjs/jquery.js
ERR: 无法加载控制器:Shop_jd

[ 2015-07-15T19:31:45+08:00 ] ::1 /Jd/shop_jd/Admin/Publicjs/jquery.prettyPhoto.js
ERR: 无法加载控制器:Shop_jd

[ 2015-07-15T19:31:45+08:00 ] ::1 /Jd/shop_jd/Admin/Publicjs/excanvas.min.js
ERR: 无法加载控制器:Shop_jd

[ 2015-07-15T19:31:45+08:00 ] ::1 /Jd/shop_jd/Admin/Publicjs/jquery.flot.resize.js
ERR: 无法加载控制器:Shop_jd

[ 2015-07-15T19:31:45+08:00 ] ::1 /Jd/shop_jd/Admin/Publicjs/jquery.flot.pie.js
ERR: 无法加载控制器:Shop_jd

[ 2015-07-15T19:31:45+08:00 ] ::1 /Jd/shop_jd/Admin/Publicjs/jquery.noty.js
ERR: 无法加载控制器:Shop_jd

[ 2015-07-15T19:31:45+08:00 ] ::1 /Jd/shop_jd/Admin/Publicjs/jquery.flot.js
ERR: 无法加载控制器:Shop_jd

[ 2015-07-15T19:31:45+08:00 ] ::1 /Jd/shop_jd/Admin/Publicjs/jquery.flot.stack.js
ERR: 无法加载控制器:Shop_jd

[ 2015-07-15T19:31:46+08:00 ] ::1 /Jd/shop_jd/Admin/Publicjs/themes/default.js
ERR: 无法加载控制器:Shop_jd

[ 2015-07-15T19:31:46+08:00 ] ::1 /Jd/shop_jd/Admin/Publicjs/layouts/bottom.js
ERR: 无法加载控制器:Shop_jd

[ 2015-07-15T19:31:46+08:00 ] ::1 /Jd/shop_jd/Admin/Publicjs/layouts/top.js
ERR: 无法加载控制器:Shop_jd

[ 2015-07-15T19:31:46+08:00 ] ::1 /Jd/shop_jd/Admin/Publicjs/layouts/topRight.js
ERR: 无法加载控制器:Shop_jd

[ 2015-07-15T19:31:46+08:00 ] ::1 /Jd/shop_jd/Admin/Publicjs/sparklines.js
ERR: 无法加载控制器:Shop_jd

[ 2015-07-15T19:31:46+08:00 ] ::1 /Jd/shop_jd/Admin/Publicjs/jquery.cleditor.min.js
ERR: 无法加载控制器:Shop_jd

[ 2015-07-15T19:31:46+08:00 ] ::1 /Jd/shop_jd/Admin/Publicjs/jquery.uniform.min.js
ERR: 无法加载控制器:Shop_jd

[ 2015-07-15T19:31:46+08:00 ] ::1 /Jd/shop_jd/Admin/Publicjs/bootstrap-switch.min.js
ERR: 无法加载控制器:Shop_jd

[ 2015-07-15T19:31:46+08:00 ] ::1 /Jd/shop_jd/Admin/Publicjs/custom.js
ERR: 无法加载控制器:Shop_jd

[ 2015-07-15T19:31:46+08:00 ] ::1 /Jd/shop_jd/Admin/Publicjs/bootstrap-datetimepicker.min.js
ERR: 无法加载控制器:Shop_jd

[ 2015-07-15T19:31:46+08:00 ] ::1 /Jd/shop_jd/Admin/Publicjs/charts.js
ERR: 无法加载控制器:Shop_jd

[ 2015-07-15T19:31:46+08:00 ] ::1 /Jd/shop_jd/Admin/Publicjs/filter.js
ERR: 无法加载控制器:Shop_jd

[ 2015-07-15T19:31:53+08:00 ] ::1 /Jd/shop_jd/Admin/Publicjs/jquery.js
ERR: 无法加载控制器:Shop_jd

[ 2015-07-15T19:31:53+08:00 ] ::1 /Jd/shop_jd/Admin/Publicjs/bootstrap.js
ERR: 无法加载控制器:Shop_jd

[ 2015-07-15T19:31:53+08:00 ] ::1 /Jd/shop_jd/Admin/Public/css/uniform.default.css
ERR: 无法加载控制器:Shop_jd

[ 2015-07-15T19:31:53+08:00 ] ::1 /Jd/shop_jd/Admin/Publicjs/jquery.rateit.min.js
ERR: 无法加载控制器:Shop_jd

[ 2015-07-15T19:31:53+08:00 ] ::1 /Jd/shop_jd/Admin/Publicjs/jquery-ui-1.9.2.custom.min.js
ERR: 无法加载控制器:Shop_jd

[ 2015-07-15T19:31:53+08:00 ] ::1 /Jd/shop_jd/Admin/Publicjs/fullcalendar.min.js
ERR: 无法加载控制器:Shop_jd

[ 2015-07-15T19:31:53+08:00 ] ::1 /Jd/shop_jd/Admin/Publicjs/jquery.prettyPhoto.js
ERR: 无法加载控制器:Shop_jd

[ 2015-07-15T19:31:53+08:00 ] ::1 /Jd/shop_jd/Admin/Publicjs/jquery.flot.js
ERR: 无法加载控制器:Shop_jd

[ 2015-07-15T19:31:53+08:00 ] ::1 /Jd/shop_jd/Admin/Publicjs/jquery.flot.resize.js
ERR: 无法加载控制器:Shop_jd

[ 2015-07-15T19:31:53+08:00 ] ::1 /Jd/shop_jd/Admin/Publicjs/excanvas.min.js
ERR: 无法加载控制器:Shop_jd

[ 2015-07-15T19:31:53+08:00 ] ::1 /Jd/shop_jd/Admin/Publicjs/jquery.flot.stack.js
ERR: 无法加载控制器:Shop_jd

[ 2015-07-15T19:31:53+08:00 ] ::1 /Jd/shop_jd/Admin/Publicjs/jquery.noty.js
ERR: 无法加载控制器:Shop_jd

[ 2015-07-15T19:31:53+08:00 ] ::1 /Jd/shop_jd/Admin/Publicjs/jquery.flot.pie.js
ERR: 无法加载控制器:Shop_jd

[ 2015-07-15T19:31:53+08:00 ] ::1 /Jd/shop_jd/Admin/Publicjs/layouts/bottom.js
ERR: 无法加载控制器:Shop_jd

[ 2015-07-15T19:31:53+08:00 ] ::1 /Jd/shop_jd/Admin/Publicjs/layouts/topRight.js
ERR: 无法加载控制器:Shop_jd

[ 2015-07-15T19:31:53+08:00 ] ::1 /Jd/shop_jd/Admin/Publicjs/themes/default.js
ERR: 无法加载控制器:Shop_jd

[ 2015-07-15T19:31:53+08:00 ] ::1 /Jd/shop_jd/Admin/Publicjs/sparklines.js
ERR: 无法加载控制器:Shop_jd

[ 2015-07-15T19:31:53+08:00 ] ::1 /Jd/shop_jd/Admin/Publicjs/jquery.cleditor.min.js
ERR: 无法加载控制器:Shop_jd

[ 2015-07-15T19:31:53+08:00 ] ::1 /Jd/shop_jd/Admin/Publicjs/bootstrap-datetimepicker.min.js
ERR: 无法加载控制器:Shop_jd

[ 2015-07-15T19:31:53+08:00 ] ::1 /Jd/shop_jd/Admin/Publicjs/filter.js
ERR: 无法加载控制器:Shop_jd

[ 2015-07-15T19:31:53+08:00 ] ::1 /Jd/shop_jd/Admin/Publicjs/bootstrap-switch.min.js
ERR: 无法加载控制器:Shop_jd

[ 2015-07-15T19:31:53+08:00 ] ::1 /Jd/shop_jd/Admin/Publicjs/jquery.uniform.min.js
ERR: 无法加载控制器:Shop_jd

[ 2015-07-15T19:31:53+08:00 ] ::1 /Jd/shop_jd/Admin/Publicjs/custom.js
ERR: 无法加载控制器:Shop_jd

[ 2015-07-15T19:31:53+08:00 ] ::1 /Jd/shop_jd/Admin/Publicjs/charts.js
ERR: 无法加载控制器:Shop_jd

[ 2015-07-15T19:31:53+08:00 ] ::1 /Jd/shop_jd/Admin/Publicjs/layouts/top.js
ERR: 无法加载控制器:Shop_jd

[ 2015-07-15T19:32:02+08:00 ] ::1 /Jd/shop_jd/Admin/Publicjs/bootstrap.js
ERR: 无法加载控制器:Shop_jd

[ 2015-07-15T19:32:02+08:00 ] ::1 /Jd/shop_jd/Admin/Publicjs/jquery.js
ERR: 无法加载控制器:Shop_jd

[ 2015-07-15T19:32:02+08:00 ] ::1 /Jd/shop_jd/Admin/Publicjs/jquery-ui-1.9.2.custom.min.js
ERR: 无法加载控制器:Shop_jd

[ 2015-07-15T19:32:02+08:00 ] ::1 /Jd/shop_jd/Admin/Publicjs/fullcalendar.min.js
ERR: 无法加载控制器:Shop_jd

[ 2015-07-15T19:32:02+08:00 ] ::1 /Jd/shop_jd/Admin/Public/css/uniform.default.css
ERR: 无法加载控制器:Shop_jd

[ 2015-07-15T19:32:02+08:00 ] ::1 /Jd/shop_jd/Admin/Publicjs/excanvas.min.js
ERR: 无法加载控制器:Shop_jd

[ 2015-07-15T19:32:02+08:00 ] ::1 /Jd/shop_jd/Admin/Publicjs/jquery.prettyPhoto.js
ERR: 无法加载控制器:Shop_jd

[ 2015-07-15T19:32:02+08:00 ] ::1 /Jd/shop_jd/Admin/Publicjs/jquery.rateit.min.js
ERR: 无法加载控制器:Shop_jd

[ 2015-07-15T19:32:02+08:00 ] ::1 /Jd/shop_jd/Admin/Publicjs/jquery.flot.js
ERR: 无法加载控制器:Shop_jd

[ 2015-07-15T19:32:02+08:00 ] ::1 /Jd/shop_jd/Admin/Publicjs/jquery.flot.pie.js
ERR: 无法加载控制器:Shop_jd

[ 2015-07-15T19:32:02+08:00 ] ::1 /Jd/shop_jd/Admin/Publicjs/jquery.flot.resize.js
ERR: 无法加载控制器:Shop_jd

[ 2015-07-15T19:32:02+08:00 ] ::1 /Jd/shop_jd/Admin/Publicjs/jquery.noty.js
ERR: 无法加载控制器:Shop_jd

[ 2015-07-15T19:32:02+08:00 ] ::1 /Jd/shop_jd/Admin/Publicjs/themes/default.js
ERR: 无法加载控制器:Shop_jd

[ 2015-07-15T19:32:02+08:00 ] ::1 /Jd/shop_jd/Admin/Publicjs/layouts/bottom.js
ERR: 无法加载控制器:Shop_jd

[ 2015-07-15T19:32:02+08:00 ] ::1 /Jd/shop_jd/Admin/Publicjs/jquery.flot.stack.js
ERR: 无法加载控制器:Shop_jd

[ 2015-07-15T19:32:02+08:00 ] ::1 /Jd/shop_jd/Admin/Publicjs/layouts/topRight.js
ERR: 无法加载控制器:Shop_jd

[ 2015-07-15T19:32:02+08:00 ] ::1 /Jd/shop_jd/Admin/Publicjs/layouts/top.js
ERR: 无法加载控制器:Shop_jd

[ 2015-07-15T19:32:02+08:00 ] ::1 /Jd/shop_jd/Admin/Publicjs/sparklines.js
ERR: 无法加载控制器:Shop_jd

[ 2015-07-15T19:32:02+08:00 ] ::1 /Jd/shop_jd/Admin/Publicjs/jquery.cleditor.min.js
ERR: 无法加载控制器:Shop_jd

[ 2015-07-15T19:32:02+08:00 ] ::1 /Jd/shop_jd/Admin/Publicjs/bootstrap-datetimepicker.min.js
ERR: 无法加载控制器:Shop_jd

[ 2015-07-15T19:32:02+08:00 ] ::1 /Jd/shop_jd/Admin/Publicjs/jquery.uniform.min.js
ERR: 无法加载控制器:Shop_jd

[ 2015-07-15T19:32:02+08:00 ] ::1 /Jd/shop_jd/Admin/Publicjs/bootstrap-switch.min.js
ERR: 无法加载控制器:Shop_jd

[ 2015-07-15T19:32:02+08:00 ] ::1 /Jd/shop_jd/Admin/Publicjs/custom.js
ERR: 无法加载控制器:Shop_jd

[ 2015-07-15T19:32:02+08:00 ] ::1 /Jd/shop_jd/Admin/Publicjs/filter.js
ERR: 无法加载控制器:Shop_jd

[ 2015-07-15T19:32:02+08:00 ] ::1 /Jd/shop_jd/Admin/Publicjs/charts.js
ERR: 无法加载控制器:Shop_jd

[ 2015-07-15T19:33:14+08:00 ] ::1 /Jd/shop_jd/Admin/Public/css/uniform.default.css
ERR: 无法加载控制器:Shop_jd

[ 2015-07-15T19:33:15+08:00 ] ::1 /Jd/shop_jd/Admin/Publicjs/jquery.rateit.min.js
ERR: 无法加载控制器:Shop_jd

[ 2015-07-15T19:33:15+08:00 ] ::1 /Jd/shop_jd/Admin/Publicjs/fullcalendar.min.js
ERR: 无法加载控制器:Shop_jd

[ 2015-07-15T19:33:15+08:00 ] ::1 /Jd/shop_jd/Admin/Publicjs/bootstrap.js
ERR: 无法加载控制器:Shop_jd

[ 2015-07-15T19:33:15+08:00 ] ::1 /Jd/shop_jd/Admin/Publicjs/jquery.js
ERR: 无法加载控制器:Shop_jd

[ 2015-07-15T19:33:15+08:00 ] ::1 /Jd/shop_jd/Admin/Publicjs/jquery-ui-1.9.2.custom.min.js
ERR: 无法加载控制器:Shop_jd

[ 2015-07-15T19:33:15+08:00 ] ::1 /Jd/shop_jd/Admin/Publicjs/excanvas.min.js
ERR: 无法加载控制器:Shop_jd

[ 2015-07-15T19:33:15+08:00 ] ::1 /Jd/shop_jd/Admin/Publicjs/jquery.flot.js
ERR: 无法加载控制器:Shop_jd

[ 2015-07-15T19:33:15+08:00 ] ::1 /Jd/shop_jd/Admin/Publicjs/jquery.prettyPhoto.js
ERR: 无法加载控制器:Shop_jd

[ 2015-07-15T19:33:15+08:00 ] ::1 /Jd/shop_jd/Admin/Publicjs/jquery.flot.resize.js
ERR: 无法加载控制器:Shop_jd

[ 2015-07-15T19:33:15+08:00 ] ::1 /Jd/shop_jd/Admin/Publicjs/jquery.flot.pie.js
ERR: 无法加载控制器:Shop_jd

[ 2015-07-15T19:33:15+08:00 ] ::1 /Jd/shop_jd/Admin/Publicjs/layouts/bottom.js
ERR: 无法加载控制器:Shop_jd

[ 2015-07-15T19:33:15+08:00 ] ::1 /Jd/shop_jd/Admin/Publicjs/layouts/top.js
ERR: 无法加载控制器:Shop_jd

[ 2015-07-15T19:33:15+08:00 ] ::1 /Jd/shop_jd/Admin/Publicjs/layouts/topRight.js
ERR: 无法加载控制器:Shop_jd

[ 2015-07-15T19:33:15+08:00 ] ::1 /Jd/shop_jd/Admin/Publicjs/jquery.cleditor.min.js
ERR: 无法加载控制器:Shop_jd

[ 2015-07-15T19:33:15+08:00 ] ::1 /Jd/shop_jd/Admin/Publicjs/sparklines.js
ERR: 无法加载控制器:Shop_jd

[ 2015-07-15T19:33:15+08:00 ] ::1 /Jd/shop_jd/Admin/Publicjs/themes/default.js
ERR: 无法加载控制器:Shop_jd

[ 2015-07-15T19:33:15+08:00 ] ::1 /Jd/shop_jd/Admin/Publicjs/jquery.uniform.min.js
ERR: 无法加载控制器:Shop_jd

[ 2015-07-15T19:33:15+08:00 ] ::1 /Jd/shop_jd/Admin/Publicjs/bootstrap-datetimepicker.min.js
ERR: 无法加载控制器:Shop_jd

[ 2015-07-15T19:33:15+08:00 ] ::1 /Jd/shop_jd/Admin/Publicjs/jquery.flot.stack.js
ERR: 无法加载控制器:Shop_jd

[ 2015-07-15T19:33:15+08:00 ] ::1 /Jd/shop_jd/Admin/Publicjs/bootstrap-switch.min.js
ERR: 无法加载控制器:Shop_jd

[ 2015-07-15T19:33:15+08:00 ] ::1 /Jd/shop_jd/Admin/Publicjs/custom.js
ERR: 无法加载控制器:Shop_jd

[ 2015-07-15T19:33:15+08:00 ] ::1 /Jd/shop_jd/Admin/Publicjs/charts.js
ERR: 无法加载控制器:Shop_jd

[ 2015-07-15T19:33:15+08:00 ] ::1 /Jd/shop_jd/Admin/Publicjs/jquery.noty.js
ERR: 无法加载控制器:Shop_jd

[ 2015-07-15T19:33:15+08:00 ] ::1 /Jd/shop_jd/Admin/Publicjs/filter.js
ERR: 无法加载控制器:Shop_jd

[ 2015-07-15T19:33:17+08:00 ] ::1 /Jd/shop_jd/Admin/Public/css/uniform.default.css
ERR: 无法加载控制器:Shop_jd

[ 2015-07-15T19:33:17+08:00 ] ::1 /Jd/shop_jd/Admin/Publicjs/jquery-ui-1.9.2.custom.min.js
ERR: 无法加载控制器:Shop_jd

[ 2015-07-15T19:33:17+08:00 ] ::1 /Jd/shop_jd/Admin/Publicjs/fullcalendar.min.js
ERR: 无法加载控制器:Shop_jd

[ 2015-07-15T19:33:17+08:00 ] ::1 /Jd/shop_jd/Admin/Publicjs/jquery.js
ERR: 无法加载控制器:Shop_jd

[ 2015-07-15T19:33:17+08:00 ] ::1 /Jd/shop_jd/Admin/Publicjs/bootstrap.js
ERR: 无法加载控制器:Shop_jd

[ 2015-07-15T19:33:17+08:00 ] ::1 /Jd/shop_jd/Admin/Publicjs/jquery.rateit.min.js
ERR: 无法加载控制器:Shop_jd

[ 2015-07-15T19:33:17+08:00 ] ::1 /Jd/shop_jd/Admin/Publicjs/excanvas.min.js
ERR: 无法加载控制器:Shop_jd

[ 2015-07-15T19:33:17+08:00 ] ::1 /Jd/shop_jd/Admin/Publicjs/jquery.flot.resize.js
ERR: 无法加载控制器:Shop_jd

[ 2015-07-15T19:33:17+08:00 ] ::1 /Jd/shop_jd/Admin/Publicjs/jquery.flot.js
ERR: 无法加载控制器:Shop_jd

[ 2015-07-15T19:33:17+08:00 ] ::1 /Jd/shop_jd/Admin/Publicjs/jquery.flot.pie.js
ERR: 无法加载控制器:Shop_jd

[ 2015-07-15T19:33:17+08:00 ] ::1 /Jd/shop_jd/Admin/Publicjs/jquery.prettyPhoto.js
ERR: 无法加载控制器:Shop_jd

[ 2015-07-15T19:33:17+08:00 ] ::1 /Jd/shop_jd/Admin/Publicjs/jquery.flot.stack.js
ERR: 无法加载控制器:Shop_jd

[ 2015-07-15T19:33:17+08:00 ] ::1 /Jd/shop_jd/Admin/Publicjs/jquery.noty.js
ERR: 无法加载控制器:Shop_jd

[ 2015-07-15T19:33:17+08:00 ] ::1 /Jd/shop_jd/Admin/Publicjs/themes/default.js
ERR: 无法加载控制器:Shop_jd

[ 2015-07-15T19:33:17+08:00 ] ::1 /Jd/shop_jd/Admin/Publicjs/layouts/topRight.js
ERR: 无法加载控制器:Shop_jd

[ 2015-07-15T19:33:17+08:00 ] ::1 /Jd/shop_jd/Admin/Publicjs/layouts/top.js
ERR: 无法加载控制器:Shop_jd

[ 2015-07-15T19:33:17+08:00 ] ::1 /Jd/shop_jd/Admin/Publicjs/layouts/bottom.js
ERR: 无法加载控制器:Shop_jd

[ 2015-07-15T19:33:17+08:00 ] ::1 /Jd/shop_jd/Admin/Publicjs/sparklines.js
ERR: 无法加载控制器:Shop_jd

[ 2015-07-15T19:33:17+08:00 ] ::1 /Jd/shop_jd/Admin/Publicjs/bootstrap-datetimepicker.min.js
ERR: 无法加载控制器:Shop_jd

[ 2015-07-15T19:33:18+08:00 ] ::1 /Jd/shop_jd/Admin/Publicjs/jquery.cleditor.min.js
ERR: 无法加载控制器:Shop_jd

[ 2015-07-15T19:33:18+08:00 ] ::1 /Jd/shop_jd/Admin/Publicjs/jquery.uniform.min.js
ERR: 无法加载控制器:Shop_jd

[ 2015-07-15T19:33:18+08:00 ] ::1 /Jd/shop_jd/Admin/Publicjs/bootstrap-switch.min.js
ERR: 无法加载控制器:Shop_jd

[ 2015-07-15T19:33:18+08:00 ] ::1 /Jd/shop_jd/Admin/Publicjs/custom.js
ERR: 无法加载控制器:Shop_jd

[ 2015-07-15T19:33:18+08:00 ] ::1 /Jd/shop_jd/Admin/Publicjs/charts.js
ERR: 无法加载控制器:Shop_jd

[ 2015-07-15T19:33:18+08:00 ] ::1 /Jd/shop_jd/Admin/Publicjs/filter.js
ERR: 无法加载控制器:Shop_jd

[ 2015-07-15T19:33:24+08:00 ] ::1 /Jd/shop_jd/Admin/Public/css/uniform.default.css
ERR: 无法加载控制器:Shop_jd

[ 2015-07-15T19:35:10+08:00 ] ::1 /Jd/shop_jd/Admin/Public/css/uniform.default.css
ERR: 无法加载控制器:Shop_jd

[ 2015-07-15T19:35:10+08:00 ] ::1 /Jd/shop_jd/Admin/Public/js/themes/default.js
ERR: 无法加载控制器:Shop_jd

[ 2015-07-15T19:35:10+08:00 ] ::1 /Jd/shop_jd/Admin/Public/js/layouts/bottom.js
ERR: 无法加载控制器:Shop_jd

[ 2015-07-15T19:35:10+08:00 ] ::1 /Jd/shop_jd/Admin/Public/js/layouts/topRight.js
ERR: 无法加载控制器:Shop_jd

[ 2015-07-15T19:35:10+08:00 ] ::1 /Jd/shop_jd/Admin/Public/js/layouts/top.js
ERR: 无法加载控制器:Shop_jd

[ 2015-07-15T19:35:10+08:00 ] ::1 /Jd/shop_jd/Admin/Public/js/jquery.uniform.min.js
ERR: 无法加载控制器:Shop_jd

[ 2015-07-15T19:36:53+08:00 ] ::1 /Jd/shop_jd/Admin/Public/css/uniform.default.css
ERR: 无法加载控制器:Shop_jd

[ 2015-07-15T19:36:53+08:00 ] ::1 /Jd/shop_jd/Admin/Public/js/jquery.uniform.min.js
ERR: 无法加载控制器:Shop_jd

[ 2015-07-15T21:11:09+08:00 ] ::1 /Jd/index.php/assets/js/vendor/holder.min.js
ERR: 无法加载控制器:Assets

[ 2015-07-15T21:11:09+08:00 ] ::1 /Jd/index.php/assets/js/ie-emulation-modes-warning.js
ERR: 无法加载控制器:Assets

[ 2015-07-15T21:11:09+08:00 ] ::1 /Jd/index.php/assets/js/ie10-viewport-bug-workaround.js
ERR: 无法加载控制器:Assets

[ 2015-07-15T22:00:44+08:00 ] ::1 /Jd/shop_jd/Admin/Public/font/fontawesome-webfont.woff?v=3.2.1
ERR: 无法加载控制器:Shop_jd

[ 2015-07-15T22:00:44+08:00 ] ::1 /Jd/shop_jd/Admin/Public/font/fontawesome-webfont.ttf?v=3.2.1
ERR: 无法加载控制器:Shop_jd

[ 2015-07-15T22:07:59+08:00 ] ::1 /Jd/shop_jd/Admin/Public/js/jquery.js
ERR: 无法加载控制器:Shop_jd

[ 2015-07-15T22:07:59+08:00 ] ::1 /Jd/shop_jd/Admin/Public/js/jquery.flot.js
ERR: 无法加载控制器:Shop_jd

[ 2015-07-15T22:07:59+08:00 ] ::1 /Jd/shop_jd/Admin/Public/js/fullcalendar.min.js
ERR: 无法加载控制器:Shop_jd

[ 2015-07-15T22:07:59+08:00 ] ::1 /Jd/shop_jd/Admin/Public/js/jquery.flot.resize.js
ERR: 无法加载控制器:Shop_jd

[ 2015-07-15T22:07:59+08:00 ] ::1 /Jd/shop_jd/Admin/Public/js/jquery.flot.pie.js
ERR: 无法加载控制器:Shop_jd

[ 2015-07-15T22:07:59+08:00 ] ::1 /Jd/shop_jd/Admin/Public/js/jquery-ui-1.9.2.custom.min.js
ERR: 无法加载控制器:Shop_jd

[ 2015-07-15T22:07:59+08:00 ] ::1 /Jd/shop_jd/Admin/Public/js/default.js
ERR: 无法加载控制器:Shop_jd

[ 2015-07-15T22:07:59+08:00 ] ::1 /Jd/shop_jd/Admin/Public/js/jquery.flot.stack.js
ERR: 无法加载控制器:Shop_jd

[ 2015-07-15T22:07:59+08:00 ] ::1 /Jd/shop_jd/Admin/Public/js/bottom.js
ERR: 无法加载控制器:Shop_jd

[ 2015-07-15T22:07:59+08:00 ] ::1 /Jd/shop_jd/Admin/Public/js/jquery.noty.js
ERR: 无法加载控制器:Shop_jd

[ 2015-07-15T22:07:59+08:00 ] ::1 /Jd/shop_jd/Admin/Public/js/top.js
ERR: 无法加载控制器:Shop_jd

[ 2015-07-15T22:07:59+08:00 ] ::1 /Jd/shop_jd/Admin/Public/js/jquery.cleditor.min.js
ERR: 无法加载控制器:Shop_jd

[ 2015-07-15T22:07:59+08:00 ] ::1 /Jd/shop_jd/Admin/Public/js/topRight.js
ERR: 无法加载控制器:Shop_jd

[ 2015-07-15T22:07:59+08:00 ] ::1 /Jd/shop_jd/Admin/Public/js/bootstrap-datetimepicker.min.js
ERR: 无法加载控制器:Shop_jd

[ 2015-07-15T22:07:59+08:00 ] ::1 /Jd/shop_jd/Admin/Public/js/bootstrap-switch.min.js
ERR: 无法加载控制器:Shop_jd

[ 2015-07-15T22:07:59+08:00 ] ::1 /Jd/shop_jd/Admin/Public/js/filter.js
ERR: 无法加载控制器:Shop_jd

[ 2015-07-15T22:07:59+08:00 ] ::1 /Jd/shop_jd/Admin/Public/js/custom.js
ERR: 无法加载控制器:Shop_jd

[ 2015-07-15T22:07:59+08:00 ] ::1 /Jd/shop_jd/Admin/Public/js/charts.js
ERR: 无法加载控制器:Shop_jd

[ 2015-07-15T22:07:59+08:00 ] ::1 /Jd/shop_jd/Admin/Public/js/sparklines.js
ERR: 无法加载控制器:Shop_jd

[ 2015-07-15T22:07:59+08:00 ] ::1 /Jd/shop_jd/Admin/Public/js/jquery.prettyPhoto.js
ERR: 无法加载控制器:Shop_jd

[ 2015-07-15T22:07:59+08:00 ] ::1 /Jd/shop_jd/Admin/Public/js/excanvas.min.js
ERR: 无法加载控制器:Shop_jd

[ 2015-07-15T22:07:59+08:00 ] ::1 /Jd/shop_jd/Admin/Public/js/jquery.rateit.min.js
ERR: 无法加载控制器:Shop_jd

[ 2015-07-15T22:08:00+08:00 ] ::1 /Jd/shop_jd/Admin/Public/js/jquery.js
ERR: 无法加载控制器:Shop_jd

[ 2015-07-15T22:08:00+08:00 ] ::1 /Jd/shop_jd/Admin/Public/js/jquery.prettyPhoto.js
ERR: 无法加载控制器:Shop_jd

[ 2015-07-15T22:08:00+08:00 ] ::1 /Jd/shop_jd/Admin/Public/js/jquery.rateit.min.js
ERR: 无法加载控制器:Shop_jd

[ 2015-07-15T22:08:00+08:00 ] ::1 /Jd/shop_jd/Admin/Public/js/jquery.flot.resize.js
ERR: 无法加载控制器:Shop_jd

[ 2015-07-15T22:08:00+08:00 ] ::1 /Jd/shop_jd/Admin/Public/js/fullcalendar.min.js
ERR: 无法加载控制器:Shop_jd

[ 2015-07-15T22:08:00+08:00 ] ::1 /Jd/shop_jd/Admin/Public/js/excanvas.min.js
ERR: 无法加载控制器:Shop_jd

[ 2015-07-15T22:08:00+08:00 ] ::1 /Jd/shop_jd/Admin/Public/js/jquery.flot.js
ERR: 无法加载控制器:Shop_jd

[ 2015-07-15T22:08:00+08:00 ] ::1 /Jd/shop_jd/Admin/Public/js/jquery-ui-1.9.2.custom.min.js
ERR: 无法加载控制器:Shop_jd

[ 2015-07-15T22:08:00+08:00 ] ::1 /Jd/shop_jd/Admin/Public/js/jquery.flot.stack.js
ERR: 无法加载控制器:Shop_jd

[ 2015-07-15T22:08:00+08:00 ] ::1 /Jd/shop_jd/Admin/Public/js/jquery.flot.pie.js
ERR: 无法加载控制器:Shop_jd

[ 2015-07-15T22:08:01+08:00 ] ::1 /Jd/shop_jd/Admin/Public/js/jquery.noty.js
ERR: 无法加载控制器:Shop_jd

[ 2015-07-15T22:08:01+08:00 ] ::1 /Jd/shop_jd/Admin/Public/js/sparklines.js
ERR: 无法加载控制器:Shop_jd

[ 2015-07-15T22:08:01+08:00 ] ::1 /Jd/shop_jd/Admin/Public/js/topRight.js
ERR: 无法加载控制器:Shop_jd

[ 2015-07-15T22:08:01+08:00 ] ::1 /Jd/shop_jd/Admin/Public/js/default.js
ERR: 无法加载控制器:Shop_jd

[ 2015-07-15T22:08:01+08:00 ] ::1 /Jd/shop_jd/Admin/Public/js/bottom.js
ERR: 无法加载控制器:Shop_jd

[ 2015-07-15T22:08:01+08:00 ] ::1 /Jd/shop_jd/Admin/Public/js/top.js
ERR: 无法加载控制器:Shop_jd

[ 2015-07-15T22:08:01+08:00 ] ::1 /Jd/shop_jd/Admin/Public/js/jquery.cleditor.min.js
ERR: 无法加载控制器:Shop_jd

[ 2015-07-15T22:08:01+08:00 ] ::1 /Jd/shop_jd/Admin/Public/js/bootstrap-datetimepicker.min.js
ERR: 无法加载控制器:Shop_jd

[ 2015-07-15T22:08:01+08:00 ] ::1 /Jd/shop_jd/Admin/Public/js/bootstrap-switch.min.js
ERR: 无法加载控制器:Shop_jd

[ 2015-07-15T22:08:01+08:00 ] ::1 /Jd/shop_jd/Admin/Public/js/filter.js
ERR: 无法加载控制器:Shop_jd

[ 2015-07-15T22:08:01+08:00 ] ::1 /Jd/shop_jd/Admin/Public/js/charts.js
ERR: 无法加载控制器:Shop_jd

[ 2015-07-15T22:08:01+08:00 ] ::1 /Jd/shop_jd/Admin/Public/js/custom.js
ERR: 无法加载控制器:Shop_jd

[ 2015-07-15T22:08:15+08:00 ] ::1 /Jd/shop_jd/Admin/Public/css/font-awesome.css
ERR: 无法加载控制器:Shop_jd

[ 2015-07-15T22:08:15+08:00 ] ::1 /Jd/shop_jd/Admin/Public/css/jquery-ui.css
ERR: 无法加载控制器:Shop_jd

[ 2015-07-15T22:08:15+08:00 ] ::1 /Jd/shop_jd/Admin/Public/css/jquery.cleditor.css
ERR: 无法加载控制器:Shop_jd

[ 2015-07-15T22:08:15+08:00 ] ::1 /Jd/shop_jd/Admin/Public/css/bootstrap-switch.css
ERR: 无法加载控制器:Shop_jd

[ 2015-07-15T22:08:15+08:00 ] ::1 /Jd/shop_jd/Admin/Public/css/fullcalendar.css
ERR: 无法加载控制器:Shop_jd

[ 2015-07-15T22:08:15+08:00 ] ::1 /Jd/shop_jd/Admin/Public/css/prettyPhoto.css
ERR: 无法加载控制器:Shop_jd

[ 2015-07-15T22:08:15+08:00 ] ::1 /Jd/shop_jd/Admin/Public/css/widgets.css
ERR: 无法加载控制器:Shop_jd

[ 2015-07-15T22:08:15+08:00 ] ::1 /Jd/shop_jd/Admin/Public/css/style.css
ERR: 无法加载控制器:Shop_jd

[ 2015-07-15T22:08:15+08:00 ] ::1 /Jd/shop_jd/Admin/Public/js/jquery-ui-1.9.2.custom.min.js
ERR: 无法加载控制器:Shop_jd

[ 2015-07-15T22:08:15+08:00 ] ::1 /Jd/shop_jd/Admin/Public/js/jquery.rateit.min.js
ERR: 无法加载控制器:Shop_jd

[ 2015-07-15T22:08:15+08:00 ] ::1 /Jd/shop_jd/Admin/Public/js/jquery.prettyPhoto.js
ERR: 无法加载控制器:Shop_jd

[ 2015-07-15T22:08:15+08:00 ] ::1 /Jd/shop_jd/Admin/Public/js/fullcalendar.min.js
ERR: 无法加载控制器:Shop_jd

[ 2015-07-15T22:08:15+08:00 ] ::1 /Jd/shop_jd/Admin/Public/js/jquery.flot.js
ERR: 无法加载控制器:Shop_jd

[ 2015-07-15T22:08:15+08:00 ] ::1 /Jd/shop_jd/Admin/Public/js/excanvas.min.js
ERR: 无法加载控制器:Shop_jd

[ 2015-07-15T22:08:15+08:00 ] ::1 /Jd/shop_jd/Admin/Public/js/jquery.flot.pie.js
ERR: 无法加载控制器:Shop_jd

[ 2015-07-15T22:08:15+08:00 ] ::1 /Jd/shop_jd/Admin/Public/js/jquery.flot.resize.js
ERR: 无法加载控制器:Shop_jd

[ 2015-07-15T22:08:15+08:00 ] ::1 /Jd/shop_jd/Admin/Public/js/jquery.flot.stack.js
ERR: 无法加载控制器:Shop_jd

[ 2015-07-15T22:08:15+08:00 ] ::1 /Jd/shop_jd/Admin/Public/js/jquery.noty.js
ERR: 无法加载控制器:Shop_jd

[ 2015-07-15T22:08:15+08:00 ] ::1 /Jd/shop_jd/Admin/Public/js/default.js
ERR: 无法加载控制器:Shop_jd

[ 2015-07-15T22:08:15+08:00 ] ::1 /Jd/shop_jd/Admin/Public/js/jquery.js
ERR: 无法加载控制器:Shop_jd

[ 2015-07-15T22:08:15+08:00 ] ::1 /Jd/shop_jd/Admin/Public/js/bottom.js
ERR: 无法加载控制器:Shop_jd

[ 2015-07-15T22:08:15+08:00 ] ::1 /Jd/shop_jd/Admin/Public/css/rateit.css
ERR: 无法加载控制器:Shop_jd

[ 2015-07-15T22:08:15+08:00 ] ::1 /Jd/shop_jd/Admin/Public/css/bootstrap-datetimepicker.min.css
ERR: 无法加载控制器:Shop_jd

[ 2015-07-15T22:08:15+08:00 ] ::1 /Jd/shop_jd/Admin/Public/js/topRight.js
ERR: 无法加载控制器:Shop_jd

[ 2015-07-15T22:08:15+08:00 ] ::1 /Jd/shop_jd/Admin/Public/js/top.js
ERR: 无法加载控制器:Shop_jd

[ 2015-07-15T22:08:15+08:00 ] ::1 /Jd/shop_jd/Admin/Public/js/sparklines.js
ERR: 无法加载控制器:Shop_jd

[ 2015-07-15T22:08:16+08:00 ] ::1 /Jd/shop_jd/Admin/Public/js/jquery.cleditor.min.js
ERR: 无法加载控制器:Shop_jd

[ 2015-07-15T22:08:16+08:00 ] ::1 /Jd/shop_jd/Admin/Public/js/bootstrap-datetimepicker.min.js
ERR: 无法加载控制器:Shop_jd

[ 2015-07-15T22:08:16+08:00 ] ::1 /Jd/shop_jd/Admin/Public/js/bootstrap-switch.min.js
ERR: 无法加载控制器:Shop_jd

[ 2015-07-15T22:08:16+08:00 ] ::1 /Jd/shop_jd/Admin/Public/js/filter.js
ERR: 无法加载控制器:Shop_jd

[ 2015-07-15T22:08:16+08:00 ] ::1 /Jd/shop_jd/Admin/Public/js/custom.js
ERR: 无法加载控制器:Shop_jd

[ 2015-07-15T22:08:16+08:00 ] ::1 /Jd/shop_jd/Admin/Public/js/charts.js
ERR: 无法加载控制器:Shop_jd

[ 2015-07-15T22:08:18+08:00 ] ::1 /Jd/shop_jd/Admin/Public/css/fullcalendar.css
ERR: 无法加载控制器:Shop_jd

[ 2015-07-15T22:08:18+08:00 ] ::1 /Jd/shop_jd/Admin/Public/css/prettyPhoto.css
ERR: 无法加载控制器:Shop_jd

[ 2015-07-15T22:08:18+08:00 ] ::1 /Jd/shop_jd/Admin/Public/css/jquery-ui.css
ERR: 无法加载控制器:Shop_jd

[ 2015-07-15T22:08:18+08:00 ] ::1 /Jd/shop_jd/Admin/Public/css/font-awesome.css
ERR: 无法加载控制器:Shop_jd

[ 2015-07-15T22:08:18+08:00 ] ::1 /Jd/shop_jd/Admin/Public/css/bootstrap-switch.css
ERR: 无法加载控制器:Shop_jd

[ 2015-07-15T22:08:18+08:00 ] ::1 /Jd/shop_jd/Admin/Public/css/jquery.cleditor.css
ERR: 无法加载控制器:Shop_jd

[ 2015-07-15T22:08:19+08:00 ] ::1 /Jd/shop_jd/Admin/Public/css/bootstrap-datetimepicker.min.css
ERR: 无法加载控制器:Shop_jd

[ 2015-07-15T22:08:19+08:00 ] ::1 /Jd/shop_jd/Admin/Public/js/jquery.js
ERR: 无法加载控制器:Shop_jd

[ 2015-07-15T22:08:19+08:00 ] ::1 /Jd/shop_jd/Admin/Public/css/widgets.css
ERR: 无法加载控制器:Shop_jd

[ 2015-07-15T22:08:19+08:00 ] ::1 /Jd/shop_jd/Admin/Public/css/style.css
ERR: 无法加载控制器:Shop_jd

[ 2015-07-15T22:08:19+08:00 ] ::1 /Jd/shop_jd/Admin/Public/css/rateit.css
ERR: 无法加载控制器:Shop_jd

[ 2015-07-15T22:08:19+08:00 ] ::1 /Jd/shop_jd/Admin/Public/js/jquery-ui-1.9.2.custom.min.js
ERR: 无法加载控制器:Shop_jd

[ 2015-07-15T22:08:19+08:00 ] ::1 /Jd/shop_jd/Admin/Public/js/jquery.rateit.min.js
ERR: 无法加载控制器:Shop_jd

[ 2015-07-15T22:08:19+08:00 ] ::1 /Jd/shop_jd/Admin/Public/js/jquery.prettyPhoto.js
ERR: 无法加载控制器:Shop_jd

[ 2015-07-15T22:08:19+08:00 ] ::1 /Jd/shop_jd/Admin/Public/js/excanvas.min.js
ERR: 无法加载控制器:Shop_jd

[ 2015-07-15T22:08:19+08:00 ] ::1 /Jd/shop_jd/Admin/Public/js/jquery.flot.pie.js
ERR: 无法加载控制器:Shop_jd

[ 2015-07-15T22:08:19+08:00 ] ::1 /Jd/shop_jd/Admin/Public/js/jquery.flot.stack.js
ERR: 无法加载控制器:Shop_jd

[ 2015-07-15T22:08:19+08:00 ] ::1 /Jd/shop_jd/Admin/Public/js/jquery.flot.js
ERR: 无法加载控制器:Shop_jd

[ 2015-07-15T22:08:19+08:00 ] ::1 /Jd/shop_jd/Admin/Public/js/fullcalendar.min.js
ERR: 无法加载控制器:Shop_jd

[ 2015-07-15T22:08:19+08:00 ] ::1 /Jd/shop_jd/Admin/Public/js/jquery.flot.resize.js
ERR: 无法加载控制器:Shop_jd

[ 2015-07-15T22:08:19+08:00 ] ::1 /Jd/shop_jd/Admin/Public/js/default.js
ERR: 无法加载控制器:Shop_jd

[ 2015-07-15T22:08:19+08:00 ] ::1 /Jd/shop_jd/Admin/Public/js/jquery.cleditor.min.js
ERR: 无法加载控制器:Shop_jd

[ 2015-07-15T22:08:19+08:00 ] ::1 /Jd/shop_jd/Admin/Public/js/topRight.js
ERR: 无法加载控制器:Shop_jd

[ 2015-07-15T22:08:19+08:00 ] ::1 /Jd/shop_jd/Admin/Public/js/jquery.noty.js
ERR: 无法加载控制器:Shop_jd

[ 2015-07-15T22:08:19+08:00 ] ::1 /Jd/shop_jd/Admin/Public/js/sparklines.js
ERR: 无法加载控制器:Shop_jd

[ 2015-07-15T22:08:19+08:00 ] ::1 /Jd/shop_jd/Admin/Public/js/bottom.js
ERR: 无法加载控制器:Shop_jd

[ 2015-07-15T22:08:19+08:00 ] ::1 /Jd/shop_jd/Admin/Public/js/bootstrap-switch.min.js
ERR: 无法加载控制器:Shop_jd

[ 2015-07-15T22:08:19+08:00 ] ::1 /Jd/shop_jd/Admin/Public/js/bootstrap-datetimepicker.min.js
ERR: 无法加载控制器:Shop_jd

[ 2015-07-15T22:08:19+08:00 ] ::1 /Jd/shop_jd/Admin/Public/js/custom.js
ERR: 无法加载控制器:Shop_jd

[ 2015-07-15T22:08:19+08:00 ] ::1 /Jd/shop_jd/Admin/Public/js/charts.js
ERR: 无法加载控制器:Shop_jd

[ 2015-07-15T22:08:19+08:00 ] ::1 /Jd/shop_jd/Admin/Public/js/filter.js
ERR: 无法加载控制器:Shop_jd

[ 2015-07-15T22:08:19+08:00 ] ::1 /Jd/shop_jd/Admin/Public/js/top.js
ERR: 无法加载控制器:Shop_jd

[ 2015-07-15T22:12:33+08:00 ] ::1 /Jd/shop_jd/Admin/Public/font/fontawesome-webfont.woff?v=3.2.1
ERR: 无法加载控制器:Shop_jd

[ 2015-07-15T22:12:33+08:00 ] ::1 /Jd/shop_jd/Admin/Public/font/fontawesome-webfont.ttf?v=3.2.1
ERR: 无法加载控制器:Shop_jd

[ 2015-07-15T22:29:04+08:00 ] ::1 /Jd/shop_jd/Admin/Public/font/fontawesome-webfont.woff?v=3.2.1
ERR: 无法加载控制器:Shop_jd

[ 2015-07-15T22:29:05+08:00 ] ::1 /Jd/shop_jd/Admin/Public/font/fontawesome-webfont.ttf?v=3.2.1
ERR: 无法加载控制器:Shop_jd

[ 2015-07-15T22:29:44+08:00 ] ::1 /Jd/shop_jd/Admin/Public/font/fontawesome-webfont.woff?v=3.2.1
ERR: 无法加载控制器:Shop_jd

[ 2015-07-15T22:29:45+08:00 ] ::1 /Jd/shop_jd/Admin/Public/font/fontawesome-webfont.ttf?v=3.2.1
ERR: 无法加载控制器:Shop_jd

[ 2015-07-15T22:32:49+08:00 ] ::1 /Jd/shop_jd/Admin/Public/font/fontawesome-webfont.woff?v=3.2.1
ERR: 无法加载控制器:Shop_jd

[ 2015-07-15T22:32:50+08:00 ] ::1 /Jd/shop_jd/Admin/Public/font/fontawesome-webfont.ttf?v=3.2.1
ERR: 无法加载控制器:Shop_jd

[ 2015-07-15T22:33:10+08:00 ] ::1 /Jd/shop_jd/Admin/Public/font/fontawesome-webfont.woff?v=3.2.1
ERR: 无法加载控制器:Shop_jd

[ 2015-07-15T22:33:11+08:00 ] ::1 /Jd/shop_jd/Admin/Public/font/fontawesome-webfont.ttf?v=3.2.1
ERR: 无法加载控制器:Shop_jd

