[ 2015-07-22T08:38:58+08:00 ] ::1 /index.php/Index/checkRegister.html
INFO: [ app_begin ] --START--
INFO: Run Behavior\ReadHtmlCacheBehavior [ RunTime:0.000000s ]
INFO: [ app_begin ] --END-- [ RunTime:0.001000s ]
SQL: SHOW COLUMNS FROM `jd_user` [ RunTime:0.1380s ]
SQL: SELECT `user_id` FROM `jd_user` WHERE `user_name` = 'twins49' LIMIT 1   [ RunTime:0.0400s ]

[ 2015-07-22T08:39:03+08:00 ] ::1 /index.php/Index/checkRegister.html
INFO: [ app_begin ] --START--
INFO: Run Behavior\ReadHtmlCacheBehavior [ RunTime:0.001000s ]
INFO: [ app_begin ] --END-- [ RunTime:0.001000s ]
SQL: SHOW COLUMNS FROM `jd_user` [ RunTime:0.0040s ]
SQL: SELECT `user_id` FROM `jd_user` WHERE `user_name` = 'twins4950' LIMIT 1   [ RunTime:0.0000s ]

[ 2015-07-22T08:39:21+08:00 ] ::1 /index.php/Index/checkMail.html
INFO: [ app_begin ] --START--
INFO: Run Behavior\ReadHtmlCacheBehavior [ RunTime:0.001000s ]
INFO: [ app_begin ] --END-- [ RunTime:0.001000s ]
SQL: SHOW COLUMNS FROM `jd_user` [ RunTime:0.0040s ]
SQL: SELECT user.user_name FROM `jd_user` `user`,`jd_user_details` `user_details` WHERE ( user.user_id=user_details.user_id AND user_details.email='77135016@qq.com' )  [ RunTime:0.1410s ]

[ 2015-07-22T08:39:23+08:00 ] ::1 /index.php/Index/checkVerify2.html
INFO: [ app_begin ] --START--
INFO: Run Behavior\ReadHtmlCacheBehavior [ RunTime:0.001000s ]
INFO: [ app_begin ] --END-- [ RunTime:0.001000s ]

[ 2015-07-22T08:39:27+08:00 ] ::1 /index.php/Index/setMail.html
INFO: [ app_begin ] --START--
INFO: Run Behavior\ReadHtmlCacheBehavior [ RunTime:0.001000s ]
INFO: [ app_begin ] --END-- [ RunTime:0.001000s ]
NOTIC: [2] rand() expects exactly 2 parameters, 1 given E:\Jd\shop_jd\Home\Controller\IndexController.class.php 第 98 行.

[ 2015-07-22T08:40:57+08:00 ] ::1 /index.php/Home/Login/checkAccount
INFO: [ app_begin ] --START--
INFO: Run Behavior\ReadHtmlCacheBehavior [ RunTime:0.000000s ]
INFO: [ app_begin ] --END-- [ RunTime:0.000000s ]
SQL: SHOW COLUMNS FROM `jd_user` [ RunTime:0.0000s ]
SQL: SELECT `user_id` FROM `jd_user` WHERE `user_name` = 'twins49' AND `password` = 'f58f064c343d2c3ac4484ea4f7f45a60' LIMIT 1   [ RunTime:0.0000s ]

[ 2015-07-22T10:12:36+08:00 ] ::1 /index.php/Home/Member/home/uid/1
ERR: 无法加载控制器:Member

[ 2015-07-22T10:12:55+08:00 ] ::1 /index.php/Home/Member/home/uid/1
ERR: 无法加载控制器:Member

[ 2015-07-22T10:12:56+08:00 ] ::1 /index.php/Home/Member/home/uid/1
ERR: 无法加载控制器:Member

[ 2015-07-22T13:58:52+08:00 ] ::1 /index.php/Index/$pic
ERR: 非法操作:$pic

[ 2015-07-22T13:58:53+08:00 ] ::1 /index.php/Index/$pic
ERR: 非法操作:$pic

[ 2015-07-22T13:59:40+08:00 ] ::1 /index.php/Index/$pic
ERR: 非法操作:$pic

[ 2015-07-22T13:59:41+08:00 ] ::1 /index.php/Index/$pic
ERR: 非法操作:$pic

[ 2015-07-22T14:14:24+08:00 ] ::1 /index.php/Home/Login/checkAccount
INFO: [ app_begin ] --START--
INFO: Run Behavior\ReadHtmlCacheBehavior [ RunTime:0.000000s ]
INFO: [ app_begin ] --END-- [ RunTime:0.001000s ]
SQL: SHOW COLUMNS FROM `jd_user` [ RunTime:0.0050s ]
SQL: SELECT `user_id` FROM `jd_user` WHERE `user_name` = 'twins49' AND `password` = 'f58f064c343d2c3ac4484ea4f7f45a60' LIMIT 1   [ RunTime:0.0000s ]

[ 2015-07-22T14:14:25+08:00 ] ::1 /index.php/Home/Index/$pic
ERR: 非法操作:$pic

[ 2015-07-22T14:17:08+08:00 ] ::1 /index.php/Home/Index/$pic
ERR: 非法操作:$pic

[ 2015-07-22T14:19:55+08:00 ] ::1 /index.php/Home/Index/$pic
ERR: 非法操作:$pic

[ 2015-07-22T14:19:55+08:00 ] ::1 /index.php/Home/Index/$pic
ERR: 非法操作:$pic

[ 2015-07-22T14:20:09+08:00 ] ::1 /index.php/Home/Login/checkAccount
INFO: [ app_begin ] --START--
INFO: Run Behavior\ReadHtmlCacheBehavior [ RunTime:0.000000s ]
INFO: [ app_begin ] --END-- [ RunTime:0.002000s ]
SQL: SHOW COLUMNS FROM `jd_user` [ RunTime:0.0070s ]
SQL: SELECT `user_id` FROM `jd_user` WHERE `user_name` = 'twins49' AND `password` = 'f58f064c343d2c3ac4484ea4f7f45a60' LIMIT 1   [ RunTime:0.0000s ]

[ 2015-07-22T14:20:11+08:00 ] ::1 /index.php/Home/Index/$pic
ERR: 非法操作:$pic

[ 2015-07-22T14:23:24+08:00 ] ::1 /index.php/Home/Index/$pic
ERR: 非法操作:$pic

[ 2015-07-22T14:23:29+08:00 ] ::1 /index.php/Home/Index/$pic
ERR: 非法操作:$pic

[ 2015-07-22T14:26:15+08:00 ] ::1 /index.php/Home/Index/$pic
ERR: 非法操作:$pic

[ 2015-07-22T14:26:20+08:00 ] ::1 /index.php/Home/Index/$pic
ERR: 非法操作:$pic

[ 2015-07-22T14:47:15+08:00 ] ::1 /index.php/Index/$pic
ERR: 非法操作:$pic

[ 2015-07-22T16:16:51+08:00 ] ::1 /index.php/Index/$pic
ERR: 非法操作:$pic

[ 2015-07-22T16:16:56+08:00 ] ::1 /index.php/Index/$pic
ERR: 非法操作:$pic

[ 2015-07-22T16:19:03+08:00 ] ::1 /index.php/Index/$pic
ERR: 非法操作:$pic

