[ 2015-07-24T08:21:57+08:00 ] ::1 /index.php/Index/Home/Member/personam
ERR: 非法操作:Home

[ 2015-07-24T08:21:59+08:00 ] ::1 /index.php/Index/Home/Member/personal
ERR: 非法操作:Home

[ 2015-07-24T08:41:52+08:00 ] ::1 /index.php/Home/Login/checkAccount
INFO: [ app_begin ] --START--
INFO: Run Behavior\ReadHtmlCacheBehavior [ RunTime:0.000000s ]
INFO: [ app_begin ] --END-- [ RunTime:0.000000s ]
SQL: SHOW COLUMNS FROM `jd_user` [ RunTime:0.1740s ]
SQL: SELECT `user_id` FROM `jd_user` WHERE `user_name` = 'twins49' AND `password` = 'f58f064c343d2c3ac4484ea4f7f45a60' LIMIT 1   [ RunTime:0.0340s ]

[ 2015-07-24T08:41:54+08:00 ] ::1 /index.php/Home/Index/$pic
ERR: 非法操作:$pic

[ 2015-07-24T08:42:05+08:00 ] ::1 /index.php/Home/Index/$pic
ERR: 非法操作:$pic

[ 2015-07-24T08:46:09+08:00 ] ::1 /index.php/Home/Index/Array
ERR: 非法操作:Array

[ 2015-07-24T08:46:09+08:00 ] ::1 /index.php/Home/Index/Array
ERR: 非法操作:Array

[ 2015-07-24T09:02:33+08:00 ] ::1 /index.php/Home/Index/HPIC
ERR: 非法操作:HPIC

[ 2015-07-24T09:02:34+08:00 ] ::1 /index.php/Home/Index/HPIC
ERR: 非法操作:HPIC

[ 2015-07-24T09:04:08+08:00 ] ::1 /index.php/Home/Index/index
ERR: SQLSTATE[42S22]: Column not found: 1054 Unknown column 'details.user_id' in 'where clause'

[ 2015-07-24T10:26:19+08:00 ] ::1 /index.php/Home/Member/more
INFO: [ app_begin ] --START--
INFO: Run Behavior\ReadHtmlCacheBehavior [ RunTime:0.001000s ]
INFO: [ app_begin ] --END-- [ RunTime:0.001000s ]
SQL: SHOW COLUMNS FROM `jd_user_details` [ RunTime:0.0060s ]
SQL: SELECT `pic` FROM `jd_user_details` WHERE `user_id` = 1 LIMIT 1   [ RunTime:0.0000s ]
SQL: SELECT `marriage`,`income`,`id_card`,`educate` FROM `jd_user_details` WHERE `user_id` = 1 LIMIT 1   [ RunTime:0.0010s ]
INFO: [ view_parse ] --START--
INFO: [ template_filter ] --START--
INFO: Run Behavior\ContentReplaceBehavior [ RunTime:0.001000s ]
INFO: [ template_filter ] --END-- [ RunTime:0.001000s ]
INFO: Run Behavior\ParseTemplateBehavior [ RunTime:0.032002s ]
INFO: [ view_parse ] --END-- [ RunTime:0.032002s ]
INFO: [ view_filter ] --START--
INFO: Run Behavior\WriteHtmlCacheBehavior [ RunTime:0.000000s ]
INFO: [ view_filter ] --END-- [ RunTime:0.000000s ]
INFO: [ app_end ] --START--
INFO: Run Behavior\ShowPageTraceBehavior [ RunTime:0.001000s ]
INFO: [ app_end ] --END-- [ RunTime:0.001000s ]

[ 2015-07-24T10:26:57+08:00 ] ::1 /index.php/Home/Member/more
INFO: [ app_begin ] --START--
INFO: Run Behavior\ReadHtmlCacheBehavior [ RunTime:0.003001s ]
INFO: [ app_begin ] --END-- [ RunTime:0.003001s ]
SQL: SHOW COLUMNS FROM `jd_user_details` [ RunTime:0.0050s ]
SQL: SELECT `pic` FROM `jd_user_details` WHERE `user_id` = 1 LIMIT 1   [ RunTime:0.0010s ]
SQL: SELECT `marriage`,`income`,`id_card`,`educate` FROM `jd_user_details` WHERE `user_id` = 1 LIMIT 1   [ RunTime:0.0000s ]
INFO: [ view_parse ] --START--
INFO: [ template_filter ] --START--
INFO: Run Behavior\ContentReplaceBehavior [ RunTime:0.001000s ]
INFO: [ template_filter ] --END-- [ RunTime:0.001000s ]
INFO: Run Behavior\ParseTemplateBehavior [ RunTime:0.023001s ]
INFO: [ view_parse ] --END-- [ RunTime:0.023001s ]
INFO: [ view_filter ] --START--
INFO: Run Behavior\WriteHtmlCacheBehavior [ RunTime:0.000000s ]
INFO: [ view_filter ] --END-- [ RunTime:0.000000s ]
INFO: [ app_end ] --START--
INFO: Run Behavior\ShowPageTraceBehavior [ RunTime:0.001000s ]
INFO: [ app_end ] --END-- [ RunTime:0.001000s ]

[ 2015-07-24T10:27:17+08:00 ] ::1 /index.php/Home/Member/more
INFO: [ app_begin ] --START--
INFO: Run Behavior\ReadHtmlCacheBehavior [ RunTime:0.001000s ]
INFO: [ app_begin ] --END-- [ RunTime:0.001000s ]
SQL: SHOW COLUMNS FROM `jd_user_details` [ RunTime:0.0060s ]
SQL: SELECT `pic` FROM `jd_user_details` WHERE `user_id` = 1 LIMIT 1   [ RunTime:0.0000s ]
SQL: SELECT `marriage`,`income`,`id_card`,`educate` FROM `jd_user_details` WHERE `user_id` = 1 LIMIT 1   [ RunTime:0.0000s ]
INFO: [ view_parse ] --START--
INFO: [ template_filter ] --START--
INFO: Run Behavior\ContentReplaceBehavior [ RunTime:0.001000s ]
INFO: [ template_filter ] --END-- [ RunTime:0.001000s ]
INFO: Run Behavior\ParseTemplateBehavior [ RunTime:0.022001s ]
INFO: [ view_parse ] --END-- [ RunTime:0.022001s ]
INFO: [ view_filter ] --START--
INFO: Run Behavior\WriteHtmlCacheBehavior [ RunTime:0.000000s ]
INFO: [ view_filter ] --END-- [ RunTime:0.000000s ]
INFO: [ app_end ] --START--
INFO: Run Behavior\ShowPageTraceBehavior [ RunTime:0.001000s ]
INFO: [ app_end ] --END-- [ RunTime:0.001000s ]

[ 2015-07-24T10:36:09+08:00 ] ::1 /index.php/Home/Member/more
INFO: [ app_begin ] --START--
INFO: Run Behavior\ReadHtmlCacheBehavior [ RunTime:0.001000s ]
INFO: [ app_begin ] --END-- [ RunTime:0.001000s ]
SQL: SHOW COLUMNS FROM `jd_user_details` [ RunTime:0.0060s ]
SQL: SELECT `pic` FROM `jd_user_details` WHERE `user_id` = 1 LIMIT 1   [ RunTime:0.0000s ]
SQL: SELECT `marriage`,`income`,`id_card`,`educate` FROM `jd_user_details` WHERE `user_id` = 1 LIMIT 1   [ RunTime:0.0000s ]
INFO: [ view_parse ] --START--
INFO: [ template_filter ] --START--
INFO: Run Behavior\ContentReplaceBehavior [ RunTime:0.001000s ]
INFO: [ template_filter ] --END-- [ RunTime:0.001000s ]
INFO: Run Behavior\ParseTemplateBehavior [ RunTime:0.023001s ]
INFO: [ view_parse ] --END-- [ RunTime:0.023001s ]
INFO: [ view_filter ] --START--
INFO: Run Behavior\WriteHtmlCacheBehavior [ RunTime:0.001000s ]
INFO: [ view_filter ] --END-- [ RunTime:0.001000s ]
INFO: [ app_end ] --START--
INFO: Run Behavior\ShowPageTraceBehavior [ RunTime:0.001000s ]
INFO: [ app_end ] --END-- [ RunTime:0.001000s ]

[ 2015-07-24T10:37:38+08:00 ] ::1 /index.php/Home/Member/more
INFO: [ app_begin ] --START--
INFO: Run Behavior\ReadHtmlCacheBehavior [ RunTime:0.001000s ]
INFO: [ app_begin ] --END-- [ RunTime:0.002000s ]
SQL: SHOW COLUMNS FROM `jd_user_details` [ RunTime:0.0060s ]
SQL: SELECT `pic` FROM `jd_user_details` WHERE `user_id` = 1 LIMIT 1   [ RunTime:0.0000s ]
SQL: SELECT `marriage`,`income`,`id_card`,`educate` FROM `jd_user_details` WHERE `user_id` = 1 LIMIT 1   [ RunTime:0.0000s ]
INFO: [ view_parse ] --START--
INFO: [ template_filter ] --START--
INFO: Run Behavior\ContentReplaceBehavior [ RunTime:0.001000s ]
INFO: [ template_filter ] --END-- [ RunTime:0.001000s ]
INFO: Run Behavior\ParseTemplateBehavior [ RunTime:0.022001s ]
INFO: [ view_parse ] --END-- [ RunTime:0.022001s ]
INFO: [ view_filter ] --START--
INFO: Run Behavior\WriteHtmlCacheBehavior [ RunTime:0.000000s ]
INFO: [ view_filter ] --END-- [ RunTime:0.000000s ]
INFO: [ app_end ] --START--
INFO: Run Behavior\ShowPageTraceBehavior [ RunTime:0.001000s ]
INFO: [ app_end ] --END-- [ RunTime:0.001000s ]

[ 2015-07-24T10:37:45+08:00 ] ::1 /index.php/Home/Member/more
INFO: [ app_begin ] --START--
INFO: Run Behavior\ReadHtmlCacheBehavior [ RunTime:0.001000s ]
INFO: [ app_begin ] --END-- [ RunTime:0.002000s ]
SQL: SHOW COLUMNS FROM `jd_user_details` [ RunTime:0.0050s ]
SQL: SELECT `pic` FROM `jd_user_details` WHERE `user_id` = 1 LIMIT 1   [ RunTime:0.0000s ]
SQL: SELECT `marriage`,`income`,`id_card`,`educate` FROM `jd_user_details` WHERE `user_id` = 1 LIMIT 1   [ RunTime:0.0010s ]
INFO: [ view_parse ] --START--
INFO: [ template_filter ] --START--
INFO: Run Behavior\ContentReplaceBehavior [ RunTime:0.005001s ]
INFO: [ template_filter ] --END-- [ RunTime:0.005001s ]
INFO: Run Behavior\ParseTemplateBehavior [ RunTime:0.029002s ]
INFO: [ view_parse ] --END-- [ RunTime:0.029002s ]
INFO: [ view_filter ] --START--
INFO: Run Behavior\WriteHtmlCacheBehavior [ RunTime:0.000000s ]
INFO: [ view_filter ] --END-- [ RunTime:0.000000s ]
INFO: [ app_end ] --START--
INFO: Run Behavior\ShowPageTraceBehavior [ RunTime:0.001000s ]
INFO: [ app_end ] --END-- [ RunTime:0.001000s ]

[ 2015-07-24T10:37:52+08:00 ] ::1 /index.php/Home/Member/more
INFO: [ app_begin ] --START--
INFO: Run Behavior\ReadHtmlCacheBehavior [ RunTime:0.001000s ]
INFO: [ app_begin ] --END-- [ RunTime:0.001000s ]
SQL: SHOW COLUMNS FROM `jd_user_details` [ RunTime:0.0050s ]
SQL: SELECT `pic` FROM `jd_user_details` WHERE `user_id` = 1 LIMIT 1   [ RunTime:0.0000s ]
SQL: SELECT `marriage`,`income`,`id_card`,`educate` FROM `jd_user_details` WHERE `user_id` = 1 LIMIT 1   [ RunTime:0.0010s ]
INFO: [ view_parse ] --START--
INFO: [ template_filter ] --START--
INFO: Run Behavior\ContentReplaceBehavior [ RunTime:0.000000s ]
INFO: [ template_filter ] --END-- [ RunTime:0.000000s ]
INFO: Run Behavior\ParseTemplateBehavior [ RunTime:0.021002s ]
INFO: [ view_parse ] --END-- [ RunTime:0.021002s ]
INFO: [ view_filter ] --START--
INFO: Run Behavior\WriteHtmlCacheBehavior [ RunTime:0.001000s ]
INFO: [ view_filter ] --END-- [ RunTime:0.001000s ]
INFO: [ app_end ] --START--
INFO: Run Behavior\ShowPageTraceBehavior [ RunTime:0.001000s ]
INFO: [ app_end ] --END-- [ RunTime:0.001000s ]

[ 2015-07-24T10:38:00+08:00 ] ::1 /index.php/Home/Member/more
INFO: [ app_begin ] --START--
INFO: Run Behavior\ReadHtmlCacheBehavior [ RunTime:0.001000s ]
INFO: [ app_begin ] --END-- [ RunTime:0.001000s ]
SQL: SHOW COLUMNS FROM `jd_user_details` [ RunTime:0.0050s ]
SQL: SELECT `pic` FROM `jd_user_details` WHERE `user_id` = 1 LIMIT 1   [ RunTime:0.0010s ]
SQL: SELECT `marriage`,`income`,`id_card`,`educate` FROM `jd_user_details` WHERE `user_id` = 1 LIMIT 1   [ RunTime:0.0000s ]
INFO: [ view_parse ] --START--
INFO: [ template_filter ] --START--
INFO: Run Behavior\ContentReplaceBehavior [ RunTime:0.001000s ]
INFO: [ template_filter ] --END-- [ RunTime:0.001000s ]
INFO: Run Behavior\ParseTemplateBehavior [ RunTime:0.021001s ]
INFO: [ view_parse ] --END-- [ RunTime:0.021001s ]
INFO: [ view_filter ] --START--
INFO: Run Behavior\WriteHtmlCacheBehavior [ RunTime:0.001000s ]
INFO: [ view_filter ] --END-- [ RunTime:0.001000s ]
INFO: [ app_end ] --START--
INFO: Run Behavior\ShowPageTraceBehavior [ RunTime:0.001001s ]
INFO: [ app_end ] --END-- [ RunTime:0.001001s ]

[ 2015-07-24T10:43:01+08:00 ] ::1 /index.php/Home/Member/more
INFO: [ app_begin ] --START--
INFO: Run Behavior\ReadHtmlCacheBehavior [ RunTime:0.000000s ]
INFO: [ app_begin ] --END-- [ RunTime:0.001000s ]
NOTIC: [8] Undefined index: login_info E:\Jd\shop_jd\Home\Controller\CommonController.class.php 第 14 行.
SQL: SHOW COLUMNS FROM `jd_user_details` [ RunTime:0.0050s ]
SQL: SELECT `pic` FROM `jd_user_details` WHERE `user_id` = null LIMIT 1   [ RunTime:0.0000s ]
SQL: SELECT `marriage`,`income`,`id_card`,`educate` FROM `jd_user_details` WHERE `user_id` = 1 LIMIT 1   [ RunTime:0.0010s ]
INFO: [ view_parse ] --START--
INFO: [ template_filter ] --START--
INFO: Run Behavior\ContentReplaceBehavior [ RunTime:0.001000s ]
INFO: [ template_filter ] --END-- [ RunTime:0.001000s ]
NOTIC: [8] Undefined index: login_info E:\Jd\shop_jd\Runtime\Cache\Home\2d0f7aa29b7cf674800c77332d9f20bd.php 第 63 行.
NOTIC: [8] Undefined index: login_info E:\Jd\shop_jd\Runtime\Cache\Home\2d0f7aa29b7cf674800c77332d9f20bd.php 第 65 行.
NOTIC: [8] Undefined index: login_info E:\Jd\shop_jd\Runtime\Cache\Home\2d0f7aa29b7cf674800c77332d9f20bd.php 第 79 行.
NOTIC: [8] Undefined index: login_info E:\Jd\shop_jd\Runtime\Cache\Home\2d0f7aa29b7cf674800c77332d9f20bd.php 第 396 行.
NOTIC: [8] Undefined index: login_info E:\Jd\shop_jd\Runtime\Cache\Home\2d0f7aa29b7cf674800c77332d9f20bd.php 第 419 行.
NOTIC: [8] Undefined index: login_info E:\Jd\shop_jd\Runtime\Cache\Home\2d0f7aa29b7cf674800c77332d9f20bd.php 第 422 行.
NOTIC: [8] Undefined index: login_info E:\Jd\shop_jd\Runtime\Cache\Home\2d0f7aa29b7cf674800c77332d9f20bd.php 第 425 行.
NOTIC: [8] Undefined index: login_info E:\Jd\shop_jd\Runtime\Cache\Home\2d0f7aa29b7cf674800c77332d9f20bd.php 第 780 行.
INFO: Run Behavior\ParseTemplateBehavior [ RunTime:0.022001s ]
INFO: [ view_parse ] --END-- [ RunTime:0.022001s ]
INFO: [ view_filter ] --START--
INFO: Run Behavior\WriteHtmlCacheBehavior [ RunTime:0.001000s ]
INFO: [ view_filter ] --END-- [ RunTime:0.001000s ]
INFO: [ app_end ] --START--
INFO: Run Behavior\ShowPageTraceBehavior [ RunTime:0.001001s ]
INFO: [ app_end ] --END-- [ RunTime:0.001001s ]

[ 2015-07-24T10:43:32+08:00 ] ::1 /index.php/Home/Member/more
INFO: [ app_begin ] --START--
INFO: Run Behavior\ReadHtmlCacheBehavior [ RunTime:0.002000s ]
INFO: [ app_begin ] --END-- [ RunTime:0.002000s ]
NOTIC: [8] Undefined index: login_info E:\Jd\shop_jd\Home\Controller\CommonController.class.php 第 14 行.
SQL: SHOW COLUMNS FROM `jd_user_details` [ RunTime:0.0060s ]
SQL: SELECT `pic` FROM `jd_user_details` WHERE `user_id` = null LIMIT 1   [ RunTime:0.0010s ]
SQL: SELECT `marriage`,`income`,`id_card`,`educate` FROM `jd_user_details` WHERE `user_id` = 1 LIMIT 1   [ RunTime:0.0000s ]
INFO: [ view_parse ] --START--
INFO: [ template_filter ] --START--
INFO: Run Behavior\ContentReplaceBehavior [ RunTime:0.000000s ]
INFO: [ template_filter ] --END-- [ RunTime:0.000000s ]
NOTIC: [8] Undefined index: login_info E:\Jd\shop_jd\Runtime\Cache\Home\2d0f7aa29b7cf674800c77332d9f20bd.php 第 63 行.
NOTIC: [8] Undefined index: login_info E:\Jd\shop_jd\Runtime\Cache\Home\2d0f7aa29b7cf674800c77332d9f20bd.php 第 65 行.
NOTIC: [8] Undefined index: login_info E:\Jd\shop_jd\Runtime\Cache\Home\2d0f7aa29b7cf674800c77332d9f20bd.php 第 79 行.
NOTIC: [8] Undefined index: login_info E:\Jd\shop_jd\Runtime\Cache\Home\2d0f7aa29b7cf674800c77332d9f20bd.php 第 396 行.
NOTIC: [8] Undefined index: login_info E:\Jd\shop_jd\Runtime\Cache\Home\2d0f7aa29b7cf674800c77332d9f20bd.php 第 419 行.
NOTIC: [8] Undefined index: login_info E:\Jd\shop_jd\Runtime\Cache\Home\2d0f7aa29b7cf674800c77332d9f20bd.php 第 422 行.
NOTIC: [8] Undefined index: login_info E:\Jd\shop_jd\Runtime\Cache\Home\2d0f7aa29b7cf674800c77332d9f20bd.php 第 425 行.
NOTIC: [8] Undefined index: login_info E:\Jd\shop_jd\Runtime\Cache\Home\2d0f7aa29b7cf674800c77332d9f20bd.php 第 780 行.
INFO: Run Behavior\ParseTemplateBehavior [ RunTime:0.023001s ]
INFO: [ view_parse ] --END-- [ RunTime:0.023001s ]
INFO: [ view_filter ] --START--
INFO: Run Behavior\WriteHtmlCacheBehavior [ RunTime:0.001000s ]
INFO: [ view_filter ] --END-- [ RunTime:0.001000s ]
INFO: [ app_end ] --START--
INFO: Run Behavior\ShowPageTraceBehavior [ RunTime:0.001000s ]
INFO: [ app_end ] --END-- [ RunTime:0.001000s ]

[ 2015-07-24T10:44:12+08:00 ] ::1 /index.php/Home/Member/more
INFO: [ app_begin ] --START--
INFO: Run Behavior\ReadHtmlCacheBehavior [ RunTime:0.002000s ]
INFO: [ app_begin ] --END-- [ RunTime:0.002000s ]
NOTIC: [8] Undefined index: login_info E:\Jd\shop_jd\Home\Controller\CommonController.class.php 第 14 行.
SQL: SHOW COLUMNS FROM `jd_user_details` [ RunTime:0.0060s ]
SQL: SELECT `pic` FROM `jd_user_details` WHERE `user_id` = null LIMIT 1   [ RunTime:0.0000s ]
SQL: SELECT `marriage`,`income`,`id_card`,`educate` FROM `jd_user_details` WHERE `user_id` = 1 LIMIT 1   [ RunTime:0.0000s ]
INFO: [ view_parse ] --START--
INFO: [ template_filter ] --START--
INFO: Run Behavior\ContentReplaceBehavior [ RunTime:0.000000s ]
INFO: [ template_filter ] --END-- [ RunTime:0.000000s ]
NOTIC: [8] Undefined index: login_info E:\Jd\shop_jd\Runtime\Cache\Home\2d0f7aa29b7cf674800c77332d9f20bd.php 第 63 行.
NOTIC: [8] Undefined index: login_info E:\Jd\shop_jd\Runtime\Cache\Home\2d0f7aa29b7cf674800c77332d9f20bd.php 第 65 行.
NOTIC: [8] Undefined index: login_info E:\Jd\shop_jd\Runtime\Cache\Home\2d0f7aa29b7cf674800c77332d9f20bd.php 第 79 行.
NOTIC: [8] Undefined index: login_info E:\Jd\shop_jd\Runtime\Cache\Home\2d0f7aa29b7cf674800c77332d9f20bd.php 第 396 行.
NOTIC: [8] Undefined index: login_info E:\Jd\shop_jd\Runtime\Cache\Home\2d0f7aa29b7cf674800c77332d9f20bd.php 第 419 行.
NOTIC: [8] Undefined index: login_info E:\Jd\shop_jd\Runtime\Cache\Home\2d0f7aa29b7cf674800c77332d9f20bd.php 第 422 行.
NOTIC: [8] Undefined index: login_info E:\Jd\shop_jd\Runtime\Cache\Home\2d0f7aa29b7cf674800c77332d9f20bd.php 第 425 行.
NOTIC: [8] Undefined index: login_info E:\Jd\shop_jd\Runtime\Cache\Home\2d0f7aa29b7cf674800c77332d9f20bd.php 第 780 行.
INFO: Run Behavior\ParseTemplateBehavior [ RunTime:0.022002s ]
INFO: [ view_parse ] --END-- [ RunTime:0.022002s ]
INFO: [ view_filter ] --START--
INFO: Run Behavior\WriteHtmlCacheBehavior [ RunTime:0.000000s ]
INFO: [ view_filter ] --END-- [ RunTime:0.000000s ]
INFO: [ app_end ] --START--
INFO: Run Behavior\ShowPageTraceBehavior [ RunTime:0.001000s ]
INFO: [ app_end ] --END-- [ RunTime:0.001000s ]

[ 2015-07-24T10:44:19+08:00 ] ::1 /index.php/Home/Member/more
INFO: [ app_begin ] --START--
INFO: Run Behavior\ReadHtmlCacheBehavior [ RunTime:0.000000s ]
INFO: [ app_begin ] --END-- [ RunTime:0.001000s ]
NOTIC: [8] Undefined index: login_info E:\Jd\shop_jd\Home\Controller\CommonController.class.php 第 14 行.
SQL: SHOW COLUMNS FROM `jd_user_details` [ RunTime:0.0060s ]
SQL: SELECT `pic` FROM `jd_user_details` WHERE `user_id` = null LIMIT 1   [ RunTime:0.0000s ]
SQL: SELECT `marriage`,`income`,`id_card`,`educate` FROM `jd_user_details` WHERE `user_id` = 1 LIMIT 1   [ RunTime:0.0000s ]
INFO: [ view_parse ] --START--
INFO: [ template_filter ] --START--
INFO: Run Behavior\ContentReplaceBehavior [ RunTime:0.000000s ]
INFO: [ template_filter ] --END-- [ RunTime:0.000000s ]
NOTIC: [8] Undefined index: login_info E:\Jd\shop_jd\Runtime\Cache\Home\2d0f7aa29b7cf674800c77332d9f20bd.php 第 63 行.
NOTIC: [8] Undefined index: login_info E:\Jd\shop_jd\Runtime\Cache\Home\2d0f7aa29b7cf674800c77332d9f20bd.php 第 65 行.
NOTIC: [8] Undefined index: login_info E:\Jd\shop_jd\Runtime\Cache\Home\2d0f7aa29b7cf674800c77332d9f20bd.php 第 79 行.
NOTIC: [8] Undefined index: login_info E:\Jd\shop_jd\Runtime\Cache\Home\2d0f7aa29b7cf674800c77332d9f20bd.php 第 396 行.
NOTIC: [8] Undefined index: login_info E:\Jd\shop_jd\Runtime\Cache\Home\2d0f7aa29b7cf674800c77332d9f20bd.php 第 419 行.
NOTIC: [8] Undefined index: login_info E:\Jd\shop_jd\Runtime\Cache\Home\2d0f7aa29b7cf674800c77332d9f20bd.php 第 422 行.
NOTIC: [8] Undefined index: login_info E:\Jd\shop_jd\Runtime\Cache\Home\2d0f7aa29b7cf674800c77332d9f20bd.php 第 425 行.
NOTIC: [8] Undefined index: login_info E:\Jd\shop_jd\Runtime\Cache\Home\2d0f7aa29b7cf674800c77332d9f20bd.php 第 780 行.
INFO: Run Behavior\ParseTemplateBehavior [ RunTime:0.022001s ]
INFO: [ view_parse ] --END-- [ RunTime:0.022001s ]
INFO: [ view_filter ] --START--
INFO: Run Behavior\WriteHtmlCacheBehavior [ RunTime:0.001000s ]
INFO: [ view_filter ] --END-- [ RunTime:0.001000s ]
INFO: [ app_end ] --START--
INFO: Run Behavior\ShowPageTraceBehavior [ RunTime:0.000000s ]
INFO: [ app_end ] --END-- [ RunTime:0.000000s ]

[ 2015-07-24T10:44:44+08:00 ] ::1 /index.php/Home/Member/more
INFO: [ app_begin ] --START--
INFO: Run Behavior\ReadHtmlCacheBehavior [ RunTime:0.000000s ]
INFO: [ app_begin ] --END-- [ RunTime:0.001000s ]
SQL: SHOW COLUMNS FROM `jd_user_details` [ RunTime:0.0060s ]
SQL: SELECT `pic` FROM `jd_user_details` WHERE `user_id` = 1 LIMIT 1   [ RunTime:0.0000s ]
SQL: SELECT `marriage`,`income`,`id_card`,`educate` FROM `jd_user_details` WHERE `user_id` = 1 LIMIT 1   [ RunTime:0.0000s ]
INFO: [ view_parse ] --START--
INFO: [ template_filter ] --START--
INFO: Run Behavior\ContentReplaceBehavior [ RunTime:0.000000s ]
INFO: [ template_filter ] --END-- [ RunTime:0.000000s ]
INFO: Run Behavior\ParseTemplateBehavior [ RunTime:0.022001s ]
INFO: [ view_parse ] --END-- [ RunTime:0.022001s ]
INFO: [ view_filter ] --START--
INFO: Run Behavior\WriteHtmlCacheBehavior [ RunTime:0.001000s ]
INFO: [ view_filter ] --END-- [ RunTime:0.001000s ]
INFO: [ app_end ] --START--
INFO: Run Behavior\ShowPageTraceBehavior [ RunTime:0.001001s ]
INFO: [ app_end ] --END-- [ RunTime:0.001001s ]

[ 2015-07-24T10:44:50+08:00 ] ::1 /index.php/Home/Member/more
INFO: [ app_begin ] --START--
INFO: Run Behavior\ReadHtmlCacheBehavior [ RunTime:0.001000s ]
INFO: [ app_begin ] --END-- [ RunTime:0.001000s ]
SQL: SHOW COLUMNS FROM `jd_user_details` [ RunTime:0.0050s ]
SQL: SELECT `pic` FROM `jd_user_details` WHERE `user_id` = 1 LIMIT 1   [ RunTime:0.0000s ]
SQL: SELECT `marriage`,`income`,`id_card`,`educate` FROM `jd_user_details` WHERE `user_id` = 1 LIMIT 1   [ RunTime:0.0010s ]
INFO: [ view_parse ] --START--
INFO: [ template_filter ] --START--
INFO: Run Behavior\ContentReplaceBehavior [ RunTime:0.000000s ]
INFO: [ template_filter ] --END-- [ RunTime:0.000000s ]
INFO: Run Behavior\ParseTemplateBehavior [ RunTime:0.021001s ]
INFO: [ view_parse ] --END-- [ RunTime:0.021001s ]
INFO: [ view_filter ] --START--
INFO: Run Behavior\WriteHtmlCacheBehavior [ RunTime:0.001000s ]
INFO: [ view_filter ] --END-- [ RunTime:0.001000s ]
INFO: [ app_end ] --START--
INFO: Run Behavior\ShowPageTraceBehavior [ RunTime:0.001000s ]
INFO: [ app_end ] --END-- [ RunTime:0.001000s ]

[ 2015-07-24T10:45:21+08:00 ] ::1 /index.php/Home/Member/actionMore
INFO: [ app_begin ] --START--
INFO: Run Behavior\ReadHtmlCacheBehavior [ RunTime:0.001000s ]
INFO: [ app_begin ] --END-- [ RunTime:0.002000s ]
SQL: SHOW COLUMNS FROM `jd_user_details` [ RunTime:0.0050s ]
SQL: SELECT `pic` FROM `jd_user_details` WHERE `user_id` = 1 LIMIT 1   [ RunTime:0.0010s ]
INFO: [ app_end ] --START--
INFO: Run Behavior\ShowPageTraceBehavior [ RunTime:0.001000s ]
INFO: [ app_end ] --END-- [ RunTime:0.001000s ]

[ 2015-07-24T10:46:44+08:00 ] ::1 /index.php/Home/Member/actionMore
INFO: [ app_begin ] --START--
INFO: Run Behavior\ReadHtmlCacheBehavior [ RunTime:0.000000s ]
INFO: [ app_begin ] --END-- [ RunTime:0.000000s ]
SQL: SHOW COLUMNS FROM `jd_user_details` [ RunTime:0.0000s ]
SQL: SELECT `pic` FROM `jd_user_details` WHERE `user_id` = 1 LIMIT 1   [ RunTime:0.0000s ]
INFO: [ app_end ] --START--
INFO: Run Behavior\ShowPageTraceBehavior [ RunTime:0.000000s ]
INFO: [ app_end ] --END-- [ RunTime:0.000000s ]

[ 2015-07-24T10:50:07+08:00 ] ::1 /index.php/Home/Member/actionMore
INFO: [ app_begin ] --START--
INFO: Run Behavior\ReadHtmlCacheBehavior [ RunTime:0.015601s ]
INFO: [ app_begin ] --END-- [ RunTime:0.015601s ]
SQL: SHOW COLUMNS FROM `jd_user_details` [ RunTime:0.0000s ]
SQL: SELECT `pic` FROM `jd_user_details` WHERE `user_id` = 1 LIMIT 1   [ RunTime:0.0000s ]
ERR: SQLSTATE[HY000]: General error: 1364 Field 'user_id' doesn't have a default value

[ 2015-07-24T10:51:36+08:00 ] ::1 /index.php/Home/Member/actionMore
INFO: [ app_begin ] --START--
INFO: Run Behavior\ReadHtmlCacheBehavior [ RunTime:0.000000s ]
INFO: [ app_begin ] --END-- [ RunTime:0.000000s ]
SQL: SHOW COLUMNS FROM `jd_user_details` [ RunTime:0.0000s ]
SQL: SELECT `pic` FROM `jd_user_details` WHERE `user_id` = 1 LIMIT 1   [ RunTime:0.0000s ]
ERR: SQLSTATE[HY000]: General error: 1364 Field 'user_id' doesn't have a default value

[ 2015-07-24T10:52:27+08:00 ] ::1 /index.php/Home/Member/actionMore
INFO: [ app_begin ] --START--
INFO: Run Behavior\ReadHtmlCacheBehavior [ RunTime:0.000000s ]
INFO: [ app_begin ] --END-- [ RunTime:0.000000s ]
SQL: SHOW COLUMNS FROM `jd_user_details` [ RunTime:0.0000s ]
SQL: SELECT `pic` FROM `jd_user_details` WHERE `user_id` = 1 LIMIT 1   [ RunTime:0.0000s ]
SQL: UPDATE `jd_user_details` SET `marriage`='2',`educate`='7',`income`='1',`id_card`='440804198610263950' WHERE `user_id` = 1 [ RunTime:0.0498s ]

[ 2015-07-24T10:52:57+08:00 ] ::1 /index.php/Home/Member/actionMore
INFO: [ app_begin ] --START--
INFO: Run Behavior\ReadHtmlCacheBehavior [ RunTime:0.000000s ]
INFO: [ app_begin ] --END-- [ RunTime:0.000000s ]
SQL: SHOW COLUMNS FROM `jd_user_details` [ RunTime:0.0000s ]
SQL: SELECT `pic` FROM `jd_user_details` WHERE `user_id` = 1 LIMIT 1   [ RunTime:0.0000s ]
SQL: UPDATE `jd_user_details` SET `marriage`='1',`educate`='1',`income`='1',`id_card`='440804198610263950' WHERE `user_id` = 1 [ RunTime:0.0000s ]

[ 2015-07-24T15:07:59+08:00 ] ::1 /index.php/Home/Member/editPwd/uid/1
ERR: 模板不存在:./shop_jd/Home/View/Member/editPwd.html

[ 2015-07-24T20:19:02+08:00 ] ::1 /index.php/Home/Login/checkAccount
INFO: [ app_begin ] --START--
INFO: Run Behavior\ReadHtmlCacheBehavior [ RunTime:0.000000s ]
INFO: [ app_begin ] --END-- [ RunTime:0.000000s ]
SQL: SHOW COLUMNS FROM `jd_user` [ RunTime:0.0794s ]
SQL: SELECT `user_id` FROM `jd_user` WHERE `user_name` = 'twins49' AND `password` = 'f58f064c343d2c3ac4484ea4f7f45a60' LIMIT 1   [ RunTime:0.0240s ]

[ 2015-07-24T20:19:03+08:00 ] ::1 /index.php/Home/Login/checkAccount
INFO: [ app_begin ] --START--
INFO: Run Behavior\ReadHtmlCacheBehavior [ RunTime:0.000000s ]
INFO: [ app_begin ] --END-- [ RunTime:0.000000s ]
SQL: SHOW COLUMNS FROM `jd_user` [ RunTime:0.0000s ]
SQL: SELECT `user_id` FROM `jd_user` WHERE `user_name` = 'twins49' AND `password` = 'f58f064c343d2c3ac4484ea4f7f45a60' LIMIT 1   [ RunTime:0.0000s ]

[ 2015-07-24T21:54:54+08:00 ] ::1 /index.php/Home/Member/checkVerify
INFO: [ app_begin ] --START--
INFO: Run Behavior\ReadHtmlCacheBehavior [ RunTime:0.015600s ]
INFO: [ app_begin ] --END-- [ RunTime:0.015600s ]
SQL: SHOW COLUMNS FROM `jd_user_details` [ RunTime:0.0000s ]
SQL: SELECT `pic` FROM `jd_user_details` WHERE `user_id` = 1 LIMIT 1   [ RunTime:0.0000s ]
INFO: [ app_end ] --START--
INFO: Run Behavior\ShowPageTraceBehavior [ RunTime:0.000000s ]
INFO: [ app_end ] --END-- [ RunTime:0.000000s ]

[ 2015-07-24T21:54:55+08:00 ] ::1 /index.php/Home/Member/checkVerify
INFO: [ app_begin ] --START--
INFO: Run Behavior\ReadHtmlCacheBehavior [ RunTime:0.000000s ]
INFO: [ app_begin ] --END-- [ RunTime:0.000000s ]
SQL: SHOW COLUMNS FROM `jd_user_details` [ RunTime:0.0000s ]
SQL: SELECT `pic` FROM `jd_user_details` WHERE `user_id` = 1 LIMIT 1   [ RunTime:0.0000s ]
INFO: [ app_end ] --START--
INFO: Run Behavior\ShowPageTraceBehavior [ RunTime:0.015600s ]
INFO: [ app_end ] --END-- [ RunTime:0.015600s ]

[ 2015-07-24T22:07:33+08:00 ] ::1 /index.php/Home/Member/checkVerify
INFO: [ app_begin ] --START--
INFO: Run Behavior\ReadHtmlCacheBehavior [ RunTime:0.001000s ]
INFO: [ app_begin ] --END-- [ RunTime:0.001000s ]
SQL: SHOW COLUMNS FROM `jd_user_details` [ RunTime:0.0060s ]
SQL: SELECT `pic` FROM `jd_user_details` WHERE `user_id` = 1 LIMIT 1   [ RunTime:0.0000s ]
INFO: [ app_end ] --START--
INFO: Run Behavior\ShowPageTraceBehavior [ RunTime:0.001000s ]
INFO: [ app_end ] --END-- [ RunTime:0.001000s ]

[ 2015-07-24T22:15:08+08:00 ] ::1 /index.php/Home/Member/checkVerify
INFO: [ app_begin ] --START--
INFO: Run Behavior\ReadHtmlCacheBehavior [ RunTime:0.000000s ]
INFO: [ app_begin ] --END-- [ RunTime:0.000000s ]
SQL: SHOW COLUMNS FROM `jd_user_details` [ RunTime:0.0000s ]
SQL: SELECT `pic` FROM `jd_user_details` WHERE `user_id` = 1 LIMIT 1   [ RunTime:0.0000s ]

[ 2015-07-24T22:25:12+08:00 ] ::1 /index.php/Home/Member/checkVerify
INFO: [ app_begin ] --START--
INFO: Run Behavior\ReadHtmlCacheBehavior [ RunTime:0.001000s ]
INFO: [ app_begin ] --END-- [ RunTime:0.002000s ]
SQL: SHOW COLUMNS FROM `jd_user_details` [ RunTime:0.0060s ]
SQL: SELECT `pic` FROM `jd_user_details` WHERE `user_id` = 1 LIMIT 1   [ RunTime:0.0010s ]
SQL: SHOW COLUMNS FROM `jd_user` [ RunTime:0.1080s ]

[ 2015-07-24T22:46:12+08:00 ] ::1 /index.php/Home/Member/checkVerify
INFO: [ app_begin ] --START--
INFO: Run Behavior\ReadHtmlCacheBehavior [ RunTime:0.001001s ]
INFO: [ app_begin ] --END-- [ RunTime:0.002001s ]
SQL: SHOW COLUMNS FROM `jd_user_details` [ RunTime:0.0060s ]
SQL: SELECT `pic` FROM `jd_user_details` WHERE `user_id` = 1 LIMIT 1   [ RunTime:0.0000s ]

[ 2015-07-24T22:46:37+08:00 ] ::1 /index.php/Home/Member/checkVerify
INFO: [ app_begin ] --START--
INFO: Run Behavior\ReadHtmlCacheBehavior [ RunTime:0.000000s ]
INFO: [ app_begin ] --END-- [ RunTime:0.001000s ]
SQL: SHOW COLUMNS FROM `jd_user_details` [ RunTime:0.0060s ]
SQL: SELECT `pic` FROM `jd_user_details` WHERE `user_id` = 1 LIMIT 1   [ RunTime:0.0000s ]

[ 2015-07-24T22:52:17+08:00 ] ::1 /index.php/Home/Member/checkVerify
INFO: [ app_begin ] --START--
INFO: Run Behavior\ReadHtmlCacheBehavior [ RunTime:0.001000s ]
INFO: [ app_begin ] --END-- [ RunTime:0.001000s ]
SQL: SHOW COLUMNS FROM `jd_user_details` [ RunTime:0.0050s ]
SQL: SELECT `pic` FROM `jd_user_details` WHERE `user_id` = 1 LIMIT 1   [ RunTime:0.0000s ]

[ 2015-07-24T22:54:10+08:00 ] ::1 /index.php/Home/Member/checkVerify
INFO: [ app_begin ] --START--
INFO: Run Behavior\ReadHtmlCacheBehavior [ RunTime:0.001000s ]
INFO: [ app_begin ] --END-- [ RunTime:0.001000s ]
SQL: SHOW COLUMNS FROM `jd_user_details` [ RunTime:0.0060s ]
SQL: SELECT `pic` FROM `jd_user_details` WHERE `user_id` = 1 LIMIT 1   [ RunTime:0.0000s ]

[ 2015-07-24T22:54:20+08:00 ] ::1 /index.php/Home/Member/checkVerify
INFO: [ app_begin ] --START--
INFO: Run Behavior\ReadHtmlCacheBehavior [ RunTime:0.000000s ]
INFO: [ app_begin ] --END-- [ RunTime:0.001000s ]
SQL: SHOW COLUMNS FROM `jd_user_details` [ RunTime:0.0070s ]
SQL: SELECT `pic` FROM `jd_user_details` WHERE `user_id` = 1 LIMIT 1   [ RunTime:0.0000s ]
SQL: SHOW COLUMNS FROM `jd_user` [ RunTime:0.0070s ]

[ 2015-07-24T22:55:13+08:00 ] ::1 /index.php/Home/Member/checkVerify
INFO: [ app_begin ] --START--
INFO: Run Behavior\ReadHtmlCacheBehavior [ RunTime:0.001001s ]
INFO: [ app_begin ] --END-- [ RunTime:0.002001s ]
SQL: SHOW COLUMNS FROM `jd_user_details` [ RunTime:0.0060s ]
SQL: SELECT `pic` FROM `jd_user_details` WHERE `user_id` = 1 LIMIT 1   [ RunTime:0.0010s ]
SQL: SHOW COLUMNS FROM `jd_user` [ RunTime:0.0050s ]

[ 2015-07-24T22:55:14+08:00 ] ::1 /index.php/Home/pwdSuccess/uid/1
ERR: 无法加载控制器:PwdSuccess

[ 2015-07-24T22:55:39+08:00 ] ::1 /index.php/Home/pwdSuccess/uid/1
ERR: 无法加载控制器:PwdSuccess

[ 2015-07-24T22:56:10+08:00 ] ::1 /index.php/Home/Member/checkVerify
INFO: [ app_begin ] --START--
INFO: Run Behavior\ReadHtmlCacheBehavior [ RunTime:0.001000s ]
INFO: [ app_begin ] --END-- [ RunTime:0.002000s ]
SQL: SHOW COLUMNS FROM `jd_user_details` [ RunTime:0.0060s ]
SQL: SELECT `pic` FROM `jd_user_details` WHERE `user_id` = 1 LIMIT 1   [ RunTime:0.0000s ]
SQL: SHOW COLUMNS FROM `jd_user` [ RunTime:0.0050s ]

