[ 2015-07-26T08:41:53+08:00 ] ::1 /index.php/Home/Login/checkAccount
INFO: [ app_begin ] --START--
INFO: Run Behavior\ReadHtmlCacheBehavior [ RunTime:0.001000s ]
INFO: [ app_begin ] --END-- [ RunTime:0.001000s ]
SQL: SHOW COLUMNS FROM `jd_user` [ RunTime:0.0700s ]
SQL: SELECT `user_id` FROM `jd_user` WHERE `user_name` = 'twins49' AND `password` = 'f58f064c343d2c3ac4484ea4f7f45a60' LIMIT 1   [ RunTime:0.0250s ]

[ 2015-07-26T15:41:05+08:00 ] ::1 /index.php/Home/Member/myAddr/uid/1
ERR: SQLSTATE[42S02]: Base table or view not found: 1146 Table 'shop_jd.jd_jd_region' doesn't exist

[ 2015-07-26T18:05:05+08:00 ] ::1 /index.php/Home/Member/linkage
INFO: [ app_begin ] --START--
INFO: Run Behavior\ReadHtmlCacheBehavior [ RunTime:0.001000s ]
INFO: [ app_begin ] --END-- [ RunTime:0.002000s ]
SQL: SHOW COLUMNS FROM `jd_user_details` [ RunTime:0.0050s ]
SQL: SELECT `pic` FROM `jd_user_details` WHERE `user_id` = 1 LIMIT 1   [ RunTime:0.0000s ]
SQL: SHOW COLUMNS FROM `jd_region` [ RunTime:0.0050s ]
SQL: SELECT `region_name`,`region_id` FROM `jd_region` WHERE ( parent_id='1' AND region_type='2' )  [ RunTime:0.0510s ]
INFO: [ app_end ] --START--
INFO: Run Behavior\ShowPageTraceBehavior [ RunTime:0.001000s ]
INFO: [ app_end ] --END-- [ RunTime:0.001000s ]

[ 2015-07-26T19:19:25+08:00 ] ::1 /index.php/Home/Login/checkAccount
INFO: [ app_begin ] --START--
INFO: Run Behavior\ReadHtmlCacheBehavior [ RunTime:0.000000s ]
INFO: [ app_begin ] --END-- [ RunTime:0.000000s ]
SQL: SHOW COLUMNS FROM `jd_user` [ RunTime:0.0634s ]
SQL: SELECT `user_id` FROM `jd_user` WHERE `user_name` = 'twins49' AND `password` = 'f58f064c343d2c3ac4484ea4f7f45a60' LIMIT 1   [ RunTime:0.0270s ]

[ 2015-07-26T19:20:40+08:00 ] ::1 /index.php/Home/Member/linkage
INFO: [ app_begin ] --START--
INFO: Run Behavior\ReadHtmlCacheBehavior [ RunTime:0.001000s ]
INFO: [ app_begin ] --END-- [ RunTime:0.001000s ]
SQL: SHOW COLUMNS FROM `jd_user_details` [ RunTime:0.0050s ]
SQL: SELECT `pic` FROM `jd_user_details` WHERE `user_id` = 1 LIMIT 1   [ RunTime:0.0000s ]
SQL: SHOW COLUMNS FROM `jd_region` [ RunTime:0.0050s ]
SQL: SELECT `region_name`,`region_id` FROM `jd_region` WHERE ( parent_id='1' AND region_type='2' )  [ RunTime:0.0010s ]
INFO: [ app_end ] --START--
INFO: Run Behavior\ShowPageTraceBehavior [ RunTime:0.001000s ]
INFO: [ app_end ] --END-- [ RunTime:0.002000s ]

[ 2015-07-26T19:27:39+08:00 ] ::1 /index.php/Home/Member/linkage
INFO: [ app_begin ] --START--
INFO: Run Behavior\ReadHtmlCacheBehavior [ RunTime:0.015600s ]
INFO: [ app_begin ] --END-- [ RunTime:0.015600s ]
SQL: SHOW COLUMNS FROM `jd_user_details` [ RunTime:0.0000s ]
SQL: SELECT `pic` FROM `jd_user_details` WHERE `user_id` = 1 LIMIT 1   [ RunTime:0.0000s ]
SQL: SHOW COLUMNS FROM `jd_region` [ RunTime:0.0000s ]
SQL: SELECT `region_name`,`region_id` FROM `jd_region` WHERE ( parent_id='1' AND region_type='2' )  [ RunTime:0.0000s ]
INFO: [ app_end ] --START--
INFO: Run Behavior\ShowPageTraceBehavior [ RunTime:0.000000s ]
INFO: [ app_end ] --END-- [ RunTime:0.000000s ]

[ 2015-07-26T19:32:18+08:00 ] ::1 /index.php/Home/Member/linkage
INFO: [ app_begin ] --START--
INFO: Run Behavior\ReadHtmlCacheBehavior [ RunTime:0.000000s ]
INFO: [ app_begin ] --END-- [ RunTime:0.000000s ]
SQL: SHOW COLUMNS FROM `jd_user_details` [ RunTime:0.0000s ]
SQL: SELECT `pic` FROM `jd_user_details` WHERE `user_id` = 1 LIMIT 1   [ RunTime:0.0000s ]
SQL: SHOW COLUMNS FROM `jd_region` [ RunTime:0.0000s ]
SQL: SELECT `region_name`,`region_id` FROM `jd_region` WHERE ( parent_id='1' AND region_type='2' )  [ RunTime:0.0000s ]

[ 2015-07-26T19:40:26+08:00 ] ::1 /index.php/Home/Member/linkage
INFO: [ app_begin ] --START--
INFO: Run Behavior\ReadHtmlCacheBehavior [ RunTime:0.000000s ]
INFO: [ app_begin ] --END-- [ RunTime:0.001000s ]
SQL: SHOW COLUMNS FROM `jd_user_details` [ RunTime:0.0050s ]
SQL: SELECT `pic` FROM `jd_user_details` WHERE `user_id` = 1 LIMIT 1   [ RunTime:0.0010s ]
SQL: SHOW COLUMNS FROM `jd_region` [ RunTime:0.0040s ]
SQL: SELECT `region_name`,`region_id` FROM `jd_region` WHERE ( parent_id='1' AND region_type='2' )  [ RunTime:0.0010s ]

[ 2015-07-26T19:40:32+08:00 ] ::1 /index.php/Home/Member/linkage
INFO: [ app_begin ] --START--
INFO: Run Behavior\ReadHtmlCacheBehavior [ RunTime:0.001000s ]
INFO: [ app_begin ] --END-- [ RunTime:0.001000s ]
SQL: SHOW COLUMNS FROM `jd_user_details` [ RunTime:0.0050s ]
SQL: SELECT `pic` FROM `jd_user_details` WHERE `user_id` = 1 LIMIT 1   [ RunTime:0.0000s ]
SQL: SHOW COLUMNS FROM `jd_region` [ RunTime:0.0050s ]
SQL: SELECT `region_name`,`region_id` FROM `jd_region` WHERE ( parent_id='1' AND region_type='2' )  [ RunTime:0.0000s ]

[ 2015-07-26T19:43:37+08:00 ] ::1 /index.php/Home/Member/linkage
INFO: [ app_begin ] --START--
INFO: Run Behavior\ReadHtmlCacheBehavior [ RunTime:0.000000s ]
INFO: [ app_begin ] --END-- [ RunTime:0.000000s ]
SQL: SHOW COLUMNS FROM `jd_user_details` [ RunTime:0.0000s ]
SQL: SELECT `pic` FROM `jd_user_details` WHERE `user_id` = 1 LIMIT 1   [ RunTime:0.0000s ]
SQL: SHOW COLUMNS FROM `jd_region` [ RunTime:0.0000s ]
SQL: SELECT `region_name`,`region_id` FROM `jd_region` WHERE ( parent_id='1' AND region_type='2' )  [ RunTime:0.0000s ]

[ 2015-07-26T19:44:36+08:00 ] ::1 /index.php/Home/Member/linkage
INFO: [ app_begin ] --START--
INFO: Run Behavior\ReadHtmlCacheBehavior [ RunTime:0.002000s ]
INFO: [ app_begin ] --END-- [ RunTime:0.002000s ]
SQL: SHOW COLUMNS FROM `jd_user_details` [ RunTime:0.0050s ]
SQL: SELECT `pic` FROM `jd_user_details` WHERE `user_id` = 1 LIMIT 1   [ RunTime:0.0000s ]
SQL: SHOW COLUMNS FROM `jd_region` [ RunTime:0.0050s ]
SQL: SELECT `region_name`,`region_id` FROM `jd_region` WHERE ( parent_id='1' AND region_type='2' )  [ RunTime:0.0000s ]

[ 2015-07-26T19:44:42+08:00 ] ::1 /index.php/Home/Member/linkage
INFO: [ app_begin ] --START--
INFO: Run Behavior\ReadHtmlCacheBehavior [ RunTime:0.001000s ]
INFO: [ app_begin ] --END-- [ RunTime:0.002001s ]
SQL: SHOW COLUMNS FROM `jd_user_details` [ RunTime:0.0050s ]
SQL: SELECT `pic` FROM `jd_user_details` WHERE `user_id` = 1 LIMIT 1   [ RunTime:0.0000s ]
SQL: SHOW COLUMNS FROM `jd_region` [ RunTime:0.0050s ]
SQL: SELECT `region_name`,`region_id` FROM `jd_region` WHERE ( parent_id='1' AND region_type='2' )  [ RunTime:0.0000s ]

[ 2015-07-26T19:46:29+08:00 ] ::1 /index.php/Home/Member/linkage
INFO: [ app_begin ] --START--
INFO: Run Behavior\ReadHtmlCacheBehavior [ RunTime:0.001000s ]
INFO: [ app_begin ] --END-- [ RunTime:0.001000s ]
SQL: SHOW COLUMNS FROM `jd_user_details` [ RunTime:0.0050s ]
SQL: SELECT `pic` FROM `jd_user_details` WHERE `user_id` = 1 LIMIT 1   [ RunTime:0.0000s ]
SQL: SHOW COLUMNS FROM `jd_region` [ RunTime:0.0040s ]
SQL: SELECT `region_name`,`region_id` FROM `jd_region` WHERE ( parent_id='1' AND region_type='2' )  [ RunTime:0.0000s ]

[ 2015-07-26T19:46:34+08:00 ] ::1 /index.php/Home/Member/linkage
INFO: [ app_begin ] --START--
INFO: Run Behavior\ReadHtmlCacheBehavior [ RunTime:0.000000s ]
INFO: [ app_begin ] --END-- [ RunTime:0.001000s ]
SQL: SHOW COLUMNS FROM `jd_user_details` [ RunTime:0.0050s ]
SQL: SELECT `pic` FROM `jd_user_details` WHERE `user_id` = 1 LIMIT 1   [ RunTime:0.0000s ]
SQL: SHOW COLUMNS FROM `jd_region` [ RunTime:0.0050s ]
SQL: SELECT `region_name`,`region_id` FROM `jd_region` WHERE ( parent_id='1' AND region_type='2' )  [ RunTime:0.0000s ]

[ 2015-07-26T19:46:39+08:00 ] ::1 /index.php/Home/Member/linkage
INFO: [ app_begin ] --START--
INFO: Run Behavior\ReadHtmlCacheBehavior [ RunTime:0.001000s ]
INFO: [ app_begin ] --END-- [ RunTime:0.001000s ]
SQL: SHOW COLUMNS FROM `jd_user_details` [ RunTime:0.0060s ]
SQL: SELECT `pic` FROM `jd_user_details` WHERE `user_id` = 1 LIMIT 1   [ RunTime:0.0010s ]
SQL: SHOW COLUMNS FROM `jd_region` [ RunTime:0.0050s ]
SQL: SELECT `region_name`,`region_id` FROM `jd_region` WHERE ( parent_id='1' AND region_type='2' )  [ RunTime:0.0000s ]

[ 2015-07-26T19:49:36+08:00 ] ::1 /index.php/Home/Member/linkage
INFO: [ app_begin ] --START--
INFO: Run Behavior\ReadHtmlCacheBehavior [ RunTime:0.000000s ]
INFO: [ app_begin ] --END-- [ RunTime:0.001000s ]
SQL: SHOW COLUMNS FROM `jd_user_details` [ RunTime:0.0050s ]
SQL: SELECT `pic` FROM `jd_user_details` WHERE `user_id` = 1 LIMIT 1   [ RunTime:0.0000s ]
SQL: SHOW COLUMNS FROM `jd_region` [ RunTime:0.0050s ]
SQL: SELECT `region_name`,`region_id` FROM `jd_region` WHERE ( parent_id='1' AND region_type='2' )  [ RunTime:0.0000s ]

[ 2015-07-26T19:53:07+08:00 ] ::1 /index.php/Home/Member/linkage
INFO: [ app_begin ] --START--
INFO: Run Behavior\ReadHtmlCacheBehavior [ RunTime:0.000000s ]
INFO: [ app_begin ] --END-- [ RunTime:0.002000s ]
SQL: SHOW COLUMNS FROM `jd_user_details` [ RunTime:0.0050s ]
SQL: SELECT `pic` FROM `jd_user_details` WHERE `user_id` = 1 LIMIT 1   [ RunTime:0.0000s ]
SQL: SHOW COLUMNS FROM `jd_region` [ RunTime:0.0040s ]
SQL: SELECT `region_name`,`region_id` FROM `jd_region` WHERE ( parent_id='1' AND region_type='2' )  [ RunTime:0.0000s ]

[ 2015-07-26T19:58:14+08:00 ] ::1 /index.php/Home/Member/linkage
INFO: [ app_begin ] --START--
INFO: Run Behavior\ReadHtmlCacheBehavior [ RunTime:0.001000s ]
INFO: [ app_begin ] --END-- [ RunTime:0.002000s ]
SQL: SHOW COLUMNS FROM `jd_user_details` [ RunTime:0.0070s ]
SQL: SELECT `pic` FROM `jd_user_details` WHERE `user_id` = 1 LIMIT 1   [ RunTime:0.0000s ]
SQL: SHOW COLUMNS FROM `jd_region` [ RunTime:0.0060s ]
SQL: SELECT `region_name`,`region_id` FROM `jd_region` WHERE ( parent_id='1' AND region_type='2' )  [ RunTime:0.0010s ]

[ 2015-07-26T20:08:04+08:00 ] ::1 /index.php/Home/Member/linkage
INFO: [ app_begin ] --START--
INFO: Run Behavior\ReadHtmlCacheBehavior [ RunTime:0.000000s ]
INFO: [ app_begin ] --END-- [ RunTime:0.000000s ]
SQL: SHOW COLUMNS FROM `jd_user_details` [ RunTime:0.0050s ]
SQL: SELECT `pic` FROM `jd_user_details` WHERE `user_id` = 1 LIMIT 1   [ RunTime:0.0000s ]
SQL: SHOW COLUMNS FROM `jd_region` [ RunTime:0.0000s ]
SQL: SELECT `region_name`,`region_id` FROM `jd_region` WHERE ( parent_id='1' AND region_type='2' )  [ RunTime:0.0000s ]

[ 2015-07-26T20:08:14+08:00 ] ::1 /index.php/Home/Member/linkage
INFO: [ app_begin ] --START--
INFO: Run Behavior\ReadHtmlCacheBehavior [ RunTime:0.000000s ]
INFO: [ app_begin ] --END-- [ RunTime:0.000000s ]
SQL: SHOW COLUMNS FROM `jd_user_details` [ RunTime:0.0000s ]
SQL: SELECT `pic` FROM `jd_user_details` WHERE `user_id` = 1 LIMIT 1   [ RunTime:0.0000s ]
SQL: SHOW COLUMNS FROM `jd_region` [ RunTime:0.0100s ]
SQL: SELECT `region_name`,`region_id` FROM `jd_region` WHERE ( parent_id='4' AND region_type='2' )  [ RunTime:0.1270s ]

[ 2015-07-26T20:08:49+08:00 ] ::1 /index.php/Home/Member/linkage
INFO: [ app_begin ] --START--
INFO: Run Behavior\ReadHtmlCacheBehavior [ RunTime:0.000000s ]
INFO: [ app_begin ] --END-- [ RunTime:0.010000s ]
SQL: SHOW COLUMNS FROM `jd_user_details` [ RunTime:0.0000s ]
SQL: SELECT `pic` FROM `jd_user_details` WHERE `user_id` = 1 LIMIT 1   [ RunTime:0.0000s ]
SQL: SHOW COLUMNS FROM `jd_region` [ RunTime:0.0100s ]
SQL: SELECT `region_name`,`region_id` FROM `jd_region` WHERE ( parent_id='4' AND region_type='2' )  [ RunTime:0.0000s ]

[ 2015-07-26T20:08:52+08:00 ] ::1 /index.php/Home/Member/county
INFO: [ app_begin ] --START--
INFO: Run Behavior\ReadHtmlCacheBehavior [ RunTime:0.000000s ]
INFO: [ app_begin ] --END-- [ RunTime:0.000000s ]
SQL: SHOW COLUMNS FROM `jd_user_details` [ RunTime:0.0000s ]
SQL: SELECT `pic` FROM `jd_user_details` WHERE `user_id` = 1 LIMIT 1   [ RunTime:0.0000s ]
SQL: SHOW COLUMNS FROM `jd_region` [ RunTime:0.0100s ]
SQL: SELECT `region_name`,`region_id` FROM `jd_region` WHERE ( parent_id='' AND region_type='3' )  [ RunTime:0.0000s ]

[ 2015-07-26T20:10:12+08:00 ] ::1 /index.php/Home/Member/county
INFO: [ app_begin ] --START--
INFO: Run Behavior\ReadHtmlCacheBehavior [ RunTime:0.004001s ]
INFO: [ app_begin ] --END-- [ RunTime:0.005001s ]
SQL: SHOW COLUMNS FROM `jd_user_details` [ RunTime:0.0000s ]
SQL: SELECT `pic` FROM `jd_user_details` WHERE `user_id` = 1 LIMIT 1   [ RunTime:0.0000s ]
SQL: SHOW COLUMNS FROM `jd_region` [ RunTime:0.0100s ]
SQL: SELECT `region_name`,`region_id` FROM `jd_region` WHERE ( parent_id='10' AND region_type='3' )  [ RunTime:0.0000s ]

[ 2015-07-26T20:16:08+08:00 ] ::1 /index.php/Home/Member/linkage
INFO: [ app_begin ] --START--
INFO: Run Behavior\ReadHtmlCacheBehavior [ RunTime:0.001000s ]
INFO: [ app_begin ] --END-- [ RunTime:0.001000s ]
SQL: SHOW COLUMNS FROM `jd_user_details` [ RunTime:0.0780s ]
SQL: SELECT `pic` FROM `jd_user_details` WHERE `user_id` = 1 LIMIT 1   [ RunTime:0.0010s ]
SQL: SHOW COLUMNS FROM `jd_region` [ RunTime:0.0050s ]
SQL: SELECT `region_name`,`region_id` FROM `jd_region` WHERE ( parent_id='4' AND region_type='2' )  [ RunTime:0.0000s ]

[ 2015-07-26T20:17:17+08:00 ] ::1 /index.php/Home/Member/linkage
INFO: [ app_begin ] --START--
INFO: Run Behavior\ReadHtmlCacheBehavior [ RunTime:0.001000s ]
INFO: [ app_begin ] --END-- [ RunTime:0.002000s ]
SQL: SHOW COLUMNS FROM `jd_user_details` [ RunTime:0.0050s ]
SQL: SELECT `pic` FROM `jd_user_details` WHERE `user_id` = 1 LIMIT 1   [ RunTime:0.0000s ]
SQL: SHOW COLUMNS FROM `jd_region` [ RunTime:0.0040s ]
SQL: SELECT `region_name`,`region_id` FROM `jd_region` WHERE ( parent_id='4' AND region_type='2' )  [ RunTime:0.0000s ]

[ 2015-07-26T20:18:50+08:00 ] ::1 /index.php/Home/Member/linkage
INFO: [ app_begin ] --START--
INFO: Run Behavior\ReadHtmlCacheBehavior [ RunTime:0.001000s ]
INFO: [ app_begin ] --END-- [ RunTime:0.001000s ]
SQL: SHOW COLUMNS FROM `jd_user_details` [ RunTime:0.0050s ]
SQL: SELECT `pic` FROM `jd_user_details` WHERE `user_id` = 1 LIMIT 1   [ RunTime:0.0000s ]
SQL: SHOW COLUMNS FROM `jd_region` [ RunTime:0.0050s ]
SQL: SELECT `region_name`,`region_id` FROM `jd_region` WHERE ( parent_id='4' AND region_type='2' )  [ RunTime:0.0010s ]

[ 2015-07-26T20:19:58+08:00 ] ::1 /index.php/Home/Member/linkage
INFO: [ app_begin ] --START--
INFO: Run Behavior\ReadHtmlCacheBehavior [ RunTime:0.000000s ]
INFO: [ app_begin ] --END-- [ RunTime:0.001000s ]
SQL: SHOW COLUMNS FROM `jd_user_details` [ RunTime:0.0050s ]
SQL: SELECT `pic` FROM `jd_user_details` WHERE `user_id` = 1 LIMIT 1   [ RunTime:0.0000s ]
SQL: SHOW COLUMNS FROM `jd_region` [ RunTime:0.0050s ]
SQL: SELECT `region_name`,`region_id` FROM `jd_region` WHERE ( parent_id='4' AND region_type='2' )  [ RunTime:0.0010s ]

[ 2015-07-26T20:20:00+08:00 ] ::1 /index.php/Home/Member/county
INFO: [ app_begin ] --START--
INFO: Run Behavior\ReadHtmlCacheBehavior [ RunTime:0.001000s ]
INFO: [ app_begin ] --END-- [ RunTime:0.002000s ]
SQL: SHOW COLUMNS FROM `jd_user_details` [ RunTime:0.0070s ]
SQL: SELECT `pic` FROM `jd_user_details` WHERE `user_id` = 1 LIMIT 1   [ RunTime:0.0000s ]
SQL: SHOW COLUMNS FROM `jd_region` [ RunTime:0.0050s ]
SQL: SELECT `region_name`,`region_id` FROM `jd_region` WHERE ( parent_id='10' AND region_type='3' )  [ RunTime:0.0000s ]

[ 2015-07-26T20:20:58+08:00 ] ::1 /index.php/Home/Member/linkage
INFO: [ app_begin ] --START--
INFO: Run Behavior\ReadHtmlCacheBehavior [ RunTime:0.001000s ]
INFO: [ app_begin ] --END-- [ RunTime:0.001000s ]
SQL: SHOW COLUMNS FROM `jd_user_details` [ RunTime:0.0060s ]
SQL: SELECT `pic` FROM `jd_user_details` WHERE `user_id` = 1 LIMIT 1   [ RunTime:0.0000s ]
SQL: SHOW COLUMNS FROM `jd_region` [ RunTime:0.0050s ]
SQL: SELECT `region_name`,`region_id` FROM `jd_region` WHERE ( parent_id='4' AND region_type='2' )  [ RunTime:0.0000s ]

[ 2015-07-26T20:21:06+08:00 ] ::1 /index.php/Home/Member/county
INFO: [ app_begin ] --START--
INFO: Run Behavior\ReadHtmlCacheBehavior [ RunTime:0.001000s ]
INFO: [ app_begin ] --END-- [ RunTime:0.001000s ]
SQL: SHOW COLUMNS FROM `jd_user_details` [ RunTime:0.0060s ]
SQL: SELECT `pic` FROM `jd_user_details` WHERE `user_id` = 1 LIMIT 1   [ RunTime:0.0010s ]
SQL: SHOW COLUMNS FROM `jd_region` [ RunTime:0.0040s ]
SQL: SELECT `region_name`,`region_id` FROM `jd_region` WHERE ( parent_id='10' AND region_type='3' )  [ RunTime:0.0000s ]

[ 2015-07-26T20:40:14+08:00 ] ::1 /index.php/Home/Member/linkage
INFO: [ app_begin ] --START--
INFO: Run Behavior\ReadHtmlCacheBehavior [ RunTime:0.001000s ]
INFO: [ app_begin ] --END-- [ RunTime:0.002000s ]
SQL: SHOW COLUMNS FROM `jd_user_details` [ RunTime:0.0050s ]
SQL: SELECT `pic` FROM `jd_user_details` WHERE `user_id` = 1 LIMIT 1   [ RunTime:0.0010s ]
SQL: SHOW COLUMNS FROM `jd_region` [ RunTime:0.0040s ]
SQL: SELECT `region_name`,`region_id` FROM `jd_region` WHERE ( parent_id='4' AND region_type='2' )  [ RunTime:0.0000s ]

[ 2015-07-26T20:40:16+08:00 ] ::1 /index.php/Home/Member/county
INFO: [ app_begin ] --START--
INFO: Run Behavior\ReadHtmlCacheBehavior [ RunTime:0.001000s ]
INFO: [ app_begin ] --END-- [ RunTime:0.001000s ]
SQL: SHOW COLUMNS FROM `jd_user_details` [ RunTime:0.0060s ]
SQL: SELECT `pic` FROM `jd_user_details` WHERE `user_id` = 1 LIMIT 1   [ RunTime:0.0010s ]
SQL: SHOW COLUMNS FROM `jd_region` [ RunTime:0.0060s ]
SQL: SELECT `region_name`,`region_id` FROM `jd_region` WHERE ( parent_id='10' AND region_type='3' )  [ RunTime:0.0000s ]

[ 2015-07-26T21:22:50+08:00 ] ::1 /index.php/Home/Member/linkage
INFO: [ app_begin ] --START--
INFO: Run Behavior\ReadHtmlCacheBehavior [ RunTime:0.000000s ]
INFO: [ app_begin ] --END-- [ RunTime:0.001000s ]
SQL: SHOW COLUMNS FROM `jd_user_details` [ RunTime:0.0050s ]
SQL: SELECT `pic` FROM `jd_user_details` WHERE `user_id` = 1 LIMIT 1   [ RunTime:0.0000s ]
SQL: SHOW COLUMNS FROM `jd_region` [ RunTime:0.0040s ]
SQL: SELECT `region_name`,`region_id` FROM `jd_region` WHERE ( parent_id='1' AND region_type='2' )  [ RunTime:0.0010s ]

[ 2015-07-26T21:22:55+08:00 ] ::1 /index.php/Home/Member/county
INFO: [ app_begin ] --START--
INFO: Run Behavior\ReadHtmlCacheBehavior [ RunTime:0.000000s ]
INFO: [ app_begin ] --END-- [ RunTime:0.002000s ]
SQL: SHOW COLUMNS FROM `jd_user_details` [ RunTime:0.0050s ]
SQL: SELECT `pic` FROM `jd_user_details` WHERE `user_id` = 1 LIMIT 1   [ RunTime:0.0030s ]
SQL: SHOW COLUMNS FROM `jd_region` [ RunTime:0.0050s ]
SQL: SELECT `region_name`,`region_id` FROM `jd_region` WHERE ( parent_id='6' AND region_type='3' )  [ RunTime:0.5160s ]

[ 2015-07-26T21:23:12+08:00 ] ::1 /index.php/Home/Member/linkage
INFO: [ app_begin ] --START--
INFO: Run Behavior\ReadHtmlCacheBehavior [ RunTime:0.001001s ]
INFO: [ app_begin ] --END-- [ RunTime:0.002001s ]
SQL: SHOW COLUMNS FROM `jd_user_details` [ RunTime:0.0060s ]
SQL: SELECT `pic` FROM `jd_user_details` WHERE `user_id` = 1 LIMIT 1   [ RunTime:0.0000s ]
SQL: SHOW COLUMNS FROM `jd_region` [ RunTime:0.0050s ]
SQL: SELECT `region_name`,`region_id` FROM `jd_region` WHERE ( parent_id='2' AND region_type='2' )  [ RunTime:0.0010s ]

[ 2015-07-26T21:23:14+08:00 ] ::1 /index.php/Home/Member/county
INFO: [ app_begin ] --START--
INFO: Run Behavior\ReadHtmlCacheBehavior [ RunTime:0.001000s ]
INFO: [ app_begin ] --END-- [ RunTime:0.002000s ]
SQL: SHOW COLUMNS FROM `jd_user_details` [ RunTime:0.0050s ]
SQL: SELECT `pic` FROM `jd_user_details` WHERE `user_id` = 1 LIMIT 1   [ RunTime:0.0010s ]
SQL: SHOW COLUMNS FROM `jd_region` [ RunTime:0.0070s ]
SQL: SELECT `region_name`,`region_id` FROM `jd_region` WHERE ( parent_id='8' AND region_type='3' )  [ RunTime:0.0020s ]

[ 2015-07-26T21:24:58+08:00 ] ::1 /index.php/Home/Member/linkage
INFO: [ app_begin ] --START--
INFO: Run Behavior\ReadHtmlCacheBehavior [ RunTime:0.001001s ]
INFO: [ app_begin ] --END-- [ RunTime:0.002001s ]
SQL: SHOW COLUMNS FROM `jd_user_details` [ RunTime:0.0060s ]
SQL: SELECT `pic` FROM `jd_user_details` WHERE `user_id` = 1 LIMIT 1   [ RunTime:0.0030s ]
SQL: SHOW COLUMNS FROM `jd_region` [ RunTime:0.0050s ]
SQL: SELECT `region_name`,`region_id` FROM `jd_region` WHERE ( parent_id='4' AND region_type='2' )  [ RunTime:0.0010s ]

[ 2015-07-26T21:25:02+08:00 ] ::1 /index.php/Home/Member/county
INFO: [ app_begin ] --START--
INFO: Run Behavior\ReadHtmlCacheBehavior [ RunTime:0.002000s ]
INFO: [ app_begin ] --END-- [ RunTime:0.003000s ]
SQL: SHOW COLUMNS FROM `jd_user_details` [ RunTime:0.0080s ]
SQL: SELECT `pic` FROM `jd_user_details` WHERE `user_id` = 1 LIMIT 1   [ RunTime:0.0010s ]
SQL: SHOW COLUMNS FROM `jd_region` [ RunTime:0.0100s ]
SQL: SELECT `region_name`,`region_id` FROM `jd_region` WHERE ( parent_id='10' AND region_type='3' )  [ RunTime:0.0000s ]

[ 2015-07-26T22:32:38+08:00 ] ::1 /index.php/Home/Member/linkage
INFO: [ app_begin ] --START--
INFO: Run Behavior\ReadHtmlCacheBehavior [ RunTime:0.001000s ]
INFO: [ app_begin ] --END-- [ RunTime:0.001000s ]
SQL: SHOW COLUMNS FROM `jd_user_details` [ RunTime:0.0050s ]
SQL: SELECT `pic` FROM `jd_user_details` WHERE `user_id` = 1 LIMIT 1   [ RunTime:0.0010s ]
SQL: SHOW COLUMNS FROM `jd_region` [ RunTime:0.0050s ]
SQL: SELECT `region_name`,`region_id` FROM `jd_region` WHERE ( parent_id='4' AND region_type='2' )  [ RunTime:0.0000s ]

[ 2015-07-26T22:32:42+08:00 ] ::1 /index.php/Home/Member/linkage
INFO: [ app_begin ] --START--
INFO: Run Behavior\ReadHtmlCacheBehavior [ RunTime:0.001000s ]
INFO: [ app_begin ] --END-- [ RunTime:0.001000s ]
SQL: SHOW COLUMNS FROM `jd_user_details` [ RunTime:0.0050s ]
SQL: SELECT `pic` FROM `jd_user_details` WHERE `user_id` = 1 LIMIT 1   [ RunTime:0.0010s ]
SQL: SHOW COLUMNS FROM `jd_region` [ RunTime:0.0060s ]
SQL: SELECT `region_name`,`region_id` FROM `jd_region` WHERE ( parent_id='4' AND region_type='2' )  [ RunTime:0.0000s ]

[ 2015-07-26T22:32:44+08:00 ] ::1 /index.php/Home/Member/linkage
INFO: [ app_begin ] --START--
INFO: Run Behavior\ReadHtmlCacheBehavior [ RunTime:0.001000s ]
INFO: [ app_begin ] --END-- [ RunTime:0.002000s ]
SQL: SHOW COLUMNS FROM `jd_user_details` [ RunTime:0.0050s ]
SQL: SELECT `pic` FROM `jd_user_details` WHERE `user_id` = 1 LIMIT 1   [ RunTime:0.0010s ]
SQL: SHOW COLUMNS FROM `jd_region` [ RunTime:0.0040s ]
SQL: SELECT `region_name`,`region_id` FROM `jd_region` WHERE ( parent_id='4' AND region_type='2' )  [ RunTime:0.0010s ]

[ 2015-07-26T22:32:48+08:00 ] ::1 /index.php/Home/Member/linkage
INFO: [ app_begin ] --START--
INFO: Run Behavior\ReadHtmlCacheBehavior [ RunTime:0.001000s ]
INFO: [ app_begin ] --END-- [ RunTime:0.001000s ]
SQL: SHOW COLUMNS FROM `jd_user_details` [ RunTime:0.0060s ]
SQL: SELECT `pic` FROM `jd_user_details` WHERE `user_id` = 1 LIMIT 1   [ RunTime:0.0010s ]
SQL: SHOW COLUMNS FROM `jd_region` [ RunTime:0.0040s ]
SQL: SELECT `region_name`,`region_id` FROM `jd_region` WHERE ( parent_id='4' AND region_type='2' )  [ RunTime:0.0010s ]

[ 2015-07-26T22:32:51+08:00 ] ::1 /index.php/Home/Member/county
INFO: [ app_begin ] --START--
INFO: Run Behavior\ReadHtmlCacheBehavior [ RunTime:0.001000s ]
INFO: [ app_begin ] --END-- [ RunTime:0.001000s ]
SQL: SHOW COLUMNS FROM `jd_user_details` [ RunTime:0.0050s ]
SQL: SELECT `pic` FROM `jd_user_details` WHERE `user_id` = 1 LIMIT 1   [ RunTime:0.0000s ]
SQL: SHOW COLUMNS FROM `jd_region` [ RunTime:0.0050s ]
SQL: SELECT `region_name`,`region_id` FROM `jd_region` WHERE ( parent_id='10' AND region_type='3' )  [ RunTime:0.0000s ]

[ 2015-07-26T22:32:54+08:00 ] ::1 /index.php/Home/Member/county
INFO: [ app_begin ] --START--
INFO: Run Behavior\ReadHtmlCacheBehavior [ RunTime:0.001000s ]
INFO: [ app_begin ] --END-- [ RunTime:0.002000s ]
SQL: SHOW COLUMNS FROM `jd_user_details` [ RunTime:0.0060s ]
SQL: SELECT `pic` FROM `jd_user_details` WHERE `user_id` = 1 LIMIT 1   [ RunTime:0.0000s ]
SQL: SHOW COLUMNS FROM `jd_region` [ RunTime:0.0040s ]
SQL: SELECT `region_name`,`region_id` FROM `jd_region` WHERE ( parent_id='10' AND region_type='3' )  [ RunTime:0.0010s ]

[ 2015-07-26T22:32:57+08:00 ] ::1 /index.php/Home/Member/county
INFO: [ app_begin ] --START--
INFO: Run Behavior\ReadHtmlCacheBehavior [ RunTime:0.001000s ]
INFO: [ app_begin ] --END-- [ RunTime:0.001000s ]
SQL: SHOW COLUMNS FROM `jd_user_details` [ RunTime:0.0050s ]
SQL: SELECT `pic` FROM `jd_user_details` WHERE `user_id` = 1 LIMIT 1   [ RunTime:0.0000s ]
SQL: SHOW COLUMNS FROM `jd_region` [ RunTime:0.0050s ]
SQL: SELECT `region_name`,`region_id` FROM `jd_region` WHERE ( parent_id='10' AND region_type='3' )  [ RunTime:0.0000s ]

[ 2015-07-26T22:33:07+08:00 ] ::1 /index.php/Home/Member/linkage
INFO: [ app_begin ] --START--
INFO: Run Behavior\ReadHtmlCacheBehavior [ RunTime:0.001000s ]
INFO: [ app_begin ] --END-- [ RunTime:0.001000s ]
SQL: SHOW COLUMNS FROM `jd_user_details` [ RunTime:0.0060s ]
SQL: SELECT `pic` FROM `jd_user_details` WHERE `user_id` = 1 LIMIT 1   [ RunTime:0.0000s ]
SQL: SHOW COLUMNS FROM `jd_region` [ RunTime:0.0040s ]
SQL: SELECT `region_name`,`region_id` FROM `jd_region` WHERE ( parent_id='4' AND region_type='2' )  [ RunTime:0.0000s ]

[ 2015-07-26T22:33:17+08:00 ] ::1 /index.php/Home/Member/linkage
INFO: [ app_begin ] --START--
INFO: Run Behavior\ReadHtmlCacheBehavior [ RunTime:0.001000s ]
INFO: [ app_begin ] --END-- [ RunTime:0.001000s ]
SQL: SHOW COLUMNS FROM `jd_user_details` [ RunTime:0.0050s ]
SQL: SELECT `pic` FROM `jd_user_details` WHERE `user_id` = 1 LIMIT 1   [ RunTime:0.0000s ]
SQL: SHOW COLUMNS FROM `jd_region` [ RunTime:0.0040s ]
SQL: SELECT `region_name`,`region_id` FROM `jd_region` WHERE ( parent_id='4' AND region_type='2' )  [ RunTime:0.0010s ]

[ 2015-07-26T22:33:20+08:00 ] ::1 /index.php/Home/Member/county
INFO: [ app_begin ] --START--
INFO: Run Behavior\ReadHtmlCacheBehavior [ RunTime:0.001000s ]
INFO: [ app_begin ] --END-- [ RunTime:0.002000s ]
SQL: SHOW COLUMNS FROM `jd_user_details` [ RunTime:0.0060s ]
SQL: SELECT `pic` FROM `jd_user_details` WHERE `user_id` = 1 LIMIT 1   [ RunTime:0.0000s ]
SQL: SHOW COLUMNS FROM `jd_region` [ RunTime:0.0050s ]
SQL: SELECT `region_name`,`region_id` FROM `jd_region` WHERE ( parent_id='10' AND region_type='3' )  [ RunTime:0.0000s ]

[ 2015-07-26T22:33:31+08:00 ] ::1 /index.php/Home/Member/linkage
INFO: [ app_begin ] --START--
INFO: Run Behavior\ReadHtmlCacheBehavior [ RunTime:0.000000s ]
INFO: [ app_begin ] --END-- [ RunTime:0.001000s ]
SQL: SHOW COLUMNS FROM `jd_user_details` [ RunTime:0.0070s ]
SQL: SELECT `pic` FROM `jd_user_details` WHERE `user_id` = 1 LIMIT 1   [ RunTime:0.0000s ]
SQL: SHOW COLUMNS FROM `jd_region` [ RunTime:0.0050s ]
SQL: SELECT `region_name`,`region_id` FROM `jd_region` WHERE ( parent_id='4' AND region_type='2' )  [ RunTime:0.0010s ]

[ 2015-07-26T22:33:35+08:00 ] ::1 /index.php/Home/Member/county
INFO: [ app_begin ] --START--
INFO: Run Behavior\ReadHtmlCacheBehavior [ RunTime:0.001001s ]
INFO: [ app_begin ] --END-- [ RunTime:0.001001s ]
SQL: SHOW COLUMNS FROM `jd_user_details` [ RunTime:0.0070s ]
SQL: SELECT `pic` FROM `jd_user_details` WHERE `user_id` = 1 LIMIT 1   [ RunTime:0.0000s ]
SQL: SHOW COLUMNS FROM `jd_region` [ RunTime:0.0050s ]
SQL: SELECT `region_name`,`region_id` FROM `jd_region` WHERE ( parent_id='10' AND region_type='3' )  [ RunTime:0.0000s ]

[ 2015-07-26T22:33:58+08:00 ] ::1 /index.php/Home/Member/linkage
INFO: [ app_begin ] --START--
INFO: Run Behavior\ReadHtmlCacheBehavior [ RunTime:0.001000s ]
INFO: [ app_begin ] --END-- [ RunTime:0.001000s ]
SQL: SHOW COLUMNS FROM `jd_user_details` [ RunTime:0.0050s ]
SQL: SELECT `pic` FROM `jd_user_details` WHERE `user_id` = 1 LIMIT 1   [ RunTime:0.0000s ]
SQL: SHOW COLUMNS FROM `jd_region` [ RunTime:0.0060s ]
SQL: SELECT `region_name`,`region_id` FROM `jd_region` WHERE ( parent_id='4' AND region_type='2' )  [ RunTime:0.0000s ]

[ 2015-07-26T22:33:59+08:00 ] ::1 /index.php/Home/Member/linkage
INFO: [ app_begin ] --START--
INFO: Run Behavior\ReadHtmlCacheBehavior [ RunTime:0.001000s ]
INFO: [ app_begin ] --END-- [ RunTime:0.002000s ]
SQL: SHOW COLUMNS FROM `jd_user_details` [ RunTime:0.0050s ]
SQL: SELECT `pic` FROM `jd_user_details` WHERE `user_id` = 1 LIMIT 1   [ RunTime:0.0000s ]
SQL: SHOW COLUMNS FROM `jd_region` [ RunTime:0.0050s ]
SQL: SELECT `region_name`,`region_id` FROM `jd_region` WHERE ( parent_id='4' AND region_type='2' )  [ RunTime:0.0000s ]

[ 2015-07-26T22:34:02+08:00 ] ::1 /index.php/Home/Member/linkage
INFO: [ app_begin ] --START--
INFO: Run Behavior\ReadHtmlCacheBehavior [ RunTime:0.000000s ]
INFO: [ app_begin ] --END-- [ RunTime:0.000000s ]
SQL: SHOW COLUMNS FROM `jd_user_details` [ RunTime:0.0000s ]
SQL: SELECT `pic` FROM `jd_user_details` WHERE `user_id` = 1 LIMIT 1   [ RunTime:0.0000s ]
SQL: SHOW COLUMNS FROM `jd_region` [ RunTime:0.0000s ]
SQL: SELECT `region_name`,`region_id` FROM `jd_region` WHERE ( parent_id='4' AND region_type='2' )  [ RunTime:0.0000s ]

[ 2015-07-26T22:34:06+08:00 ] ::1 /index.php/Home/Member/linkage
INFO: [ app_begin ] --START--
INFO: Run Behavior\ReadHtmlCacheBehavior [ RunTime:0.000000s ]
INFO: [ app_begin ] --END-- [ RunTime:0.000000s ]
SQL: SHOW COLUMNS FROM `jd_user_details` [ RunTime:0.0000s ]
SQL: SELECT `pic` FROM `jd_user_details` WHERE `user_id` = 1 LIMIT 1   [ RunTime:0.0000s ]
SQL: SHOW COLUMNS FROM `jd_region` [ RunTime:0.0156s ]
SQL: SELECT `region_name`,`region_id` FROM `jd_region` WHERE ( parent_id='4' AND region_type='2' )  [ RunTime:0.0000s ]

[ 2015-07-26T22:34:10+08:00 ] ::1 /index.php/Home/Member/county
INFO: [ app_begin ] --START--
INFO: Run Behavior\ReadHtmlCacheBehavior [ RunTime:0.000000s ]
INFO: [ app_begin ] --END-- [ RunTime:0.000000s ]
SQL: SHOW COLUMNS FROM `jd_user_details` [ RunTime:0.0000s ]
SQL: SELECT `pic` FROM `jd_user_details` WHERE `user_id` = 1 LIMIT 1   [ RunTime:0.0000s ]
SQL: SHOW COLUMNS FROM `jd_region` [ RunTime:0.0000s ]
SQL: SELECT `region_name`,`region_id` FROM `jd_region` WHERE ( parent_id='10' AND region_type='3' )  [ RunTime:0.0000s ]

[ 2015-07-26T22:35:44+08:00 ] ::1 /index.php/Home/Member/linkage
INFO: [ app_begin ] --START--
INFO: Run Behavior\ReadHtmlCacheBehavior [ RunTime:0.000000s ]
INFO: [ app_begin ] --END-- [ RunTime:0.001000s ]
SQL: SHOW COLUMNS FROM `jd_user_details` [ RunTime:0.0060s ]
SQL: SELECT `pic` FROM `jd_user_details` WHERE `user_id` = 1 LIMIT 1   [ RunTime:0.0010s ]
SQL: SHOW COLUMNS FROM `jd_region` [ RunTime:0.0050s ]
SQL: SELECT `region_name`,`region_id` FROM `jd_region` WHERE ( parent_id='4' AND region_type='2' )  [ RunTime:0.0010s ]

[ 2015-07-26T22:35:47+08:00 ] ::1 /index.php/Home/Member/county
INFO: [ app_begin ] --START--
INFO: Run Behavior\ReadHtmlCacheBehavior [ RunTime:0.001000s ]
INFO: [ app_begin ] --END-- [ RunTime:0.002000s ]
SQL: SHOW COLUMNS FROM `jd_user_details` [ RunTime:0.0050s ]
SQL: SELECT `pic` FROM `jd_user_details` WHERE `user_id` = 1 LIMIT 1   [ RunTime:0.0000s ]
SQL: SHOW COLUMNS FROM `jd_region` [ RunTime:0.0060s ]
SQL: SELECT `region_name`,`region_id` FROM `jd_region` WHERE ( parent_id='10' AND region_type='3' )  [ RunTime:0.0000s ]

[ 2015-07-26T22:38:18+08:00 ] ::1 /index.php/Home/Member/linkage
INFO: [ app_begin ] --START--
INFO: Run Behavior\ReadHtmlCacheBehavior [ RunTime:0.001000s ]
INFO: [ app_begin ] --END-- [ RunTime:0.001000s ]
SQL: SHOW COLUMNS FROM `jd_user_details` [ RunTime:0.0050s ]
SQL: SELECT `pic` FROM `jd_user_details` WHERE `user_id` = 1 LIMIT 1   [ RunTime:0.0000s ]
SQL: SHOW COLUMNS FROM `jd_region` [ RunTime:0.0050s ]
SQL: SELECT `region_name`,`region_id` FROM `jd_region` WHERE ( parent_id='4' AND region_type='2' )  [ RunTime:0.0000s ]

[ 2015-07-26T22:38:25+08:00 ] ::1 /index.php/Home/Member/county
INFO: [ app_begin ] --START--
INFO: Run Behavior\ReadHtmlCacheBehavior [ RunTime:0.001000s ]
INFO: [ app_begin ] --END-- [ RunTime:0.003001s ]
SQL: SHOW COLUMNS FROM `jd_user_details` [ RunTime:0.0060s ]
SQL: SELECT `pic` FROM `jd_user_details` WHERE `user_id` = 1 LIMIT 1   [ RunTime:0.0000s ]
SQL: SHOW COLUMNS FROM `jd_region` [ RunTime:0.0040s ]
SQL: SELECT `region_name`,`region_id` FROM `jd_region` WHERE ( parent_id='10' AND region_type='3' )  [ RunTime:0.0000s ]

[ 2015-07-26T22:38:31+08:00 ] ::1 /index.php/Home/Member/county
INFO: [ app_begin ] --START--
INFO: Run Behavior\ReadHtmlCacheBehavior [ RunTime:0.000000s ]
INFO: [ app_begin ] --END-- [ RunTime:0.000000s ]
SQL: SHOW COLUMNS FROM `jd_user_details` [ RunTime:0.0000s ]
SQL: SELECT `pic` FROM `jd_user_details` WHERE `user_id` = 1 LIMIT 1   [ RunTime:0.0000s ]
SQL: SHOW COLUMNS FROM `jd_region` [ RunTime:0.0000s ]
SQL: SELECT `region_name`,`region_id` FROM `jd_region` WHERE ( parent_id='10' AND region_type='3' )  [ RunTime:0.0000s ]

[ 2015-07-26T22:41:00+08:00 ] ::1 /index.php/Home/Member/linkage
INFO: [ app_begin ] --START--
INFO: Run Behavior\ReadHtmlCacheBehavior [ RunTime:0.000000s ]
INFO: [ app_begin ] --END-- [ RunTime:0.001000s ]
SQL: SHOW COLUMNS FROM `jd_user_details` [ RunTime:0.0050s ]
SQL: SELECT `pic` FROM `jd_user_details` WHERE `user_id` = 1 LIMIT 1   [ RunTime:0.0010s ]
SQL: SHOW COLUMNS FROM `jd_region` [ RunTime:0.0050s ]
SQL: SELECT `region_name`,`region_id` FROM `jd_region` WHERE ( parent_id='4' AND region_type='2' )  [ RunTime:0.0000s ]

[ 2015-07-26T22:41:03+08:00 ] ::1 /index.php/Home/Member/county
INFO: [ app_begin ] --START--
INFO: Run Behavior\ReadHtmlCacheBehavior [ RunTime:0.001000s ]
INFO: [ app_begin ] --END-- [ RunTime:0.001000s ]
SQL: SHOW COLUMNS FROM `jd_user_details` [ RunTime:0.0070s ]
SQL: SELECT `pic` FROM `jd_user_details` WHERE `user_id` = 1 LIMIT 1   [ RunTime:0.0000s ]
SQL: SHOW COLUMNS FROM `jd_region` [ RunTime:0.0040s ]
SQL: SELECT `region_name`,`region_id` FROM `jd_region` WHERE ( parent_id='10' AND region_type='3' )  [ RunTime:0.0000s ]

[ 2015-07-26T22:44:32+08:00 ] ::1 /index.php/Home/Member/linkage
INFO: [ app_begin ] --START--
INFO: Run Behavior\ReadHtmlCacheBehavior [ RunTime:0.000000s ]
INFO: [ app_begin ] --END-- [ RunTime:0.000000s ]
SQL: SHOW COLUMNS FROM `jd_user_details` [ RunTime:0.0000s ]
SQL: SELECT `pic` FROM `jd_user_details` WHERE `user_id` = 1 LIMIT 1   [ RunTime:0.0000s ]
SQL: SHOW COLUMNS FROM `jd_region` [ RunTime:0.0000s ]
SQL: SELECT `region_name`,`region_id` FROM `jd_region` WHERE ( parent_id='4' AND region_type='2' )  [ RunTime:0.0000s ]

[ 2015-07-26T22:44:36+08:00 ] ::1 /index.php/Home/Member/county
INFO: [ app_begin ] --START--
INFO: Run Behavior\ReadHtmlCacheBehavior [ RunTime:0.000000s ]
INFO: [ app_begin ] --END-- [ RunTime:0.000000s ]
SQL: SHOW COLUMNS FROM `jd_user_details` [ RunTime:0.0000s ]
SQL: SELECT `pic` FROM `jd_user_details` WHERE `user_id` = 1 LIMIT 1   [ RunTime:0.0000s ]
SQL: SHOW COLUMNS FROM `jd_region` [ RunTime:0.0000s ]
SQL: SELECT `region_name`,`region_id` FROM `jd_region` WHERE ( parent_id='10' AND region_type='3' )  [ RunTime:0.0000s ]

[ 2015-07-26T22:45:59+08:00 ] ::1 /index.php/Home/Member/actMyAddr
INFO: [ app_begin ] --START--
INFO: Run Behavior\ReadHtmlCacheBehavior [ RunTime:0.001000s ]
INFO: [ app_begin ] --END-- [ RunTime:0.001000s ]
SQL: SHOW COLUMNS FROM `jd_user_details` [ RunTime:0.0080s ]
SQL: SELECT `pic` FROM `jd_user_details` WHERE `user_id` = 1 LIMIT 1   [ RunTime:0.0010s ]
ERR: 非法操作:actMyAddr

[ 2015-07-26T23:18:41+08:00 ] ::1 /index.php/Home/Member/actMyAddr
INFO: [ app_begin ] --START--
INFO: Run Behavior\ReadHtmlCacheBehavior [ RunTime:0.000000s ]
INFO: [ app_begin ] --END-- [ RunTime:0.000000s ]
SQL: SHOW COLUMNS FROM `jd_user_details` [ RunTime:0.0000s ]
SQL: SELECT `pic` FROM `jd_user_details` WHERE `user_id` = 1 LIMIT 1   [ RunTime:0.0000s ]

[ 2015-07-26T23:18:43+08:00 ] ::1 /index.php/Index/index.html
INFO: [ app_begin ] --START--
INFO: Run Behavior\ReadHtmlCacheBehavior [ RunTime:0.000000s ]
INFO: [ app_begin ] --END-- [ RunTime:0.000000s ]
SQL: SHOW COLUMNS FROM `jd_user_details` [ RunTime:0.0000s ]
SQL: SELECT `pic` FROM `jd_user_details` WHERE `user_id` = 1 LIMIT 1   [ RunTime:0.0000s ]
SQL: SHOW COLUMNS FROM `jd_user` [ RunTime:0.0840s ]
SQL: SELECT `user_id`,`user_name` FROM `jd_user` WHERE `user_id` = 1 LIMIT 1   [ RunTime:0.0000s ]
INFO: [ view_parse ] --START--
INFO: [ template_filter ] --START--
INFO: Run Behavior\ContentReplaceBehavior [ RunTime:0.003000s ]
INFO: [ template_filter ] --END-- [ RunTime:0.003000s ]
INFO: Run Behavior\ParseTemplateBehavior [ RunTime:0.100006s ]
INFO: [ view_parse ] --END-- [ RunTime:0.100006s ]
INFO: [ view_filter ] --START--
INFO: Run Behavior\WriteHtmlCacheBehavior [ RunTime:0.001000s ]
INFO: [ view_filter ] --END-- [ RunTime:0.001000s ]
INFO: [ app_end ] --START--
INFO: Run Behavior\ShowPageTraceBehavior [ RunTime:0.001000s ]
INFO: [ app_end ] --END-- [ RunTime:0.001000s ]

[ 2015-07-26T23:21:22+08:00 ] ::1 /index.php/Home/Member/actMyAddr
INFO: [ app_begin ] --START--
INFO: Run Behavior\ReadHtmlCacheBehavior [ RunTime:0.000000s ]
INFO: [ app_begin ] --END-- [ RunTime:0.001000s ]
SQL: SHOW COLUMNS FROM `jd_user_details` [ RunTime:0.0050s ]
SQL: SELECT `pic` FROM `jd_user_details` WHERE `user_id` = 1 LIMIT 1   [ RunTime:0.0000s ]
SQL: SHOW COLUMNS FROM `jd_buy_address` [ RunTime:0.0040s ]
SQL: INSERT INTO `jd_buy_address` (`consignee`,`province`,`city`,`district`,`street`,`mobile`,`telephone`,`alias`,`user_id`) VALUES ('销声匿迹','4','0','0','当局将大家搜索','18820147760','020-2241308','我是一个人是窗','1') [ RunTime:0.1510s ]

[ 2015-07-26T23:22:36+08:00 ] ::1 /index.php/Home/Member/linkage
INFO: [ app_begin ] --START--
INFO: Run Behavior\ReadHtmlCacheBehavior [ RunTime:0.002000s ]
INFO: [ app_begin ] --END-- [ RunTime:0.003000s ]
SQL: SHOW COLUMNS FROM `jd_user_details` [ RunTime:0.0060s ]
SQL: SELECT `pic` FROM `jd_user_details` WHERE `user_id` = 1 LIMIT 1   [ RunTime:0.0000s ]
SQL: SHOW COLUMNS FROM `jd_region` [ RunTime:0.0040s ]
SQL: SELECT `region_name`,`region_id` FROM `jd_region` WHERE ( parent_id='4' AND region_type='2' )  [ RunTime:0.0000s ]

[ 2015-07-26T23:22:40+08:00 ] ::1 /index.php/Home/Member/linkage
INFO: [ app_begin ] --START--
INFO: Run Behavior\ReadHtmlCacheBehavior [ RunTime:0.000000s ]
INFO: [ app_begin ] --END-- [ RunTime:0.000000s ]
SQL: SHOW COLUMNS FROM `jd_user_details` [ RunTime:0.0100s ]
SQL: SELECT `pic` FROM `jd_user_details` WHERE `user_id` = 1 LIMIT 1   [ RunTime:0.0000s ]
SQL: SHOW COLUMNS FROM `jd_region` [ RunTime:0.0100s ]
SQL: SELECT `region_name`,`region_id` FROM `jd_region` WHERE ( parent_id='4' AND region_type='2' )  [ RunTime:0.0000s ]

[ 2015-07-26T23:22:41+08:00 ] ::1 /index.php/Home/Member/linkage
INFO: [ app_begin ] --START--
INFO: Run Behavior\ReadHtmlCacheBehavior [ RunTime:0.000000s ]
INFO: [ app_begin ] --END-- [ RunTime:0.000000s ]
SQL: SHOW COLUMNS FROM `jd_user_details` [ RunTime:0.0000s ]
SQL: SELECT `pic` FROM `jd_user_details` WHERE `user_id` = 1 LIMIT 1   [ RunTime:0.0000s ]
SQL: SHOW COLUMNS FROM `jd_region` [ RunTime:0.0100s ]
SQL: SELECT `region_name`,`region_id` FROM `jd_region` WHERE ( parent_id='4' AND region_type='2' )  [ RunTime:0.0000s ]

[ 2015-07-26T23:22:47+08:00 ] ::1 /index.php/Home/Member/linkage
INFO: [ app_begin ] --START--
INFO: Run Behavior\ReadHtmlCacheBehavior [ RunTime:0.000000s ]
INFO: [ app_begin ] --END-- [ RunTime:0.000000s ]
SQL: SHOW COLUMNS FROM `jd_user_details` [ RunTime:0.0000s ]
SQL: SELECT `pic` FROM `jd_user_details` WHERE `user_id` = 1 LIMIT 1   [ RunTime:0.0000s ]
SQL: SHOW COLUMNS FROM `jd_region` [ RunTime:0.0100s ]
SQL: SELECT `region_name`,`region_id` FROM `jd_region` WHERE ( parent_id='4' AND region_type='2' )  [ RunTime:0.0000s ]

[ 2015-07-26T23:22:50+08:00 ] ::1 /index.php/Home/Member/county
INFO: [ app_begin ] --START--
INFO: Run Behavior\ReadHtmlCacheBehavior [ RunTime:0.001000s ]
INFO: [ app_begin ] --END-- [ RunTime:0.002000s ]
SQL: SHOW COLUMNS FROM `jd_user_details` [ RunTime:0.0000s ]
SQL: SELECT `pic` FROM `jd_user_details` WHERE `user_id` = 1 LIMIT 1   [ RunTime:0.0000s ]
SQL: SHOW COLUMNS FROM `jd_region` [ RunTime:0.0100s ]
SQL: SELECT `region_name`,`region_id` FROM `jd_region` WHERE ( parent_id='10' AND region_type='3' )  [ RunTime:0.0000s ]

[ 2015-07-26T23:23:22+08:00 ] ::1 /index.php/Home/Member/actMyAddr
INFO: [ app_begin ] --START--
INFO: Run Behavior\ReadHtmlCacheBehavior [ RunTime:0.000000s ]
INFO: [ app_begin ] --END-- [ RunTime:0.000000s ]
SQL: SHOW COLUMNS FROM `jd_user_details` [ RunTime:0.0000s ]
SQL: SELECT `pic` FROM `jd_user_details` WHERE `user_id` = 1 LIMIT 1   [ RunTime:0.0000s ]
SQL: SHOW COLUMNS FROM `jd_buy_address` [ RunTime:0.0100s ]
SQL: INSERT INTO `jd_buy_address` (`consignee`,`province`,`city`,`district`,`street`,`mobile`,`telephone`,`alias`,`user_id`) VALUES ('随便填填','4','10','14','我来了','18888888888','','外脚手架','1') [ RunTime:0.0000s ]

